[2024-07-17 08:57:11] local.INFO: Email Feedback doc_no PJ24070011 Entity 01 berhasil dikirim ke: ayu.intan@kurakurabali.com  
[2024-07-17 09:16:39] local.INFO: Email Feedback doc_no RP24070046 Entity 01 berhasil dikirim ke: natalia.samosir@kurakurabali.com  
[2024-07-17 09:24:57] local.INFO: Email Feedback Approval doc_no RF24070081 Entity 01 berhasil dikirim ke: nina.adriana@kurakurabali.com & CC ke : Josephine.wibawa@kurakurabali.com, ratih.wulandari@kurakurabali.com, yoga.swara@kurakurabali.com  
[2024-07-17 10:01:46] local.INFO: Email Feedback Cancellation doc_no RF24070082 Entity 01 berhasil dikirim ke: indra.pramana@kurakurabali.com  
[2024-07-17 10:16:39] local.INFO: Email Feedback doc_no PF24070019 Entity 01 berhasil dikirim ke: chansya.prabahesty@kurakurabali.com  
[2024-07-17 10:16:42] local.INFO: Email Feedback Approval doc_no RF24070076 Entity 01 berhasil dikirim ke: nina.adriana@kurakurabali.com & CC ke : Josephine.wibawa@kurakurabali.com, ratih.wulandari@kurakurabali.com, yoga.swara@kurakurabali.com  
[2024-07-17 10:46:11] local.INFO: Email Feedback doc_no QO24070096 Entity 01 berhasil dikirim ke: putu.arbi@kurakurabali.com  
[2024-07-17 10:46:19] local.INFO: Email Feedback doc_no PF24070020 Entity 01 berhasil dikirim ke: chansya.prabahesty@kurakurabali.com  
[2024-07-17 10:47:07] local.INFO: Email Feedback doc_no QO24070095 Entity 01 berhasil dikirim ke: putu.arbi@kurakurabali.com  
[2024-07-17 10:47:33] local.INFO: Email Feedback doc_no QO24070094 Entity 01 berhasil dikirim ke: putu.arbi@kurakurabali.com  
[2024-07-17 11:04:46] local.INFO: Email Feedback doc_no PI24070001 Entity 01 berhasil dikirim ke: nina.adriana@kurakurabali.com  
[2024-07-17 11:46:39] local.INFO: Email Feedback doc_no RP24070048 Entity 01 berhasil dikirim ke: komang.waharini@kurakurabali.com  
[2024-07-17 11:46:43] local.INFO: Email Feedback doc_no RP24070047 Entity 01 berhasil dikirim ke: komang.waharini@kurakurabali.com  
[2024-07-17 12:25:25] local.INFO: Email Feedback doc_no PQ24070002 Entity 01 berhasil dikirim ke: desman.weldenny@kurakurabali.com  
[2024-07-17 12:46:40] local.INFO: Email Feedback doc_no QO24070093 Entity 01 berhasil dikirim ke: ratih.wulandari@kurakurabali.com  
[2024-07-17 13:28:40] local.INFO: Email Feedback Approval doc_no RF24070083 Entity 01 berhasil dikirim ke: febby.savitri@kurakurabali.com & CC ke : Josephine.wibawa@kurakurabali.com, ratih.wulandari@kurakurabali.com, yoga.swara@kurakurabali.com  
[2024-07-17 14:29:19] local.INFO: Email Feedback doc_no QO24070099 Entity 01 berhasil dikirim ke: galuh@kurakurabali.com  
[2024-07-17 14:29:45] local.INFO: Email Feedback doc_no QO24070092 Entity 01 berhasil dikirim ke: galuh@kurakurabali.com  
[2024-07-17 14:30:12] local.INFO: Email Feedback doc_no QO24070104 Entity 01 berhasil dikirim ke: galuh@kurakurabali.com  
[2024-07-17 14:30:44] local.INFO: Email Feedback doc_no QO24070012 Entity 03 berhasil dikirim ke: galuh@kurakurabali.com  
[2024-07-17 14:31:17] local.INFO: Email Feedback doc_no QO24070103 Entity 01 berhasil dikirim ke: ratih.wulandari@kurakurabali.com  
[2024-07-17 14:31:43] local.INFO: Email Feedback doc_no QO24070102 Entity 01 berhasil dikirim ke: ratih.wulandari@kurakurabali.com  
[2024-07-17 15:02:37] local.INFO: Email Feedback doc_no QO24070107 Entity 01 berhasil dikirim ke: galuh@kurakurabali.com  
[2024-07-17 15:13:55] local.INFO: Email Feedback doc_no QO24070111 Entity 01 berhasil dikirim ke: puturia@kurakurabali.com  
[2024-07-17 15:14:39] local.INFO: Email Feedback doc_no QO24070110 Entity 01 berhasil dikirim ke: puturia@kurakurabali.com  
[2024-07-17 15:15:33] local.INFO: Email Feedback doc_no QO24070108 Entity 01 berhasil dikirim ke: puturia@kurakurabali.com  
[2024-07-17 15:15:58] local.INFO: Email Feedback doc_no QO24070106 Entity 01 berhasil dikirim ke: puturia@kurakurabali.com  
[2024-07-17 15:16:30] local.INFO: Email Feedback doc_no QO24070098 Entity 01 berhasil dikirim ke: puturia@kurakurabali.com  
[2024-07-17 15:16:54] local.INFO: Email Feedback doc_no QO24070101 Entity 01 berhasil dikirim ke: puturia@kurakurabali.com  
[2024-07-17 15:17:21] local.INFO: Email Feedback doc_no QO24070100 Entity 01 berhasil dikirim ke: puturia@kurakurabali.com  
[2024-07-17 15:17:56] local.INFO: Email Feedback doc_no QO24070009 Entity 03 berhasil dikirim ke: puturia@kurakurabali.com  
[2024-07-17 15:18:33] local.INFO: Email Feedback doc_no QO24070097 Entity 01 berhasil dikirim ke: puturia@kurakurabali.com  
[2024-07-17 15:18:57] local.INFO: Email Feedback doc_no QO24070077 Entity 01 berhasil dikirim ke: puturia@kurakurabali.com  
[2024-07-17 15:19:35] local.INFO: Email Feedback doc_no QO24070076 Entity 01 berhasil dikirim ke: puturia@kurakurabali.com  
[2024-07-17 15:34:54] local.INFO: Email Feedback doc_no QO24070109 Entity 01 berhasil dikirim ke: puturia@kurakurabali.com  
[2024-07-17 15:35:25] local.INFO: Email Feedback doc_no QO24070075 Entity 01 berhasil dikirim ke: puturia@kurakurabali.com  
[2024-07-17 15:49:57] local.INFO: Email Feedback doc_no PG24070005 Entity 01 berhasil dikirim ke: ricky.setiawan@kurakurabali.com  
[2024-07-17 16:44:29] local.INFO: Email Feedback doc_no PO24070080 Entity 01 berhasil dikirim ke: galuh@kurakurabali.com  
[2024-07-17 17:10:18] local.INFO: Email Feedback doc_no PR24070057 Entity 01 berhasil dikirim ke: putu.arbi@kurakurabali.com  
[2024-07-17 17:10:30] local.INFO: Email Feedback doc_no PR24070058 Entity 01 berhasil dikirim ke: putu.arbi@kurakurabali.com  
[2024-07-17 17:10:51] local.INFO: Email Feedback doc_no PR24070059 Entity 01 berhasil dikirim ke: ratih.wulandari@kurakurabali.com  
[2024-07-17 17:11:04] local.INFO: Email Feedback doc_no PR24070060 Entity 01 berhasil dikirim ke: puturia@kurakurabali.com  
[2024-07-17 17:11:19] local.INFO: Email Feedback doc_no PO24070082 Entity 01 berhasil dikirim ke: ratih.wulandari@kurakurabali.com  
[2024-07-17 17:11:33] local.INFO: Email Feedback doc_no PO24070083 Entity 01 berhasil dikirim ke: putu.arbi@kurakurabali.com  
[2024-07-17 17:11:42] local.INFO: Email Feedback doc_no PO24070084 Entity 01 berhasil dikirim ke: putu.arbi@kurakurabali.com  
[2024-07-17 17:12:14] local.INFO: Email Feedback doc_no PO24070085 Entity 01 berhasil dikirim ke: putu.arbi@kurakurabali.com  
[2024-07-17 17:12:20] local.INFO: Email Feedback doc_no PO24070090 Entity 01 berhasil dikirim ke: galuh@kurakurabali.com  
[2024-07-17 17:12:23] local.INFO: Email Feedback doc_no PO24070087 Entity 01 berhasil dikirim ke: ratih.wulandari@kurakurabali.com  
[2024-07-17 17:13:03] local.INFO: Email Feedback doc_no PO24070088 Entity 01 berhasil dikirim ke: galuh@kurakurabali.com  
[2024-07-17 17:13:05] local.INFO: Email Feedback doc_no PO24070086 Entity 01 berhasil dikirim ke: ratih.wulandari@kurakurabali.com  
[2024-07-17 17:13:39] local.INFO: Email Feedback doc_no PO24070010 Entity 03 berhasil dikirim ke: galuh@kurakurabali.com  
[2024-07-17 17:13:41] local.INFO: Email Feedback doc_no PO24070091 Entity 01 berhasil dikirim ke: galuh@kurakurabali.com  
[2024-07-17 17:13:45] local.INFO: Email Feedback doc_no PO24070103 Entity 01 berhasil dikirim ke: puturia@kurakurabali.com  
[2024-07-17 17:14:25] local.INFO: Email Feedback doc_no PO24070102 Entity 01 berhasil dikirim ke: puturia@kurakurabali.com  
[2024-07-17 17:14:28] local.INFO: Email Feedback doc_no PO24070101 Entity 01 berhasil dikirim ke: puturia@kurakurabali.com  
[2024-07-17 17:14:31] local.INFO: Email Feedback doc_no PO24070100 Entity 01 berhasil dikirim ke: puturia@kurakurabali.com  
[2024-07-17 17:14:40] local.INFO: Email Feedback doc_no PO24070099 Entity 01 berhasil dikirim ke: puturia@kurakurabali.com  
[2024-07-17 17:15:15] local.INFO: Email Feedback doc_no PO24070098 Entity 01 berhasil dikirim ke: puturia@kurakurabali.com  
[2024-07-17 17:15:16] local.INFO: Email Feedback doc_no PO24070097 Entity 01 berhasil dikirim ke: puturia@kurakurabali.com  
[2024-07-17 17:15:33] local.INFO: Email Feedback doc_no PO24070096 Entity 01 berhasil dikirim ke: puturia@kurakurabali.com  
[2024-07-17 17:15:35] local.INFO: Email Feedback doc_no PO24070094 Entity 01 berhasil dikirim ke: puturia@kurakurabali.com  
[2024-07-17 17:15:37] local.INFO: Email Feedback doc_no PO24070092 Entity 01 berhasil dikirim ke: puturia@kurakurabali.com  
[2024-07-17 17:15:57] local.INFO: Email Feedback doc_no PO24070095 Entity 01 berhasil dikirim ke: puturia@kurakurabali.com  
[2024-07-17 17:15:58] local.INFO: Email Feedback doc_no PO24070093 Entity 01 berhasil dikirim ke: puturia@kurakurabali.com  
[2024-07-17 17:16:00] local.INFO: Email Feedback doc_no PO24070011 Entity 03 berhasil dikirim ke: puturia@kurakurabali.com  
[2024-07-17 17:59:45] local.INFO: Email Feedback doc_no PK24070080 Entity 01 berhasil dikirim ke: aditya.karnata@kurakurabali.com  
[2024-07-17 18:08:30] local.INFO: Email Feedback doc_no PO24070089 Entity 01 berhasil dikirim ke: galuh@kurakurabali.com  
