[2024-07-17 08:56:07] local.INFO: Email Purchase Order doc_no PO24070080 Entity 01 berhasil dikirim ke: kianhong.neo@kurakurabali.com  
[2024-07-17 08:56:07] local.INFO: Email Purchase Order doc_no PO24070080 Entity 01 already sent to: kianhong.neo@kurakurabali.com  
[2024-07-17 09:20:59] local.INFO: Email Purchase Requisition doc_no RF24070081 Entity 01 berhasil dikirim ke: slamet.sumaryadi@kurakurabali.com  
[2024-07-17 09:54:18] local.INFO: Email Purchase Requisition doc_no RF24070082 Entity 01 berhasil dikirim ke: made.ariesana@kurakurabali.com  
[2024-07-17 10:07:58] local.INFO: Email Purchase Selection doc_no QO24070093 Entity 01 berhasil dikirim ke: josephine.wibawa@kurakurabali.com  
[2024-07-17 10:13:01] local.INFO: Email Purchase Selection doc_no QO24070094 Entity 01 berhasil dikirim ke: josephine.wibawa@kurakurabali.com  
[2024-07-17 10:17:53] local.INFO: Email Purchase Selection doc_no QO24070095 Entity 01 berhasil dikirim ke: josephine.wibawa@kurakurabali.com  
[2024-07-17 10:20:17] local.INFO: Email Purchase Selection doc_no QO24070096 Entity 01 berhasil dikirim ke: josephine.wibawa@kurakurabali.com  
[2024-07-17 10:29:28] local.INFO: Email Purchase Selection doc_no QO24070097 Entity 01 berhasil dikirim ke: josephine.wibawa@kurakurabali.com  
[2024-07-17 10:29:44] local.INFO: Email Purchase Selection doc_no QO24070097 Entity 01 berhasil dikirim ke: josephine.wibawa@kurakurabali.com  
[2024-07-17 10:31:38] local.INFO: Email CB PPU doc_no PR24070057 Entity 01 berhasil dikirim ke: yoga.swara@kurakurabali.com  
[2024-07-17 10:33:44] local.INFO: Email CB PPU doc_no PR24070058 Entity 01 berhasil dikirim ke: yoga.swara@kurakurabali.com  
[2024-07-17 10:38:06] local.INFO: Email CB PPU doc_no PQ24070002 Entity 01 berhasil dikirim ke: aaron.tham@kurakurabali.com  
[2024-07-17 10:38:59] local.INFO: Email Purchase Selection doc_no QO24070099 Entity 01 berhasil dikirim ke: josephine.wibawa@kurakurabali.com  
[2024-07-17 10:45:39] local.INFO: Email CB PPU doc_no PR24070059 Entity 01 berhasil dikirim ke: yoga.swara@kurakurabali.com  
[2024-07-17 10:49:14] local.INFO: Email Purchase Selection doc_no QO24070009 Entity 03 berhasil dikirim ke: josephine.wibawa@kurakurabali.com  
[2024-07-17 10:57:42] local.INFO: Email CB PPU doc_no PR24070060 Entity 01 berhasil dikirim ke: yoga.swara@kurakurabali.com  
[2024-07-17 11:00:39] local.INFO: Email CB RPB doc_no RP24070047 Entity 01 berhasil dikirim ke: rina.anggraini@kurakurabali.com  
[2024-07-17 11:01:53] local.INFO: Email CB PPU doc_no PI24070001 Entity 01 berhasil dikirim ke: slamet.sumaryadi@kurakurabali.com  
[2024-07-17 11:02:35] local.INFO: Email Purchase Selection doc_no QO24070100 Entity 01 berhasil dikirim ke: josephine.wibawa@kurakurabali.com  
[2024-07-17 11:02:35] local.INFO: Email CB PPU doc_no PI24070001 Entity 01 already sent to: slamet.sumaryadi@kurakurabali.com  
[2024-07-17 11:04:31] local.INFO: Email CB RPB doc_no RP24070048 Entity 01 berhasil dikirim ke: rina.anggraini@kurakurabali.com  
[2024-07-17 11:05:35] local.INFO: Email Purchase Selection doc_no QO24070100 Entity 01 berhasil dikirim ke: josephine.wibawa@kurakurabali.com  
[2024-07-17 11:09:48] local.INFO: Email Purchase Selection doc_no QO24070101 Entity 01 berhasil dikirim ke: josephine.wibawa@kurakurabali.com  
[2024-07-17 11:10:04] local.INFO: Email Purchase Selection doc_no QO24070101 Entity 01 berhasil dikirim ke: josephine.wibawa@kurakurabali.com  
[2024-07-17 11:24:15] local.INFO: Email CB PPU VVIP doc_no PK24070079 Entity 01 berhasil dikirim ke: felix.budiman@kurakurabali.com  
[2024-07-17 11:33:03] local.INFO: Email CB RPB doc_no RP24070049 Entity 01 berhasil dikirim ke: rina.anggraini@kurakurabali.com  
[2024-07-17 11:35:56] local.INFO: Email CB PPU doc_no PO24070081 Entity 01 berhasil dikirim ke: agung.buana@kurakurabali.com  
[2024-07-17 11:44:01] local.INFO: Email Purchase Selection doc_no QO24070102 Entity 01 berhasil dikirim ke: josephine.wibawa@kurakurabali.com  
[2024-07-17 11:55:16] local.INFO: Email Purchase Selection doc_no QO24070103 Entity 01 berhasil dikirim ke: josephine.wibawa@kurakurabali.com  
[2024-07-17 11:59:13] local.INFO: Email Purchase Requisition doc_no RF24070083 Entity 01 berhasil dikirim ke: markus.halim@kurakurabali.com  
[2024-07-17 12:00:53] local.INFO: Email Purchase Selection doc_no QO24070104 Entity 01 berhasil dikirim ke: josephine.wibawa@kurakurabali.com  
[2024-07-17 12:12:41] local.INFO: Email CB PPU doc_no PO24070081 Entity 01 berhasil dikirim ke: ferry@kurakurabali.com  
[2024-07-17 12:27:20] local.INFO: Email Purchase Selection doc_no QO24070093 Entity 01 berhasil dikirim ke: josephine.wibawa@kurakurabali.com  
[2024-07-17 12:42:30] local.INFO: Email Purchase Order doc_no PO24070082 Entity 01 berhasil dikirim ke: yoga.swara@kurakurabali.com  
[2024-07-17 13:02:41] local.INFO: Email CB PPU doc_no PF24070019 Entity 01 berhasil dikirim ke: ahmad.ariffandy@ifca.co.id  
[2024-07-17 13:10:54] local.INFO: Email CB PPU doc_no PF24070019 Entity 01 already sent to: ahmad.ariffandy@ifca.co.id  
[2024-07-17 13:21:43] local.INFO: Email CB PPU doc_no PF24070019 Entity 01 already sent to: ahmad.ariffandy@ifca.co.id  
[2024-07-17 14:00:36] local.INFO: Email Purchase Order doc_no PO24070083 Entity 01 berhasil dikirim ke: yoga.swara@kurakurabali.com  
[2024-07-17 14:02:16] local.INFO: Email Purchase Selection doc_no QO24070012 Entity 03 berhasil dikirim ke: josephine.wibawa@kurakurabali.com  
[2024-07-17 14:02:44] local.INFO: Email Purchase Order doc_no PO24070084 Entity 01 berhasil dikirim ke: yoga.swara@kurakurabali.com  
[2024-07-17 14:04:23] local.INFO: Email Purchase Order doc_no PO24070085 Entity 01 berhasil dikirim ke: yoga.swara@kurakurabali.com  
[2024-07-17 14:37:44] local.INFO: Email Purchase Order doc_no PO24070090 Entity 01 berhasil dikirim ke: yoga.swara@kurakurabali.com  
[2024-07-17 14:38:01] local.INFO: Email Purchase Order doc_no PO24070087 Entity 01 berhasil dikirim ke: yoga.swara@kurakurabali.com  
[2024-07-17 14:38:35] local.INFO: Email Purchase Order doc_no PO24070088 Entity 01 berhasil dikirim ke: yoga.swara@kurakurabali.com  
[2024-07-17 14:39:43] local.INFO: Email Purchase Order doc_no PO24070086 Entity 01 berhasil dikirim ke: yoga.swara@kurakurabali.com  
[2024-07-17 14:44:17] local.INFO: Email Purchase Selection doc_no QO24070098 Entity 01 berhasil dikirim ke: josephine.wibawa@kurakurabali.com  
[2024-07-17 14:44:32] local.INFO: Email Purchase Selection doc_no QO24070098 Entity 01 berhasil dikirim ke: josephine.wibawa@kurakurabali.com  
[2024-07-17 14:44:51] local.INFO: Email Purchase Selection doc_no QO24070098 Entity 01 berhasil dikirim ke: josephine.wibawa@kurakurabali.com  
[2024-07-17 14:47:11] local.INFO: Email Purchase Order doc_no PO24070010 Entity 03 berhasil dikirim ke: yoga.swara@kurakurabali.com  
[2024-07-17 14:54:25] local.INFO: Email Purchase Order doc_no PO24070089 Entity 01 berhasil dikirim ke: yoga.swara@kurakurabali.com  
[2024-07-17 14:57:08] local.INFO: Email CB PPU VVIP doc_no PK24070080 Entity 01 berhasil dikirim ke: felix.budiman@kurakurabali.com  
[2024-07-17 14:59:10] local.INFO: Email Purchase Selection doc_no QO24070106 Entity 01 berhasil dikirim ke: josephine.wibawa@kurakurabali.com  
[2024-07-17 14:59:25] local.INFO: Email Purchase Selection doc_no QO24070106 Entity 01 berhasil dikirim ke: josephine.wibawa@kurakurabali.com  
[2024-07-17 14:59:39] local.INFO: Email Purchase Selection doc_no QO24070106 Entity 01 berhasil dikirim ke: josephine.wibawa@kurakurabali.com  
[2024-07-17 14:59:54] local.INFO: Email Purchase Selection doc_no QO24070106 Entity 01 berhasil dikirim ke: josephine.wibawa@kurakurabali.com  
[2024-07-17 15:00:33] local.INFO: Email Purchase Selection doc_no QO24070107 Entity 01 berhasil dikirim ke: josephine.wibawa@kurakurabali.com  
[2024-07-17 15:04:47] local.INFO: Email Purchase Selection doc_no QO24070108 Entity 01 berhasil dikirim ke: josephine.wibawa@kurakurabali.com  
[2024-07-17 15:05:17] local.INFO: Email Purchase Selection doc_no QO24070108 Entity 01 berhasil dikirim ke: josephine.wibawa@kurakurabali.com  
[2024-07-17 15:06:00] local.INFO: Email Purchase Order doc_no PO24070091 Entity 01 berhasil dikirim ke: yoga.swara@kurakurabali.com  
[2024-07-17 15:09:22] local.INFO: Email Purchase Selection doc_no QO24070110 Entity 01 berhasil dikirim ke: josephine.wibawa@kurakurabali.com  
[2024-07-17 15:12:34] local.INFO: Email Purchase Selection doc_no QO24070111 Entity 01 berhasil dikirim ke: josephine.wibawa@kurakurabali.com  
[2024-07-17 15:12:49] local.INFO: Email Purchase Selection doc_no QO24070111 Entity 01 berhasil dikirim ke: josephine.wibawa@kurakurabali.com  
[2024-07-17 15:14:12] local.INFO: Email CB PPU doc_no PG24070005 Entity 01 berhasil dikirim ke: dilph.ho@kurakurabali.com  
[2024-07-17 15:17:15] local.INFO: Email CB RPB doc_no RP24070012 Entity 03 berhasil dikirim ke: rina.anggraini@kurakurabali.com  
[2024-07-17 15:32:33] local.INFO: Email Purchase Selection doc_no QO24070109 Entity 01 berhasil dikirim ke: josephine.wibawa@kurakurabali.com  
[2024-07-17 15:34:44] local.INFO: Email Purchase Selection doc_no QO24070075 Entity 01 berhasil dikirim ke: josephine.wibawa@kurakurabali.com  
[2024-07-17 15:35:02] local.INFO: Email Purchase Selection doc_no QO24070075 Entity 01 berhasil dikirim ke: josephine.wibawa@kurakurabali.com  
[2024-07-17 15:43:55] local.INFO: Email CB PPU doc_no PG24070005 Entity 01 berhasil dikirim ke: andrew.potts@kurakurabali.com  
[2024-07-17 15:46:08] local.INFO: Email Purchase Order doc_no PO24070011 Entity 03 berhasil dikirim ke: yoga.swara@kurakurabali.com  
[2024-07-17 15:47:17] local.INFO: Email Purchase Order doc_no PO24070103 Entity 01 berhasil dikirim ke: yoga.swara@kurakurabali.com  
[2024-07-17 15:47:28] local.INFO: Email Purchase Order doc_no PO24070103 Entity 01 already sent to: yoga.swara@kurakurabali.com  
[2024-07-17 15:48:36] local.INFO: Email Purchase Order doc_no PO24070102 Entity 01 berhasil dikirim ke: yoga.swara@kurakurabali.com  
[2024-07-17 15:48:50] local.INFO: Email Purchase Order doc_no PO24070102 Entity 01 already sent to: yoga.swara@kurakurabali.com  
[2024-07-17 15:49:54] local.INFO: Email Purchase Order doc_no PO24070101 Entity 01 berhasil dikirim ke: yoga.swara@kurakurabali.com  
[2024-07-17 15:50:06] local.INFO: Email Purchase Order doc_no PO24070101 Entity 01 already sent to: yoga.swara@kurakurabali.com  
[2024-07-17 15:51:01] local.INFO: Email Purchase Order doc_no PO24070100 Entity 01 berhasil dikirim ke: yoga.swara@kurakurabali.com  
[2024-07-17 15:54:53] local.INFO: Email Purchase Order doc_no PO24070099 Entity 01 berhasil dikirim ke: yoga.swara@kurakurabali.com  
[2024-07-17 15:57:02] local.INFO: Email Purchase Order doc_no PO24070098 Entity 01 berhasil dikirim ke: yoga.swara@kurakurabali.com  
[2024-07-17 15:57:19] local.INFO: Email Purchase Order doc_no PO24070098 Entity 01 already sent to: yoga.swara@kurakurabali.com  
[2024-07-17 15:57:33] local.INFO: Email Purchase Order doc_no PO24070098 Entity 01 already sent to: yoga.swara@kurakurabali.com  
[2024-07-17 15:57:46] local.INFO: Email Purchase Order doc_no PO24070098 Entity 01 already sent to: yoga.swara@kurakurabali.com  
[2024-07-17 15:57:59] local.INFO: Email Purchase Order doc_no PO24070098 Entity 01 already sent to: yoga.swara@kurakurabali.com  
[2024-07-17 15:58:20] local.INFO: Email Purchase Order doc_no PO24070098 Entity 01 already sent to: yoga.swara@kurakurabali.com  
[2024-07-17 15:58:33] local.INFO: Email Purchase Order doc_no PO24070098 Entity 01 already sent to: yoga.swara@kurakurabali.com  
[2024-07-17 16:01:23] local.INFO: Email Purchase Order doc_no PO24070097 Entity 01 berhasil dikirim ke: yoga.swara@kurakurabali.com  
[2024-07-17 16:01:37] local.INFO: Email Purchase Order doc_no PO24070097 Entity 01 already sent to: yoga.swara@kurakurabali.com  
[2024-07-17 16:01:52] local.INFO: Email Purchase Order doc_no PO24070097 Entity 01 already sent to: yoga.swara@kurakurabali.com  
[2024-07-17 16:02:04] local.INFO: Email Purchase Order doc_no PO24070097 Entity 01 already sent to: yoga.swara@kurakurabali.com  
[2024-07-17 16:03:28] local.INFO: Email Purchase Order doc_no PO24070096 Entity 01 berhasil dikirim ke: yoga.swara@kurakurabali.com  
[2024-07-17 16:03:40] local.INFO: Email Purchase Order doc_no PO24070096 Entity 01 already sent to: yoga.swara@kurakurabali.com  
[2024-07-17 16:04:53] local.INFO: Email Purchase Order doc_no PO24070095 Entity 01 berhasil dikirim ke: yoga.swara@kurakurabali.com  
[2024-07-17 16:05:47] local.INFO: Email Purchase Order doc_no PO24070095 Entity 01 already sent to: yoga.swara@kurakurabali.com  
[2024-07-17 16:06:09] local.INFO: Email CM Progress doc_no PC24070003 Entity 04 berhasil dikirim ke: dilph.ho@kurakurabali.com  
[2024-07-17 16:06:09] local.INFO: Email Purchase Order doc_no PO24070095 Entity 01 already sent to: yoga.swara@kurakurabali.com  
[2024-07-17 16:07:03] local.INFO: Email Purchase Order doc_no PO24070094 Entity 01 berhasil dikirim ke: yoga.swara@kurakurabali.com  
[2024-07-17 16:10:50] local.INFO: Email Purchase Order doc_no PO24070093 Entity 01 berhasil dikirim ke: yoga.swara@kurakurabali.com  
[2024-07-17 16:13:35] local.INFO: Email Purchase Order doc_no PO24070092 Entity 01 berhasil dikirim ke: yoga.swara@kurakurabali.com  
[2024-07-17 16:23:49] local.INFO: Email CB RPB doc_no RP24070050 Entity 01 berhasil dikirim ke: rina.anggraini@kurakurabali.com  
[2024-07-17 16:29:43] local.INFO: Email Purchase Selection doc_no QO24070013 Entity 03 berhasil dikirim ke: josephine.wibawa@kurakurabali.com  
[2024-07-17 16:54:45] local.INFO: Email CB PPU VVIP doc_no PK24070080 Entity 01 berhasil dikirim ke: darren.chan@kurakurabali.com  
[2024-07-17 17:13:08] local.INFO: Email Purchase Order doc_no PO24070089 Entity 01 berhasil dikirim ke: aaron.tham@kurakurabali.com  
[2024-07-17 17:50:49] local.INFO: Email Purchase Order doc_no PO24070089 Entity 01 berhasil dikirim ke: darren.chan@kurakurabali.com  
[2024-07-17 18:07:44] local.INFO: Email Purchase Order doc_no PO24070089 Entity 01 berhasil dikirim ke: kianhong.neo@kurakurabali.com  
