[2024-07-16 09:30:33] local.INFO: Email Purchase Selection doc_no QO24070091 Entity 01 berhasil dikirim ke: josephine.wibawa@kurakurabali.com  
[2024-07-16 09:31:55] local.INFO: Email Purchase Selection doc_no QO24070084 Entity 01 berhasil dikirim ke: josephine.wibawa@kurakurabali.com  
[2024-07-16 09:45:46] local.INFO: Email Purchase Requisition doc_no RF24070076 Entity 01 berhasil dikirim ke: slamet.sumaryadi@kurakurabali.com  
[2024-07-16 09:52:01] local.INFO: Email Purchase Order doc_no PO24070077 Entity 01 berhasil dikirim ke: yoga.swara@kurakurabali.com  
[2024-07-16 09:52:50] local.INFO: Email Purchase Order doc_no PO24070078 Entity 01 berhasil dikirim ke: yoga.swara@kurakurabali.com  
[2024-07-16 09:53:35] local.INFO: Email Purchase Order doc_no PO24070079 Entity 01 berhasil dikirim ke: yoga.swara@kurakurabali.com  
[2024-07-16 10:02:41] local.INFO: Email Purchase Requisition doc_no RF24070077 Entity 01 berhasil dikirim ke: aaron.tham@kurakurabali.com  
[2024-07-16 10:19:21] local.INFO: Email CB PPU doc_no PK24070077 Entity 01 berhasil dikirim ke: felix.budiman@kurakurabali.com  
[2024-07-16 10:19:57] local.INFO: Email CB RUM doc_no CA24070002 Entity 01 berhasil dikirim ke: yohan.pangtoro@kurakurabali.com  
[2024-07-16 10:20:22] local.INFO: Email Purchase Order doc_no PO24070080 Entity 01 berhasil dikirim ke: yoga.swara@kurakurabali.com  
[2024-07-16 10:20:39] local.INFO: Email CB PPU doc_no PR24070007 Entity 03 berhasil dikirim ke: yoga.swara@kurakurabali.com  
[2024-07-16 10:20:53] local.INFO: Email CB RUM doc_no CA24070003 Entity 01 berhasil dikirim ke: yohan.pangtoro@kurakurabali.com  
[2024-07-16 10:21:34] local.INFO: Email CB RUM doc_no CA24070004 Entity 01 berhasil dikirim ke: yohan.pangtoro@kurakurabali.com  
[2024-07-16 10:21:39] local.INFO: Email Purchase Order doc_no PO24070080 Entity 01 berhasil dikirim ke: aaron.tham@kurakurabali.com  
[2024-07-16 10:22:14] local.INFO: Email CB RUM doc_no CA24070006 Entity 01 berhasil dikirim ke: yohan.pangtoro@kurakurabali.com  
[2024-07-16 10:22:47] local.INFO: Email CB RUM doc_no CA24070005 Entity 01 berhasil dikirim ke: yohan.pangtoro@kurakurabali.com  
[2024-07-16 10:23:31] local.INFO: Email CB RUM doc_no CA24070007 Entity 01 berhasil dikirim ke: yohan.pangtoro@kurakurabali.com  
[2024-07-16 10:24:09] local.INFO: Email CB RUM doc_no CA24070008 Entity 01 berhasil dikirim ke: yohan.pangtoro@kurakurabali.com  
[2024-07-16 10:24:34] local.INFO: Email CB PPU doc_no PR24070055 Entity 01 berhasil dikirim ke: yoga.swara@kurakurabali.com  
[2024-07-16 10:25:02] local.INFO: Email CB RUM doc_no CA24070009 Entity 01 berhasil dikirim ke: yohan.pangtoro@kurakurabali.com  
[2024-07-16 10:26:19] local.INFO: Email Purchase Order doc_no PO24070076 Entity 01 berhasil dikirim ke: yoga.swara@kurakurabali.com  
[2024-07-16 10:26:41] local.INFO: Email CB RUM doc_no CA24070001 Entity 03 berhasil dikirim ke: yohan.pangtoro@kurakurabali.com  
[2024-07-16 10:40:43] local.INFO: Email CB RUM doc_no CA24070010 Entity 01 berhasil dikirim ke: yohan.pangtoro@kurakurabali.com  
[2024-07-16 11:10:50] local.INFO: Email CB PPU doc_no PR24070056 Entity 01 berhasil dikirim ke: yoga.swara@kurakurabali.com  
[2024-07-16 13:01:06] local.INFO: Email Purchase Order doc_no PO24070080 Entity 01 berhasil dikirim ke: darren.chan@kurakurabali.com  
[2024-07-16 13:51:01] local.INFO: Email CB PPU doc_no PJ24070011 Entity 01 berhasil dikirim ke: rina.anggraini@kurakurabali.com  
[2024-07-16 14:08:37] local.INFO: Email CB PPU doc_no PR24070008 Entity 03 berhasil dikirim ke: yoga.swara@kurakurabali.com  
[2024-07-16 14:50:33] local.INFO: Email CB PPU doc_no PJ24070011 Entity 01 berhasil dikirim ke: darren.chan@kurakurabali.com  
[2024-07-16 14:59:19] local.INFO: Email Purchase Requisition doc_no RF24070079 Entity 01 berhasil dikirim ke: zefri@kurakurabali.com  
[2024-07-16 15:00:58] local.INFO: Email Purchase Requisition doc_no RF24070078 Entity 01 berhasil dikirim ke: inge.sutanto@kurakurabali.com  
[2024-07-16 15:04:54] local.INFO: Email Purchase Selection doc_no QO24070092 Entity 01 berhasil dikirim ke: josephine.wibawa@kurakurabali.com  
[2024-07-16 15:08:56] local.INFO: Email CB PPU doc_no PC24070007 Entity 03 berhasil dikirim ke: ranny.setjiadi@kurakurabali.com  
[2024-07-16 15:10:27] local.INFO: Email Purchase Requisition doc_no RF24070003 Entity 04 berhasil dikirim ke: ranny.setjiadi@kurakurabali.com  
[2024-07-16 15:10:56] local.INFO: Email Purchase Requisition doc_no RF24070004 Entity 04 berhasil dikirim ke: ranny.setjiadi@kurakurabali.com  
[2024-07-16 15:13:53] local.INFO: Email Purchase Requisition doc_no RF24070079 Entity 01 berhasil dikirim ke: zakki.hakim@kurakurabali.com  
[2024-07-16 15:39:21] local.INFO: Email Purchase Requisition doc_no RF24070080 Entity 01 berhasil dikirim ke: zefri@kurakurabali.com  
[2024-07-16 15:50:31] local.INFO: Email CB PPU doc_no PF24070019 Entity 01 berhasil dikirim ke: zefri@kurakurabali.com  
[2024-07-16 15:52:06] local.INFO: Email CB PPU doc_no PC24070008 Entity 03 berhasil dikirim ke: ranny.setjiadi@kurakurabali.com  
[2024-07-16 15:53:17] local.INFO: Email Purchase Requisition doc_no RF24070080 Entity 01 berhasil dikirim ke: zakki.hakim@kurakurabali.com  
[2024-07-16 15:59:22] local.INFO: Email CB PPU doc_no PF24070020 Entity 01 berhasil dikirim ke: zefri@kurakurabali.com  
[2024-07-16 16:04:43] local.INFO: Email CB PPU doc_no PF24070019 Entity 01 berhasil dikirim ke: zakki.hakim@kurakurabali.com  
[2024-07-16 16:04:43] local.INFO: Email CB PPU doc_no PF24070019 Entity 01 already sent to: zakki.hakim@kurakurabali.com  
[2024-07-16 16:11:59] local.INFO: Email CB PPU doc_no PF24070021 Entity 01 berhasil dikirim ke: zefri@kurakurabali.com  
[2024-07-16 16:16:59] local.INFO: Email CB PPU doc_no PK24070078 Entity 01 berhasil dikirim ke: felix.budiman@kurakurabali.com  
[2024-07-16 16:22:52] local.INFO: Email CB PPU doc_no PB24070013 Entity 01 berhasil dikirim ke: inge.sutanto@kurakurabali.com  
[2024-07-16 16:33:53] local.INFO: Email Purchase Requisition doc_no RF24060072 Entity 01 berhasil dikirim ke: ahmad.ariffandy@ifca.co.id  
[2024-07-16 17:12:37] local.INFO: Email CB PPU doc_no PF24070020 Entity 01 berhasil dikirim ke: zakki.hakim@kurakurabali.com  
[2024-07-16 17:33:46] local.INFO: Email CB RPB doc_no RP24070045 Entity 01 berhasil dikirim ke: rina.anggraini@kurakurabali.com  
[2024-07-16 18:10:56] local.INFO: Email CB RPB doc_no RP24070046 Entity 01 berhasil dikirim ke: rina.anggraini@kurakurabali.com  
