[2024-07-16 08:06:59] local.INFO: Email Feedback doc_no PO24070075 Entity 01 berhasil dikirim ke: putu.arbi@kurakurabali.com  
[2024-07-16 09:27:25] local.INFO: Email Feedback doc_no QO24070088 Entity 01 berhasil dikirim ke: galuh@kurakurabali.com  
[2024-07-16 09:28:04] local.INFO: Email Feedback doc_no QO24070090 Entity 01 berhasil dikirim ke: putu.arbi@kurakurabali.com  
[2024-07-16 09:33:21] local.INFO: Email Feedback doc_no QO24070091 Entity 01 berhasil dikirim ke: galuh@kurakurabali.com  
[2024-07-16 09:33:50] local.INFO: Email Feedback doc_no QO24070084 Entity 01 berhasil dikirim ke: galuh@kurakurabali.com  
[2024-07-16 09:34:12] local.INFO: Email Feedback doc_no QO24070086 Entity 01 berhasil dikirim ke: galuh@kurakurabali.com  
[2024-07-16 09:54:49] local.INFO: Email Feedback doc_no PO24070077 Entity 01 berhasil dikirim ke: galuh@kurakurabali.com  
[2024-07-16 09:54:51] local.INFO: Email Feedback doc_no PO24070078 Entity 01 berhasil dikirim ke: galuh@kurakurabali.com  
[2024-07-16 09:54:53] local.INFO: Email Feedback doc_no PO24070079 Entity 01 berhasil dikirim ke: galuh@kurakurabali.com  
[2024-07-16 10:09:33] local.INFO: Email Feedback Approval doc_no RF24070073 Entity 01 berhasil dikirim ke: chinta.chandra@kurakurabali.com & CC ke : Josephine.wibawa@kurakurabali.com, ratih.wulandari@kurakurabali.com, yoga.swara@kurakurabali.com  
[2024-07-16 10:12:00] local.INFO: Email Feedback doc_no PO24070009 Entity 03 berhasil dikirim ke: putu.arbi@kurakurabali.com  
[2024-07-16 10:21:50] local.INFO: Email Feedback doc_no PR24070007 Entity 03 berhasil dikirim ke: putu.arbi@kurakurabali.com  
[2024-07-16 10:25:44] local.INFO: Email Feedback doc_no PR24070055 Entity 01 berhasil dikirim ke: putu.arbi@kurakurabali.com  
[2024-07-16 10:31:46] local.INFO: Email Feedback doc_no PO24070076 Entity 01 berhasil dikirim ke: galuh@kurakurabali.com  
[2024-07-16 10:47:09] local.INFO: Email Feedback doc_no PC24070006 Entity 03 berhasil dikirim ke: diah.puspa@kurakurabali.com  
[2024-07-16 11:02:23] local.INFO: Email Feedback Approval doc_no RF24070002 Entity 04 berhasil dikirim ke: diah.puspa@kurakurabali.com & CC ke : Josephine.wibawa@kurakurabali.com, ratih.wulandari@kurakurabali.com, yoga.swara@kurakurabali.com  
[2024-07-16 11:19:32] local.INFO: Email Feedback doc_no CA24070002 Entity 01 berhasil dikirim ke: ib.krisna@kurakurabali.com  
[2024-07-16 11:20:05] local.INFO: Email Feedback doc_no PR24070056 Entity 01 berhasil dikirim ke: galuh@kurakurabali.com  
[2024-07-16 11:20:59] local.INFO: Email Feedback doc_no PO24070058 Entity 01 berhasil dikirim ke: galuh@kurakurabali.com  
[2024-07-16 11:22:35] local.INFO: Email Feedback doc_no CA24070003 Entity 01 berhasil dikirim ke: aditya.karnata@kurakurabali.com  
[2024-07-16 11:23:12] local.INFO: Email Feedback doc_no CA24070004 Entity 01 berhasil dikirim ke: erika.lestari@kurakurabali.com  
[2024-07-16 11:38:01] local.INFO: Email Feedback doc_no CA24070005 Entity 01 berhasil dikirim ke: ketut.wijana@kurakurabali.com  
[2024-07-16 11:49:54] local.INFO: Email Feedback doc_no CA24070006 Entity 01 berhasil dikirim ke: ketut.wijana@kurakurabali.com  
[2024-07-16 11:52:34] local.INFO: Email Feedback doc_no CA24070007 Entity 01 berhasil dikirim ke: desman.weldenny@kurakurabali.com  
[2024-07-16 11:54:53] local.INFO: Email Feedback doc_no CA24070008 Entity 01 berhasil dikirim ke: chinta.chandra@kurakurabali.com  
[2024-07-16 11:57:00] local.INFO: Email Feedback doc_no CA24070009 Entity 01 berhasil dikirim ke: ratih.wulandari@kurakurabali.com  
[2024-07-16 11:58:27] local.INFO: Email Feedback doc_no CA24070010 Entity 01 berhasil dikirim ke: ketut.wijana@kurakurabali.com  
[2024-07-16 12:00:01] local.INFO: Email Feedback doc_no CA24070001 Entity 03 berhasil dikirim ke: puturia@kurakurabali.com  
[2024-07-16 13:01:42] local.INFO: Email Feedback Approval doc_no RF24070077 Entity 01 berhasil dikirim ke: peter.yoo@kurakurabali.com & CC ke : Josephine.wibawa@kurakurabali.com, ratih.wulandari@kurakurabali.com, yoga.swara@kurakurabali.com  
[2024-07-16 13:09:33] local.INFO: Email Feedback Approval doc_no CA24070001 Entity 03 berhasil dikirim ke: puturia@kurakurabali.com & CC ke : Josephine.wibawa@kurakurabali.com, ratih.wulandari@kurakurabali.com, yoga.swara@kurakurabali.com  
[2024-07-16 13:09:36] local.INFO: Email Feedback Approval doc_no CA24070010 Entity 01 berhasil dikirim ke: ketut.wijana@kurakurabali.com & CC ke : Josephine.wibawa@kurakurabali.com, ratih.wulandari@kurakurabali.com, yoga.swara@kurakurabali.com  
[2024-07-16 13:09:39] local.INFO: Email Feedback Approval doc_no CA24070009 Entity 01 berhasil dikirim ke: ratih.wulandari@kurakurabali.com & CC ke : Josephine.wibawa@kurakurabali.com, yoga.swara@kurakurabali.com  
[2024-07-16 13:09:42] local.INFO: Email Feedback doc_no PK24070077 Entity 01 berhasil dikirim ke: ketut.wijana@kurakurabali.com  
[2024-07-16 13:34:48] local.INFO: Email Feedback doc_no PK24070076 Entity 01 berhasil dikirim ke: komang.ayu@kurakurabali.com  
[2024-07-16 13:35:22] local.INFO: Email Feedback doc_no PK24070075 Entity 01 berhasil dikirim ke: komang.ayu@kurakurabali.com  
[2024-07-16 15:09:33] local.INFO: Email Feedback Approval doc_no RF24070078 Entity 01 berhasil dikirim ke: diana.stirling@kurakurabali.com & CC ke : Josephine.wibawa@kurakurabali.com, ratih.wulandari@kurakurabali.com, yoga.swara@kurakurabali.com  
[2024-07-16 15:25:34] local.INFO: Email Feedback doc_no PC24070007 Entity 03 berhasil dikirim ke: diah.puspa@kurakurabali.com  
[2024-07-16 15:26:57] local.INFO: Email Feedback Approval doc_no RF24070003 Entity 04 berhasil dikirim ke: diah.puspa@kurakurabali.com & CC ke : Josephine.wibawa@kurakurabali.com, ratih.wulandari@kurakurabali.com, yoga.swara@kurakurabali.com  
[2024-07-16 15:27:33] local.INFO: Email Feedback Approval doc_no RF24070004 Entity 04 berhasil dikirim ke: diah.puspa@kurakurabali.com & CC ke : Josephine.wibawa@kurakurabali.com, ratih.wulandari@kurakurabali.com, yoga.swara@kurakurabali.com  
[2024-07-16 15:39:40] local.INFO: Email Feedback Approval doc_no RF24070079 Entity 01 berhasil dikirim ke: chansya.prabahesty@kurakurabali.com & CC ke : Josephine.wibawa@kurakurabali.com, ratih.wulandari@kurakurabali.com, yoga.swara@kurakurabali.com  
[2024-07-16 15:53:55] local.INFO: Email Feedback Approval doc_no RF24070080 Entity 01 berhasil dikirim ke: chansya.prabahesty@kurakurabali.com & CC ke : Josephine.wibawa@kurakurabali.com, ratih.wulandari@kurakurabali.com, yoga.swara@kurakurabali.com  
[2024-07-16 16:12:09] local.INFO: Email Feedback doc_no PC24070008 Entity 03 berhasil dikirim ke: diah.puspa@kurakurabali.com  
[2024-07-16 16:39:32] local.INFO: Email Feedback doc_no PK24070078 Entity 01 berhasil dikirim ke: komang.ayu@kurakurabali.com  
[2024-07-16 18:09:32] local.INFO: Email Feedback doc_no RP24070045 Entity 01 berhasil dikirim ke: natalia.samosir@kurakurabali.com  
