[2024-07-06 12:20:34] local.INFO: Email Feedback doc_no PR24070021 Entity 01 berhasil dikirim ke: ariyanto@ifca.co.id  
[2024-07-06 12:28:46] local.INFO: Email Feedback Approval doc_no RF24070033 Entity 01 berhasil dikirim ke: ariyanto@ifca.co.id & CC ke : dicky@ifca.co.id  
[2024-07-06 12:34:45] local.INFO: Email Feedback doc_no QO24070051 Entity 01 berhasil dikirim ke: ariyanto@ifca.co.id  
[2024-07-06 12:40:22] local.INFO: Email Feedback doc_no PO24070039 Entity 01 berhasil dikirim ke: ariyanto@ifca.co.id  
[2024-07-06 12:44:45] local.INFO: Email Feedback doc_no PO24070039 Entity 01 berhasil dikirim ke: ariyanto@ifca.co.id  
[2024-07-06 12:54:37] local.INFO: Email Feedback doc_no CC24070001 Entity 01 berhasil dikirim ke: ariyanto@ifca.co.id  
[2024-07-06 13:01:27] local.INFO: Email Feedback doc_no CC24070001 Entity 01 berhasil dikirim ke: ariyanto@ifca.co.id  
[2024-07-06 13:11:38] local.INFO: Email Feedback doc_no CA24070001 Entity 01 berhasil dikirim ke: ariyanto@ifca.co.id  
[2024-07-06 13:15:36] local.INFO: Email Feedback doc_no RP24070020 Entity 01 berhasil dikirim ke: ariyanto@ifca.co.id  
[2024-07-06 13:37:11] local.INFO: Email Feedback doc_no 01 Entity  berhasil dikirim ke: ariyanto@ifca.co.id  
[2024-07-06 13:43:50] local.INFO: Email Feedback doc_no PC24070004 Entity 01 berhasil dikirim ke: ariyanto@ifca.co.id  
[2024-07-06 13:51:44] local.INFO: Email Feedback doc_no 0101 Entity 01 berhasil dikirim ke: ariyanto@ifca.co.id  
[2024-07-06 13:52:31] local.INFO: Email Feedback doc_no VO24070001 Entity 01 berhasil dikirim ke: ariyanto@ifca.co.id  
[2024-07-06 13:54:32] local.INFO: Email Feedback doc_no 01C01 Entity 01 berhasil dikirim ke: ariyanto@ifca.co.id  
[2024-07-06 14:41:08] local.INFO: Email Feedback Cancellation doc_no RF24030139 Entity 01 berhasil dikirim ke: handdy.winantha@kurakurabali.com  
[2024-07-06 15:48:34] local.INFO: Email Feedback doc_no PO24040014 Entity 01 berhasil dikirim ke: kadek.wirata@kurakurabali.com  
[2024-07-06 18:53:48] local.INFO: Email Feedback doc_no PO24040006 Entity 03 berhasil dikirim ke: ratih.wulandari@kurakurabali.com  
[2024-07-06 18:54:07] local.INFO: Email Feedback doc_no PO24040001 Entity 03 berhasil dikirim ke: galuh@kurakurabali.com  
[2024-07-06 18:57:42] local.INFO: Email Feedback doc_no PR24050102 Entity 01 berhasil dikirim ke: ratih.wulandari@kurakurabali.com  
[2024-07-06 18:58:11] local.INFO: Email Feedback doc_no PR24040118 Entity 01 berhasil dikirim ke: kadek.wirata@kurakurabali.com  
[2024-07-06 18:58:49] local.INFO: Email Feedback doc_no PR24050020 Entity 03 berhasil dikirim ke: putu.arbi@kurakurabali.com  
[2024-07-06 21:52:45] local.INFO: Email Feedback Approval doc_no RF24070031 Entity 01 berhasil dikirim ke: kelvri.sinambela@kurakurabali.com & CC ke : Josephine.wibawa@kurakurabali.com, ratih.wulandari@kurakurabali.com, yoga.swara@kurakurabali.com  
[2024-07-06 21:53:12] local.INFO: Email Feedback Approval doc_no RF24070009 Entity 01 berhasil dikirim ke: kelvri.sinambela@kurakurabali.com & CC ke : Josephine.wibawa@kurakurabali.com, ratih.wulandari@kurakurabali.com, yoga.swara@kurakurabali.com  
