[2024-07-06 11:55:29] local.INFO: Email CB PPU doc_no PR24030099 Entity 01 already sent to: ahmad.ariffandy@ifca.co.id  
[2024-07-06 11:57:20] local.INFO: Email CB PPU doc_no PR24030098 Entity 01 berhasil dikirim ke: ahmad.ariffandy@ifca.co.id  
[2024-07-06 12:05:27] local.INFO: Email CB PPU doc_no PR24070020 Entity 01 berhasil dikirim ke: ahmad.ariffandy@ifca.co.id  
[2024-07-06 12:07:22] local.INFO: Email CB PPU doc_no PR24070020 Entity 01 berhasil dikirim ke: ariyanto@ifca.co.id  
[2024-07-06 12:14:49] local.INFO: Email CB PPU doc_no PR24070020 Entity 01 berhasil dikirim ke: ariyanto@ifca.co.id  
[2024-07-06 12:16:41] local.INFO: Email CB PPU doc_no PR24070021 Entity 01 berhasil dikirim ke: ariyanto@ifca.co.id  
[2024-07-06 12:20:05] local.INFO: Email CB PPU doc_no PR24070021 Entity 01 berhasil dikirim ke: ariyanto@ifca.co.id  
[2024-07-06 12:26:30] local.INFO: Email Purchase Requisition doc_no RF24070033 Entity 01 berhasil dikirim ke: ariyanto@ifca.co.id  
[2024-07-06 12:27:19] local.INFO: Email Purchase Requisition doc_no RF24070033 Entity 01 berhasil dikirim ke: ariyanto@ifca.co.id  
[2024-07-06 12:27:44] local.INFO: Email Purchase Requisition doc_no RF24070033 Entity 01 berhasil dikirim ke: ariyanto@ifca.co.id  
[2024-07-06 12:28:10] local.INFO: Email Purchase Requisition doc_no RF24070033 Entity 01 berhasil dikirim ke: ariyanto@ifca.co.id  
[2024-07-06 12:34:02] local.INFO: Email Purchase Selection doc_no QO24070051 Entity 01 berhasil dikirim ke: ariyanto@ifca.co.id  
[2024-07-06 12:37:59] local.INFO: Email Purchase Order doc_no PO24070039 Entity 01 berhasil dikirim ke: ariyanto@ifca.co.id  
[2024-07-06 12:39:50] local.INFO: Email Purchase Order doc_no PO24070039 Entity 01 berhasil dikirim ke: ariyanto@ifca.co.id  
[2024-07-06 12:42:08] local.INFO: Email Purchase Order doc_no PO24070039 Entity 01 berhasil dikirim ke: ariyanto@ifca.co.id  
[2024-07-06 12:43:35] local.INFO: Email Purchase Order doc_no PO24070039 Entity 01 berhasil dikirim ke: ariyanto@ifca.co.id  
[2024-07-06 12:44:04] local.INFO: Email Purchase Order doc_no PO24070039 Entity 01 berhasil dikirim ke: ariyanto@ifca.co.id  
[2024-07-06 12:44:22] local.INFO: Email Purchase Order doc_no PO24070039 Entity 01 berhasil dikirim ke: ariyanto@ifca.co.id  
[2024-07-06 12:49:38] local.INFO: Email CB FUPD doc_no CC24070001 Entity 01 berhasil dikirim ke: ariyanto@ifca.co.id  
[2024-07-06 12:59:47] local.INFO: Email CB FUPD doc_no CC24070001 Entity 01 berhasil dikirim ke: ariyanto@ifca.co.id  
[2024-07-06 13:11:09] local.INFO: Email CB RUM doc_no CA24070001 Entity 01 berhasil dikirim ke: ariyanto@ifca.co.id  
[2024-07-06 13:15:14] local.INFO: Email CB RPB doc_no RP24070020 Entity 01 berhasil dikirim ke: ariyanto@ifca.co.id  
[2024-07-06 13:35:53] local.INFO: Email CM Entry doc_no 01 Entity 01 berhasil dikirim ke: ariyanto@ifca.co.id  
[2024-07-06 13:36:27] local.INFO: Email CM Entry doc_no 01 Entity 01 berhasil dikirim ke: ariyanto@ifca.co.id  
[2024-07-06 13:36:52] local.INFO: Email CM Entry doc_no 01 Entity 01 berhasil dikirim ke: ariyanto@ifca.co.id  
[2024-07-06 13:43:00] local.INFO: Email CM Progress doc_no PC24070004 Entity 01 berhasil dikirim ke: ariyanto@ifca.co.id  
[2024-07-06 13:43:29] local.INFO: Email CM Progress doc_no PC24070004 Entity 01 berhasil dikirim ke: ariyanto@ifca.co.id  
[2024-07-06 13:46:59] local.INFO: Email Varian Order doc_no VO24070001 Entity 01 berhasil dikirim ke: ariyanto@ifca.co.id  
[2024-07-06 13:47:29] local.INFO: Email Varian Order doc_no VO24070001 Entity 01 berhasil dikirim ke: ariyanto@ifca.co.id  
[2024-07-06 13:48:27] local.INFO: Email CM Done doc_no 0101 Entity 01 berhasil dikirim ke: ariyanto@ifca.co.id  
[2024-07-06 13:48:53] local.INFO: Email CM Done doc_no 0101 Entity 01 berhasil dikirim ke: ariyanto@ifca.co.id  
[2024-07-06 13:51:57] local.INFO: Email Varian Order doc_no VO24070001 Entity 01 berhasil dikirim ke: ariyanto@ifca.co.id  
[2024-07-06 13:53:51] local.INFO: Email CM Close doc_no 01C01 Entity 01 berhasil dikirim ke: ariyanto@ifca.co.id  
[2024-07-06 13:54:14] local.INFO: Email CM Close doc_no 01C01 Entity 01 berhasil dikirim ke: ariyanto@ifca.co.id  
[2024-07-06 14:29:30] local.INFO: Email CB PPU doc_no PE24030013 Entity 01 berhasil dikirim ke: zakki.hakim@kurakurabali.com  
[2024-07-06 14:30:31] local.INFO: Email CB PPU doc_no PK24050001 Entity 04 berhasil dikirim ke: aaron.tham@kurakurabali.com  
[2024-07-06 14:30:35] local.INFO: Email Purchase Selection doc_no QO24060015 Entity 03 berhasil dikirim ke: josephine.wibawa@kurakurabali.com  
[2024-07-06 14:30:38] local.INFO: Email Purchase Selection doc_no QO24060014 Entity 03 berhasil dikirim ke: josephine.wibawa@kurakurabali.com  
[2024-07-06 14:30:41] local.INFO: Email Purchase Selection doc_no QO24050018 Entity 03 berhasil dikirim ke: josephine.wibawa@kurakurabali.com  
[2024-07-06 14:30:44] local.INFO: Email CB PPU doc_no PR24050020 Entity 03 berhasil dikirim ke: yoga.swara@kurakurabali.com  
[2024-07-06 14:30:47] local.INFO: Email Purchase Order doc_no PO24040006 Entity 03 berhasil dikirim ke: yoga.swara@kurakurabali.com  
[2024-07-06 14:30:51] local.INFO: Email Purchase Order doc_no PO24040001 Entity 03 berhasil dikirim ke: yoga.swara@kurakurabali.com  
[2024-07-06 14:30:54] local.INFO: Email Purchase Order doc_no PO24030011 Entity 03 berhasil dikirim ke: kianhong.neo@kurakurabali.com  
[2024-07-06 14:30:57] local.INFO: Email CB RPB doc_no RP24070019 Entity 01 berhasil dikirim ke: rina.anggraini@kurakurabali.com  
[2024-07-06 14:31:00] local.INFO: Email CB RPB doc_no RP24070012 Entity 01 berhasil dikirim ke: rina.anggraini@kurakurabali.com  
[2024-07-06 14:31:04] local.INFO: Email Purchase Requisition doc_no RF24070031 Entity 01 berhasil dikirim ke: francis.yee@kurakurabali.com  
[2024-07-06 14:31:07] local.INFO: Email Purchase Requisition doc_no RF24070021 Entity 01 berhasil dikirim ke: fivianty.wijaya@kurakurabali.com  
[2024-07-06 14:31:10] local.INFO: Email Purchase Requisition doc_no RF24070020 Entity 01 berhasil dikirim ke: aaron.tham@kurakurabali.com  
[2024-07-06 14:31:13] local.INFO: Email Purchase Requisition doc_no RF24070014 Entity 01 berhasil dikirim ke: fivianty.wijaya@kurakurabali.com  
[2024-07-06 14:31:16] local.INFO: Email Purchase Requisition doc_no RF24070009 Entity 01 berhasil dikirim ke: francis.yee@kurakurabali.com  
[2024-07-06 14:31:19] local.INFO: Email Purchase Requisition doc_no RF24060073 Entity 01 berhasil dikirim ke: fivianty.wijaya@kurakurabali.com  
[2024-07-06 14:31:23] local.INFO: Email Purchase Requisition doc_no RF24060054 Entity 01 berhasil dikirim ke: zakki.hakim@kurakurabali.com  
[2024-07-06 14:31:26] local.INFO: Email Purchase Requisition doc_no RF24060004 Entity 01 berhasil dikirim ke: made.ariesana@kurakurabali.com  
[2024-07-06 14:31:29] local.INFO: Email Purchase Requisition doc_no RF24050022 Entity 01 berhasil dikirim ke: ferry@kurakurabali.com  
[2024-07-06 14:31:32] local.INFO: Email Purchase Requisition doc_no RF24030151 Entity 01 berhasil dikirim ke: zakki.hakim@kurakurabali.com  
[2024-07-06 14:31:35] local.INFO: Email Purchase Requisition doc_no RF24030139 Entity 01 berhasil dikirim ke: made.ariesana@kurakurabali.com  
[2024-07-06 14:31:38] local.INFO: Email Purchase Requisition doc_no RF24030086 Entity 01 berhasil dikirim ke: ferry@kurakurabali.com  
[2024-07-06 14:31:41] local.INFO: Email Purchase Requisition doc_no RF24030080 Entity 01 berhasil dikirim ke: wendy.tang@kurakurabali.com  
[2024-07-06 14:31:44] local.INFO: Email Purchase Requisition doc_no RF24030077 Entity 01 berhasil dikirim ke: wendy.tang@kurakurabali.com  
[2024-07-06 14:31:48] local.INFO: Email Purchase Selection doc_no QO24070048 Entity 01 berhasil dikirim ke: josephine.wibawa@kurakurabali.com  
[2024-07-06 14:31:51] local.INFO: Email Purchase Selection doc_no QO24070047 Entity 01 berhasil dikirim ke: josephine.wibawa@kurakurabali.com  
[2024-07-06 14:31:54] local.INFO: Email Purchase Selection doc_no QO24070039 Entity 01 berhasil dikirim ke: josephine.wibawa@kurakurabali.com  
[2024-07-06 14:31:57] local.INFO: Email Purchase Selection doc_no QO24070030 Entity 01 berhasil dikirim ke: josephine.wibawa@kurakurabali.com  
[2024-07-06 14:32:00] local.INFO: Email Purchase Selection doc_no QO24060011 Entity 01 berhasil dikirim ke: josephine.wibawa@kurakurabali.com  
[2024-07-06 14:32:04] local.INFO: Email Purchase Selection doc_no QO24050158 Entity 01 berhasil dikirim ke: josephine.wibawa@kurakurabali.com  
[2024-07-06 14:32:07] local.INFO: Email Purchase Selection doc_no QO24050038 Entity 01 berhasil dikirim ke: josephine.wibawa@kurakurabali.com  
[2024-07-06 14:32:10] local.INFO: Email Purchase Selection doc_no QO24050020 Entity 01 berhasil dikirim ke: josephine.wibawa@kurakurabali.com  
[2024-07-06 14:32:13] local.INFO: Email Purchase Selection doc_no QO24050002 Entity 01 berhasil dikirim ke: josephine.wibawa@kurakurabali.com  
[2024-07-06 14:32:16] local.INFO: Email Purchase Selection doc_no QO24040038 Entity 01 berhasil dikirim ke: josephine.wibawa@kurakurabali.com  
[2024-07-06 14:32:19] local.INFO: Email Purchase Selection doc_no QO24030104 Entity 01 berhasil dikirim ke: josephine.wibawa@kurakurabali.com  
[2024-07-06 14:32:23] local.INFO: Email Purchase Selection doc_no QO24030088 Entity 01 berhasil dikirim ke: josephine.wibawa@kurakurabali.com  
[2024-07-06 14:32:26] local.INFO: Email Purchase Selection doc_no QO24030050 Entity 01 berhasil dikirim ke: josephine.wibawa@kurakurabali.com  
[2024-07-06 14:32:29] local.INFO: Email CB PPU doc_no PR24050102 Entity 01 berhasil dikirim ke: yoga.swara@kurakurabali.com  
[2024-07-06 14:32:32] local.INFO: Email CB PPU doc_no PR24040118 Entity 01 berhasil dikirim ke: yoga.swara@kurakurabali.com  
[2024-07-06 14:32:35] local.INFO: Email CB PPU doc_no PR24030124 Entity 01 berhasil dikirim ke: aaron.tham@kurakurabali.com  
[2024-07-06 14:32:38] local.INFO: Email Purchase Order doc_no PO24040014 Entity 01 berhasil dikirim ke: kianhong.neo@kurakurabali.com  
[2024-07-06 14:32:41] local.INFO: Email CB PPU doc_no PM24070005 Entity 01 berhasil dikirim ke: fivianty.wijaya@kurakurabali.com  
[2024-07-06 14:32:44] local.INFO: Email CB PPU doc_no PM24070004 Entity 01 berhasil dikirim ke: fivianty.wijaya@kurakurabali.com  
[2024-07-06 14:32:48] local.INFO: Email CB PPU doc_no PM24070003 Entity 01 berhasil dikirim ke: fivianty.wijaya@kurakurabali.com  
[2024-07-06 14:32:51] local.INFO: Email CB PPU doc_no PK24070025 Entity 01 berhasil dikirim ke: felix.budiman@kurakurabali.com  
[2024-07-06 14:32:54] local.INFO: Email CB PPU doc_no PK24050039 Entity 01 berhasil dikirim ke: aaron.tham@kurakurabali.com  
[2024-07-06 14:32:57] local.INFO: Email CB PPU doc_no PJ24070009 Entity 01 berhasil dikirim ke: rina.anggraini@kurakurabali.com  
[2024-07-06 14:33:00] local.INFO: Email CB PPU doc_no PJ24070008 Entity 01 berhasil dikirim ke: rina.anggraini@kurakurabali.com  
[2024-07-06 14:33:04] local.INFO: Email CB PPU doc_no PF24070003 Entity 01 berhasil dikirim ke: zakki.hakim@kurakurabali.com  
[2024-07-06 14:33:07] local.INFO: Email CB PPU doc_no PF24050030 Entity 01 berhasil dikirim ke: zakki.hakim@kurakurabali.com  
[2024-07-06 14:33:10] local.INFO: Email CB PPU doc_no PF24050029 Entity 01 berhasil dikirim ke: zakki.hakim@kurakurabali.com  
[2024-07-06 14:33:13] local.INFO: Email CB PPU doc_no PE24070001 Entity 01 berhasil dikirim ke: zakki.hakim@kurakurabali.com  
[2024-07-06 14:33:16] local.INFO: Email CB PPU doc_no PE24030036 Entity 01 berhasil dikirim ke: zakki.hakim@kurakurabali.com  
[2024-07-06 14:33:19] local.INFO: Email CB PPU doc_no PE24030035 Entity 01 berhasil dikirim ke: zakki.hakim@kurakurabali.com  
[2024-07-06 14:33:22] local.INFO: Email CB PPU doc_no PE24030034 Entity 01 berhasil dikirim ke: zakki.hakim@kurakurabali.com  
[2024-07-06 14:33:25] local.INFO: Email CB PPU doc_no PE24030033 Entity 01 berhasil dikirim ke: zakki.hakim@kurakurabali.com  
[2024-07-06 14:33:29] local.INFO: Email CB PPU doc_no PE24030031 Entity 01 berhasil dikirim ke: zefri@kurakurabali.com  
[2024-07-06 14:33:32] local.INFO: Email CB PPU doc_no PE24030030 Entity 01 berhasil dikirim ke: zakki.hakim@kurakurabali.com  
[2024-07-06 14:33:35] local.INFO: Email CB PPU doc_no PE24030027 Entity 01 berhasil dikirim ke: zakki.hakim@kurakurabali.com  
[2024-07-06 14:33:35] local.INFO: Email CB PPU doc_no PE24030013 Entity 01 already sent to: zakki.hakim@kurakurabali.com  
[2024-07-06 15:42:03] local.INFO: Email Purchase Requisition doc_no RF24060004 Entity 01 already sent to: ariyanto@ifca.co.id  
[2024-07-06 15:44:21] local.INFO: Email Purchase Requisition doc_no RF24060004 Entity 01 berhasil dikirim ke: ariyanto@ifca.co.id  
[2024-07-06 15:54:15] local.INFO: Email Purchase Requisition doc_no RF24060004 Entity 01 berhasil dikirim ke: made.ariesana@kurakurabali.com  
[2024-07-06 16:13:07] local.INFO: Email Purchase Requisition doc_no RF24060004 Entity 01 berhasil dikirim ke: ahmad.ariffandy@ifca.co.id  
[2024-07-06 16:14:52] local.INFO: Email Purchase Requisition doc_no RF24060004 Entity 01 berhasil dikirim ke: ahmad.ariffandy@ifca.co.id  
[2024-07-06 16:23:40] local.INFO: Email Purchase Requisition doc_no RF24060004 Entity 01 berhasil dikirim ke: made.ariesana@kurakurabali.com  
