[2024-07-25 08:01:08] local.INFO: Email Feedback doc_no PO24070128 Entity 01 berhasil dikirim ke: galuh@kurakurabali.com  
[2024-07-25 08:01:16] local.INFO: Email Feedback doc_no PO24070127 Entity 01 berhasil dikirim ke: galuh@kurakurabali.com  
[2024-07-25 08:01:50] local.INFO: Email Feedback doc_no PO24070126 Entity 01 berhasil dikirim ke: galuh@kurakurabali.com  
[2024-07-25 09:09:52] local.INFO: Email Feedback doc_no PR24070090 Entity 01 berhasil dikirim ke: kadek.wirata@kurakurabali.com  
[2024-07-25 09:25:31] local.INFO: Email Feedback doc_no PR24070011 Entity 03 berhasil dikirim ke: putu.arbi@kurakurabali.com  
[2024-07-25 09:26:57] local.INFO: Email Feedback doc_no PR24070091 Entity 01 berhasil dikirim ke: putu.arbi@kurakurabali.com  
[2024-07-25 10:15:57] local.INFO: Email Feedback Approval doc_no RF24070109 Entity 01 berhasil dikirim ke: ib.krisna@kurakurabali.com & CC ke : Josephine.wibawa@kurakurabali.com, ratih.wulandari@kurakurabali.com, yoga.swara@kurakurabali.com  
[2024-07-25 10:16:00] local.INFO: Email Feedback Approval doc_no RF24070115 Entity 01 berhasil dikirim ke: chinta.chandra@kurakurabali.com & CC ke : Josephine.wibawa@kurakurabali.com, ratih.wulandari@kurakurabali.com, yoga.swara@kurakurabali.com  
[2024-07-25 10:17:01] local.INFO: Email Feedback doc_no QO24070131 Entity 01 berhasil dikirim ke: putu.arbi@kurakurabali.com  
[2024-07-25 10:26:31] local.INFO: Email Feedback Approval doc_no RF24070114 Entity 01 berhasil dikirim ke: indra.pramana@kurakurabali.com & CC ke : Josephine.wibawa@kurakurabali.com, ratih.wulandari@kurakurabali.com, yoga.swara@kurakurabali.com  
[2024-07-25 10:30:11] local.INFO: Email Feedback doc_no PC24070005 Entity 04 berhasil dikirim ke: dewi.titiana@kurakurabali.com  
[2024-07-25 10:39:05] local.INFO: Email Feedback doc_no PO24070129 Entity 01 berhasil dikirim ke: putu.arbi@kurakurabali.com  
[2024-07-25 10:46:56] local.INFO: Email Feedback doc_no PM24070015 Entity 01 berhasil dikirim ke: kintan.davita@kurakurabali.com  
[2024-07-25 10:54:31] local.INFO: Email Feedback Approval doc_no RF24070103 Entity 01 berhasil dikirim ke: kintan.davita@kurakurabali.com & CC ke : Josephine.wibawa@kurakurabali.com, ratih.wulandari@kurakurabali.com, yoga.swara@kurakurabali.com  
[2024-07-25 10:54:50] local.INFO: Email Feedback Approval doc_no RF24070104 Entity 01 berhasil dikirim ke: kintan.davita@kurakurabali.com & CC ke : Josephine.wibawa@kurakurabali.com, ratih.wulandari@kurakurabali.com, yoga.swara@kurakurabali.com  
[2024-07-25 10:57:12] local.INFO: Email Feedback doc_no PM24070011 Entity 01 berhasil dikirim ke: kintan.davita@kurakurabali.com  
[2024-07-25 11:45:57] local.INFO: Email Feedback doc_no RP24080001 Entity 03 berhasil dikirim ke: natalia.samosir@kurakurabali.com  
[2024-07-25 11:46:00] local.INFO: Email Feedback doc_no RP24070016 Entity 03 berhasil dikirim ke: natalia.samosir@kurakurabali.com  
[2024-07-25 12:39:14] local.INFO: Email Feedback doc_no PJ24070016 Entity 01 berhasil dikirim ke: ayu.intan@kurakurabali.com  
[2024-07-25 13:44:13] local.INFO: Email Feedback doc_no PG24070004 Entity 04 berhasil dikirim ke: wayan.mahayu@kurakurabali.com  
[2024-07-25 14:15:57] local.INFO: Email Feedback doc_no PK24070114 Entity 01 berhasil dikirim ke: erika.lestari@kurakurabali.com  
[2024-07-25 14:16:00] local.INFO: Email Feedback doc_no PK24070116 Entity 01 berhasil dikirim ke: erika.lestari@kurakurabali.com  
[2024-07-25 14:16:03] local.INFO: Email Feedback doc_no PK24070115 Entity 01 berhasil dikirim ke: komang.ayu@kurakurabali.com  
[2024-07-25 14:45:58] local.INFO: Email Feedback doc_no PM24070012 Entity 01 berhasil dikirim ke: kintan.davita@kurakurabali.com  
[2024-07-25 15:28:29] local.INFO: Email Feedback doc_no QO24070020 Entity 03 berhasil dikirim ke: ratih.wulandari@kurakurabali.com  
[2024-07-25 15:28:52] local.INFO: Email Feedback doc_no QO24070133 Entity 01 berhasil dikirim ke: ratih.wulandari@kurakurabali.com  
[2024-07-25 15:29:14] local.INFO: Email Feedback doc_no QO24070132 Entity 01 berhasil dikirim ke: ratih.wulandari@kurakurabali.com  
[2024-07-25 15:29:36] local.INFO: Email Feedback doc_no QO24070134 Entity 01 berhasil dikirim ke: ratih.wulandari@kurakurabali.com  
[2024-07-25 15:37:19] local.INFO: Email Feedback doc_no PN24070001 Entity 01 berhasil dikirim ke: peter.yoo@kurakurabali.com  
[2024-07-25 16:21:09] local.INFO: Email Feedback doc_no PO24070135 Entity 01 berhasil dikirim ke: ratih.wulandari@kurakurabali.com  
[2024-07-25 16:21:36] local.INFO: Email Feedback Cancellation doc_no RF24070012 Entity 03 berhasil dikirim ke: fajar.febriyanto@kurakurabali.com  
[2024-07-25 16:22:05] local.INFO: Email Feedback doc_no PO24070134 Entity 01 berhasil dikirim ke: ratih.wulandari@kurakurabali.com  
[2024-07-25 16:22:27] local.INFO: Email Feedback doc_no PO24070018 Entity 03 berhasil dikirim ke: ratih.wulandari@kurakurabali.com  
[2024-07-25 16:22:47] local.INFO: Email Feedback doc_no PR24070092 Entity 01 berhasil dikirim ke: ratih.wulandari@kurakurabali.com  
[2024-07-25 16:23:07] local.INFO: Email Feedback doc_no PO24070133 Entity 01 berhasil dikirim ke: ratih.wulandari@kurakurabali.com  
[2024-07-25 16:23:29] local.INFO: Email Feedback doc_no PR24070012 Entity 03 berhasil dikirim ke: ratih.wulandari@kurakurabali.com  
[2024-07-25 16:27:13] local.INFO: Email Feedback doc_no PM24070013 Entity 01 berhasil dikirim ke: kintan.davita@kurakurabali.com  
[2024-07-25 17:28:02] local.INFO: Email Feedback doc_no PO24070130 Entity 01 berhasil dikirim ke: saraswati.puspita@kurakurabali.com  
[2024-07-25 17:45:57] local.INFO: Email Feedback doc_no CA24070014 Entity 01 berhasil dikirim ke: aditya.karnata@kurakurabali.com  
[2024-07-25 17:46:00] local.INFO: Email Feedback doc_no CA24070013 Entity 01 berhasil dikirim ke: erika.lestari@kurakurabali.com  
[2024-07-25 17:46:03] local.INFO: Email Feedback doc_no CA24070012 Entity 01 berhasil dikirim ke: kintan.davita@kurakurabali.com  
[2024-07-25 17:46:07] local.INFO: Email Feedback doc_no CA24070011 Entity 01 berhasil dikirim ke: kadek.wirata@kurakurabali.com  
