[2024-07-25 09:03:02] local.INFO: Email CB PPU doc_no PR24070090 Entity 01 berhasil dikirim ke: yoga.swara@kurakurabali.com  
[2024-07-25 09:04:58] local.INFO: Email CB PPU doc_no PR24070091 Entity 01 berhasil dikirim ke: yoga.swara@kurakurabali.com  
[2024-07-25 09:08:04] local.INFO: Email CB PPU doc_no PR24070011 Entity 03 berhasil dikirim ke: yoga.swara@kurakurabali.com  
[2024-07-25 09:14:42] local.INFO: Email Purchase Requisition doc_no RF24070113 Entity 01 berhasil dikirim ke: zefri@kurakurabali.com  
[2024-07-25 09:25:41] local.INFO: Email Purchase Requisition doc_no RF24070113 Entity 01 berhasil dikirim ke: zakki.hakim@kurakurabali.com  
[2024-07-25 09:33:52] local.INFO: Email CB PPU doc_no PF24070029 Entity 01 berhasil dikirim ke: zefri@kurakurabali.com  
[2024-07-25 09:34:36] local.INFO: Email CB PPU doc_no PM24070014 Entity 01 berhasil dikirim ke: fivianty.wijaya@kurakurabali.com  
[2024-07-25 09:35:35] local.INFO: Email CB PPU doc_no PF24070029 Entity 01 berhasil dikirim ke: zakki.hakim@kurakurabali.com  
[2024-07-25 09:39:02] local.INFO: Email CB PPU doc_no PM24070015 Entity 01 berhasil dikirim ke: fivianty.wijaya@kurakurabali.com  
[2024-07-25 09:49:01] local.INFO: Email Purchase Requisition doc_no RF24070115 Entity 01 berhasil dikirim ke: inge.sutanto@kurakurabali.com  
[2024-07-25 09:56:36] local.INFO: Email Purchase Requisition doc_no RF24070114 Entity 01 berhasil dikirim ke: made.ariesana@kurakurabali.com  
[2024-07-25 10:07:15] local.INFO: Email CM Progress doc_no PC24070005 Entity 04 berhasil dikirim ke: dilph.ho@kurakurabali.com  
[2024-07-25 10:23:09] local.INFO: Email Purchase Order doc_no PO24070129 Entity 01 berhasil dikirim ke: yoga.swara@kurakurabali.com  
[2024-07-25 10:25:54] local.INFO: Email CB PPU doc_no PN24070001 Entity 01 berhasil dikirim ke: aaron.tham@kurakurabali.com  
[2024-07-25 10:28:21] local.INFO: Email CM Progress doc_no PC24070005 Entity 04 berhasil dikirim ke: andrew.potts@kurakurabali.com  
[2024-07-25 10:46:43] local.INFO: Email CB PPU doc_no PM24070014 Entity 01 berhasil dikirim ke: ferry@kurakurabali.com  
[2024-07-25 11:06:39] local.INFO: Email Purchase Selection doc_no QO24070132 Entity 01 berhasil dikirim ke: josephine.wibawa@kurakurabali.com  
[2024-07-25 11:28:41] local.INFO: Email CB PPU doc_no PK24070114 Entity 01 berhasil dikirim ke: felix.budiman@kurakurabali.com  
[2024-07-25 11:29:19] local.INFO: Email Purchase Selection doc_no QO24070133 Entity 01 berhasil dikirim ke: josephine.wibawa@kurakurabali.com  
[2024-07-25 11:31:02] local.INFO: Email CB PPU doc_no PJ24070016 Entity 01 berhasil dikirim ke: darren.chan@kurakurabali.com  
[2024-07-25 11:56:19] local.INFO: Email CB PPU doc_no PK24070115 Entity 01 berhasil dikirim ke: felix.budiman@kurakurabali.com  
[2024-07-25 12:14:18] local.INFO: Email CB PPU doc_no PK24070116 Entity 01 berhasil dikirim ke: felix.budiman@kurakurabali.com  
[2024-07-25 13:15:00] local.INFO: Email CB PPU doc_no PG24070004 Entity 04 berhasil dikirim ke: dilph.ho@kurakurabali.com  
[2024-07-25 13:34:22] local.INFO: Email CB PPU doc_no PG24070004 Entity 04 berhasil dikirim ke: andrew.potts@kurakurabali.com  
[2024-07-25 14:31:24] local.INFO: Email CB PPU doc_no PO24070132 Entity 01 berhasil dikirim ke: agung.buana@kurakurabali.com  
[2024-07-25 14:33:31] local.INFO: Email CB PPU doc_no PO24070131 Entity 01 berhasil dikirim ke: agung.buana@kurakurabali.com  
[2024-07-25 14:33:58] local.INFO: Email CB PPU doc_no PO24070130 Entity 01 berhasil dikirim ke: agung.buana@kurakurabali.com  
[2024-07-25 14:40:41] local.INFO: Email CB RUM doc_no CA24070012 Entity 01 berhasil dikirim ke: yohan.pangtoro@kurakurabali.com  
[2024-07-25 14:41:33] local.INFO: Email CB RUM doc_no CA24070011 Entity 01 berhasil dikirim ke: yohan.pangtoro@kurakurabali.com  
[2024-07-25 14:42:16] local.INFO: Email CB RUM doc_no CA24070013 Entity 01 berhasil dikirim ke: yohan.pangtoro@kurakurabali.com  
[2024-07-25 14:42:53] local.INFO: Email CB RUM doc_no CA24070014 Entity 01 berhasil dikirim ke: yohan.pangtoro@kurakurabali.com  
[2024-07-25 14:51:33] local.INFO: Email CB PPU doc_no PO24070132 Entity 01 berhasil dikirim ke: ferry@kurakurabali.com  
[2024-07-25 14:52:15] local.INFO: Email CB PPU doc_no PO24070130 Entity 01 berhasil dikirim ke: ferry@kurakurabali.com  
[2024-07-25 14:52:57] local.INFO: Email CB PPU doc_no PO24070131 Entity 01 berhasil dikirim ke: ferry@kurakurabali.com  
[2024-07-25 15:15:02] local.INFO: Email Purchase Selection doc_no QO24070020 Entity 03 berhasil dikirim ke: josephine.wibawa@kurakurabali.com  
[2024-07-25 15:22:13] local.INFO: Email Purchase Selection doc_no QO24070134 Entity 01 berhasil dikirim ke: josephine.wibawa@kurakurabali.com  
[2024-07-25 15:30:19] local.INFO: Email CB RPB doc_no RP24070084 Entity 01 berhasil dikirim ke: rina.anggraini@kurakurabali.com  
[2024-07-25 15:35:10] local.INFO: Email Purchase Order doc_no PO24070135 Entity 01 berhasil dikirim ke: yoga.swara@kurakurabali.com  
[2024-07-25 15:36:02] local.INFO: Email Purchase Order doc_no PO24070134 Entity 01 berhasil dikirim ke: yoga.swara@kurakurabali.com  
[2024-07-25 15:36:45] local.INFO: Email Purchase Order doc_no PO24070133 Entity 01 berhasil dikirim ke: yoga.swara@kurakurabali.com  
[2024-07-25 15:39:22] local.INFO: Email Purchase Order doc_no PO24070018 Entity 03 berhasil dikirim ke: yoga.swara@kurakurabali.com  
[2024-07-25 15:43:49] local.INFO: Email CB PPU doc_no PR24070012 Entity 03 berhasil dikirim ke: yoga.swara@kurakurabali.com  
[2024-07-25 15:47:15] local.INFO: Email CB PPU doc_no PR24070092 Entity 01 berhasil dikirim ke: yoga.swara@kurakurabali.com  
[2024-07-25 15:53:58] local.INFO: Email CB RPB doc_no RP24070085 Entity 01 berhasil dikirim ke: rina.anggraini@kurakurabali.com  
[2024-07-25 15:56:39] local.INFO: Email CB RPB doc_no RP24070086 Entity 01 berhasil dikirim ke: rina.anggraini@kurakurabali.com  
[2024-07-25 15:58:39] local.INFO: Email Purchase Requisition doc_no RF24070012 Entity 03 berhasil dikirim ke: ranny.setjiadi@kurakurabali.com  
[2024-07-25 16:38:12] local.INFO: Email CB RPB doc_no RP24080003 Entity 01 berhasil dikirim ke: rina.anggraini@kurakurabali.com  
[2024-07-25 17:00:48] local.INFO: Email CB RPB doc_no RP24080004 Entity 01 berhasil dikirim ke: rina.anggraini@kurakurabali.com  
