[2024-07-16 08:06:53] local.INFO: Decrypted data: {"entity_cd":"01","project_no":"0101","doc_no":"PR24070054","trx_type":"PR","level_no":"1","usergroup":"17A","user_id":"YOGASWARA","supervisor":"N","email_address":"yoga.swara@kurakurabali.com","type":"U","type_module":"CB","text":"Payment Request"}  
[2024-07-16 08:06:53] local.INFO: First query result: []  
[2024-07-16 08:06:53] local.INFO: Second query result: [{"entity_cd":"01  ","approve_seq":"6734","trx_type":"PR","doc_no":"PR24070054","doc_date":"2024-07-15 00:00:00.000","descs":"Payment Angkut sampah keluar kawasan ","ref_no":"BCA- 7770429549","staff_id":"RATIH","div_cd":"0117","dept_cd":"17","advance":"","priority":"","creditor":"","mpr":"","pr":"","amount":"1200000.00","percen":".00","request_type":"A8","position_cd":"01","user_id":"YOGASWARA","level_no":"1","status":"P","approved_date":null,"reason_remarks":null,"module":"CB","audit_user":"RATIH","audit_date":"2024-07-15 17:36:04.423","rowID":"14445","TYPE":"U","approve_date":null,"line_no":null,"req_line_no":null,"sent_mail":"Y","sent_mail_date":"2024-07-15 17:36:21.363","reason":null,"currency_cd":"IDR"}]  
[2024-07-16 09:27:20] local.INFO: Starting database query execution for processData  
[2024-07-16 09:27:20] local.INFO: Decrypted data: {"entity_cd":"01","project_no":"0101","doc_no":"QO24070088","request_no":"RF24050134","trx_date":"2024-07-15 00:00:00.","level_no":"1","usergroup":"17A","user_id":"GALUH","supervisor":"M","type":"S","type_module":"PO","text":"Purchase Selection"}  
[2024-07-16 09:27:20] local.INFO: Executed query: [{"query":"select * from [mgr].[cb_cash_request_appr] where ([doc_no] = ? and [entity_cd] = ? and [level_no] = ? and [type] = ? and [module] = ?) and [status] in (?, ?, ?)","bindings":["QO24070088","01","1","S","PO","A","R","C"],"time":25.25}]  
[2024-07-16 09:27:20] local.INFO: First query result: []  
[2024-07-16 09:27:20] local.INFO: Executed query: [{"query":"select * from [mgr].[cb_cash_request_appr] where ([doc_no] = ? and [entity_cd] = ? and [level_no] = ? and [type] = ? and [module] = ?) and [status] in (?, ?, ?)","bindings":["QO24070088","01","1","S","PO","A","R","C"],"time":25.25},{"query":"select * from [mgr].[cb_cash_request_appr] where ([doc_no] = ? and [status] = ? and [entity_cd] = ? and [level_no] = ? and [type] = ? and [module] = ?)","bindings":["QO24070088","P","01","1","S","PO"],"time":5.07}]  
[2024-07-16 09:27:20] local.INFO: Second query result: [{"entity_cd":"01  ","approve_seq":"7144","trx_type":"VS","doc_no":"QO24070088","doc_date":"2024-05-29 00:00:00.000","descs":"PLANTER BAG, POLYBAG, PUPUK, DLL","ref_no":"RF24050134","staff_id":"GALUH","div_cd":"0100","dept_cd":"17","advance":"","priority":"","creditor":"","mpr":"","pr":"","amount":"100000250.00","percen":".00","request_type":"P1","position_cd":"01","user_id":"JOSEPHINE","level_no":"1","status":"P","approved_date":null,"reason_remarks":null,"module":"PO","audit_user":"GALUH","audit_date":"2024-07-15 15:59:34.873","rowID":"14434","TYPE":"S","approve_date":null,"line_no":null,"req_line_no":null,"sent_mail":"Y","sent_mail_date":"2024-07-15 15:59:54.680","reason":null,"currency_cd":"IDR"}]  
[2024-07-16 09:28:00] local.INFO: Starting database query execution for processData  
[2024-07-16 09:28:00] local.INFO: Decrypted data: {"entity_cd":"01","project_no":"0101","doc_no":"QO24070090","request_no":"RF24070067","trx_date":"2024-07-15 00:00:00.","level_no":"1","usergroup":"17A","user_id":"ARBI","supervisor":"N","type":"S","type_module":"PO","text":"Purchase Selection"}  
[2024-07-16 09:28:00] local.INFO: Executed query: [{"query":"select * from [mgr].[cb_cash_request_appr] where ([doc_no] = ? and [entity_cd] = ? and [level_no] = ? and [type] = ? and [module] = ?) and [status] in (?, ?, ?)","bindings":["QO24070090","01","1","S","PO","A","R","C"],"time":28.57}]  
[2024-07-16 09:28:00] local.INFO: First query result: []  
[2024-07-16 09:28:00] local.INFO: Executed query: [{"query":"select * from [mgr].[cb_cash_request_appr] where ([doc_no] = ? and [entity_cd] = ? and [level_no] = ? and [type] = ? and [module] = ?) and [status] in (?, ?, ?)","bindings":["QO24070090","01","1","S","PO","A","R","C"],"time":28.57},{"query":"select * from [mgr].[cb_cash_request_appr] where ([doc_no] = ? and [status] = ? and [entity_cd] = ? and [level_no] = ? and [type] = ? and [module] = ?)","bindings":["QO24070090","P","01","1","S","PO"],"time":4.69}]  
[2024-07-16 09:28:00] local.INFO: Second query result: [{"entity_cd":"01  ","approve_seq":"7148","trx_type":"VS","doc_no":"QO24070090","doc_date":"2024-07-12 00:00:00.000","descs":"Penawaran Container Box 85 L","ref_no":"RF24070067","staff_id":"ARBI","div_cd":"0117","dept_cd":"17","advance":"","priority":"","creditor":"","mpr":"","pr":"","amount":"423900.00","percen":".00","request_type":"P1","position_cd":"01","user_id":"JOSEPHINE","level_no":"1","status":"P","approved_date":null,"reason_remarks":null,"module":"PO","audit_user":"ARBI","audit_date":"2024-07-15 17:17:49.360","rowID":"14444","TYPE":"S","approve_date":null,"line_no":null,"req_line_no":null,"sent_mail":"Y","sent_mail_date":"2024-07-15 17:18:07.210","reason":null,"currency_cd":"IDR"}]  
[2024-07-16 09:33:17] local.INFO: Starting database query execution for processData  
[2024-07-16 09:33:17] local.INFO: Decrypted data: {"entity_cd":"01","project_no":"0101","doc_no":"QO24070091","request_no":"RF24070053","trx_date":"2024-07-15 00:00:00.","level_no":"1","usergroup":"17A","user_id":"GALUH","supervisor":"M","type":"S","type_module":"PO","text":"Purchase Selection"}  
[2024-07-16 09:33:17] local.INFO: Executed query: [{"query":"select * from [mgr].[cb_cash_request_appr] where ([doc_no] = ? and [entity_cd] = ? and [level_no] = ? and [type] = ? and [module] = ?) and [status] in (?, ?, ?)","bindings":["QO24070091","01","1","S","PO","A","R","C"],"time":19.02}]  
[2024-07-16 09:33:17] local.INFO: First query result: []  
[2024-07-16 09:33:17] local.INFO: Executed query: [{"query":"select * from [mgr].[cb_cash_request_appr] where ([doc_no] = ? and [entity_cd] = ? and [level_no] = ? and [type] = ? and [module] = ?) and [status] in (?, ?, ?)","bindings":["QO24070091","01","1","S","PO","A","R","C"],"time":19.02},{"query":"select * from [mgr].[cb_cash_request_appr] where ([doc_no] = ? and [status] = ? and [entity_cd] = ? and [level_no] = ? and [type] = ? and [module] = ?)","bindings":["QO24070091","P","01","1","S","PO"],"time":4.49}]  
[2024-07-16 09:33:17] local.INFO: Second query result: [{"entity_cd":"01  ","approve_seq":"7149","trx_type":"VS","doc_no":"QO24070091","doc_date":"2024-07-10 00:00:00.000","descs":"Hand pallet 2 ton","ref_no":"RF24070053","staff_id":"GALUH","div_cd":"0100","dept_cd":"17","advance":"","priority":"","creditor":"","mpr":"","pr":"","amount":"3799000.00","percen":".00","request_type":"P1","position_cd":"01","user_id":"JOSEPHINE","level_no":"1","status":"P","approved_date":null,"reason_remarks":null,"module":"PO","audit_user":"GALUH","audit_date":"2024-07-16 09:30:16.067","rowID":"14447","TYPE":"S","approve_date":null,"line_no":null,"req_line_no":null,"sent_mail":"Y","sent_mail_date":"2024-07-16 09:30:33.850","reason":null,"currency_cd":"IDR"}]  
[2024-07-16 09:33:45] local.INFO: Starting database query execution for processData  
[2024-07-16 09:33:45] local.INFO: Decrypted data: {"entity_cd":"01","project_no":"0101","doc_no":"QO24070084","request_no":"RF24070037","trx_date":"2024-07-15 00:00:00.","level_no":"1","usergroup":"17A","user_id":"GALUH","supervisor":"M","type":"S","type_module":"PO","text":"Purchase Selection"}  
[2024-07-16 09:33:45] local.INFO: Executed query: [{"query":"select * from [mgr].[cb_cash_request_appr] where ([doc_no] = ? and [entity_cd] = ? and [level_no] = ? and [type] = ? and [module] = ?) and [status] in (?, ?, ?)","bindings":["QO24070084","01","1","S","PO","A","R","C"],"time":22.6}]  
[2024-07-16 09:33:45] local.INFO: First query result: []  
[2024-07-16 09:33:45] local.INFO: Executed query: [{"query":"select * from [mgr].[cb_cash_request_appr] where ([doc_no] = ? and [entity_cd] = ? and [level_no] = ? and [type] = ? and [module] = ?) and [status] in (?, ?, ?)","bindings":["QO24070084","01","1","S","PO","A","R","C"],"time":22.6},{"query":"select * from [mgr].[cb_cash_request_appr] where ([doc_no] = ? and [status] = ? and [entity_cd] = ? and [level_no] = ? and [type] = ? and [module] = ?)","bindings":["QO24070084","P","01","1","S","PO"],"time":4.28}]  
[2024-07-16 09:33:45] local.INFO: Second query result: [{"entity_cd":"01  ","approve_seq":"7150","trx_type":"VS","doc_no":"QO24070084","doc_date":"2024-07-07 00:00:00.000","descs":"Semen","ref_no":"RF24070037","staff_id":"GALUH","div_cd":"0100","dept_cd":"17","advance":"","priority":"","creditor":"","mpr":"","pr":"","amount":"1500000.00","percen":".00","request_type":"P1","position_cd":"01","user_id":"JOSEPHINE","level_no":"1","status":"P","approved_date":null,"reason_remarks":null,"module":"PO","audit_user":"GALUH","audit_date":"2024-07-16 09:31:37.960","rowID":"14448","TYPE":"S","approve_date":null,"line_no":null,"req_line_no":null,"sent_mail":"Y","sent_mail_date":"2024-07-16 09:31:55.030","reason":null,"currency_cd":"IDR"}]  
[2024-07-16 09:34:07] local.INFO: Starting database query execution for processData  
[2024-07-16 09:34:07] local.INFO: Decrypted data: {"entity_cd":"01","project_no":"0101","doc_no":"QO24070086","request_no":"RF24070058","trx_date":"2024-07-15 00:00:00.","level_no":"1","usergroup":"17A","user_id":"GALUH","supervisor":"M","type":"S","type_module":"PO","text":"Purchase Selection"}  
[2024-07-16 09:34:08] local.INFO: Executed query: [{"query":"select * from [mgr].[cb_cash_request_appr] where ([doc_no] = ? and [entity_cd] = ? and [level_no] = ? and [type] = ? and [module] = ?) and [status] in (?, ?, ?)","bindings":["QO24070086","01","1","S","PO","A","R","C"],"time":16.75}]  
[2024-07-16 09:34:08] local.INFO: First query result: []  
[2024-07-16 09:34:08] local.INFO: Executed query: [{"query":"select * from [mgr].[cb_cash_request_appr] where ([doc_no] = ? and [entity_cd] = ? and [level_no] = ? and [type] = ? and [module] = ?) and [status] in (?, ?, ?)","bindings":["QO24070086","01","1","S","PO","A","R","C"],"time":16.75},{"query":"select * from [mgr].[cb_cash_request_appr] where ([doc_no] = ? and [status] = ? and [entity_cd] = ? and [level_no] = ? and [type] = ? and [module] = ?)","bindings":["QO24070086","P","01","1","S","PO"],"time":4.04}]  
[2024-07-16 09:34:08] local.INFO: Second query result: [{"entity_cd":"01  ","approve_seq":"7137","trx_type":"VS","doc_no":"QO24070086","doc_date":"2024-07-11 00:00:00.000","descs":"Mata gerinda","ref_no":"RF24070058","staff_id":"GALUH","div_cd":"0100","dept_cd":"17","advance":"","priority":"","creditor":"","mpr":"","pr":"","amount":"50000.00","percen":".00","request_type":"P1","position_cd":"01","user_id":"JOSEPHINE","level_no":"1","status":"P","approved_date":null,"reason_remarks":null,"module":"PO","audit_user":"GALUH","audit_date":"2024-07-15 11:29:07.063","rowID":"14409","TYPE":"S","approve_date":null,"line_no":null,"req_line_no":null,"sent_mail":"Y","sent_mail_date":"2024-07-15 11:29:26.050","reason":null,"currency_cd":"IDR"}]  
[2024-07-16 09:54:33] local.INFO: Starting database query execution for processData  
[2024-07-16 09:54:33] local.INFO: Decrypted data: {"entity_cd":"01","project_no":"0101","doc_no":"PO24070077","trx_type":"O1","level_no":"1","usergroup":"17A","user_id":"YOGASWARA","supervisor":"M","email_address":"yoga.swara@kurakurabali.com","type":"A","type_module":"PO","text":"Purchase Order"}  
[2024-07-16 09:54:33] local.INFO: First query result: []  
[2024-07-16 09:54:33] local.INFO: Second query result: [{"entity_cd":"01  ","approve_seq":"7152","trx_type":"O1","doc_no":"PO24070077","doc_date":"2024-07-16 00:00:00.000","descs":"Purchase Order Approval PO24070077","ref_no":"","staff_id":"GALUH","div_cd":"0100","dept_cd":"17","advance":"","priority":"","creditor":"","mpr":"","pr":"","amount":"471000.00","percen":".00","request_type":"O1","position_cd":"01","user_id":"YOGASWARA","level_no":"1","status":"P","approved_date":null,"reason_remarks":null,"module":"PO","audit_user":"GALUH","audit_date":"2024-07-16 09:51:36.890","rowID":"14451","TYPE":"A","approve_date":null,"line_no":null,"req_line_no":null,"sent_mail":"Y","sent_mail_date":"2024-07-16 09:52:01.097","reason":null,"currency_cd":"IDR"}]  
[2024-07-16 09:54:39] local.INFO: Starting database query execution for processData  
[2024-07-16 09:54:39] local.INFO: Decrypted data: {"entity_cd":"01","project_no":"0101","doc_no":"PO24070078","trx_type":"O1","level_no":"1","usergroup":"17A","user_id":"YOGASWARA","supervisor":"M","email_address":"yoga.swara@kurakurabali.com","type":"A","type_module":"PO","text":"Purchase Order"}  
[2024-07-16 09:54:39] local.INFO: First query result: []  
[2024-07-16 09:54:39] local.INFO: Second query result: [{"entity_cd":"01  ","approve_seq":"7153","trx_type":"O1","doc_no":"PO24070078","doc_date":"2024-07-16 00:00:00.000","descs":"Purchase Order Approval PO24070078","ref_no":"","staff_id":"GALUH","div_cd":"0100","dept_cd":"17","advance":"","priority":"","creditor":"","mpr":"","pr":"","amount":"50000.00","percen":".00","request_type":"O1","position_cd":"01","user_id":"YOGASWARA","level_no":"1","status":"P","approved_date":null,"reason_remarks":null,"module":"PO","audit_user":"GALUH","audit_date":"2024-07-16 09:52:26.707","rowID":"14452","TYPE":"A","approve_date":null,"line_no":null,"req_line_no":null,"sent_mail":"Y","sent_mail_date":"2024-07-16 09:52:50.773","reason":null,"currency_cd":"IDR"}]  
[2024-07-16 09:54:45] local.INFO: Starting database query execution for processData  
[2024-07-16 09:54:45] local.INFO: Decrypted data: {"entity_cd":"01","project_no":"0101","doc_no":"PO24070079","trx_type":"O1","level_no":"1","usergroup":"17A","user_id":"YOGASWARA","supervisor":"M","email_address":"yoga.swara@kurakurabali.com","type":"A","type_module":"PO","text":"Purchase Order"}  
[2024-07-16 09:54:45] local.INFO: First query result: []  
[2024-07-16 09:54:45] local.INFO: Second query result: [{"entity_cd":"01  ","approve_seq":"7154","trx_type":"O1","doc_no":"PO24070079","doc_date":"2024-07-16 00:00:00.000","descs":"Purchase Order Approval PO24070079","ref_no":"","staff_id":"GALUH","div_cd":"0100","dept_cd":"17","advance":"","priority":"","creditor":"","mpr":"","pr":"","amount":"1500000.00","percen":".00","request_type":"O1","position_cd":"01","user_id":"YOGASWARA","level_no":"1","status":"P","approved_date":null,"reason_remarks":null,"module":"PO","audit_user":"GALUH","audit_date":"2024-07-16 09:53:10.630","rowID":"14453","TYPE":"A","approve_date":null,"line_no":null,"req_line_no":null,"sent_mail":"Y","sent_mail_date":"2024-07-16 09:53:35.833","reason":null,"currency_cd":"IDR"}]  
[2024-07-16 10:11:05] local.INFO: Starting database query execution for processData  
[2024-07-16 10:11:05] local.INFO: Decrypted data: {"entity_cd":"01","project_no":"0101","doc_no":"PO24070077","trx_type":"O1","level_no":"1","usergroup":"17A","user_id":"YOGASWARA","supervisor":"M","email_address":"yoga.swara@kurakurabali.com","type":"A","type_module":"PO","text":"Purchase Order"}  
[2024-07-16 10:11:05] local.INFO: First query result: [{"entity_cd":"01  ","approve_seq":"7152","trx_type":"O1","doc_no":"PO24070077","doc_date":"2024-07-16 00:00:00.000","descs":"Purchase Order Approval PO24070077","ref_no":"","staff_id":"GALUH","div_cd":"0100","dept_cd":"17","advance":"","priority":"","creditor":"","mpr":"","pr":"","amount":"471000.00","percen":".00","request_type":"O1","position_cd":"01","user_id":"YOGASWARA","level_no":"1","status":"A","approved_date":"2024-07-16 09:54:46.233","reason_remarks":null,"module":"PO","audit_user":"GALUH","audit_date":"2024-07-16 09:51:36.890","rowID":"14451","TYPE":"A","approve_date":null,"line_no":null,"req_line_no":null,"sent_mail":"Y","sent_mail_date":"2024-07-16 09:52:01.097","reason":null,"currency_cd":"IDR"}]  
[2024-07-16 10:11:55] local.INFO: Starting database query execution for processData  
[2024-07-16 10:11:55] local.INFO: Decrypted data: {"entity_cd":"03","project_no":"0301","doc_no":"PO24070009","trx_type":"O1","level_no":"1","usergroup":"17A","user_id":"YOGASWARA","supervisor":"N","email_address":"yoga.swara@kurakurabali.com","type":"A","type_module":"PO","text":"Purchase Order"}  
[2024-07-16 10:11:55] local.INFO: First query result: []  
[2024-07-16 10:11:55] local.INFO: Second query result: [{"entity_cd":"03  ","approve_seq":"7147","trx_type":"O1","doc_no":"PO24070009","doc_date":"2024-07-15 00:00:00.000","descs":"Purchase Order Approval PO24070009","ref_no":"","staff_id":"ARBI","div_cd":"0117","dept_cd":"17","advance":"","priority":"","creditor":"","mpr":"","pr":"","amount":"589000.00","percen":".00","request_type":"O1","position_cd":"01","user_id":"YOGASWARA","level_no":"1","status":"P","approved_date":null,"reason_remarks":null,"module":"PO","audit_user":"ARBI","audit_date":"2024-07-15 17:11:34.710","rowID":"14443","TYPE":"A","approve_date":null,"line_no":null,"req_line_no":null,"sent_mail":"Y","sent_mail_date":"2024-07-15 17:11:51.517","reason":null,"currency_cd":"IDR"}]  
[2024-07-16 10:21:33] local.INFO: Starting database query execution for processData  
[2024-07-16 10:21:33] local.INFO: Decrypted data: {"entity_cd":"01","project_no":"0101","doc_no":"PO24070080","trx_type":"O1","level_no":"1","usergroup":"17A","user_id":"YOGASWARA","supervisor":"M","email_address":"yoga.swara@kurakurabali.com","type":"A","type_module":"PO","text":"Purchase Order"}  
[2024-07-16 10:21:34] local.INFO: First query result: []  
[2024-07-16 10:21:35] local.INFO: Second query result: [{"entity_cd":"01  ","approve_seq":"7156","trx_type":"O1","doc_no":"PO24070080","doc_date":"2024-07-16 00:00:00.000","descs":"Purchase Order Approval PO24070080","ref_no":"","staff_id":"GALUH","div_cd":"0100","dept_cd":"17","advance":"","priority":"","creditor":"","mpr":"","pr":"","amount":"100000250.00","percen":".00","request_type":"O1","position_cd":"01","user_id":"YOGASWARA","level_no":"1","status":"P","approved_date":null,"reason_remarks":null,"module":"PO","audit_user":"GALUH","audit_date":"2024-07-16 10:20:05.150","rowID":"14457","TYPE":"A","approve_date":null,"line_no":null,"req_line_no":null,"sent_mail":"Y","sent_mail_date":"2024-07-16 10:20:22.857","reason":null,"currency_cd":"IDR"}]  
[2024-07-16 10:21:46] local.INFO: Decrypted data: {"entity_cd":"03","project_no":"0301","doc_no":"PR24070007","trx_type":"PR","level_no":"1","usergroup":"17A","user_id":"YOGASWARA","supervisor":"N","email_address":"yoga.swara@kurakurabali.com","type":"U","type_module":"CB","text":"Payment Request"}  
[2024-07-16 10:21:46] local.INFO: First query result: []  
[2024-07-16 10:21:46] local.INFO: Second query result: [{"entity_cd":"03  ","approve_seq":"1055","trx_type":"PR","doc_no":"PR24070007","doc_date":"2024-07-16 00:00:00.000","descs":"Pembelian Kontainer Box 85L ","ref_no":"Bank BCA 7770429549","staff_id":"ARBI","div_cd":"0117","dept_cd":"17","advance":"","priority":"","creditor":"","mpr":"","pr":"","amount":"471000.00","percen":".00","request_type":"A8","position_cd":"01","user_id":"YOGASWARA","level_no":"1","status":"P","approved_date":null,"reason_remarks":null,"module":"CB","audit_user":"ARBI","audit_date":"2024-07-16 10:20:23.300","rowID":"14461","TYPE":"U","approve_date":null,"line_no":null,"req_line_no":null,"sent_mail":"Y","sent_mail_date":"2024-07-16 10:20:39.933","reason":null,"currency_cd":"IDR"}]  
[2024-07-16 10:25:36] local.INFO: Decrypted data: {"entity_cd":"01","project_no":"0101","doc_no":"PR24070055","trx_type":"PR","level_no":"1","usergroup":"17A","user_id":"YOGASWARA","supervisor":"N","email_address":"yoga.swara@kurakurabali.com","type":"U","type_module":"CB","text":"Payment Request"}  
[2024-07-16 10:25:36] local.INFO: First query result: []  
[2024-07-16 10:25:36] local.INFO: Second query result: [{"entity_cd":"01  ","approve_seq":"6743","trx_type":"PR","doc_no":"PR24070055","doc_date":"2024-07-16 00:00:00.000","descs":"Pembelian Container Box 85 Liter","ref_no":"Bank BCA 7770429549","staff_id":"ARBI","div_cd":"0117","dept_cd":"17","advance":"","priority":"","creditor":"","mpr":"","pr":"","amount":"471000.00","percen":".00","request_type":"A8","position_cd":"01","user_id":"YOGASWARA","level_no":"1","status":"P","approved_date":null,"reason_remarks":null,"module":"CB","audit_user":"ARBI","audit_date":"2024-07-16 10:24:06.790","rowID":"14468","TYPE":"U","approve_date":null,"line_no":null,"req_line_no":null,"sent_mail":"Y","sent_mail_date":"2024-07-16 10:24:34.180","reason":null,"currency_cd":"IDR"}]  
[2024-07-16 10:25:39] local.INFO: Decrypted data: {"entity_cd":"01","project_no":"0101","doc_no":"PR24070055","trx_type":"PR","level_no":"1","usergroup":"17A","user_id":"YOGASWARA","supervisor":"N","email_address":"yoga.swara@kurakurabali.com","type":"U","type_module":"CB","text":"Payment Request"}  
[2024-07-16 10:25:39] local.INFO: First query result: []  
[2024-07-16 10:25:39] local.INFO: Second query result: [{"entity_cd":"01  ","approve_seq":"6743","trx_type":"PR","doc_no":"PR24070055","doc_date":"2024-07-16 00:00:00.000","descs":"Pembelian Container Box 85 Liter","ref_no":"Bank BCA 7770429549","staff_id":"ARBI","div_cd":"0117","dept_cd":"17","advance":"","priority":"","creditor":"","mpr":"","pr":"","amount":"471000.00","percen":".00","request_type":"A8","position_cd":"01","user_id":"YOGASWARA","level_no":"1","status":"P","approved_date":null,"reason_remarks":null,"module":"CB","audit_user":"ARBI","audit_date":"2024-07-16 10:24:06.790","rowID":"14468","TYPE":"U","approve_date":null,"line_no":null,"req_line_no":null,"sent_mail":"Y","sent_mail_date":"2024-07-16 10:24:34.180","reason":null,"currency_cd":"IDR"}]  
[2024-07-16 10:31:42] local.INFO: Starting database query execution for processData  
[2024-07-16 10:31:42] local.INFO: Decrypted data: {"entity_cd":"01","project_no":"0101","doc_no":"PO24070076","trx_type":"O1","level_no":"1","usergroup":"17A","user_id":"YOGASWARA","supervisor":"M","email_address":"yoga.swara@kurakurabali.com","type":"A","type_module":"PO","text":"Purchase Order"}  
[2024-07-16 10:31:42] local.INFO: First query result: []  
[2024-07-16 10:31:42] local.INFO: Second query result: [{"entity_cd":"01  ","approve_seq":"7157","trx_type":"O1","doc_no":"PO24070076","doc_date":"2024-07-16 00:00:00.000","descs":"Purchase Order Approval PO24070076","ref_no":"","staff_id":"GALUH","div_cd":"0100","dept_cd":"17","advance":"","priority":"","creditor":"","mpr":"","pr":"","amount":"3799000.00","percen":".00","request_type":"O1","position_cd":"01","user_id":"YOGASWARA","level_no":"1","status":"P","approved_date":null,"reason_remarks":null,"module":"PO","audit_user":"GALUH","audit_date":"2024-07-16 10:26:02.770","rowID":"14471","TYPE":"A","approve_date":null,"line_no":null,"req_line_no":null,"sent_mail":"Y","sent_mail_date":"2024-07-16 10:26:19.143","reason":null,"currency_cd":"IDR"}]  
[2024-07-16 10:47:04] local.INFO: Decrypted data: {"entity_cd":"03","project_no":"0301","doc_no":"PC24070006","trx_type":"PC","level_no":"1","usergroup":"02A","user_id":"RANNY","supervisor":"M","email_address":"ranny.setjiadi@kurakurabali.com","type":"U","type_module":"CB","text":"Payment Request"}  
[2024-07-16 10:47:04] local.INFO: First query result: []  
[2024-07-16 10:47:04] local.INFO: Second query result: [{"entity_cd":"03  ","approve_seq":"1053","trx_type":"PC","doc_no":"PC24070006","doc_date":"2024-07-12 00:00:00.000","descs":"Pembayaran Tagihan PT Colliers International Indonesia Periode Juni 2024","ref_no":"Bank HSBC 001010024001","staff_id":"DIAH","div_cd":"0100","dept_cd":"02","advance":"","priority":"","creditor":"","mpr":"","pr":"","amount":"44955000.00","percen":".00","request_type":"A8","position_cd":"01","user_id":"RANNY","level_no":"1","status":"P","approved_date":null,"reason_remarks":null,"module":"CB","audit_user":"DIAH","audit_date":"2024-07-12 18:24:42.210","rowID":"14389","TYPE":"U","approve_date":null,"line_no":null,"req_line_no":null,"sent_mail":"Y","sent_mail_date":"2024-07-12 18:24:58.697","reason":null,"currency_cd":"IDR"}]  
[2024-07-16 11:02:19] local.INFO: Starting database query execution for processData  
[2024-07-16 11:02:19] local.INFO: Decrypted data: {"entity_cd":"04","project_no":"0401","email_address":"ranny.setjiadi@kurakurabali.com","level_no":"1","doc_no":"RF24070002","usergroup":"02A","user_id":"RANNY","supervisor":"M","type":"Q","type_module":"PO","text":"Purchase Requisition"}  
[2024-07-16 11:02:19] local.INFO: First query result: []  
[2024-07-16 11:02:19] local.INFO: Second query result: [{"entity_cd":"04  ","approve_seq":"7126","trx_type":"R2","doc_no":"RF24070002","doc_date":"2024-07-12 00:00:00.000","descs":"Purchase Requisition Approval RF24070002","ref_no":"","staff_id":"DIAH","div_cd":"0100","dept_cd":"02","advance":"","priority":"","creditor":"","mpr":"","pr":"","amount":"14500000.00","percen":".00","request_type":"P3","position_cd":"01","user_id":"RANNY","level_no":"1","status":"P","approved_date":null,"reason_remarks":null,"module":"PO","audit_user":"DIAH","audit_date":"2024-07-12 18:14:20.520","rowID":"14388","TYPE":"Q","approve_date":null,"line_no":null,"req_line_no":null,"sent_mail":"Y","sent_mail_date":"2024-07-12 18:14:37.257","reason":null,"currency_cd":"IDR"}]  
[2024-07-16 11:19:21] local.INFO: Starting database query execution for processData  
[2024-07-16 11:19:21] local.INFO: Decrypted data: {"entity_cd":"01","project_no":"0101","doc_no":"CA24070002","trx_type":"CA","level_no":"1","email_address":"yohan.pangtoro@kurakurabali.com","usergroup":"01A","user_id":"YOHAN","supervisor":"M","type":"G","type_module":"CB","text":"Cash Advance Settlement"}  
[2024-07-16 11:19:21] local.INFO: First query result: []  
[2024-07-16 11:19:21] local.INFO: Second query result: [{"entity_cd":"01  ","approve_seq":"6736","trx_type":"CA","doc_no":"CA24070002","doc_date":"2024-07-01 00:00:00.000","descs":"Tamu tgl 4\/6\/24 (dekorasi,meal)","ref_no":"-","staff_id":"KRISNA","div_cd":"0100","dept_cd":"19","advance":"","priority":"","creditor":"","mpr":"","pr":"","amount":"2848762.00","percen":".00","request_type":"A1","position_cd":"01","user_id":"YOHAN","level_no":"1","status":"P","approved_date":null,"reason_remarks":null,"module":"CB","audit_user":"YOANIS","audit_date":"2024-07-16 10:19:40.533","rowID":"14456","TYPE":"G","approve_date":null,"line_no":null,"req_line_no":null,"sent_mail":"Y","sent_mail_date":"2024-07-16 10:19:57.853","reason":null,"currency_cd":"IDR"}]  
[2024-07-16 11:20:00] local.INFO: Decrypted data: {"entity_cd":"01","project_no":"0101","doc_no":"PR24070056","trx_type":"PR","level_no":"1","usergroup":"17A","user_id":"YOGASWARA","supervisor":"M","email_address":"yoga.swara@kurakurabali.com","type":"U","type_module":"CB","text":"Payment Request"}  
[2024-07-16 11:20:00] local.INFO: First query result: []  
[2024-07-16 11:20:00] local.INFO: Second query result: [{"entity_cd":"01  ","approve_seq":"6746","trx_type":"PR","doc_no":"PR24070056","doc_date":"2024-07-16 00:00:00.000","descs":"Pembayaran semen gresik","ref_no":"BCA \/ 040 066 2282","staff_id":"GALUH","div_cd":"0100","dept_cd":"17","advance":"","priority":"","creditor":"","mpr":"","pr":"","amount":"1500000.00","percen":".00","request_type":"A8","position_cd":"01","user_id":"YOGASWARA","level_no":"1","status":"P","approved_date":null,"reason_remarks":null,"module":"CB","audit_user":"GALUH","audit_date":"2024-07-16 11:10:33.057","rowID":"14474","TYPE":"U","approve_date":null,"line_no":null,"req_line_no":null,"sent_mail":"Y","sent_mail_date":"2024-07-16 11:10:50.330","reason":null,"currency_cd":"IDR"}]  
[2024-07-16 11:20:55] local.INFO: Starting database query execution for processData  
[2024-07-16 11:20:55] local.INFO: Decrypted data: {"entity_cd":"01","project_no":"0101","doc_no":"PO24070058","trx_type":"O1","level_no":"1","usergroup":"17A","user_id":"YOGASWARA","supervisor":"M","email_address":"yoga.swara@kurakurabali.com","type":"A","type_module":"PO","text":"Purchase Order"}  
[2024-07-16 11:20:55] local.INFO: First query result: []  
[2024-07-16 11:20:55] local.INFO: Second query result: [{"entity_cd":"01  ","approve_seq":"7078","trx_type":"O1","doc_no":"PO24070058","doc_date":"2024-07-09 00:00:00.000","descs":"Purchase Order Approval PO24070058","ref_no":"","staff_id":"GALUH","div_cd":"0100","dept_cd":"17","advance":"","priority":"","creditor":"","mpr":"","pr":"","amount":"1122000.00","percen":".00","request_type":"O1","position_cd":"01","user_id":"YOGASWARA","level_no":"1","status":"P","approved_date":null,"reason_remarks":null,"module":"PO","audit_user":"GALUH","audit_date":"2024-07-09 16:24:18.470","rowID":"14212","TYPE":"A","approve_date":null,"line_no":null,"req_line_no":null,"sent_mail":"Y","sent_mail_date":"2024-07-09 16:24:35.623","reason":null,"currency_cd":"IDR"}]  
[2024-07-16 11:22:30] local.INFO: Starting database query execution for processData  
[2024-07-16 11:22:30] local.INFO: Decrypted data: {"entity_cd":"01","project_no":"0101","doc_no":"CA24070003","trx_type":"CA","level_no":"1","email_address":"yohan.pangtoro@kurakurabali.com","usergroup":"01A","user_id":"YOHAN","supervisor":"M","type":"G","type_module":"CB","text":"Cash Advance Settlement"}  
[2024-07-16 11:22:30] local.INFO: First query result: []  
[2024-07-16 11:22:30] local.INFO: Second query result: [{"entity_cd":"01  ","approve_seq":"6737","trx_type":"CA","doc_no":"CA24070003","doc_date":"2024-07-01 00:00:00.000","descs":"Keperluan VVIP bln juni 24","ref_no":"-","staff_id":"ADITYA","div_cd":"0100","dept_cd":"10","advance":"","priority":"","creditor":"","mpr":"","pr":"","amount":"30146912.00","percen":".00","request_type":"A1","position_cd":"01","user_id":"YOHAN","level_no":"1","status":"P","approved_date":null,"reason_remarks":null,"module":"CB","audit_user":"YOANIS","audit_date":"2024-07-16 10:20:36.387","rowID":"14462","TYPE":"G","approve_date":null,"line_no":null,"req_line_no":null,"sent_mail":"Y","sent_mail_date":"2024-07-16 10:20:53.070","reason":null,"currency_cd":"IDR"}]  
[2024-07-16 11:23:08] local.INFO: Starting database query execution for processData  
[2024-07-16 11:23:08] local.INFO: Decrypted data: {"entity_cd":"01","project_no":"0101","doc_no":"CA24070004","trx_type":"CA","level_no":"1","email_address":"yohan.pangtoro@kurakurabali.com","usergroup":"01A","user_id":"YOHAN","supervisor":"M","type":"G","type_module":"CB","text":"Cash Advance Settlement"}  
[2024-07-16 11:23:08] local.INFO: First query result: []  
[2024-07-16 11:23:08] local.INFO: Second query result: [{"entity_cd":"01  ","approve_seq":"6738","trx_type":"CA","doc_no":"CA24070004","doc_date":"2024-07-09 00:00:00.000","descs":"Estate regulation booklet","ref_no":"-","staff_id":"ERIKA","div_cd":"0100","dept_cd":"10","advance":"","priority":"","creditor":"","mpr":"","pr":"","amount":"481000.00","percen":".00","request_type":"A1","position_cd":"01","user_id":"YOHAN","level_no":"1","status":"P","approved_date":null,"reason_remarks":null,"module":"CB","audit_user":"YOANIS","audit_date":"2024-07-16 10:21:18.163","rowID":"14463","TYPE":"G","approve_date":null,"line_no":null,"req_line_no":null,"sent_mail":"Y","sent_mail_date":"2024-07-16 10:21:34.893","reason":null,"currency_cd":"IDR"}]  
[2024-07-16 11:37:52] local.INFO: Starting database query execution for processData  
[2024-07-16 11:37:52] local.INFO: Decrypted data: {"entity_cd":"01","project_no":"0101","doc_no":"CA24070005","trx_type":"CA","level_no":"1","email_address":"yohan.pangtoro@kurakurabali.com","usergroup":"01A","user_id":"YOHAN","supervisor":"M","type":"G","type_module":"CB","text":"Cash Advance Settlement"}  
[2024-07-16 11:37:52] local.INFO: First query result: []  
[2024-07-16 11:37:52] local.INFO: Second query result: [{"entity_cd":"01  ","approve_seq":"6740","trx_type":"CA","doc_no":"CA24070005","doc_date":"2024-07-09 00:00:00.000","descs":"BBM, parkir, toll kend bln juni 24 (adv I)","ref_no":"-","staff_id":"WIJANA","div_cd":"0100","dept_cd":"10","advance":"","priority":"","creditor":"","mpr":"","pr":"","amount":"9952240.00","percen":".00","request_type":"A1","position_cd":"01","user_id":"YOHAN","level_no":"1","status":"P","approved_date":null,"reason_remarks":null,"module":"CB","audit_user":"YOANIS","audit_date":"2024-07-16 10:22:30.540","rowID":"14465","TYPE":"G","approve_date":null,"line_no":null,"req_line_no":null,"sent_mail":"Y","sent_mail_date":"2024-07-16 10:22:47.123","reason":null,"currency_cd":"IDR"}]  
[2024-07-16 11:39:29] local.ERROR: Undefined variable $folder {"exception":"[object] (ErrorException(code: 0): Undefined variable $folder at /var/www/html/approval_live/app/Http/Controllers/AutoFeedbackController.php:143)
[stacktrace]
#0 /var/www/html/approval_live/app/Http/Controllers/AutoFeedbackController.php(143): Illuminate\\Foundation\\Bootstrap\\HandleExceptions->handleError()
#1 /var/www/html/approval_live/vendor/laravel/framework/src/Illuminate/Routing/Controller.php(54): App\\Http\\Controllers\\AutoFeedbackController->index()
#2 /var/www/html/approval_live/vendor/laravel/framework/src/Illuminate/Routing/ControllerDispatcher.php(45): Illuminate\\Routing\\Controller->callAction()
#3 /var/www/html/approval_live/vendor/laravel/framework/src/Illuminate/Routing/Route.php(262): Illuminate\\Routing\\ControllerDispatcher->dispatch()
#4 /var/www/html/approval_live/vendor/laravel/framework/src/Illuminate/Routing/Route.php(205): Illuminate\\Routing\\Route->runController()
#5 /var/www/html/approval_live/vendor/laravel/framework/src/Illuminate/Routing/Router.php(721): Illuminate\\Routing\\Route->run()
#6 /var/www/html/approval_live/vendor/laravel/framework/src/Illuminate/Pipeline/Pipeline.php(128): Illuminate\\Routing\\Router->Illuminate\\Routing\\{closure}()
#7 /var/www/html/approval_live/vendor/laravel/framework/src/Illuminate/Routing/Middleware/SubstituteBindings.php(50): Illuminate\\Pipeline\\Pipeline->Illuminate\\Pipeline\\{closure}()
#8 /var/www/html/approval_live/vendor/laravel/framework/src/Illuminate/Pipeline/Pipeline.php(167): Illuminate\\Routing\\Middleware\\SubstituteBindings->handle()
#9 /var/www/html/approval_live/vendor/laravel/framework/src/Illuminate/Routing/Middleware/ThrottleRequests.php(127): Illuminate\\Pipeline\\Pipeline->Illuminate\\Pipeline\\{closure}()
#10 /var/www/html/approval_live/vendor/laravel/framework/src/Illuminate/Routing/Middleware/ThrottleRequests.php(103): Illuminate\\Routing\\Middleware\\ThrottleRequests->handleRequest()
#11 /var/www/html/approval_live/vendor/laravel/framework/src/Illuminate/Routing/Middleware/ThrottleRequests.php(55): Illuminate\\Routing\\Middleware\\ThrottleRequests->handleRequestUsingNamedLimiter()
#12 /var/www/html/approval_live/vendor/laravel/framework/src/Illuminate/Pipeline/Pipeline.php(167): Illuminate\\Routing\\Middleware\\ThrottleRequests->handle()
#13 /var/www/html/approval_live/vendor/laravel/framework/src/Illuminate/Pipeline/Pipeline.php(103): Illuminate\\Pipeline\\Pipeline->Illuminate\\Pipeline\\{closure}()
#14 /var/www/html/approval_live/vendor/laravel/framework/src/Illuminate/Routing/Router.php(723): Illuminate\\Pipeline\\Pipeline->then()
#15 /var/www/html/approval_live/vendor/laravel/framework/src/Illuminate/Routing/Router.php(698): Illuminate\\Routing\\Router->runRouteWithinStack()
#16 /var/www/html/approval_live/vendor/laravel/framework/src/Illuminate/Routing/Router.php(662): Illuminate\\Routing\\Router->runRoute()
#17 /var/www/html/approval_live/vendor/laravel/framework/src/Illuminate/Routing/Router.php(651): Illuminate\\Routing\\Router->dispatchToRoute()
#18 /var/www/html/approval_live/vendor/laravel/framework/src/Illuminate/Foundation/Http/Kernel.php(167): Illuminate\\Routing\\Router->dispatch()
#19 /var/www/html/approval_live/vendor/laravel/framework/src/Illuminate/Pipeline/Pipeline.php(128): Illuminate\\Foundation\\Http\\Kernel->Illuminate\\Foundation\\Http\\{closure}()
#20 /var/www/html/approval_live/vendor/laravel/framework/src/Illuminate/Foundation/Http/Middleware/TransformsRequest.php(21): Illuminate\\Pipeline\\Pipeline->Illuminate\\Pipeline\\{closure}()
#21 /var/www/html/approval_live/vendor/laravel/framework/src/Illuminate/Foundation/Http/Middleware/ConvertEmptyStringsToNull.php(31): Illuminate\\Foundation\\Http\\Middleware\\TransformsRequest->handle()
#22 /var/www/html/approval_live/vendor/laravel/framework/src/Illuminate/Pipeline/Pipeline.php(167): Illuminate\\Foundation\\Http\\Middleware\\ConvertEmptyStringsToNull->handle()
#23 /var/www/html/approval_live/vendor/laravel/framework/src/Illuminate/Foundation/Http/Middleware/TransformsRequest.php(21): Illuminate\\Pipeline\\Pipeline->Illuminate\\Pipeline\\{closure}()
#24 /var/www/html/approval_live/vendor/laravel/framework/src/Illuminate/Foundation/Http/Middleware/TrimStrings.php(40): Illuminate\\Foundation\\Http\\Middleware\\TransformsRequest->handle()
#25 /var/www/html/approval_live/vendor/laravel/framework/src/Illuminate/Pipeline/Pipeline.php(167): Illuminate\\Foundation\\Http\\Middleware\\TrimStrings->handle()
#26 /var/www/html/approval_live/vendor/laravel/framework/src/Illuminate/Foundation/Http/Middleware/ValidatePostSize.php(27): Illuminate\\Pipeline\\Pipeline->Illuminate\\Pipeline\\{closure}()
#27 /var/www/html/approval_live/vendor/laravel/framework/src/Illuminate/Pipeline/Pipeline.php(167): Illuminate\\Foundation\\Http\\Middleware\\ValidatePostSize->handle()
#28 /var/www/html/approval_live/vendor/laravel/framework/src/Illuminate/Foundation/Http/Middleware/PreventRequestsDuringMaintenance.php(86): Illuminate\\Pipeline\\Pipeline->Illuminate\\Pipeline\\{closure}()
#29 /var/www/html/approval_live/vendor/laravel/framework/src/Illuminate/Pipeline/Pipeline.php(167): Illuminate\\Foundation\\Http\\Middleware\\PreventRequestsDuringMaintenance->handle()
#30 /var/www/html/approval_live/vendor/fruitcake/laravel-cors/src/HandleCors.php(52): Illuminate\\Pipeline\\Pipeline->Illuminate\\Pipeline\\{closure}()
#31 /var/www/html/approval_live/vendor/laravel/framework/src/Illuminate/Pipeline/Pipeline.php(167): Fruitcake\\Cors\\HandleCors->handle()
#32 /var/www/html/approval_live/vendor/laravel/framework/src/Illuminate/Http/Middleware/TrustProxies.php(39): Illuminate\\Pipeline\\Pipeline->Illuminate\\Pipeline\\{closure}()
#33 /var/www/html/approval_live/vendor/laravel/framework/src/Illuminate/Pipeline/Pipeline.php(167): Illuminate\\Http\\Middleware\\TrustProxies->handle()
#34 /var/www/html/approval_live/vendor/laravel/framework/src/Illuminate/Pipeline/Pipeline.php(103): Illuminate\\Pipeline\\Pipeline->Illuminate\\Pipeline\\{closure}()
#35 /var/www/html/approval_live/vendor/laravel/framework/src/Illuminate/Foundation/Http/Kernel.php(142): Illuminate\\Pipeline\\Pipeline->then()
#36 /var/www/html/approval_live/vendor/laravel/framework/src/Illuminate/Foundation/Http/Kernel.php(111): Illuminate\\Foundation\\Http\\Kernel->sendRequestThroughRouter()
#37 /var/www/html/approval_live/public/index.php(52): Illuminate\\Foundation\\Http\\Kernel->handle()
#38 /var/www/html/approval_live/index.php(21): require_once('...')
#39 {main}
"} 
[2024-07-16 11:47:57] local.INFO: Starting database query execution for processData  
[2024-07-16 11:47:57] local.INFO: Decrypted data: {"entity_cd":"01","project_no":"0101","email_address":"slamet.sumaryadi@kurakurabali.com","level_no":"1","doc_no":"RF24070076","usergroup":"08A","user_id":"SLAMET","supervisor":"N","type":"Q","type_module":"PO","text":"Purchase Requisition"}  
[2024-07-16 11:47:57] local.INFO: First query result: []  
[2024-07-16 11:47:57] local.INFO: Second query result: [{"entity_cd":"01  ","approve_seq":"7151","trx_type":"R8","doc_no":"RF24070076","doc_date":"2024-07-16 00:00:00.000","descs":"Purchase Requisition Approval RF24070076","ref_no":"","staff_id":"NINA-IE","div_cd":"0100","dept_cd":"08","advance":"","priority":"","creditor":"","mpr":"","pr":"","amount":"5600000.00","percen":".00","request_type":"P3","position_cd":"01","user_id":"SLAMET","level_no":"1","status":"P","approved_date":null,"reason_remarks":null,"module":"PO","audit_user":"NINA-IE","audit_date":"2024-07-16 09:45:29.960","rowID":"14450","TYPE":"Q","approve_date":null,"line_no":null,"req_line_no":null,"sent_mail":"Y","sent_mail_date":"2024-07-16 09:45:46.630","reason":null,"currency_cd":"IDR"}]  
[2024-07-16 11:49:49] local.INFO: Starting database query execution for processData  
[2024-07-16 11:49:49] local.INFO: Decrypted data: {"entity_cd":"01","project_no":"0101","doc_no":"CA24070006","trx_type":"CA","level_no":"1","email_address":"yohan.pangtoro@kurakurabali.com","usergroup":"01A","user_id":"YOHAN","supervisor":"M","type":"G","type_module":"CB","text":"Cash Advance Settlement"}  
[2024-07-16 11:49:49] local.INFO: First query result: []  
[2024-07-16 11:49:49] local.INFO: Second query result: [{"entity_cd":"01  ","approve_seq":"6739","trx_type":"CA","doc_no":"CA24070006","doc_date":"2024-07-09 00:00:00.000","descs":"BBM, parkir, toll kend bln juni 24 (adv II)","ref_no":"-","staff_id":"WIJANA","div_cd":"0100","dept_cd":"10","advance":"","priority":"","creditor":"","mpr":"","pr":"","amount":"9807034.00","percen":".00","request_type":"A1","position_cd":"01","user_id":"YOHAN","level_no":"1","status":"P","approved_date":null,"reason_remarks":null,"module":"CB","audit_user":"YOANIS","audit_date":"2024-07-16 10:21:57.363","rowID":"14464","TYPE":"G","approve_date":null,"line_no":null,"req_line_no":null,"sent_mail":"Y","sent_mail_date":"2024-07-16 10:22:14.413","reason":null,"currency_cd":"IDR"}]  
[2024-07-16 11:52:28] local.INFO: Starting database query execution for processData  
[2024-07-16 11:52:28] local.INFO: Decrypted data: {"entity_cd":"01","project_no":"0101","doc_no":"CA24070007","trx_type":"CA","level_no":"1","email_address":"yohan.pangtoro@kurakurabali.com","usergroup":"01A","user_id":"YOHAN","supervisor":"M","type":"G","type_module":"CB","text":"Cash Advance Settlement"}  
[2024-07-16 11:52:28] local.INFO: First query result: []  
[2024-07-16 11:52:28] local.INFO: Second query result: [{"entity_cd":"01  ","approve_seq":"6741","trx_type":"CA","doc_no":"CA24070007","doc_date":"2024-07-04 00:00:00.000","descs":"BBM bln juni 24","ref_no":"-","staff_id":"DESMAN","div_cd":"0100","dept_cd":"16","advance":"","priority":"","creditor":"","mpr":"","pr":"","amount":"2385000.00","percen":".00","request_type":"A1","position_cd":"01","user_id":"YOHAN","level_no":"1","status":"P","approved_date":null,"reason_remarks":null,"module":"CB","audit_user":"YOANIS","audit_date":"2024-07-16 10:23:15.293","rowID":"14466","TYPE":"G","approve_date":null,"line_no":null,"req_line_no":null,"sent_mail":"Y","sent_mail_date":"2024-07-16 10:23:31.737","reason":null,"currency_cd":"IDR"}]  
[2024-07-16 11:54:49] local.INFO: Starting database query execution for processData  
[2024-07-16 11:54:49] local.INFO: Decrypted data: {"entity_cd":"01","project_no":"0101","doc_no":"CA24070008","trx_type":"CA","level_no":"1","email_address":"yohan.pangtoro@kurakurabali.com","usergroup":"01A","user_id":"YOHAN","supervisor":"M","type":"G","type_module":"CB","text":"Cash Advance Settlement"}  
[2024-07-16 11:54:49] local.INFO: First query result: []  
[2024-07-16 11:54:49] local.INFO: Second query result: [{"entity_cd":"01  ","approve_seq":"6742","trx_type":"CA","doc_no":"CA24070008","doc_date":"2024-07-08 00:00:00.000","descs":"Event debeat music concert tgl 7\/7\/24 (turning piano,es buah,felt floor protector)","ref_no":"-","staff_id":"CHINTA","div_cd":"0100","dept_cd":"19","advance":"","priority":"","creditor":"","mpr":"","pr":"","amount":"608000.00","percen":".00","request_type":"A1","position_cd":"01","user_id":"YOHAN","level_no":"1","status":"P","approved_date":null,"reason_remarks":null,"module":"CB","audit_user":"YOANIS","audit_date":"2024-07-16 10:23:52.907","rowID":"14467","TYPE":"G","approve_date":null,"line_no":null,"req_line_no":null,"sent_mail":"Y","sent_mail_date":"2024-07-16 10:24:09.613","reason":null,"currency_cd":"IDR"}]  
[2024-07-16 11:56:55] local.INFO: Starting database query execution for processData  
[2024-07-16 11:56:55] local.INFO: Decrypted data: {"entity_cd":"01","project_no":"0101","doc_no":"CA24070009","trx_type":"CA","level_no":"1","email_address":"yohan.pangtoro@kurakurabali.com","usergroup":"01A","user_id":"YOHAN","supervisor":"M","type":"G","type_module":"CB","text":"Cash Advance Settlement"}  
[2024-07-16 11:56:55] local.INFO: First query result: []  
[2024-07-16 11:56:55] local.INFO: Second query result: [{"entity_cd":"01  ","approve_seq":"6744","trx_type":"CA","doc_no":"CA24070009","doc_date":"2024-07-04 00:00:00.000","descs":"Pmbln pantry bln juni 24","ref_no":"-","staff_id":"RATIH","div_cd":"0117","dept_cd":"17","advance":"","priority":"","creditor":"","mpr":"","pr":"","amount":"8765300.00","percen":".00","request_type":"A1","position_cd":"01","user_id":"YOHAN","level_no":"1","status":"P","approved_date":null,"reason_remarks":null,"module":"CB","audit_user":"YOANIS","audit_date":"2024-07-16 10:24:45.943","rowID":"14470","TYPE":"G","approve_date":null,"line_no":null,"req_line_no":null,"sent_mail":"Y","sent_mail_date":"2024-07-16 10:25:02.390","reason":null,"currency_cd":"IDR"}]  
[2024-07-16 11:58:23] local.INFO: Starting database query execution for processData  
[2024-07-16 11:58:23] local.INFO: Decrypted data: {"entity_cd":"01","project_no":"0101","doc_no":"CA24070010","trx_type":"CA","level_no":"1","email_address":"yohan.pangtoro@kurakurabali.com","usergroup":"01A","user_id":"YOHAN","supervisor":"M","type":"G","type_module":"CB","text":"Cash Advance Settlement"}  
[2024-07-16 11:58:23] local.INFO: First query result: []  
[2024-07-16 11:58:23] local.INFO: Second query result: [{"entity_cd":"01  ","approve_seq":"6745","trx_type":"CA","doc_no":"CA24070010","doc_date":"2024-07-12 00:00:00.000","descs":"PDAM dan PLN post melasti bln juni 24","ref_no":"-","staff_id":"WIJANA","div_cd":"0100","dept_cd":"10","advance":"","priority":"","creditor":"","mpr":"","pr":"","amount":"138977341.00","percen":".00","request_type":"A1","position_cd":"01","user_id":"YOHAN","level_no":"1","status":"P","approved_date":null,"reason_remarks":null,"module":"CB","audit_user":"YOANIS","audit_date":"2024-07-16 10:40:25.820","rowID":"14473","TYPE":"G","approve_date":null,"line_no":null,"req_line_no":null,"sent_mail":"Y","sent_mail_date":"2024-07-16 10:40:43.067","reason":null,"currency_cd":"IDR"}]  
[2024-07-16 11:59:55] local.INFO: Starting database query execution for processData  
[2024-07-16 11:59:55] local.INFO: Decrypted data: {"entity_cd":"03","project_no":"0301","doc_no":"CA24070001","trx_type":"CA","level_no":"1","email_address":"yohan.pangtoro@kurakurabali.com","usergroup":"01A","user_id":"YOHAN","supervisor":"M","type":"G","type_module":"CB","text":"Cash Advance Settlement"}  
[2024-07-16 11:59:56] local.INFO: First query result: []  
[2024-07-16 11:59:56] local.INFO: Second query result: [{"entity_cd":"03  ","approve_seq":"1056","trx_type":"CA","doc_no":"CA24070001","doc_date":"2024-07-01 00:00:00.000","descs":"Snack dan lunch box tgl 3-5\/6\/24 acara training people development (training HVAC, training project management dan training vendor management)","ref_no":"-","staff_id":"RIA","div_cd":"0100","dept_cd":"17","advance":"","priority":"","creditor":"","mpr":"","pr":"","amount":"2997500.00","percen":".00","request_type":"A1","position_cd":"01","user_id":"YOHAN","level_no":"1","status":"P","approved_date":null,"reason_remarks":null,"module":"CB","audit_user":"YOANIS","audit_date":"2024-07-16 10:26:24.737","rowID":"14472","TYPE":"G","approve_date":null,"line_no":null,"req_line_no":null,"sent_mail":"Y","sent_mail_date":"2024-07-16 10:26:41.280","reason":null,"currency_cd":"IDR"}]  
[2024-07-16 12:09:29] local.ERROR: Undefined variable $folder {"exception":"[object] (ErrorException(code: 0): Undefined variable $folder at /var/www/html/approval_live/app/Http/Controllers/AutoFeedbackController.php:143)
[stacktrace]
#0 /var/www/html/approval_live/app/Http/Controllers/AutoFeedbackController.php(143): Illuminate\\Foundation\\Bootstrap\\HandleExceptions->handleError()
#1 /var/www/html/approval_live/vendor/laravel/framework/src/Illuminate/Routing/Controller.php(54): App\\Http\\Controllers\\AutoFeedbackController->index()
#2 /var/www/html/approval_live/vendor/laravel/framework/src/Illuminate/Routing/ControllerDispatcher.php(45): Illuminate\\Routing\\Controller->callAction()
#3 /var/www/html/approval_live/vendor/laravel/framework/src/Illuminate/Routing/Route.php(262): Illuminate\\Routing\\ControllerDispatcher->dispatch()
#4 /var/www/html/approval_live/vendor/laravel/framework/src/Illuminate/Routing/Route.php(205): Illuminate\\Routing\\Route->runController()
#5 /var/www/html/approval_live/vendor/laravel/framework/src/Illuminate/Routing/Router.php(721): Illuminate\\Routing\\Route->run()
#6 /var/www/html/approval_live/vendor/laravel/framework/src/Illuminate/Pipeline/Pipeline.php(128): Illuminate\\Routing\\Router->Illuminate\\Routing\\{closure}()
#7 /var/www/html/approval_live/vendor/laravel/framework/src/Illuminate/Routing/Middleware/SubstituteBindings.php(50): Illuminate\\Pipeline\\Pipeline->Illuminate\\Pipeline\\{closure}()
#8 /var/www/html/approval_live/vendor/laravel/framework/src/Illuminate/Pipeline/Pipeline.php(167): Illuminate\\Routing\\Middleware\\SubstituteBindings->handle()
#9 /var/www/html/approval_live/vendor/laravel/framework/src/Illuminate/Routing/Middleware/ThrottleRequests.php(127): Illuminate\\Pipeline\\Pipeline->Illuminate\\Pipeline\\{closure}()
#10 /var/www/html/approval_live/vendor/laravel/framework/src/Illuminate/Routing/Middleware/ThrottleRequests.php(103): Illuminate\\Routing\\Middleware\\ThrottleRequests->handleRequest()
#11 /var/www/html/approval_live/vendor/laravel/framework/src/Illuminate/Routing/Middleware/ThrottleRequests.php(55): Illuminate\\Routing\\Middleware\\ThrottleRequests->handleRequestUsingNamedLimiter()
#12 /var/www/html/approval_live/vendor/laravel/framework/src/Illuminate/Pipeline/Pipeline.php(167): Illuminate\\Routing\\Middleware\\ThrottleRequests->handle()
#13 /var/www/html/approval_live/vendor/laravel/framework/src/Illuminate/Pipeline/Pipeline.php(103): Illuminate\\Pipeline\\Pipeline->Illuminate\\Pipeline\\{closure}()
#14 /var/www/html/approval_live/vendor/laravel/framework/src/Illuminate/Routing/Router.php(723): Illuminate\\Pipeline\\Pipeline->then()
#15 /var/www/html/approval_live/vendor/laravel/framework/src/Illuminate/Routing/Router.php(698): Illuminate\\Routing\\Router->runRouteWithinStack()
#16 /var/www/html/approval_live/vendor/laravel/framework/src/Illuminate/Routing/Router.php(662): Illuminate\\Routing\\Router->runRoute()
#17 /var/www/html/approval_live/vendor/laravel/framework/src/Illuminate/Routing/Router.php(651): Illuminate\\Routing\\Router->dispatchToRoute()
#18 /var/www/html/approval_live/vendor/laravel/framework/src/Illuminate/Foundation/Http/Kernel.php(167): Illuminate\\Routing\\Router->dispatch()
#19 /var/www/html/approval_live/vendor/laravel/framework/src/Illuminate/Pipeline/Pipeline.php(128): Illuminate\\Foundation\\Http\\Kernel->Illuminate\\Foundation\\Http\\{closure}()
#20 /var/www/html/approval_live/vendor/laravel/framework/src/Illuminate/Foundation/Http/Middleware/TransformsRequest.php(21): Illuminate\\Pipeline\\Pipeline->Illuminate\\Pipeline\\{closure}()
#21 /var/www/html/approval_live/vendor/laravel/framework/src/Illuminate/Foundation/Http/Middleware/ConvertEmptyStringsToNull.php(31): Illuminate\\Foundation\\Http\\Middleware\\TransformsRequest->handle()
#22 /var/www/html/approval_live/vendor/laravel/framework/src/Illuminate/Pipeline/Pipeline.php(167): Illuminate\\Foundation\\Http\\Middleware\\ConvertEmptyStringsToNull->handle()
#23 /var/www/html/approval_live/vendor/laravel/framework/src/Illuminate/Foundation/Http/Middleware/TransformsRequest.php(21): Illuminate\\Pipeline\\Pipeline->Illuminate\\Pipeline\\{closure}()
#24 /var/www/html/approval_live/vendor/laravel/framework/src/Illuminate/Foundation/Http/Middleware/TrimStrings.php(40): Illuminate\\Foundation\\Http\\Middleware\\TransformsRequest->handle()
#25 /var/www/html/approval_live/vendor/laravel/framework/src/Illuminate/Pipeline/Pipeline.php(167): Illuminate\\Foundation\\Http\\Middleware\\TrimStrings->handle()
#26 /var/www/html/approval_live/vendor/laravel/framework/src/Illuminate/Foundation/Http/Middleware/ValidatePostSize.php(27): Illuminate\\Pipeline\\Pipeline->Illuminate\\Pipeline\\{closure}()
#27 /var/www/html/approval_live/vendor/laravel/framework/src/Illuminate/Pipeline/Pipeline.php(167): Illuminate\\Foundation\\Http\\Middleware\\ValidatePostSize->handle()
#28 /var/www/html/approval_live/vendor/laravel/framework/src/Illuminate/Foundation/Http/Middleware/PreventRequestsDuringMaintenance.php(86): Illuminate\\Pipeline\\Pipeline->Illuminate\\Pipeline\\{closure}()
#29 /var/www/html/approval_live/vendor/laravel/framework/src/Illuminate/Pipeline/Pipeline.php(167): Illuminate\\Foundation\\Http\\Middleware\\PreventRequestsDuringMaintenance->handle()
#30 /var/www/html/approval_live/vendor/fruitcake/laravel-cors/src/HandleCors.php(52): Illuminate\\Pipeline\\Pipeline->Illuminate\\Pipeline\\{closure}()
#31 /var/www/html/approval_live/vendor/laravel/framework/src/Illuminate/Pipeline/Pipeline.php(167): Fruitcake\\Cors\\HandleCors->handle()
#32 /var/www/html/approval_live/vendor/laravel/framework/src/Illuminate/Http/Middleware/TrustProxies.php(39): Illuminate\\Pipeline\\Pipeline->Illuminate\\Pipeline\\{closure}()
#33 /var/www/html/approval_live/vendor/laravel/framework/src/Illuminate/Pipeline/Pipeline.php(167): Illuminate\\Http\\Middleware\\TrustProxies->handle()
#34 /var/www/html/approval_live/vendor/laravel/framework/src/Illuminate/Pipeline/Pipeline.php(103): Illuminate\\Pipeline\\Pipeline->Illuminate\\Pipeline\\{closure}()
#35 /var/www/html/approval_live/vendor/laravel/framework/src/Illuminate/Foundation/Http/Kernel.php(142): Illuminate\\Pipeline\\Pipeline->then()
#36 /var/www/html/approval_live/vendor/laravel/framework/src/Illuminate/Foundation/Http/Kernel.php(111): Illuminate\\Foundation\\Http\\Kernel->sendRequestThroughRouter()
#37 /var/www/html/approval_live/public/index.php(52): Illuminate\\Foundation\\Http\\Kernel->handle()
#38 /var/www/html/approval_live/index.php(21): require_once('...')
#39 {main}
"} 
[2024-07-16 12:39:29] local.ERROR: Undefined variable $folder {"exception":"[object] (ErrorException(code: 0): Undefined variable $folder at /var/www/html/approval_live/app/Http/Controllers/AutoFeedbackController.php:143)
[stacktrace]
#0 /var/www/html/approval_live/app/Http/Controllers/AutoFeedbackController.php(143): Illuminate\\Foundation\\Bootstrap\\HandleExceptions->handleError()
#1 /var/www/html/approval_live/vendor/laravel/framework/src/Illuminate/Routing/Controller.php(54): App\\Http\\Controllers\\AutoFeedbackController->index()
#2 /var/www/html/approval_live/vendor/laravel/framework/src/Illuminate/Routing/ControllerDispatcher.php(45): Illuminate\\Routing\\Controller->callAction()
#3 /var/www/html/approval_live/vendor/laravel/framework/src/Illuminate/Routing/Route.php(262): Illuminate\\Routing\\ControllerDispatcher->dispatch()
#4 /var/www/html/approval_live/vendor/laravel/framework/src/Illuminate/Routing/Route.php(205): Illuminate\\Routing\\Route->runController()
#5 /var/www/html/approval_live/vendor/laravel/framework/src/Illuminate/Routing/Router.php(721): Illuminate\\Routing\\Route->run()
#6 /var/www/html/approval_live/vendor/laravel/framework/src/Illuminate/Pipeline/Pipeline.php(128): Illuminate\\Routing\\Router->Illuminate\\Routing\\{closure}()
#7 /var/www/html/approval_live/vendor/laravel/framework/src/Illuminate/Routing/Middleware/SubstituteBindings.php(50): Illuminate\\Pipeline\\Pipeline->Illuminate\\Pipeline\\{closure}()
#8 /var/www/html/approval_live/vendor/laravel/framework/src/Illuminate/Pipeline/Pipeline.php(167): Illuminate\\Routing\\Middleware\\SubstituteBindings->handle()
#9 /var/www/html/approval_live/vendor/laravel/framework/src/Illuminate/Routing/Middleware/ThrottleRequests.php(127): Illuminate\\Pipeline\\Pipeline->Illuminate\\Pipeline\\{closure}()
#10 /var/www/html/approval_live/vendor/laravel/framework/src/Illuminate/Routing/Middleware/ThrottleRequests.php(103): Illuminate\\Routing\\Middleware\\ThrottleRequests->handleRequest()
#11 /var/www/html/approval_live/vendor/laravel/framework/src/Illuminate/Routing/Middleware/ThrottleRequests.php(55): Illuminate\\Routing\\Middleware\\ThrottleRequests->handleRequestUsingNamedLimiter()
#12 /var/www/html/approval_live/vendor/laravel/framework/src/Illuminate/Pipeline/Pipeline.php(167): Illuminate\\Routing\\Middleware\\ThrottleRequests->handle()
#13 /var/www/html/approval_live/vendor/laravel/framework/src/Illuminate/Pipeline/Pipeline.php(103): Illuminate\\Pipeline\\Pipeline->Illuminate\\Pipeline\\{closure}()
#14 /var/www/html/approval_live/vendor/laravel/framework/src/Illuminate/Routing/Router.php(723): Illuminate\\Pipeline\\Pipeline->then()
#15 /var/www/html/approval_live/vendor/laravel/framework/src/Illuminate/Routing/Router.php(698): Illuminate\\Routing\\Router->runRouteWithinStack()
#16 /var/www/html/approval_live/vendor/laravel/framework/src/Illuminate/Routing/Router.php(662): Illuminate\\Routing\\Router->runRoute()
#17 /var/www/html/approval_live/vendor/laravel/framework/src/Illuminate/Routing/Router.php(651): Illuminate\\Routing\\Router->dispatchToRoute()
#18 /var/www/html/approval_live/vendor/laravel/framework/src/Illuminate/Foundation/Http/Kernel.php(167): Illuminate\\Routing\\Router->dispatch()
#19 /var/www/html/approval_live/vendor/laravel/framework/src/Illuminate/Pipeline/Pipeline.php(128): Illuminate\\Foundation\\Http\\Kernel->Illuminate\\Foundation\\Http\\{closure}()
#20 /var/www/html/approval_live/vendor/laravel/framework/src/Illuminate/Foundation/Http/Middleware/TransformsRequest.php(21): Illuminate\\Pipeline\\Pipeline->Illuminate\\Pipeline\\{closure}()
#21 /var/www/html/approval_live/vendor/laravel/framework/src/Illuminate/Foundation/Http/Middleware/ConvertEmptyStringsToNull.php(31): Illuminate\\Foundation\\Http\\Middleware\\TransformsRequest->handle()
#22 /var/www/html/approval_live/vendor/laravel/framework/src/Illuminate/Pipeline/Pipeline.php(167): Illuminate\\Foundation\\Http\\Middleware\\ConvertEmptyStringsToNull->handle()
#23 /var/www/html/approval_live/vendor/laravel/framework/src/Illuminate/Foundation/Http/Middleware/TransformsRequest.php(21): Illuminate\\Pipeline\\Pipeline->Illuminate\\Pipeline\\{closure}()
#24 /var/www/html/approval_live/vendor/laravel/framework/src/Illuminate/Foundation/Http/Middleware/TrimStrings.php(40): Illuminate\\Foundation\\Http\\Middleware\\TransformsRequest->handle()
#25 /var/www/html/approval_live/vendor/laravel/framework/src/Illuminate/Pipeline/Pipeline.php(167): Illuminate\\Foundation\\Http\\Middleware\\TrimStrings->handle()
#26 /var/www/html/approval_live/vendor/laravel/framework/src/Illuminate/Foundation/Http/Middleware/ValidatePostSize.php(27): Illuminate\\Pipeline\\Pipeline->Illuminate\\Pipeline\\{closure}()
#27 /var/www/html/approval_live/vendor/laravel/framework/src/Illuminate/Pipeline/Pipeline.php(167): Illuminate\\Foundation\\Http\\Middleware\\ValidatePostSize->handle()
#28 /var/www/html/approval_live/vendor/laravel/framework/src/Illuminate/Foundation/Http/Middleware/PreventRequestsDuringMaintenance.php(86): Illuminate\\Pipeline\\Pipeline->Illuminate\\Pipeline\\{closure}()
#29 /var/www/html/approval_live/vendor/laravel/framework/src/Illuminate/Pipeline/Pipeline.php(167): Illuminate\\Foundation\\Http\\Middleware\\PreventRequestsDuringMaintenance->handle()
#30 /var/www/html/approval_live/vendor/fruitcake/laravel-cors/src/HandleCors.php(52): Illuminate\\Pipeline\\Pipeline->Illuminate\\Pipeline\\{closure}()
#31 /var/www/html/approval_live/vendor/laravel/framework/src/Illuminate/Pipeline/Pipeline.php(167): Fruitcake\\Cors\\HandleCors->handle()
#32 /var/www/html/approval_live/vendor/laravel/framework/src/Illuminate/Http/Middleware/TrustProxies.php(39): Illuminate\\Pipeline\\Pipeline->Illuminate\\Pipeline\\{closure}()
#33 /var/www/html/approval_live/vendor/laravel/framework/src/Illuminate/Pipeline/Pipeline.php(167): Illuminate\\Http\\Middleware\\TrustProxies->handle()
#34 /var/www/html/approval_live/vendor/laravel/framework/src/Illuminate/Pipeline/Pipeline.php(103): Illuminate\\Pipeline\\Pipeline->Illuminate\\Pipeline\\{closure}()
#35 /var/www/html/approval_live/vendor/laravel/framework/src/Illuminate/Foundation/Http/Kernel.php(142): Illuminate\\Pipeline\\Pipeline->then()
#36 /var/www/html/approval_live/vendor/laravel/framework/src/Illuminate/Foundation/Http/Kernel.php(111): Illuminate\\Foundation\\Http\\Kernel->sendRequestThroughRouter()
#37 /var/www/html/approval_live/public/index.php(52): Illuminate\\Foundation\\Http\\Kernel->handle()
#38 /var/www/html/approval_live/index.php(21): require_once('...')
#39 {main}
"} 
[2024-07-16 13:00:55] local.INFO: Starting database query execution for processData  
[2024-07-16 13:00:55] local.INFO: Decrypted data: {"entity_cd":"01","project_no":"0101","doc_no":"PO24070080","trx_type":"O1","level_no":"2","usergroup":"17A","user_id":"AARON","supervisor":"M","email_address":"aaron.tham@kurakurabali.com","type":"A","type_module":"PO","text":"Purchase Order"}  
[2024-07-16 13:00:55] local.INFO: First query result: []  
[2024-07-16 13:00:55] local.INFO: Second query result: [{"entity_cd":"01  ","approve_seq":"7156","trx_type":"O1","doc_no":"PO24070080","doc_date":"2024-07-16 00:00:00.000","descs":"Purchase Order Approval PO24070080","ref_no":"","staff_id":"GALUH","div_cd":"0100","dept_cd":"17","advance":"","priority":"","creditor":"","mpr":"","pr":"","amount":"100000250.00","percen":".00","request_type":"O1","position_cd":"02","user_id":"AARON","level_no":"2","status":"P","approved_date":null,"reason_remarks":null,"module":"PO","audit_user":"GALUH","audit_date":"2024-07-16 10:20:05.150","rowID":"14458","TYPE":"A","approve_date":null,"line_no":null,"req_line_no":null,"sent_mail":"Y","sent_mail_date":"2024-07-16 10:21:39.293","reason":null,"currency_cd":"IDR"}]  
[2024-07-16 13:01:01] local.INFO: Starting database query execution for processData  
[2024-07-16 13:01:01] local.INFO: Decrypted data: {"entity_cd":"01","project_no":"0101","doc_no":"PO24070080","trx_type":"O1","level_no":"2","usergroup":"17A","user_id":"AARON","supervisor":"M","email_address":"aaron.tham@kurakurabali.com","type":"A","type_module":"PO","text":"Purchase Order"}  
[2024-07-16 13:01:01] local.INFO: First query result: []  
[2024-07-16 13:01:01] local.INFO: Second query result: [{"entity_cd":"01  ","approve_seq":"7156","trx_type":"O1","doc_no":"PO24070080","doc_date":"2024-07-16 00:00:00.000","descs":"Purchase Order Approval PO24070080","ref_no":"","staff_id":"GALUH","div_cd":"0100","dept_cd":"17","advance":"","priority":"","creditor":"","mpr":"","pr":"","amount":"100000250.00","percen":".00","request_type":"O1","position_cd":"02","user_id":"AARON","level_no":"2","status":"P","approved_date":null,"reason_remarks":null,"module":"PO","audit_user":"GALUH","audit_date":"2024-07-16 10:20:05.150","rowID":"14458","TYPE":"A","approve_date":null,"line_no":null,"req_line_no":null,"sent_mail":"Y","sent_mail_date":"2024-07-16 10:21:39.293","reason":null,"currency_cd":"IDR"}]  
[2024-07-16 13:01:37] local.INFO: Starting database query execution for processData  
[2024-07-16 13:01:37] local.INFO: Decrypted data: {"entity_cd":"01","project_no":"0101","email_address":"aaron.tham@kurakurabali.com","level_no":"1","doc_no":"RF24070077","usergroup":"13A","user_id":"AARON","supervisor":"M","type":"Q","type_module":"PO","text":"Purchase Requisition"}  
[2024-07-16 13:01:37] local.INFO: First query result: []  
[2024-07-16 13:01:37] local.INFO: Second query result: [{"entity_cd":"01  ","approve_seq":"7155","trx_type":"R13","doc_no":"RF24070077","doc_date":"2024-07-16 00:00:00.000","descs":"Purchase Requisition Approval RF24070077","ref_no":"","staff_id":"PETER","div_cd":"0100","dept_cd":"13","advance":"","priority":"","creditor":"","mpr":"","pr":"","amount":"6000000.00","percen":".00","request_type":"P3","position_cd":"01","user_id":"AARON","level_no":"1","status":"P","approved_date":null,"reason_remarks":null,"module":"PO","audit_user":"PETER","audit_date":"2024-07-16 10:02:23.940","rowID":"14454","TYPE":"Q","approve_date":null,"line_no":null,"req_line_no":null,"sent_mail":"Y","sent_mail_date":"2024-07-16 10:02:41.697","reason":null,"currency_cd":"IDR"}]  
[2024-07-16 13:34:43] local.INFO: Decrypted data: {"entity_cd":"01","project_no":"0101","doc_no":"PK24070076","trx_type":"PK","level_no":"2","usergroup":"07B","user_id":"AARON","supervisor":"M","email_address":"aaron.tham@kurakurabali.com","type":"U","type_module":"CB","text":"Payment Request"}  
[2024-07-16 13:34:43] local.INFO: First query result: []  
[2024-07-16 13:34:43] local.INFO: Second query result: [{"entity_cd":"01  ","approve_seq":"6732","trx_type":"PK","doc_no":"PK24070076","doc_date":"2024-07-15 00:00:00.000","descs":"Pembayaran invoice BTID nomor : 07\/24-034\r\nTiket : NKH, FY, dan VO\r\n","ref_no":"BCA VA\r\n10396396325","staff_id":"KOMANG","div_cd":"0100","dept_cd":"10","advance":"","priority":"","creditor":"","mpr":"","pr":"","amount":"115160000.00","percen":".00","request_type":"A8","position_cd":"02","user_id":"AARON","level_no":"2","status":"P","approved_date":null,"reason_remarks":null,"module":"CB","audit_user":"KOMANG","audit_date":"2024-07-15 16:38:01.687","rowID":"14439","TYPE":"U","approve_date":null,"line_no":null,"req_line_no":null,"sent_mail":"Y","sent_mail_date":"2024-07-15 17:52:36.727","reason":null,"currency_cd":"IDR"}]  
[2024-07-16 13:35:18] local.INFO: Decrypted data: {"entity_cd":"01","project_no":"0101","doc_no":"PK24070075","trx_type":"PK","level_no":"2","usergroup":"07B","user_id":"AARON","supervisor":"M","email_address":"aaron.tham@kurakurabali.com","type":"U","type_module":"CB","text":"Payment Request"}  
[2024-07-16 13:35:18] local.INFO: First query result: []  
[2024-07-16 13:35:18] local.INFO: Second query result: [{"entity_cd":"01  ","approve_seq":"6731","trx_type":"PK","doc_no":"PK24070075","doc_date":"2024-07-15 00:00:00.000","descs":"Tiket Denpasar-London return an Bp Andrew Potts dan Keluarga tanggal 22 Juni - 30 Juli 2024 keperluan Business Trip - T.","ref_no":"CIMB Niaga\r\n704435360200","staff_id":"KOMANG","div_cd":"0100","dept_cd":"10","advance":"","priority":"","creditor":"","mpr":"","pr":"","amount":"279348800.00","percen":".00","request_type":"A8","position_cd":"02","user_id":"AARON","level_no":"2","status":"P","approved_date":null,"reason_remarks":null,"module":"CB","audit_user":"KOMANG","audit_date":"2024-07-15 16:28:01.247","rowID":"14436","TYPE":"U","approve_date":null,"line_no":null,"req_line_no":null,"sent_mail":"Y","sent_mail_date":"2024-07-15 17:53:21.240","reason":null,"currency_cd":"IDR"}]  
[2024-07-16 15:13:48] local.INFO: Starting database query execution for processData  
[2024-07-16 15:13:48] local.INFO: Decrypted data: {"entity_cd":"01","project_no":"0101","email_address":"Zefri@kurakurabali.com","level_no":"1","doc_no":"RF24070079","usergroup":"05A","user_id":"ZEFRI","supervisor":"N","type":"Q","type_module":"PO","text":"Purchase Requisition"}  
[2024-07-16 15:13:48] local.INFO: First query result: []  
[2024-07-16 15:13:48] local.INFO: Second query result: [{"entity_cd":"01  ","approve_seq":"7158","trx_type":"R5","doc_no":"RF24070079","doc_date":"2024-07-16 00:00:00.000","descs":"Purchase Requisition Approval RF24070079","ref_no":"","staff_id":"CHANSYA","div_cd":"0100","dept_cd":"05","advance":"","priority":"","creditor":"","mpr":"","pr":"","amount":"1049500.00","percen":".00","request_type":"P3","position_cd":"01","user_id":"ZEFRI","level_no":"1","status":"P","approved_date":null,"reason_remarks":null,"module":"PO","audit_user":"CHANSYA","audit_date":"2024-07-16 14:59:02.437","rowID":"14478","TYPE":"Q","approve_date":null,"line_no":null,"req_line_no":null,"sent_mail":"Y","sent_mail_date":"2024-07-16 14:59:19.540","reason":null,"currency_cd":"IDR"}]  
[2024-07-16 15:25:30] local.INFO: Decrypted data: {"entity_cd":"03","project_no":"0301","doc_no":"PC24070007","trx_type":"PC","level_no":"1","usergroup":"02A","user_id":"RANNY","supervisor":"M","email_address":"ranny.setjiadi@kurakurabali.com","type":"U","type_module":"CB","text":"Payment Request"}  
[2024-07-16 15:25:30] local.INFO: First query result: []  
[2024-07-16 15:25:30] local.INFO: Second query result: [{"entity_cd":"03  ","approve_seq":"1058","trx_type":"PC","doc_no":"PC24070007","doc_date":"2024-07-16 00:00:00.000","descs":"Biaya Tagihan Schindler Periode Juni 2024","ref_no":"Standard Chartered Bank 811112870516","staff_id":"DIAH","div_cd":"0100","dept_cd":"02","advance":"","priority":"","creditor":"","mpr":"","pr":"","amount":"3237499.00","percen":".00","request_type":"A8","position_cd":"01","user_id":"RANNY","level_no":"1","status":"P","approved_date":null,"reason_remarks":null,"module":"CB","audit_user":"DIAH","audit_date":"2024-07-16 15:08:39.313","rowID":"14483","TYPE":"U","approve_date":null,"line_no":null,"req_line_no":null,"sent_mail":"Y","sent_mail_date":"2024-07-16 15:08:56.270","reason":null,"currency_cd":"IDR"}]  
[2024-07-16 15:26:45] local.INFO: Starting database query execution for processData  
[2024-07-16 15:26:45] local.INFO: Decrypted data: {"entity_cd":"04","project_no":"0401","email_address":"ranny.setjiadi@kurakurabali.com","level_no":"1","doc_no":"RF24070003","usergroup":"02A","user_id":"RANNY","supervisor":"M","type":"Q","type_module":"PO","text":"Purchase Requisition"}  
[2024-07-16 15:26:45] local.INFO: First query result: []  
[2024-07-16 15:26:45] local.INFO: Second query result: [{"entity_cd":"04  ","approve_seq":"7161","trx_type":"R2","doc_no":"RF24070003","doc_date":"2024-07-16 00:00:00.000","descs":"Purchase Requisition Approval RF24070003","ref_no":"","staff_id":"DIAH","div_cd":"0100","dept_cd":"02","advance":"","priority":"","creditor":"","mpr":"","pr":"","amount":"40000000.00","percen":".00","request_type":"P3","position_cd":"01","user_id":"RANNY","level_no":"1","status":"P","approved_date":null,"reason_remarks":null,"module":"PO","audit_user":"DIAH","audit_date":"2024-07-16 15:10:09.777","rowID":"14484","TYPE":"Q","approve_date":null,"line_no":null,"req_line_no":null,"sent_mail":"Y","sent_mail_date":"2024-07-16 15:10:27.037","reason":null,"currency_cd":"IDR"}]  
[2024-07-16 15:27:28] local.INFO: Starting database query execution for processData  
[2024-07-16 15:27:28] local.INFO: Decrypted data: {"entity_cd":"04","project_no":"0401","email_address":"ranny.setjiadi@kurakurabali.com","level_no":"1","doc_no":"RF24070004","usergroup":"02A","user_id":"RANNY","supervisor":"M","type":"Q","type_module":"PO","text":"Purchase Requisition"}  
[2024-07-16 15:27:28] local.INFO: First query result: []  
[2024-07-16 15:27:28] local.INFO: Second query result: [{"entity_cd":"04  ","approve_seq":"7162","trx_type":"R2","doc_no":"RF24070004","doc_date":"2024-07-16 00:00:00.000","descs":"Purchase Requisition Approval RF24070004","ref_no":"","staff_id":"DIAH","div_cd":"0100","dept_cd":"02","advance":"","priority":"","creditor":"","mpr":"","pr":"","amount":"5500000.00","percen":".00","request_type":"P3","position_cd":"01","user_id":"RANNY","level_no":"1","status":"P","approved_date":null,"reason_remarks":null,"module":"PO","audit_user":"DIAH","audit_date":"2024-07-16 15:10:39.533","rowID":"14485","TYPE":"Q","approve_date":null,"line_no":null,"req_line_no":null,"sent_mail":"Y","sent_mail_date":"2024-07-16 15:10:56.260","reason":null,"currency_cd":"IDR"}]  
[2024-07-16 15:39:35] local.INFO: Starting database query execution for processData  
[2024-07-16 15:39:35] local.INFO: Decrypted data: {"entity_cd":"01","project_no":"0101","email_address":"zakki.hakim@kurakurabali.com","level_no":"2","doc_no":"RF24070079","usergroup":"05A","user_id":"ZAKKI","supervisor":"N","type":"Q","type_module":"PO","text":"Purchase Requisition"}  
[2024-07-16 15:39:35] local.INFO: First query result: []  
[2024-07-16 15:39:35] local.INFO: Second query result: [{"entity_cd":"01  ","approve_seq":"7158","trx_type":"R5","doc_no":"RF24070079","doc_date":"2024-07-16 00:00:00.000","descs":"Purchase Requisition Approval RF24070079","ref_no":"","staff_id":"CHANSYA","div_cd":"0100","dept_cd":"05","advance":"","priority":"","creditor":"","mpr":"","pr":"","amount":"1049500.00","percen":".00","request_type":"P3","position_cd":"02","user_id":"ZAKKI","level_no":"2","status":"P","approved_date":null,"reason_remarks":null,"module":"PO","audit_user":"CHANSYA","audit_date":"2024-07-16 14:59:02.437","rowID":"14479","TYPE":"Q","approve_date":null,"line_no":null,"req_line_no":null,"sent_mail":"Y","sent_mail_date":"2024-07-16 15:13:53.020","reason":null,"currency_cd":"IDR"}]  
[2024-07-16 15:53:11] local.INFO: Starting database query execution for processData  
[2024-07-16 15:53:11] local.INFO: Decrypted data: {"entity_cd":"01","project_no":"0101","email_address":"Zefri@kurakurabali.com","level_no":"1","doc_no":"RF24070080","usergroup":"05A","user_id":"ZEFRI","supervisor":"N","type":"Q","type_module":"PO","text":"Purchase Requisition"}  
[2024-07-16 15:53:11] local.INFO: First query result: []  
[2024-07-16 15:53:11] local.INFO: Second query result: [{"entity_cd":"01  ","approve_seq":"7163","trx_type":"R5","doc_no":"RF24070080","doc_date":"2024-07-16 00:00:00.000","descs":"Purchase Requisition Approval RF24070080","ref_no":"","staff_id":"CHANSYA","div_cd":"0100","dept_cd":"05","advance":"","priority":"","creditor":"","mpr":"","pr":"","amount":"653100.00","percen":".00","request_type":"P3","position_cd":"01","user_id":"ZEFRI","level_no":"1","status":"P","approved_date":null,"reason_remarks":null,"module":"PO","audit_user":"CHANSYA","audit_date":"2024-07-16 15:39:03.473","rowID":"14486","TYPE":"Q","approve_date":null,"line_no":null,"req_line_no":null,"sent_mail":"Y","sent_mail_date":"2024-07-16 15:39:21.037","reason":null,"currency_cd":"IDR"}]  
[2024-07-16 15:53:27] local.INFO: Decrypted data: {"entity_cd":"01","project_no":"0101","doc_no":"PF24070019","trx_type":"PF","level_no":"1","usergroup":"05A","user_id":"ZEFRI","supervisor":"N","email_address":"Zefri@kurakurabali.com","type":"U","type_module":"CB","text":"Payment Request"}  
[2024-07-16 15:53:27] local.INFO: First query result: []  
[2024-07-16 15:53:27] local.INFO: Second query result: [{"entity_cd":"01  ","approve_seq":"6748","trx_type":"PF","doc_no":"PF24070019","doc_date":"2024-07-16 00:00:00.000","descs":"Biaya Meeting dengan Kelurahan \"Serangan Bersinar\"","ref_no":"0313753007\r\nBNI","staff_id":"CHANSYA","div_cd":"0100","dept_cd":"05","advance":"","priority":"","creditor":"","mpr":"","pr":"","amount":"883000.00","percen":".00","request_type":"A8","position_cd":"01","user_id":"ZEFRI","level_no":"1","status":"P","approved_date":null,"reason_remarks":null,"module":"CB","audit_user":"CHANSYA","audit_date":"2024-07-16 15:50:13.980","rowID":"14488","TYPE":"U","approve_date":null,"line_no":null,"req_line_no":null,"sent_mail":"Y","sent_mail_date":"2024-07-16 15:50:31.303","reason":null,"currency_cd":"IDR"}]  
[2024-07-16 15:53:50] local.INFO: Starting database query execution for processData  
[2024-07-16 15:53:50] local.INFO: Decrypted data: {"entity_cd":"01","project_no":"0101","email_address":"zakki.hakim@kurakurabali.com","level_no":"2","doc_no":"RF24070080","usergroup":"05A","user_id":"ZAKKI","supervisor":"N","type":"Q","type_module":"PO","text":"Purchase Requisition"}  
[2024-07-16 15:53:50] local.INFO: First query result: []  
[2024-07-16 15:53:50] local.INFO: Second query result: [{"entity_cd":"01  ","approve_seq":"7163","trx_type":"R5","doc_no":"RF24070080","doc_date":"2024-07-16 00:00:00.000","descs":"Purchase Requisition Approval RF24070080","ref_no":"","staff_id":"CHANSYA","div_cd":"0100","dept_cd":"05","advance":"","priority":"","creditor":"","mpr":"","pr":"","amount":"653100.00","percen":".00","request_type":"P3","position_cd":"02","user_id":"ZAKKI","level_no":"2","status":"P","approved_date":null,"reason_remarks":null,"module":"PO","audit_user":"CHANSYA","audit_date":"2024-07-16 15:39:03.473","rowID":"14487","TYPE":"Q","approve_date":null,"line_no":null,"req_line_no":null,"sent_mail":"Y","sent_mail_date":"2024-07-16 15:53:17.057","reason":null,"currency_cd":"IDR"}]  
[2024-07-16 16:11:02] local.INFO: Decrypted data: {"entity_cd":"03","project_no":"0301","doc_no":"PC24070008","trx_type":"PC","level_no":"1","usergroup":"02A","user_id":"RANNY","supervisor":"M","email_address":"ranny.setjiadi@kurakurabali.com","type":"U","type_module":"CB","text":"Payment Request"}  
[2024-07-16 16:11:02] local.INFO: First query result: []  
[2024-07-16 16:11:02] local.INFO: Second query result: [{"entity_cd":"03  ","approve_seq":"1059","trx_type":"PC","doc_no":"PC24070008","doc_date":"2024-07-16 00:00:00.000","descs":"Biaya Tagihan Pest Terminator Periode Juni 2024","ref_no":"BCA 7705323666","staff_id":"DIAH","div_cd":"0100","dept_cd":"02","advance":"","priority":"","creditor":"","mpr":"","pr":"","amount":"3496500.00","percen":".00","request_type":"A8","position_cd":"01","user_id":"RANNY","level_no":"1","status":"P","approved_date":null,"reason_remarks":null,"module":"CB","audit_user":"DIAH","audit_date":"2024-07-16 15:51:50.030","rowID":"14490","TYPE":"U","approve_date":null,"line_no":null,"req_line_no":null,"sent_mail":"Y","sent_mail_date":"2024-07-16 15:52:06.677","reason":null,"currency_cd":"IDR"}]  
[2024-07-16 16:33:43] local.INFO: Decrypted data: {"entity_cd":"01","project_no":"0101","doc_no":"PF24070020","trx_type":"PF","level_no":"1","usergroup":"05A","user_id":"ZEFRI","supervisor":"N","email_address":"Zefri@kurakurabali.com","type":"U","type_module":"CB","text":"Payment Request"}  
[2024-07-16 16:33:43] local.INFO: First query result: []  
[2024-07-16 16:33:43] local.INFO: Second query result: [{"entity_cd":"01  ","approve_seq":"6749","trx_type":"PF","doc_no":"PF24070020","doc_date":"2024-07-16 00:00:00.000","descs":"Biaya Kunjungan Delegasi Tanzania (3 Juli 2024) & Singapore Group (4 Juli 2024)","ref_no":"1120620116\r\nDBS BANK ","staff_id":"CHANSYA","div_cd":"0100","dept_cd":"05","advance":"","priority":"","creditor":"","mpr":"","pr":"","amount":"847425.00","percen":".00","request_type":"A8","position_cd":"01","user_id":"ZEFRI","level_no":"1","status":"P","approved_date":null,"reason_remarks":null,"module":"CB","audit_user":"CHANSYA","audit_date":"2024-07-16 15:59:05.063","rowID":"14491","TYPE":"U","approve_date":null,"line_no":null,"req_line_no":null,"sent_mail":"Y","sent_mail_date":"2024-07-16 15:59:22.100","reason":null,"currency_cd":"IDR"}]  
[2024-07-16 16:34:05] local.INFO: Decrypted data: {"entity_cd":"01","project_no":"0101","doc_no":"PF24070021","trx_type":"PF","level_no":"1","usergroup":"05A","user_id":"ZEFRI","supervisor":"N","email_address":"Zefri@kurakurabali.com","type":"U","type_module":"CB","text":"Payment Request"}  
[2024-07-16 16:34:05] local.INFO: First query result: []  
[2024-07-16 16:34:05] local.INFO: Second query result: [{"entity_cd":"01  ","approve_seq":"6750","trx_type":"PF","doc_no":"PF24070021","doc_date":"2024-07-16 00:00:00.000","descs":"Cash Advance : Media Bulk July 2024 (Ocean X) ","ref_no":"5271092335\r\nBCA","staff_id":"CHANSYA","div_cd":"0100","dept_cd":"05","advance":"","priority":"","creditor":"","mpr":"","pr":"","amount":"18200000.00","percen":".00","request_type":"A8","position_cd":"01","user_id":"ZEFRI","level_no":"1","status":"P","approved_date":null,"reason_remarks":null,"module":"CB","audit_user":"CHANSYA","audit_date":"2024-07-16 16:11:42.893","rowID":"14493","TYPE":"U","approve_date":null,"line_no":null,"req_line_no":null,"sent_mail":"Y","sent_mail_date":"2024-07-16 16:11:59.963","reason":null,"currency_cd":"IDR"}]  
[2024-07-16 17:35:28] local.INFO: Starting database query execution for processData  
[2024-07-16 17:35:28] local.INFO: Decrypted data: {"entity_cd":"01","project_no":"0101","email_address":"made.ariesana@kurakurabali.com","level_no":"1","doc_no":"RF24070068","usergroup":"11A","user_id":"ARI","supervisor":"M","type":"Q","type_module":"PO","text":"Purchase Requisition"}  
[2024-07-16 17:35:28] local.INFO: First query result: [{"entity_cd":"01  ","approve_seq":"7132","trx_type":"R11","doc_no":"RF24070068","doc_date":"2024-07-15 00:00:00.000","descs":"Purchase Requisition Approval RF24070068","ref_no":"","staff_id":"PRAMANA","div_cd":"0100","dept_cd":"11","advance":"","priority":"","creditor":"","mpr":"","pr":"","amount":"5898540.00","percen":".00","request_type":"P3","position_cd":"01","user_id":"ARI","level_no":"1","status":"A","approved_date":"2024-07-15 10:25:49.667","reason_remarks":null,"module":"PO","audit_user":"PRAMANA","audit_date":"2024-07-15 10:15:53.000","rowID":"14402","TYPE":"Q","approve_date":null,"line_no":null,"req_line_no":null,"sent_mail":"Y","sent_mail_date":"2024-07-15 10:16:10.117","reason":null,"currency_cd":"IDR"}]  
[2024-07-16 19:07:15] local.INFO: Decrypted data: {"entity_cd":"01","project_no":"0101","doc_no":"PK24070075","trx_type":"PK","level_no":"2","usergroup":"07B","user_id":"AARON","supervisor":"M","email_address":"aaron.tham@kurakurabali.com","type":"U","type_module":"CB","text":"Payment Request"}  
[2024-07-16 19:07:15] local.INFO: First query result: [{"entity_cd":"01  ","approve_seq":"6731","trx_type":"PK","doc_no":"PK24070075","doc_date":"2024-07-15 00:00:00.000","descs":"Tiket Denpasar-London return an Bp Andrew Potts dan Keluarga tanggal 22 Juni - 30 Juli 2024 keperluan Business Trip - T.","ref_no":"CIMB Niaga\r\n704435360200","staff_id":"KOMANG","div_cd":"0100","dept_cd":"10","advance":"","priority":"","creditor":"","mpr":"","pr":"","amount":"279348800.00","percen":".00","request_type":"A8","position_cd":"02","user_id":"AARON","level_no":"2","status":"A","approved_date":"2024-07-16 13:35:19.470","reason_remarks":null,"module":"CB","audit_user":"KOMANG","audit_date":"2024-07-15 16:28:01.247","rowID":"14436","TYPE":"U","approve_date":null,"line_no":null,"req_line_no":null,"sent_mail":"Y","sent_mail_date":"2024-07-15 17:53:21.240","reason":null,"currency_cd":"IDR"}]  
