[2024-07-15 09:40:30] local.INFO: Email Feedback doc_no PR24070051 Entity 01 berhasil dikirim ke: putu.arbi@kurakurabali.com  
[2024-07-15 09:57:22] local.INFO: Email Feedback Approval doc_no RF24070064 Entity 01 berhasil dikirim ke: indra.pramana@kurakurabali.com & CC ke : Josephine.wibawa@kurakurabali.com, ratih.wulandari@kurakurabali.com, yoga.swara@kurakurabali.com  
[2024-07-15 10:05:25] local.INFO: Email Feedback doc_no RP24070042 Entity 01 berhasil dikirim ke: komang.waharini@kurakurabali.com  
[2024-07-15 10:05:28] local.INFO: Email Feedback doc_no RP24070041 Entity 01 berhasil dikirim ke: komang.waharini@kurakurabali.com  
[2024-07-15 10:24:47] local.INFO: Email Feedback doc_no PK24070069 Entity 01 berhasil dikirim ke: ketut.wijana@kurakurabali.com  
[2024-07-15 10:25:52] local.INFO: Email Feedback Approval doc_no RF24070068 Entity 01 berhasil dikirim ke: indra.pramana@kurakurabali.com & CC ke : Josephine.wibawa@kurakurabali.com, ratih.wulandari@kurakurabali.com, yoga.swara@kurakurabali.com  
[2024-07-15 10:33:41] local.INFO: Email Feedback doc_no PK24070070 Entity 01 berhasil dikirim ke: komang.ayu@kurakurabali.com  
[2024-07-15 10:35:25] local.INFO: Email Feedback Approval doc_no RF24070069 Entity 01 berhasil dikirim ke: ib.krisna@kurakurabali.com & CC ke : Josephine.wibawa@kurakurabali.com, ratih.wulandari@kurakurabali.com, yoga.swara@kurakurabali.com  
[2024-07-15 10:38:37] local.INFO: Email Feedback doc_no PR24070052 Entity 01 berhasil dikirim ke: ratih.wulandari@kurakurabali.com  
[2024-07-15 11:47:01] local.INFO: Email Feedback doc_no QO24070082 Entity 01 berhasil dikirim ke: putu.arbi@kurakurabali.com  
[2024-07-15 11:47:38] local.INFO: Email Feedback doc_no QO24070087 Entity 01 berhasil dikirim ke: putu.arbi@kurakurabali.com  
[2024-07-15 11:48:42] local.INFO: Email Feedback doc_no QO24070007 Entity 03 berhasil dikirim ke: putu.arbi@kurakurabali.com  
[2024-07-15 11:49:11] local.INFO: Email Feedback doc_no QO24070083 Entity 01 berhasil dikirim ke: ratih.wulandari@kurakurabali.com  
[2024-07-15 11:49:49] local.INFO: Email Feedback doc_no QO24070081 Entity 01 berhasil dikirim ke: ratih.wulandari@kurakurabali.com  
[2024-07-15 11:50:10] local.INFO: Email Feedback doc_no QO24070080 Entity 01 berhasil dikirim ke: ratih.wulandari@kurakurabali.com  
[2024-07-15 12:15:47] local.INFO: Email Feedback doc_no PO24070072 Entity 01 berhasil dikirim ke: ratih.wulandari@kurakurabali.com  
[2024-07-15 12:15:49] local.INFO: Email Feedback doc_no PO24070073 Entity 01 berhasil dikirim ke: ratih.wulandari@kurakurabali.com  
[2024-07-15 12:15:51] local.INFO: Email Feedback doc_no PR24070053 Entity 01 berhasil dikirim ke: ratih.wulandari@kurakurabali.com  
[2024-07-15 12:25:39] local.INFO: Email Feedback doc_no PO24070071 Entity 01 berhasil dikirim ke: ratih.wulandari@kurakurabali.com  
[2024-07-15 13:36:31] local.INFO: Email Feedback doc_no PG24070001 Entity 04 berhasil dikirim ke: ricky.setiawan@kurakurabali.com  
[2024-07-15 15:35:25] local.INFO: Email Feedback doc_no RP24070044 Entity 01 berhasil dikirim ke: natalia.samosir@kurakurabali.com  
[2024-07-15 15:35:28] local.INFO: Email Feedback doc_no RP24070043 Entity 01 berhasil dikirim ke: natalia.samosir@kurakurabali.com  
[2024-07-15 15:57:31] local.INFO: Email Feedback doc_no PC24070002 Entity 04 berhasil dikirim ke: ricky.setiawan@kurakurabali.com  
[2024-07-15 16:05:25] local.INFO: Email Feedback doc_no PK24070002 Entity 04 berhasil dikirim ke: erika.lestari@kurakurabali.com  
[2024-07-15 16:05:28] local.INFO: Email Feedback doc_no RP24070040 Entity 01 berhasil dikirim ke: komang.waharini@kurakurabali.com  
[2024-07-15 16:05:31] local.INFO: Email Feedback Approval doc_no RF24070075 Entity 01 berhasil dikirim ke: erika.lestari@kurakurabali.com & CC ke : Josephine.wibawa@kurakurabali.com, ratih.wulandari@kurakurabali.com, yoga.swara@kurakurabali.com  
[2024-07-15 16:05:34] local.INFO: Email Feedback doc_no PK24070074 Entity 01 berhasil dikirim ke: erika.lestari@kurakurabali.com  
[2024-07-15 16:05:37] local.INFO: Email Feedback doc_no PK24070073 Entity 01 berhasil dikirim ke: erika.lestari@kurakurabali.com  
[2024-07-15 16:05:40] local.INFO: Email Feedback doc_no PK24070072 Entity 01 berhasil dikirim ke: erika.lestari@kurakurabali.com  
[2024-07-15 16:05:43] local.INFO: Email Feedback doc_no PK24070071 Entity 01 berhasil dikirim ke: erika.lestari@kurakurabali.com  
[2024-07-15 16:14:25] local.INFO: Email Feedback Approval doc_no RF24070072 Entity 01 berhasil dikirim ke: desman.weldenny@kurakurabali.com & CC ke : Josephine.wibawa@kurakurabali.com, ratih.wulandari@kurakurabali.com, yoga.swara@kurakurabali.com  
[2024-07-15 16:15:11] local.INFO: Email Feedback Approval doc_no RF24070071 Entity 01 berhasil dikirim ke: desman.weldenny@kurakurabali.com & CC ke : Josephine.wibawa@kurakurabali.com, ratih.wulandari@kurakurabali.com, yoga.swara@kurakurabali.com  
[2024-07-15 16:35:25] local.INFO: Email Feedback doc_no PE24070007 Entity 01 berhasil dikirim ke: made.lani@kurakurabali.com  
[2024-07-15 17:05:25] local.INFO: Email Feedback doc_no PJ24070010 Entity 01 berhasil dikirim ke: ayu.intan@kurakurabali.com  
[2024-07-15 17:05:28] local.INFO: Email Feedback doc_no RP24070009 Entity 04 berhasil dikirim ke: natalia.samosir@kurakurabali.com  
[2024-07-15 17:05:31] local.INFO: Email Feedback doc_no RP24070011 Entity 03 berhasil dikirim ke: natalia.samosir@kurakurabali.com  
[2024-07-15 17:10:15] local.INFO: Email Feedback doc_no PO24070074 Entity 01 berhasil dikirim ke: putu.arbi@kurakurabali.com  
