[2024-07-15 09:43:15] local.INFO: Email Purchase Selection doc_no QO24070082 Entity 01 berhasil dikirim ke: josephine.wibawa@kurakurabali.com  
[2024-07-15 09:51:35] local.INFO: Email CB RPB doc_no RP24070041 Entity 01 berhasil dikirim ke: rina.anggraini@kurakurabali.com  
[2024-07-15 09:52:40] local.INFO: Email CB RPB doc_no RP24070042 Entity 01 berhasil dikirim ke: rina.anggraini@kurakurabali.com  
[2024-07-15 09:55:23] local.INFO: Email Purchase Requisition doc_no RF24070064 Entity 01 berhasil dikirim ke: made.ariesana@kurakurabali.com  
[2024-07-15 09:59:31] local.INFO: Email CB PPU doc_no PK24070069 Entity 01 berhasil dikirim ke: felix.budiman@kurakurabali.com  
[2024-07-15 09:59:48] local.INFO: Email CB PPU doc_no PK24070070 Entity 01 berhasil dikirim ke: felix.budiman@kurakurabali.com  
[2024-07-15 10:12:06] local.INFO: Email Purchase Requisition doc_no RF24070069 Entity 01 berhasil dikirim ke: inge.sutanto@kurakurabali.com  
[2024-07-15 10:16:10] local.INFO: Email Purchase Requisition doc_no RF24070068 Entity 01 berhasil dikirim ke: made.ariesana@kurakurabali.com  
[2024-07-15 10:20:29] local.INFO: Email Purchase Selection doc_no QO24070083 Entity 01 berhasil dikirim ke: josephine.wibawa@kurakurabali.com  
[2024-07-15 10:37:11] local.INFO: Email CB PPU doc_no PR24070052 Entity 01 berhasil dikirim ke: yoga.swara@kurakurabali.com  
[2024-07-15 11:13:42] local.INFO: Email Purchase Requisition doc_no RF24070071 Entity 01 berhasil dikirim ke: aaron.tham@kurakurabali.com  
[2024-07-15 11:18:44] local.INFO: Email Purchase Requisition doc_no RF24070072 Entity 01 berhasil dikirim ke: aaron.tham@kurakurabali.com  
[2024-07-15 11:24:14] local.INFO: Email Purchase Selection doc_no QO24070007 Entity 03 berhasil dikirim ke: josephine.wibawa@kurakurabali.com  
[2024-07-15 11:29:26] local.INFO: Email Purchase Selection doc_no QO24070086 Entity 01 berhasil dikirim ke: josephine.wibawa@kurakurabali.com  
[2024-07-15 11:41:40] local.INFO: Email Purchase Selection doc_no QO24070087 Entity 01 berhasil dikirim ke: josephine.wibawa@kurakurabali.com  
[2024-07-15 11:43:07] local.INFO: Email CB PPU doc_no PG24070001 Entity 04 berhasil dikirim ke: dilph.ho@kurakurabali.com  
[2024-07-15 11:45:59] local.INFO: Email CB PPU doc_no PG24070001 Entity 04 berhasil dikirim ke: andrew.potts@kurakurabali.com  
[2024-07-15 12:08:15] local.INFO: Email Purchase Order doc_no PO24070073 Entity 01 berhasil dikirim ke: yoga.swara@kurakurabali.com  
[2024-07-15 12:09:14] local.INFO: Email Purchase Order doc_no PO24070072 Entity 01 berhasil dikirim ke: yoga.swara@kurakurabali.com  
[2024-07-15 12:09:59] local.INFO: Email Purchase Order doc_no PO24070071 Entity 01 berhasil dikirim ke: yoga.swara@kurakurabali.com  
[2024-07-15 12:13:08] local.INFO: Email CB PPU doc_no PR24070053 Entity 01 berhasil dikirim ke: yoga.swara@kurakurabali.com  
[2024-07-15 13:38:44] local.INFO: Email Purchase Requisition doc_no RF24070073 Entity 01 berhasil dikirim ke: inge.sutanto@kurakurabali.com  
[2024-07-15 13:56:04] local.INFO: Email CB PPU doc_no PM24070009 Entity 01 berhasil dikirim ke: fivianty.wijaya@kurakurabali.com  
[2024-07-15 13:57:16] local.INFO: Email CB RPB doc_no RP24070043 Entity 01 berhasil dikirim ke: rina.anggraini@kurakurabali.com  
[2024-07-15 14:02:40] local.INFO: Email CB RPB doc_no RP24070044 Entity 01 berhasil dikirim ke: rina.anggraini@kurakurabali.com  
[2024-07-15 14:04:15] local.INFO: Email CB PPU doc_no PK24070002 Entity 04 berhasil dikirim ke: felix.budiman@kurakurabali.com  
[2024-07-15 14:30:22] local.INFO: Email Purchase Requisition doc_no RF24070075 Entity 01 berhasil dikirim ke: felix.budiman@kurakurabali.com  
[2024-07-15 15:02:49] local.INFO: Email CB PPU doc_no PB24070011 Entity 01 berhasil dikirim ke: inge.sutanto@kurakurabali.com  
[2024-07-15 15:08:50] local.INFO: Email CB PPU doc_no PK24070071 Entity 01 berhasil dikirim ke: felix.budiman@kurakurabali.com  
[2024-07-15 15:14:12] local.INFO: Email CB PPU doc_no PK24070072 Entity 01 berhasil dikirim ke: felix.budiman@kurakurabali.com  
[2024-07-15 15:14:43] local.INFO: Email CB PPU doc_no PB24070012 Entity 01 berhasil dikirim ke: inge.sutanto@kurakurabali.com  
[2024-07-15 15:21:21] local.INFO: Email CB PPU doc_no PK24070073 Entity 01 berhasil dikirim ke: felix.budiman@kurakurabali.com  
[2024-07-15 15:25:11] local.INFO: Email CB PPU doc_no PK24070074 Entity 01 berhasil dikirim ke: felix.budiman@kurakurabali.com  
[2024-07-15 15:32:24] local.INFO: Email CB RPB doc_no RP24070040 Entity 01 berhasil dikirim ke: rina.anggraini@kurakurabali.com  
[2024-07-15 15:38:27] local.INFO: Email CB RPB doc_no RP24070009 Entity 04 berhasil dikirim ke: rina.anggraini@kurakurabali.com  
[2024-07-15 15:54:55] local.INFO: Email CM Progress doc_no PC24070002 Entity 04 berhasil dikirim ke: ngtzejin@kurakurabali.com  
[2024-07-15 15:59:54] local.INFO: Email Purchase Selection doc_no QO24070088 Entity 01 berhasil dikirim ke: josephine.wibawa@kurakurabali.com  
[2024-07-15 16:28:18] local.INFO: Email CB PPU doc_no PK24070075 Entity 01 berhasil dikirim ke: felix.budiman@kurakurabali.com  
[2024-07-15 16:34:09] local.INFO: Email CB RPB doc_no RP24070011 Entity 03 berhasil dikirim ke: rina.anggraini@kurakurabali.com  
[2024-07-15 16:38:18] local.INFO: Email CB PPU doc_no PK24070076 Entity 01 berhasil dikirim ke: felix.budiman@kurakurabali.com  
[2024-07-15 16:42:16] local.INFO: Email CB PPU doc_no PJ24070010 Entity 01 berhasil dikirim ke: rina.anggraini@kurakurabali.com  
[2024-07-15 17:08:39] local.INFO: Email Purchase Order doc_no PO24070074 Entity 01 berhasil dikirim ke: yoga.swara@kurakurabali.com  
[2024-07-15 17:10:11] local.INFO: Email Purchase Order doc_no PO24070075 Entity 01 berhasil dikirim ke: yoga.swara@kurakurabali.com  
[2024-07-15 17:11:51] local.INFO: Email Purchase Order doc_no PO24070009 Entity 03 berhasil dikirim ke: yoga.swara@kurakurabali.com  
[2024-07-15 17:18:07] local.INFO: Email Purchase Selection doc_no QO24070090 Entity 01 berhasil dikirim ke: josephine.wibawa@kurakurabali.com  
[2024-07-15 17:36:21] local.INFO: Email CB PPU doc_no PR24070054 Entity 01 berhasil dikirim ke: yoga.swara@kurakurabali.com  
[2024-07-15 17:52:36] local.INFO: Email CB PPU doc_no PK24070076 Entity 01 berhasil dikirim ke: aaron.tham@kurakurabali.com  
[2024-07-15 17:53:21] local.INFO: Email CB PPU doc_no PK24070075 Entity 01 berhasil dikirim ke: aaron.tham@kurakurabali.com  
