[2024-07-18 09:25:22] local.INFO: Email Feedback doc_no PM24070009 Entity 01 berhasil dikirim ke: kintan.davita@kurakurabali.com  
[2024-07-18 09:43:29] local.INFO: Email Feedback doc_no PD24070019 Entity 01 berhasil dikirim ke: kelvri.sinambela@kurakurabali.com  
[2024-07-18 09:43:49] local.INFO: Email Feedback doc_no PD24070018 Entity 01 berhasil dikirim ke: kelvri.sinambela@kurakurabali.com  
[2024-07-18 09:44:32] local.INFO: Email Feedback Approval doc_no RF24070074 Entity 01 berhasil dikirim ke: kintan.davita@kurakurabali.com & CC ke : Josephine.wibawa@kurakurabali.com, ratih.wulandari@kurakurabali.com, yoga.swara@kurakurabali.com  
[2024-07-18 09:44:59] local.INFO: Email Feedback doc_no PD24070017 Entity 01 berhasil dikirim ke: kelvri.sinambela@kurakurabali.com  
[2024-07-18 09:45:29] local.INFO: Email Feedback doc_no PD24070002 Entity 01 berhasil dikirim ke: kelvri.sinambela@kurakurabali.com  
[2024-07-18 09:46:22] local.INFO: Email Feedback doc_no PD24070001 Entity 01 berhasil dikirim ke: kelvri.sinambela@kurakurabali.com  
[2024-07-18 09:47:47] local.INFO: Email Feedback doc_no QO24070112 Entity 01 berhasil dikirim ke: puturia@kurakurabali.com  
[2024-07-18 10:06:52] local.INFO: Email Feedback doc_no PL24070011 Entity 01 berhasil dikirim ke: indra.pramana@kurakurabali.com  
[2024-07-18 10:10:20] local.INFO: Email Feedback Approval doc_no RF24070084 Entity 01 berhasil dikirim ke: nina.adriana@kurakurabali.com & CC ke : Josephine.wibawa@kurakurabali.com, ratih.wulandari@kurakurabali.com, yoga.swara@kurakurabali.com  
[2024-07-18 10:11:12] local.INFO: Email Feedback doc_no PO24070104 Entity 01 berhasil dikirim ke: puturia@kurakurabali.com  
[2024-07-18 10:11:31] local.INFO: Email Feedback Approval doc_no RF24070085 Entity 01 berhasil dikirim ke: nina.adriana@kurakurabali.com & CC ke : Josephine.wibawa@kurakurabali.com, ratih.wulandari@kurakurabali.com, yoga.swara@kurakurabali.com  
[2024-07-18 10:11:32] local.INFO: Email Feedback doc_no PR24070061 Entity 01 berhasil dikirim ke: putu.arbi@kurakurabali.com  
[2024-07-18 10:11:52] local.INFO: Email Feedback doc_no PR24070062 Entity 01 berhasil dikirim ke: putu.arbi@kurakurabali.com  
[2024-07-18 10:28:03] local.INFO: Email Feedback doc_no QO24070013 Entity 03 berhasil dikirim ke: putu.arbi@kurakurabali.com  
[2024-07-18 10:36:07] local.INFO: Email Feedback doc_no RP24070012 Entity 03 berhasil dikirim ke: komang.waharini@kurakurabali.com  
[2024-07-18 10:36:10] local.INFO: Email Feedback doc_no RP24070049 Entity 01 berhasil dikirim ke: komang.waharini@kurakurabali.com  
[2024-07-18 10:36:13] local.INFO: Email Feedback doc_no RP24070052 Entity 01 berhasil dikirim ke: natalia.samosir@kurakurabali.com  
[2024-07-18 11:14:50] local.INFO: Email Feedback doc_no QO24070014 Entity 03 berhasil dikirim ke: kadek.wirata@kurakurabali.com  
[2024-07-18 11:21:16] local.INFO: Email Feedback Approval doc_no RF24070086 Entity 01 berhasil dikirim ke: nina.adriana@kurakurabali.com & CC ke : Josephine.wibawa@kurakurabali.com, ratih.wulandari@kurakurabali.com, yoga.swara@kurakurabali.com  
[2024-07-18 11:28:57] local.INFO: Email Feedback doc_no PO24070012 Entity 03 berhasil dikirim ke: putu.arbi@kurakurabali.com  
[2024-07-18 11:28:59] local.INFO: Email Feedback doc_no PR24070063 Entity 01 berhasil dikirim ke: kadek.wirata@kurakurabali.com  
[2024-07-18 11:29:01] local.INFO: Email Feedback doc_no PO24070013 Entity 03 berhasil dikirim ke: kadek.wirata@kurakurabali.com  
[2024-07-18 11:36:07] local.INFO: Email Feedback doc_no PK24070081 Entity 01 berhasil dikirim ke: komang.ayu@kurakurabali.com  
[2024-07-18 11:41:13] local.INFO: Email Feedback doc_no PR24070064 Entity 01 berhasil dikirim ke: galuh@kurakurabali.com  
[2024-07-18 12:43:53] local.INFO: Email Feedback Approval doc_no RF24070087 Entity 01 berhasil dikirim ke: nina.adriana@kurakurabali.com & CC ke : Josephine.wibawa@kurakurabali.com, ratih.wulandari@kurakurabali.com, yoga.swara@kurakurabali.com  
[2024-07-18 13:49:26] local.INFO: Email Feedback Approval doc_no RF24070088 Entity 01 berhasil dikirim ke: nina.adriana@kurakurabali.com & CC ke : Josephine.wibawa@kurakurabali.com, ratih.wulandari@kurakurabali.com, yoga.swara@kurakurabali.com  
[2024-07-18 13:59:48] local.INFO: Email Feedback doc_no PR24070008 Entity 03 berhasil dikirim ke: galuh@kurakurabali.com  
[2024-07-18 14:57:27] local.INFO: Email Feedback doc_no PR24070065 Entity 01 berhasil dikirim ke: galuh@kurakurabali.com  
[2024-07-18 15:36:07] local.INFO: Email Feedback doc_no RP24070013 Entity 03 berhasil dikirim ke: komang.waharini@kurakurabali.com  
[2024-07-18 15:36:10] local.INFO: Email Feedback doc_no RP24070055 Entity 01 berhasil dikirim ke: komang.waharini@kurakurabali.com  
[2024-07-18 15:36:13] local.INFO: Email Feedback doc_no RP24070054 Entity 01 berhasil dikirim ke: komang.waharini@kurakurabali.com  
[2024-07-18 16:31:37] local.INFO: Email Feedback doc_no QO24070015 Entity 03 berhasil dikirim ke: kadek.wirata@kurakurabali.com  
[2024-07-18 16:32:08] local.INFO: Email Feedback doc_no QO24070114 Entity 01 berhasil dikirim ke: kadek.wirata@kurakurabali.com  
[2024-07-18 16:32:34] local.INFO: Email Feedback doc_no QO24070115 Entity 01 berhasil dikirim ke: kadek.wirata@kurakurabali.com  
[2024-07-18 16:48:32] local.INFO: Email Feedback doc_no PO24070106 Entity 01 berhasil dikirim ke: kadek.wirata@kurakurabali.com  
[2024-07-18 17:06:07] local.INFO: Email Feedback doc_no RP24070057 Entity 01 berhasil dikirim ke: natalia.samosir@kurakurabali.com  
