[2024-07-18 09:43:25] local.INFO: Email Purchase Requisition doc_no RF24070074 Entity 01 berhasil dikirim ke: fivianty.wijaya@kurakurabali.com  
[2024-07-18 09:46:05] local.INFO: Email Purchase Selection doc_no QO24070112 Entity 01 berhasil dikirim ke: josephine.wibawa@kurakurabali.com  
[2024-07-18 09:46:20] local.INFO: Email Purchase Selection doc_no QO24070112 Entity 01 berhasil dikirim ke: josephine.wibawa@kurakurabali.com  
[2024-07-18 09:49:07] local.INFO: Email Purchase Order doc_no PO24070104 Entity 01 berhasil dikirim ke: yoga.swara@kurakurabali.com  
[2024-07-18 09:49:22] local.INFO: Email Purchase Order doc_no PO24070104 Entity 01 already sent to: yoga.swara@kurakurabali.com  
[2024-07-18 09:55:42] local.INFO: Email CB PPU doc_no PR24070061 Entity 01 berhasil dikirim ke: yoga.swara@kurakurabali.com  
[2024-07-18 09:57:32] local.INFO: Email CB PPU doc_no PR24070062 Entity 01 berhasil dikirim ke: yoga.swara@kurakurabali.com  
[2024-07-18 09:58:22] local.INFO: Email CB PPU doc_no PL24070011 Entity 01 berhasil dikirim ke: made.ariesana@kurakurabali.com  
[2024-07-18 10:21:06] local.INFO: Email CB PPU doc_no PK24070081 Entity 01 berhasil dikirim ke: felix.budiman@kurakurabali.com  
[2024-07-18 10:31:42] local.INFO: Email Purchase Order doc_no PO24070012 Entity 03 berhasil dikirim ke: yoga.swara@kurakurabali.com  
[2024-07-18 11:12:41] local.INFO: Email CB PPU doc_no PR24070063 Entity 01 berhasil dikirim ke: yoga.swara@kurakurabali.com  
[2024-07-18 11:16:36] local.INFO: Email Purchase Requisition doc_no RF24070086 Entity 01 berhasil dikirim ke: slamet.sumaryadi@kurakurabali.com  
[2024-07-18 11:20:45] local.INFO: Email Purchase Order doc_no PO24070013 Entity 03 berhasil dikirim ke: yoga.swara@kurakurabali.com  
[2024-07-18 11:30:56] local.INFO: Email Purchase Selection doc_no QO24070113 Entity 01 berhasil dikirim ke: josephine.wibawa@kurakurabali.com  
[2024-07-18 11:34:34] local.INFO: Email Purchase Requisition doc_no RF24070087 Entity 01 berhasil dikirim ke: slamet.sumaryadi@kurakurabali.com  
[2024-07-18 11:39:38] local.INFO: Email CB PPU doc_no PR24070064 Entity 01 berhasil dikirim ke: yoga.swara@kurakurabali.com  
[2024-07-18 11:57:29] local.INFO: Email Purchase Requisition doc_no RF24070087 Entity 01 berhasil dikirim ke: aaron.tham@kurakurabali.com  
[2024-07-18 12:01:08] local.INFO: Email Purchase Requisition doc_no RF24070088 Entity 01 berhasil dikirim ke: slamet.sumaryadi@kurakurabali.com  
[2024-07-18 12:07:23] local.INFO: Email CB PPU doc_no PB24070014 Entity 01 berhasil dikirim ke: inge.sutanto@kurakurabali.com  
[2024-07-18 12:31:13] local.INFO: Email CB PPU doc_no PK24070082 Entity 01 berhasil dikirim ke: felix.budiman@kurakurabali.com  
[2024-07-18 14:26:04] local.INFO: Email CB PPU doc_no PR24070065 Entity 01 berhasil dikirim ke: yoga.swara@kurakurabali.com  
[2024-07-18 14:31:58] local.INFO: Email CB RPB doc_no RP24070054 Entity 01 berhasil dikirim ke: rina.anggraini@kurakurabali.com  
[2024-07-18 14:33:53] local.INFO: Email CB RPB doc_no RP24070055 Entity 01 berhasil dikirim ke: rina.anggraini@kurakurabali.com  
[2024-07-18 14:49:09] local.INFO: Email CB RPB doc_no RP24070013 Entity 03 berhasil dikirim ke: rina.anggraini@kurakurabali.com  
[2024-07-18 14:54:48] local.INFO: Email CB RPB doc_no RP24070057 Entity 01 berhasil dikirim ke: rina.anggraini@kurakurabali.com  
[2024-07-18 16:13:59] local.INFO: Email Purchase Selection doc_no QO24070114 Entity 01 berhasil dikirim ke: josephine.wibawa@kurakurabali.com  
[2024-07-18 16:21:53] local.INFO: Email Purchase Selection doc_no QO24070115 Entity 01 berhasil dikirim ke: josephine.wibawa@kurakurabali.com  
[2024-07-18 16:26:26] local.INFO: Email Purchase Selection doc_no QO24070015 Entity 03 berhasil dikirim ke: josephine.wibawa@kurakurabali.com  
[2024-07-18 16:38:05] local.INFO: Email Purchase Order doc_no PO24070106 Entity 01 berhasil dikirim ke: yoga.swara@kurakurabali.com  
