[2024-07-26 09:36:08] local.INFO: Email Purchase Order doc_no PO24070137 Entity 01 berhasil dikirim ke: yoga.swara@kurakurabali.com  
[2024-07-26 09:41:29] local.INFO: Email CB PPU doc_no PM24070016 Entity 01 berhasil dikirim ke: fivianty.wijaya@kurakurabali.com  
[2024-07-26 09:56:06] local.INFO: Email CB PPU doc_no PB24070015 Entity 01 berhasil dikirim ke: inge.sutanto@kurakurabali.com  
[2024-07-26 10:04:05] local.INFO: Email CB PPU doc_no PJ24070023 Entity 01 berhasil dikirim ke: rina.anggraini@kurakurabali.com  
[2024-07-26 10:16:55] local.INFO: Email CB PPU doc_no PM24070017 Entity 01 berhasil dikirim ke: fivianty.wijaya@kurakurabali.com  
[2024-07-26 10:34:57] local.INFO: Email CB PPU doc_no PQ24070004 Entity 01 berhasil dikirim ke: aaron.tham@kurakurabali.com  
[2024-07-26 10:59:55] local.INFO: Email CB PPU doc_no PK24070118 Entity 01 berhasil dikirim ke: felix.budiman@kurakurabali.com  
[2024-07-26 11:30:30] local.INFO: Email CB PPU doc_no PK24070119 Entity 01 berhasil dikirim ke: felix.budiman@kurakurabali.com  
[2024-07-26 12:20:40] local.INFO: Email CB RPB doc_no RP24080006 Entity 01 berhasil dikirim ke: rina.anggraini@kurakurabali.com  
[2024-07-26 12:21:25] local.INFO: Email CB RPB doc_no RP24080006 Entity 01 already sent to: rina.anggraini@kurakurabali.com  
[2024-07-26 13:42:44] local.INFO: Email CB PPU doc_no PK24070120 Entity 01 berhasil dikirim ke: felix.budiman@kurakurabali.com  
[2024-07-26 14:30:57] local.INFO: Email CB PPU doc_no PK24070120 Entity 01 berhasil dikirim ke: aaron.tham@kurakurabali.com  
[2024-07-26 14:31:36] local.INFO: Email CB PPU doc_no PG24070010 Entity 01 berhasil dikirim ke: dilph.ho@kurakurabali.com  
[2024-07-26 14:36:29] local.INFO: Email Purchase Selection doc_no QO24070136 Entity 01 berhasil dikirim ke: josephine.wibawa@kurakurabali.com  
[2024-07-26 14:41:26] local.INFO: Email Purchase Order doc_no PO24070138 Entity 01 berhasil dikirim ke: yoga.swara@kurakurabali.com  
[2024-07-26 15:01:24] local.INFO: Email CB PPU doc_no PM24070017 Entity 01 berhasil dikirim ke: ferry@kurakurabali.com  
[2024-07-26 15:31:53] local.INFO: Email Purchase Requisition doc_no RF24070118 Entity 01 berhasil dikirim ke: zefri@kurakurabali.com  
[2024-07-26 15:36:38] local.INFO: Email CB PPU doc_no PF24070030 Entity 01 berhasil dikirim ke: zefri@kurakurabali.com  
[2024-07-26 15:38:35] local.INFO: Email Purchase Requisition doc_no RF24070118 Entity 01 berhasil dikirim ke: zakki.hakim@kurakurabali.com  
[2024-07-26 15:38:50] local.INFO: Email CB PPU doc_no PF24070030 Entity 01 berhasil dikirim ke: zakki.hakim@kurakurabali.com  
[2024-07-26 15:44:13] local.INFO: Email CB PPU doc_no PF24070031 Entity 01 berhasil dikirim ke: zefri@kurakurabali.com  
[2024-07-26 15:53:35] local.INFO: Email CB PPU doc_no PF24070032 Entity 01 berhasil dikirim ke: zefri@kurakurabali.com  
[2024-07-26 15:54:07] local.INFO: Email CB PPU doc_no PF24070031 Entity 01 berhasil dikirim ke: zakki.hakim@kurakurabali.com  
[2024-07-26 15:54:07] local.INFO: Email CB PPU doc_no PF24070031 Entity 01 already sent to: zakki.hakim@kurakurabali.com  
[2024-07-26 16:30:25] local.INFO: Email CB PPU doc_no PF24070032 Entity 01 berhasil dikirim ke: zakki.hakim@kurakurabali.com  
[2024-07-26 16:34:34] local.INFO: Email CB PPU doc_no PK24070121 Entity 01 berhasil dikirim ke: felix.budiman@kurakurabali.com  
[2024-07-26 16:37:31] local.INFO: Email Purchase Requisition doc_no RF24070119 Entity 01 berhasil dikirim ke: felix.budiman@kurakurabali.com  
[2024-07-26 16:48:19] local.INFO: Email CB PPU doc_no PI24070002 Entity 01 berhasil dikirim ke: slamet.sumaryadi@kurakurabali.com  
[2024-07-26 16:51:03] local.INFO: Email CB PPU doc_no PK24070122 Entity 01 berhasil dikirim ke: felix.budiman@kurakurabali.com  
[2024-07-26 18:22:19] local.INFO: Email CB PPU doc_no PG24070010 Entity 01 berhasil dikirim ke: indra.wirawan@kurakurabali.com  
