[2024-07-26 09:43:57] local.INFO: Email Feedback doc_no PM24070016 Entity 01 berhasil dikirim ke: kintan.davita@kurakurabali.com  
[2024-07-26 10:01:58] local.INFO: Email Feedback doc_no PK24070117 Entity 01 berhasil dikirim ke: komang.ayu@kurakurabali.com  
[2024-07-26 10:30:48] local.INFO: Email Feedback doc_no PO24070137 Entity 01 berhasil dikirim ke: putu.arbi@kurakurabali.com  
[2024-07-26 10:39:36] local.INFO: Email Feedback doc_no PQ24070004 Entity 01 berhasil dikirim ke: desman.weldenny@kurakurabali.com  
[2024-07-26 11:01:58] local.INFO: Email Feedback doc_no PJ24070023 Entity 01 berhasil dikirim ke: ayu.intan@kurakurabali.com  
[2024-07-26 13:31:58] local.INFO: Email Feedback doc_no PK24070119 Entity 01 berhasil dikirim ke: komang.ayu@kurakurabali.com  
[2024-07-26 13:32:01] local.INFO: Email Feedback doc_no PK24070118 Entity 01 berhasil dikirim ke: ketut.wijana@kurakurabali.com  
[2024-07-26 14:38:10] local.INFO: Email Feedback doc_no QO24070136 Entity 01 berhasil dikirim ke: elvany@kurakurabali.com  
[2024-07-26 14:50:09] local.INFO: Email Feedback doc_no PO24070138 Entity 01 berhasil dikirim ke: elvany@kurakurabali.com  
[2024-07-26 15:32:00] local.INFO: Email Feedback doc_no RP24080004 Entity 01 berhasil dikirim ke: natalia.samosir@kurakurabali.com  
[2024-07-26 15:49:23] local.INFO: Email Feedback doc_no PM24070017 Entity 01 berhasil dikirim ke: kintan.davita@kurakurabali.com  
[2024-07-26 15:59:38] local.INFO: Email Feedback doc_no PM24070014 Entity 01 berhasil dikirim ke: kintan.davita@kurakurabali.com  
[2024-07-26 17:01:57] local.INFO: Email Feedback doc_no PK24070122 Entity 01 berhasil dikirim ke: erika.lestari@kurakurabali.com  
[2024-07-26 17:02:01] local.INFO: Email Feedback Approval doc_no RF24070119 Entity 01 berhasil dikirim ke: erika.lestari@kurakurabali.com & CC ke : Josephine.wibawa@kurakurabali.com, ratih.wulandari@kurakurabali.com, yoga.swara@kurakurabali.com  
[2024-07-26 17:31:58] local.INFO: Email Feedback doc_no PB24070015 Entity 01 berhasil dikirim ke: chinta.chandra@kurakurabali.com  
[2024-07-26 17:54:16] local.INFO: Email Feedback doc_no PK24070121 Entity 01 berhasil dikirim ke: komang.ayu@kurakurabali.com  
[2024-07-26 18:00:19] local.INFO: Email Feedback doc_no PK24070120 Entity 01 berhasil dikirim ke: komang.ayu@kurakurabali.com  
[2024-07-26 18:25:59] local.INFO: Email Feedback Approval doc_no RF24070118 Entity 01 berhasil dikirim ke: chansya.prabahesty@kurakurabali.com & CC ke : Josephine.wibawa@kurakurabali.com, ratih.wulandari@kurakurabali.com, yoga.swara@kurakurabali.com  
[2024-07-26 18:26:25] local.INFO: Email Feedback doc_no PF24070030 Entity 01 berhasil dikirim ke: chansya.prabahesty@kurakurabali.com  
[2024-07-26 18:28:12] local.INFO: Email Feedback doc_no PF24070032 Entity 01 berhasil dikirim ke: chansya.prabahesty@kurakurabali.com  
