[2024-07-24 09:09:17] local.INFO: Email CB PPU doc_no PO24070118 Entity 01 berhasil dikirim ke: ferry@kurakurabali.com  
[2024-07-24 09:09:41] local.INFO: Email CB PPU doc_no PO24070119 Entity 01 berhasil dikirim ke: ferry@kurakurabali.com  
[2024-07-24 09:10:02] local.INFO: Email CB PPU doc_no PO24070120 Entity 01 berhasil dikirim ke: ferry@kurakurabali.com  
[2024-07-24 09:10:23] local.INFO: Email CB PPU doc_no PO24070121 Entity 01 berhasil dikirim ke: ferry@kurakurabali.com  
[2024-07-24 09:10:44] local.INFO: Email CB PPU doc_no PO24070122 Entity 01 berhasil dikirim ke: ferry@kurakurabali.com  
[2024-07-24 09:11:03] local.INFO: Email CB PPU doc_no PM24070011 Entity 01 berhasil dikirim ke: fivianty.wijaya@kurakurabali.com  
[2024-07-24 09:34:51] local.INFO: Email CB PPU doc_no PR24070086 Entity 01 berhasil dikirim ke: yoga.swara@kurakurabali.com  
[2024-07-24 09:35:08] local.INFO: Email CB PPU doc_no PF24070028 Entity 01 berhasil dikirim ke: zefri@kurakurabali.com  
[2024-07-24 09:37:07] local.INFO: Email CB PPU doc_no PJ24070017 Entity 01 berhasil dikirim ke: rina.anggraini@kurakurabali.com  
[2024-07-24 09:38:00] local.INFO: Email CB PPU doc_no PK24070106 Entity 01 berhasil dikirim ke: felix.budiman@kurakurabali.com  
[2024-07-24 09:51:03] local.INFO: Email CB PPU doc_no PF24070028 Entity 01 berhasil dikirim ke: zakki.hakim@kurakurabali.com  
[2024-07-24 09:51:03] local.INFO: Email CB PPU doc_no PF24070028 Entity 01 already sent to: zakki.hakim@kurakurabali.com  
[2024-07-24 09:53:54] local.INFO: Email CB PPU doc_no PJ24070018 Entity 01 berhasil dikirim ke: rina.anggraini@kurakurabali.com  
[2024-07-24 10:18:19] local.INFO: Email Purchase Order doc_no PO24070123 Entity 01 berhasil dikirim ke: yoga.swara@kurakurabali.com  
[2024-07-24 10:23:16] local.INFO: Email Purchase Requisition doc_no RF24070103 Entity 01 berhasil dikirim ke: fivianty.wijaya@kurakurabali.com  
[2024-07-24 10:29:14] local.INFO: Email CB PPU doc_no PR24070087 Entity 01 berhasil dikirim ke: yoga.swara@kurakurabali.com  
[2024-07-24 10:31:02] local.INFO: Email CB PPU doc_no PR24070088 Entity 01 berhasil dikirim ke: yoga.swara@kurakurabali.com  
[2024-07-24 10:50:46] local.INFO: Email CB PPU doc_no PK24070107 Entity 01 berhasil dikirim ke: felix.budiman@kurakurabali.com  
[2024-07-24 10:55:41] local.INFO: Email Purchase Selection doc_no QO24070130 Entity 01 berhasil dikirim ke: josephine.wibawa@kurakurabali.com  
[2024-07-24 10:58:21] local.INFO: Email CB PPU doc_no PK24070108 Entity 01 berhasil dikirim ke: felix.budiman@kurakurabali.com  
[2024-07-24 11:01:41] local.INFO: Email CB PPU doc_no PK24070109 Entity 01 berhasil dikirim ke: felix.budiman@kurakurabali.com  
[2024-07-24 11:05:39] local.INFO: Email Purchase Order doc_no PO24070124 Entity 01 berhasil dikirim ke: yoga.swara@kurakurabali.com  
[2024-07-24 11:09:19] local.INFO: Email CB PPU doc_no PK24070110 Entity 01 berhasil dikirim ke: felix.budiman@kurakurabali.com  
[2024-07-24 11:10:42] local.INFO: Email Purchase Selection doc_no QO24070124 Entity 01 berhasil dikirim ke: josephine.wibawa@kurakurabali.com  
[2024-07-24 11:17:00] local.INFO: Email Purchase Requisition doc_no RF24070104 Entity 01 berhasil dikirim ke: fivianty.wijaya@kurakurabali.com  
[2024-07-24 11:21:44] local.INFO: Email CM Progress doc_no PC24070004 Entity 04 berhasil dikirim ke: dilph.ho@kurakurabali.com  
[2024-07-24 11:22:07] local.INFO: Email CB PPU doc_no PR24070089 Entity 01 berhasil dikirim ke: yoga.swara@kurakurabali.com  
[2024-07-24 11:35:08] local.INFO: Email CB PPU doc_no PM24070012 Entity 01 berhasil dikirim ke: fivianty.wijaya@kurakurabali.com  
[2024-07-24 11:45:18] local.INFO: Email Purchase Order doc_no PO24070125 Entity 01 berhasil dikirim ke: yoga.swara@kurakurabali.com  
[2024-07-24 11:46:02] local.INFO: Email CB RPB doc_no RP24070079 Entity 01 berhasil dikirim ke: rina.anggraini@kurakurabali.com  
[2024-07-24 11:58:48] local.INFO: Email CB PPU doc_no PP24070002 Entity 01 berhasil dikirim ke: markus.halim@kurakurabali.com  
[2024-07-24 12:05:15] local.INFO: Email CB RPB doc_no RP24070080 Entity 01 berhasil dikirim ke: rina.anggraini@kurakurabali.com  
[2024-07-24 13:16:40] local.INFO: Email Purchase Selection doc_no QO24070131 Entity 01 berhasil dikirim ke: josephine.wibawa@kurakurabali.com  
[2024-07-24 13:29:34] local.INFO: Email CB RPB doc_no RP24070081 Entity 01 berhasil dikirim ke: rina.anggraini@kurakurabali.com  
[2024-07-24 13:32:11] local.INFO: Email CB PPU doc_no PM24070013 Entity 01 berhasil dikirim ke: fivianty.wijaya@kurakurabali.com  
[2024-07-24 13:35:56] local.INFO: Email CB RPB doc_no RP24070082 Entity 01 berhasil dikirim ke: rina.anggraini@kurakurabali.com  
[2024-07-24 13:39:12] local.INFO: Email CB RPB doc_no RP24080001 Entity 01 berhasil dikirim ke: rina.anggraini@kurakurabali.com  
[2024-07-24 13:40:38] local.INFO: Email CB RPB doc_no RP24080002 Entity 01 berhasil dikirim ke: rina.anggraini@kurakurabali.com  
[2024-07-24 14:09:42] local.INFO: Email Purchase Requisition doc_no RF24070105 Entity 01 berhasil dikirim ke: felix.budiman@kurakurabali.com  
[2024-07-24 14:14:45] local.INFO: Email CB PPU doc_no PJ24070019 Entity 01 berhasil dikirim ke: rina.anggraini@kurakurabali.com  
[2024-07-24 14:17:00] local.INFO: Email Purchase Selection doc_no QO24070121 Entity 01 berhasil dikirim ke: josephine.wibawa@kurakurabali.com  
[2024-07-24 14:17:23] local.INFO: Email CB PPU doc_no PJ24070020 Entity 01 berhasil dikirim ke: rina.anggraini@kurakurabali.com  
[2024-07-24 14:20:26] local.INFO: Email CB PPU doc_no PJ24070021 Entity 01 berhasil dikirim ke: rina.anggraini@kurakurabali.com  
[2024-07-24 14:21:46] local.INFO: Email CB PPU doc_no PK24070111 Entity 01 berhasil dikirim ke: felix.budiman@kurakurabali.com  
[2024-07-24 14:25:05] local.INFO: Email CB PPU doc_no PE24070011 Entity 01 berhasil dikirim ke: zefri@kurakurabali.com  
[2024-07-24 14:28:44] local.INFO: Email CB PPU doc_no PJ24070022 Entity 01 berhasil dikirim ke: rina.anggraini@kurakurabali.com  
[2024-07-24 14:39:49] local.INFO: Email CB PPU doc_no PJ24070006 Entity 03 berhasil dikirim ke: rina.anggraini@kurakurabali.com  
[2024-07-24 14:42:28] local.INFO: Email CB PPU doc_no PJ24070007 Entity 03 berhasil dikirim ke: rina.anggraini@kurakurabali.com  
[2024-07-24 14:48:30] local.INFO: Email CB PPU doc_no PE24070011 Entity 01 berhasil dikirim ke: zakki.hakim@kurakurabali.com  
[2024-07-24 14:49:48] local.INFO: Email CB PPU doc_no PF24070025 Entity 01 berhasil dikirim ke: zakki.hakim@kurakurabali.com  
[2024-07-24 14:59:04] local.INFO: Email Purchase Requisition doc_no RF24070108 Entity 01 berhasil dikirim ke: felix.budiman@kurakurabali.com  
[2024-07-24 15:00:24] local.INFO: Email Purchase Requisition doc_no RF24070107 Entity 01 berhasil dikirim ke: slamet.sumaryadi@kurakurabali.com  
[2024-07-24 15:02:45] local.INFO: Email CB PPU doc_no PK24070112 Entity 01 berhasil dikirim ke: felix.budiman@kurakurabali.com  
[2024-07-24 15:06:46] local.INFO: Email CB RPB doc_no RP24080001 Entity 03 berhasil dikirim ke: rina.anggraini@kurakurabali.com  
[2024-07-24 15:16:00] local.INFO: Email CB PPU doc_no PJ24070022 Entity 01 berhasil dikirim ke: darren.chan@kurakurabali.com  
[2024-07-24 15:16:03] local.INFO: Email CB PPU doc_no PJ24070021 Entity 01 berhasil dikirim ke: darren.chan@kurakurabali.com  
[2024-07-24 15:16:06] local.INFO: Email CB PPU doc_no PJ24070020 Entity 01 berhasil dikirim ke: darren.chan@kurakurabali.com  
[2024-07-24 15:16:09] local.INFO: Email CB PPU doc_no PJ24070019 Entity 01 berhasil dikirim ke: darren.chan@kurakurabali.com  
[2024-07-24 15:39:38] local.INFO: Email Purchase Requisition doc_no RF24070109 Entity 01 berhasil dikirim ke: inge.sutanto@kurakurabali.com  
[2024-07-24 16:06:16] local.INFO: Email Purchase Order doc_no PO24070128 Entity 01 berhasil dikirim ke: yoga.swara@kurakurabali.com  
[2024-07-24 16:06:44] local.INFO: Email Purchase Order doc_no PO24070127 Entity 01 berhasil dikirim ke: yoga.swara@kurakurabali.com  
[2024-07-24 16:07:19] local.INFO: Email Purchase Order doc_no PO24070126 Entity 01 berhasil dikirim ke: yoga.swara@kurakurabali.com  
[2024-07-24 16:08:53] local.INFO: Email CB RPB doc_no RP24070016 Entity 03 berhasil dikirim ke: rina.anggraini@kurakurabali.com  
[2024-07-24 16:09:08] local.INFO: Email CB RPB doc_no RP24070016 Entity 03 already sent to: rina.anggraini@kurakurabali.com  
[2024-07-24 16:27:37] local.INFO: Email CB PPU doc_no PK24070113 Entity 01 berhasil dikirim ke: felix.budiman@kurakurabali.com  
[2024-07-24 16:37:03] local.INFO: Email Purchase Requisition doc_no RF24070110 Entity 01 berhasil dikirim ke: slamet.sumaryadi@kurakurabali.com  
[2024-07-24 16:59:46] local.INFO: Email CB PPU doc_no PO24070002 Entity 04 berhasil dikirim ke: agung.buana@kurakurabali.com  
[2024-07-24 17:00:45] local.INFO: Email CB PPU doc_no PG24070007 Entity 01 berhasil dikirim ke: dilph.ho@kurakurabali.com  
[2024-07-24 17:06:38] local.INFO: Email CB PPU doc_no PG24070008 Entity 01 berhasil dikirim ke: dilph.ho@kurakurabali.com  
[2024-07-24 17:08:30] local.INFO: Email CB PPU doc_no PG24070009 Entity 01 berhasil dikirim ke: dilph.ho@kurakurabali.com  
[2024-07-24 17:50:35] local.INFO: Email CB PPU doc_no PD24070022 Entity 01 berhasil dikirim ke: francis.yee@kurakurabali.com  
[2024-07-24 17:53:56] local.INFO: Email CB PPU doc_no PD24070023 Entity 01 berhasil dikirim ke: francis.yee@kurakurabali.com  
[2024-07-24 17:54:57] local.INFO: Email CB PPU doc_no PG24070007 Entity 01 berhasil dikirim ke: andrew.potts@kurakurabali.com  
[2024-07-24 17:55:06] local.INFO: Email CB PPU doc_no PG24070009 Entity 01 berhasil dikirim ke: andrew.potts@kurakurabali.com  
[2024-07-24 17:55:17] local.INFO: Email CB PPU doc_no PG24070008 Entity 01 berhasil dikirim ke: andrew.potts@kurakurabali.com  
[2024-07-24 17:59:00] local.INFO: Email CB PPU doc_no PD24070024 Entity 01 berhasil dikirim ke: francis.yee@kurakurabali.com  
