[2024-07-24 09:19:05] local.INFO: Email Feedback doc_no PO24070118 Entity 01 berhasil dikirim ke: saraswati.puspita@kurakurabali.com  
[2024-07-24 09:44:33] local.INFO: Email Feedback Approval doc_no RF24070007 Entity 03 berhasil dikirim ke: diah.puspa@kurakurabali.com & CC ke : Josephine.wibawa@kurakurabali.com, ratih.wulandari@kurakurabali.com, yoga.swara@kurakurabali.com  
[2024-07-24 09:45:54] local.INFO: Email Feedback Approval doc_no RF24070010 Entity 03 berhasil dikirim ke: diah.puspa@kurakurabali.com & CC ke : Josephine.wibawa@kurakurabali.com, ratih.wulandari@kurakurabali.com, yoga.swara@kurakurabali.com  
[2024-07-24 10:00:26] local.INFO: Email Feedback doc_no PR24070086 Entity 01 berhasil dikirim ke: kadek.wirata@kurakurabali.com  
[2024-07-24 10:02:22] local.INFO: Email Feedback Approval doc_no RF24070099 Entity 01 berhasil dikirim ke: indra.pramana@kurakurabali.com & CC ke : Josephine.wibawa@kurakurabali.com, ratih.wulandari@kurakurabali.com, yoga.swara@kurakurabali.com  
[2024-07-24 10:25:10] local.INFO: Email Feedback doc_no QO24070129 Entity 01 berhasil dikirim ke: ratih.wulandari@kurakurabali.com  
[2024-07-24 10:42:02] local.INFO: Email Feedback doc_no PK24070106 Entity 01 berhasil dikirim ke: komang.ayu@kurakurabali.com  
[2024-07-24 10:54:24] local.INFO: Email Feedback doc_no PO24070123 Entity 01 berhasil dikirim ke: ratih.wulandari@kurakurabali.com  
[2024-07-24 10:54:33] local.INFO: Email Feedback doc_no PR24070087 Entity 01 berhasil dikirim ke: puturia@kurakurabali.com  
[2024-07-24 10:54:39] local.INFO: Email Feedback doc_no PR24070088 Entity 01 berhasil dikirim ke: putu.arbi@kurakurabali.com  
[2024-07-24 11:00:22] local.INFO: Email Feedback doc_no QO24070130 Entity 01 berhasil dikirim ke: kadek.wirata@kurakurabali.com  
[2024-07-24 11:01:26] local.INFO: Email Feedback doc_no QO24070113 Entity 01 berhasil dikirim ke: galuh@kurakurabali.com  
[2024-07-24 11:11:44] local.INFO: Email Feedback doc_no PO24070124 Entity 01 berhasil dikirim ke: kadek.wirata@kurakurabali.com  
[2024-07-24 11:26:44] local.INFO: Email Feedback doc_no PF24070028 Entity 01 berhasil dikirim ke: chansya.prabahesty@kurakurabali.com  
[2024-07-24 11:42:02] local.INFO: Email Feedback doc_no PK24070110 Entity 01 berhasil dikirim ke: erika.lestari@kurakurabali.com  
[2024-07-24 11:42:05] local.INFO: Email Feedback doc_no PK24070109 Entity 01 berhasil dikirim ke: erika.lestari@kurakurabali.com  
[2024-07-24 11:42:08] local.INFO: Email Feedback doc_no PK24070108 Entity 01 berhasil dikirim ke: erika.lestari@kurakurabali.com  
[2024-07-24 11:56:35] local.INFO: Email Feedback doc_no PR24070089 Entity 01 berhasil dikirim ke: kadek.wirata@kurakurabali.com  
[2024-07-24 11:58:08] local.INFO: Email Feedback doc_no PO24070125 Entity 01 berhasil dikirim ke: ratih.wulandari@kurakurabali.com  
[2024-07-24 12:10:48] local.INFO: Email Feedback doc_no PC24070004 Entity 04 berhasil dikirim ke: dewi.titiana@kurakurabali.com  
[2024-07-24 14:42:02] local.INFO: Email Feedback doc_no PK24070111 Entity 01 berhasil dikirim ke: erika.lestari@kurakurabali.com  
[2024-07-24 14:42:05] local.INFO: Email Feedback Approval doc_no RF24070105 Entity 01 berhasil dikirim ke: erika.lestari@kurakurabali.com & CC ke : Josephine.wibawa@kurakurabali.com, ratih.wulandari@kurakurabali.com, yoga.swara@kurakurabali.com  
[2024-07-24 14:45:03] local.INFO: Email Feedback doc_no QO24070121 Entity 01 berhasil dikirim ke: galuh@kurakurabali.com  
[2024-07-24 14:45:39] local.INFO: Email Feedback doc_no QO24070124 Entity 01 berhasil dikirim ke: galuh@kurakurabali.com  
[2024-07-24 15:09:58] local.INFO: Email Feedback Approval doc_no RF24070107 Entity 01 berhasil dikirim ke: nina.adriana@kurakurabali.com & CC ke : Josephine.wibawa@kurakurabali.com, ratih.wulandari@kurakurabali.com, yoga.swara@kurakurabali.com  
[2024-07-24 15:12:02] local.INFO: Email Feedback doc_no PK24070112 Entity 01 berhasil dikirim ke: erika.lestari@kurakurabali.com  
[2024-07-24 15:12:05] local.INFO: Email Feedback Approval doc_no RF24070108 Entity 01 berhasil dikirim ke: erika.lestari@kurakurabali.com & CC ke : Josephine.wibawa@kurakurabali.com, ratih.wulandari@kurakurabali.com, yoga.swara@kurakurabali.com  
[2024-07-24 15:12:08] local.INFO: Email Feedback doc_no RP24080002 Entity 01 berhasil dikirim ke: natalia.samosir@kurakurabali.com  
[2024-07-24 15:12:11] local.INFO: Email Feedback doc_no RP24070082 Entity 01 berhasil dikirim ke: komang.waharini@kurakurabali.com  
[2024-07-24 15:12:14] local.INFO: Email Feedback doc_no RP24080001 Entity 01 berhasil dikirim ke: natalia.samosir@kurakurabali.com  
[2024-07-24 15:12:17] local.INFO: Email Feedback doc_no RP24070081 Entity 01 berhasil dikirim ke: natalia.samosir@kurakurabali.com  
[2024-07-24 15:12:20] local.INFO: Email Feedback doc_no RP24070078 Entity 01 berhasil dikirim ke: komang.waharini@kurakurabali.com  
[2024-07-24 15:12:23] local.INFO: Email Feedback doc_no PJ24070005 Entity 03 berhasil dikirim ke: ayu.intan@kurakurabali.com  
[2024-07-24 15:12:26] local.INFO: Email Feedback doc_no PJ24070004 Entity 03 berhasil dikirim ke: ayu.intan@kurakurabali.com  
[2024-07-24 15:18:15] local.INFO: Email Feedback doc_no PE24070011 Entity 01 berhasil dikirim ke: made.lani@kurakurabali.com  
[2024-07-24 15:18:48] local.INFO: Email Feedback doc_no PF24070025 Entity 01 berhasil dikirim ke: chansya.prabahesty@kurakurabali.com  
[2024-07-24 15:42:02] local.INFO: Email Feedback doc_no PJ24070007 Entity 03 berhasil dikirim ke: ayu.intan@kurakurabali.com  
[2024-07-24 15:42:05] local.INFO: Email Feedback doc_no PJ24070006 Entity 03 berhasil dikirim ke: ayu.intan@kurakurabali.com  
[2024-07-24 16:08:02] local.INFO: Email Feedback doc_no PJ24070020 Entity 01 berhasil dikirim ke: ayu.intan@kurakurabali.com  
[2024-07-24 16:08:58] local.INFO: Email Feedback doc_no PJ24070022 Entity 01 berhasil dikirim ke: ayu.intan@kurakurabali.com  
[2024-07-24 16:09:45] local.INFO: Email Feedback doc_no PJ24070019 Entity 01 berhasil dikirim ke: ayu.intan@kurakurabali.com  
[2024-07-24 16:10:31] local.INFO: Email Feedback doc_no PJ24070021 Entity 01 berhasil dikirim ke: ayu.intan@kurakurabali.com  
[2024-07-24 16:44:08] local.INFO: Email Feedback Approval doc_no RF24070110 Entity 01 berhasil dikirim ke: nina.adriana@kurakurabali.com & CC ke : Josephine.wibawa@kurakurabali.com, ratih.wulandari@kurakurabali.com, yoga.swara@kurakurabali.com  
[2024-07-24 17:12:02] local.INFO: Email Feedback doc_no PK24070113 Entity 01 berhasil dikirim ke: komang.ayu@kurakurabali.com  
[2024-07-24 17:41:18] local.INFO: Email Feedback doc_no PO24070119 Entity 01 berhasil dikirim ke: saraswati.puspita@kurakurabali.com  
[2024-07-24 17:41:36] local.INFO: Email Feedback doc_no PO24070120 Entity 01 berhasil dikirim ke: saraswati.puspita@kurakurabali.com  
[2024-07-24 17:41:55] local.INFO: Email Feedback doc_no PO24070121 Entity 01 berhasil dikirim ke: saraswati.puspita@kurakurabali.com  
[2024-07-24 17:42:12] local.INFO: Email Feedback doc_no PO24070122 Entity 01 berhasil dikirim ke: saraswati.puspita@kurakurabali.com  
[2024-07-24 17:51:46] local.INFO: Email Feedback doc_no PO24070002 Entity 04 berhasil dikirim ke: saraswati.puspita@kurakurabali.com  
[2024-07-24 18:57:38] local.INFO: Email Feedback doc_no PG24070007 Entity 01 berhasil dikirim ke: ricky.setiawan@kurakurabali.com  
[2024-07-24 18:58:13] local.INFO: Email Feedback doc_no PG24070009 Entity 01 berhasil dikirim ke: ricky.setiawan@kurakurabali.com  
[2024-07-24 18:58:57] local.INFO: Email Feedback doc_no PG24070008 Entity 01 berhasil dikirim ke: ricky.setiawan@kurakurabali.com  
[2024-07-24 20:31:42] local.INFO: Email Feedback doc_no PD24070024 Entity 01 berhasil dikirim ke: kelvri.sinambela@kurakurabali.com  
[2024-07-24 20:32:03] local.INFO: Email Feedback doc_no PD24070022 Entity 01 berhasil dikirim ke: kelvri.sinambela@kurakurabali.com  
[2024-07-24 20:32:34] local.INFO: Email Feedback doc_no PD24070023 Entity 01 berhasil dikirim ke: kelvri.sinambela@kurakurabali.com  
