[2024-07-11 09:08:22] local.INFO: Email Feedback doc_no PR24070038 Entity 01 berhasil dikirim ke: kadek.wirata@kurakurabali.com  
[2024-07-11 09:08:32] local.INFO: Email Feedback doc_no PR24070039 Entity 01 berhasil dikirim ke: galuh@kurakurabali.com  
[2024-07-11 10:16:16] local.INFO: Email Feedback doc_no PK24070064 Entity 01 berhasil dikirim ke: komang.ayu@kurakurabali.com  
[2024-07-11 10:16:19] local.INFO: Email Feedback doc_no PK24070063 Entity 01 berhasil dikirim ke: komang.ayu@kurakurabali.com  
[2024-07-11 10:46:16] local.INFO: Email Feedback Approval doc_no RF24070053 Entity 01 berhasil dikirim ke: nina.adriana@kurakurabali.com & CC ke : Josephine.wibawa@kurakurabali.com, ratih.wulandari@kurakurabali.com, yoga.swara@kurakurabali.com  
[2024-07-11 12:16:15] local.INFO: Email Feedback doc_no RP24070036 Entity 01 berhasil dikirim ke: komang.waharini@kurakurabali.com  
[2024-07-11 12:16:18] local.INFO: Email Feedback doc_no RP24070037 Entity 01 berhasil dikirim ke: komang.waharini@kurakurabali.com  
[2024-07-11 12:16:21] local.INFO: Email Feedback doc_no RP24070010 Entity 03 berhasil dikirim ke: komang.waharini@kurakurabali.com  
[2024-07-11 12:16:24] local.INFO: Email Feedback doc_no RP24070009 Entity 03 berhasil dikirim ke: komang.waharini@kurakurabali.com  
[2024-07-11 12:35:45] local.INFO: Email Feedback doc_no PD24070015 Entity 01 berhasil dikirim ke: kelvri.sinambela@kurakurabali.com  
[2024-07-11 12:54:33] local.INFO: Email Feedback doc_no PR24070040 Entity 01 berhasil dikirim ke: ratih.wulandari@kurakurabali.com  
[2024-07-11 13:32:36] local.INFO: Email Feedback Approval doc_no RF24070058 Entity 01 berhasil dikirim ke: nina.adriana@kurakurabali.com & CC ke : Josephine.wibawa@kurakurabali.com, ratih.wulandari@kurakurabali.com, yoga.swara@kurakurabali.com  
[2024-07-11 14:41:41] local.INFO: Email Feedback doc_no QO24070006 Entity 03 berhasil dikirim ke: putu.arbi@kurakurabali.com  
[2024-07-11 14:50:33] local.INFO: Email Feedback doc_no PE24070008 Entity 01 berhasil dikirim ke: made.lani@kurakurabali.com  
[2024-07-11 14:50:57] local.INFO: Email Feedback doc_no PE24070009 Entity 01 berhasil dikirim ke: made.lani@kurakurabali.com  
[2024-07-11 14:51:20] local.INFO: Email Feedback Approval doc_no RF24070059 Entity 01 berhasil dikirim ke: chansya.prabahesty@kurakurabali.com & CC ke : Josephine.wibawa@kurakurabali.com, ratih.wulandari@kurakurabali.com, yoga.swara@kurakurabali.com  
[2024-07-11 15:07:37] local.INFO: Email Feedback doc_no PO24070008 Entity 03 berhasil dikirim ke: putu.arbi@kurakurabali.com  
[2024-07-11 15:09:09] local.INFO: Email Feedback doc_no PF24070018 Entity 01 berhasil dikirim ke: chansya.prabahesty@kurakurabali.com  
[2024-07-11 15:12:46] local.INFO: Email Feedback doc_no PF24070011 Entity 01 berhasil dikirim ke: chansya.prabahesty@kurakurabali.com  
[2024-07-11 15:29:40] local.INFO: Email Feedback doc_no PO24070066 Entity 01 berhasil dikirim ke: saraswati.puspita@kurakurabali.com  
[2024-07-11 15:43:18] local.INFO: Email Feedback doc_no PD24070016 Entity 01 berhasil dikirim ke: kelvri.sinambela@kurakurabali.com  
[2024-07-11 15:50:34] local.INFO: Email Feedback doc_no PR24070041 Entity 01 berhasil dikirim ke: kadek.wirata@kurakurabali.com  
[2024-07-11 15:51:30] local.INFO: Email Feedback doc_no PR24070042 Entity 01 berhasil dikirim ke: ratih.wulandari@kurakurabali.com  
[2024-07-11 16:16:16] local.INFO: Email Feedback doc_no PK24070066 Entity 01 berhasil dikirim ke: erika.lestari@kurakurabali.com  
[2024-07-11 16:36:04] local.INFO: Email Feedback doc_no PC24070005 Entity 03 berhasil dikirim ke: diah.puspa@kurakurabali.com  
[2024-07-11 19:20:18] local.INFO: Email Feedback doc_no PK24070065 Entity 01 berhasil dikirim ke: erika.lestari@kurakurabali.com  
[2024-07-11 20:29:18] local.INFO: Email Feedback doc_no PC24070002 Entity 03 berhasil dikirim ke: diah.puspa@kurakurabali.com  
[2024-07-11 20:34:30] local.INFO: Email Feedback doc_no PC24070003 Entity 03 berhasil dikirim ke: diah.puspa@kurakurabali.com  
[2024-07-11 20:38:36] local.INFO: Email Feedback Approval doc_no RF24070060 Entity 01 berhasil dikirim ke: desman.weldenny@kurakurabali.com & CC ke : Josephine.wibawa@kurakurabali.com, ratih.wulandari@kurakurabali.com, yoga.swara@kurakurabali.com  
[2024-07-11 21:54:16] local.INFO: Email Feedback Approval doc_no RF24070006 Entity 03 berhasil dikirim ke: diah.puspa@kurakurabali.com & CC ke : Josephine.wibawa@kurakurabali.com, ratih.wulandari@kurakurabali.com, yoga.swara@kurakurabali.com  
[2024-07-11 21:54:45] local.INFO: Email Feedback Approval doc_no RF24070002 Entity 03 berhasil dikirim ke: diah.puspa@kurakurabali.com & CC ke : Josephine.wibawa@kurakurabali.com, ratih.wulandari@kurakurabali.com, yoga.swara@kurakurabali.com  
[2024-07-11 21:55:16] local.INFO: Email Feedback Approval doc_no RF24070005 Entity 03 berhasil dikirim ke: diah.puspa@kurakurabali.com & CC ke : Josephine.wibawa@kurakurabali.com, ratih.wulandari@kurakurabali.com, yoga.swara@kurakurabali.com  
[2024-07-11 21:55:44] local.INFO: Email Feedback Approval doc_no RF24070004 Entity 03 berhasil dikirim ke: diah.puspa@kurakurabali.com & CC ke : Josephine.wibawa@kurakurabali.com, ratih.wulandari@kurakurabali.com, yoga.swara@kurakurabali.com  
[2024-07-11 21:56:17] local.INFO: Email Feedback Approval doc_no RF24070003 Entity 03 berhasil dikirim ke: diah.puspa@kurakurabali.com & CC ke : Josephine.wibawa@kurakurabali.com, ratih.wulandari@kurakurabali.com, yoga.swara@kurakurabali.com  
[2024-07-11 21:57:47] local.INFO: Email Feedback Approval doc_no RF24070001 Entity 03 berhasil dikirim ke: diah.puspa@kurakurabali.com & CC ke : Josephine.wibawa@kurakurabali.com, ratih.wulandari@kurakurabali.com, yoga.swara@kurakurabali.com  
