[2024-07-11 09:29:32] local.INFO: Email CB PPU doc_no PK24070063 Entity 01 berhasil dikirim ke: felix.budiman@kurakurabali.com  
[2024-07-11 09:38:15] local.INFO: Email CB PPU doc_no PK24070064 Entity 01 berhasil dikirim ke: felix.budiman@kurakurabali.com  
[2024-07-11 11:27:50] local.INFO: Email CB RPB doc_no RP24070009 Entity 03 berhasil dikirim ke: rina.anggraini@kurakurabali.com  
[2024-07-11 11:28:49] local.INFO: Email CB RPB doc_no RP24070010 Entity 03 berhasil dikirim ke: rina.anggraini@kurakurabali.com  
[2024-07-11 11:41:04] local.INFO: Email CB RPB doc_no RP24070036 Entity 01 berhasil dikirim ke: rina.anggraini@kurakurabali.com  
[2024-07-11 11:41:53] local.INFO: Email CB RPB doc_no RP24070037 Entity 01 berhasil dikirim ke: rina.anggraini@kurakurabali.com  
[2024-07-11 12:10:44] local.INFO: Email CB PPU doc_no PD24070015 Entity 01 berhasil dikirim ke: francis.yee@kurakurabali.com  
[2024-07-11 12:13:30] local.INFO: Email CB PPU doc_no PR24070040 Entity 01 berhasil dikirim ke: yoga.swara@kurakurabali.com  
[2024-07-11 12:57:21] local.INFO: Email Purchase Requisition doc_no RF24070058 Entity 01 berhasil dikirim ke: slamet.sumaryadi@kurakurabali.com  
[2024-07-11 14:10:03] local.INFO: Email Purchase Selection doc_no QO24070006 Entity 03 berhasil dikirim ke: josephine.wibawa@kurakurabali.com  
[2024-07-11 14:12:41] local.INFO: Email CB PPU doc_no PO24070066 Entity 01 berhasil dikirim ke: agung.buana@kurakurabali.com  
[2024-07-11 14:32:22] local.INFO: Email CB PPU doc_no PE24070007 Entity 01 berhasil dikirim ke: zefri@kurakurabali.com  
[2024-07-11 14:38:24] local.INFO: Email CB PPU doc_no PE24070008 Entity 01 berhasil dikirim ke: zefri@kurakurabali.com  
[2024-07-11 14:41:14] local.INFO: Email Purchase Requisition doc_no RF24070059 Entity 01 berhasil dikirim ke: zefri@kurakurabali.com  
[2024-07-11 14:42:58] local.INFO: Email CB PPU doc_no PE24070009 Entity 01 berhasil dikirim ke: zefri@kurakurabali.com  
[2024-07-11 14:44:43] local.INFO: Email CB PPU doc_no PF24070017 Entity 01 berhasil dikirim ke: zefri@kurakurabali.com  
[2024-07-11 14:45:09] local.INFO: Email Purchase Requisition doc_no RF24070059 Entity 01 berhasil dikirim ke: zakki.hakim@kurakurabali.com  
[2024-07-11 14:45:12] local.INFO: Email CB PPU doc_no PF24070017 Entity 01 berhasil dikirim ke: zakki.hakim@kurakurabali.com  
[2024-07-11 14:45:15] local.INFO: Email CB PPU doc_no PE24070009 Entity 01 berhasil dikirim ke: zakki.hakim@kurakurabali.com  
[2024-07-11 14:45:18] local.INFO: Email CB PPU doc_no PE24070008 Entity 01 berhasil dikirim ke: zakki.hakim@kurakurabali.com  
[2024-07-11 14:45:22] local.INFO: Email CB PPU doc_no PE24070007 Entity 01 berhasil dikirim ke: zakki.hakim@kurakurabali.com  
[2024-07-11 14:47:16] local.INFO: Email CB PPU doc_no PF24070018 Entity 01 berhasil dikirim ke: zefri@kurakurabali.com  
[2024-07-11 14:54:10] local.INFO: Email Purchase Order doc_no PO24070008 Entity 03 berhasil dikirim ke: yoga.swara@kurakurabali.com  
[2024-07-11 15:00:09] local.INFO: Email CB PPU doc_no PF24070018 Entity 01 berhasil dikirim ke: zakki.hakim@kurakurabali.com  
[2024-07-11 15:04:42] local.INFO: Email CB PPU doc_no PD24070016 Entity 01 berhasil dikirim ke: francis.yee@kurakurabali.com  
[2024-07-11 15:38:07] local.INFO: Email CB PPU doc_no PR24070041 Entity 01 berhasil dikirim ke: yoga.swara@kurakurabali.com  
[2024-07-11 15:43:11] local.INFO: Email CB PPU doc_no PK24070065 Entity 01 berhasil dikirim ke: felix.budiman@kurakurabali.com  
[2024-07-11 15:45:09] local.INFO: Email CB PPU doc_no PK24070065 Entity 01 berhasil dikirim ke: aaron.tham@kurakurabali.com  
[2024-07-11 15:50:29] local.INFO: Email CB PPU doc_no PR24070042 Entity 01 berhasil dikirim ke: yoga.swara@kurakurabali.com  
[2024-07-11 15:56:07] local.INFO: Email CB PPU doc_no PK24070001 Entity 04 berhasil dikirim ke: felix.budiman@kurakurabali.com  
[2024-07-11 15:58:41] local.INFO: Email Purchase Requisition doc_no RF24070060 Entity 01 berhasil dikirim ke: aaron.tham@kurakurabali.com  
[2024-07-11 16:00:09] local.INFO: Email CB PPU doc_no PK24070001 Entity 04 berhasil dikirim ke: aaron.tham@kurakurabali.com  
[2024-07-11 16:10:48] local.INFO: Email CB PPU doc_no PK24070066 Entity 01 berhasil dikirim ke: felix.budiman@kurakurabali.com  
[2024-07-11 16:34:02] local.INFO: Email CB PPU doc_no PC24070002 Entity 03 berhasil dikirim ke: ranny.setjiadi@kurakurabali.com  
[2024-07-11 16:34:27] local.INFO: Email CB PPU doc_no PC24070003 Entity 03 berhasil dikirim ke: ranny.setjiadi@kurakurabali.com  
[2024-07-11 16:34:56] local.INFO: Email CB PPU doc_no PC24070004 Entity 03 berhasil dikirim ke: ranny.setjiadi@kurakurabali.com  
[2024-07-11 16:35:23] local.INFO: Email CB PPU doc_no PC24070005 Entity 03 berhasil dikirim ke: ranny.setjiadi@kurakurabali.com  
[2024-07-11 16:36:37] local.INFO: Email Purchase Requisition doc_no RF24070001 Entity 03 berhasil dikirim ke: ranny.setjiadi@kurakurabali.com  
[2024-07-11 16:37:17] local.INFO: Email Purchase Requisition doc_no RF24070002 Entity 03 berhasil dikirim ke: ranny.setjiadi@kurakurabali.com  
[2024-07-11 16:37:45] local.INFO: Email Purchase Requisition doc_no RF24070003 Entity 03 berhasil dikirim ke: ranny.setjiadi@kurakurabali.com  
[2024-07-11 16:38:31] local.INFO: Email Purchase Requisition doc_no RF24070004 Entity 03 berhasil dikirim ke: ranny.setjiadi@kurakurabali.com  
[2024-07-11 16:39:04] local.INFO: Email Purchase Requisition doc_no RF24070005 Entity 03 berhasil dikirim ke: ranny.setjiadi@kurakurabali.com  
[2024-07-11 16:39:45] local.INFO: Email Purchase Requisition doc_no RF24070006 Entity 03 berhasil dikirim ke: ranny.setjiadi@kurakurabali.com  
[2024-07-11 16:45:09] local.INFO: Email CB PPU doc_no PC24070003 Entity 03 berhasil dikirim ke: aaron.tham@kurakurabali.com  
[2024-07-11 16:45:12] local.INFO: Email CB PPU doc_no PC24070002 Entity 03 berhasil dikirim ke: aaron.tham@kurakurabali.com  
