[2024-07-23 09:02:57] local.INFO: Email CB PPU doc_no PG24070006 Entity 01 berhasil dikirim ke: dilph.ho@kurakurabali.com  
[2024-07-23 09:21:07] local.INFO: Email Purchase Selection doc_no QO24070126 Entity 01 berhasil dikirim ke: josephine.wibawa@kurakurabali.com  
[2024-07-23 09:30:08] local.INFO: Email Purchase Order doc_no PO24070113 Entity 01 berhasil dikirim ke: yoga.swara@kurakurabali.com  
[2024-07-23 09:35:05] local.INFO: Email Purchase Selection doc_no QO24070019 Entity 03 berhasil dikirim ke: josephine.wibawa@kurakurabali.com  
[2024-07-23 09:36:00] local.INFO: Email CB PPU doc_no PF24070025 Entity 01 berhasil dikirim ke: zefri@kurakurabali.com  
[2024-07-23 09:37:20] local.INFO: Email Purchase Selection doc_no QO24070127 Entity 01 berhasil dikirim ke: josephine.wibawa@kurakurabali.com  
[2024-07-23 09:38:23] local.INFO: Email CB PPU doc_no PF24070026 Entity 01 berhasil dikirim ke: zefri@kurakurabali.com  
[2024-07-23 09:42:20] local.INFO: Email CB PPU doc_no PF24070027 Entity 01 berhasil dikirim ke: zefri@kurakurabali.com  
[2024-07-23 09:45:45] local.INFO: Email CB PPU doc_no PG24070006 Entity 01 berhasil dikirim ke: andrew.potts@kurakurabali.com  
[2024-07-23 09:46:34] local.INFO: Email Purchase Selection doc_no QO24070128 Entity 01 berhasil dikirim ke: josephine.wibawa@kurakurabali.com  
[2024-07-23 09:48:15] local.INFO: Email Purchase Order doc_no PO24070114 Entity 01 berhasil dikirim ke: yoga.swara@kurakurabali.com  
[2024-07-23 10:22:50] local.INFO: Email CB PPU doc_no PO24070115 Entity 01 berhasil dikirim ke: agung.buana@kurakurabali.com  
[2024-07-23 10:30:46] local.INFO: Email CB PPU doc_no PF24070027 Entity 01 berhasil dikirim ke: zakki.hakim@kurakurabali.com  
[2024-07-23 10:30:49] local.INFO: Email CB PPU doc_no PF24070026 Entity 01 berhasil dikirim ke: zakki.hakim@kurakurabali.com  
[2024-07-23 10:40:07] local.INFO: Email CB RPB doc_no RP24070071 Entity 01 berhasil dikirim ke: rina.anggraini@kurakurabali.com  
[2024-07-23 10:40:56] local.INFO: Email CB RPB doc_no RP24070072 Entity 01 berhasil dikirim ke: rina.anggraini@kurakurabali.com  
[2024-07-23 10:41:58] local.INFO: Email CB RPB doc_no RP24070073 Entity 01 berhasil dikirim ke: rina.anggraini@kurakurabali.com  
[2024-07-23 10:42:15] local.INFO: Email CB PPU doc_no PR24070077 Entity 01 berhasil dikirim ke: yoga.swara@kurakurabali.com  
[2024-07-23 10:43:18] local.INFO: Email CB RPB doc_no RP24070074 Entity 01 berhasil dikirim ke: rina.anggraini@kurakurabali.com  
[2024-07-23 10:43:59] local.INFO: Email CB PPU doc_no PR24070078 Entity 01 berhasil dikirim ke: yoga.swara@kurakurabali.com  
[2024-07-23 10:44:16] local.INFO: Email CB RPB doc_no RP24070075 Entity 01 berhasil dikirim ke: rina.anggraini@kurakurabali.com  
[2024-07-23 10:45:10] local.INFO: Email CB RPB doc_no RP24070076 Entity 01 berhasil dikirim ke: rina.anggraini@kurakurabali.com  
[2024-07-23 10:46:16] local.INFO: Email CB RPB doc_no RP24070077 Entity 01 berhasil dikirim ke: rina.anggraini@kurakurabali.com  
[2024-07-23 10:49:47] local.INFO: Email CB PPU doc_no PR24070004 Entity 04 berhasil dikirim ke: yoga.swara@kurakurabali.com  
[2024-07-23 10:52:53] local.INFO: Email CB PPU doc_no PR24070079 Entity 01 berhasil dikirim ke: yoga.swara@kurakurabali.com  
[2024-07-23 10:56:11] local.INFO: Email CB RPB doc_no RP24070015 Entity 03 berhasil dikirim ke: rina.anggraini@kurakurabali.com  
[2024-07-23 11:02:44] local.INFO: Email CB PPU doc_no PR24070080 Entity 01 berhasil dikirim ke: yoga.swara@kurakurabali.com  
[2024-07-23 11:05:48] local.INFO: Email CB PPU doc_no PR24070081 Entity 01 berhasil dikirim ke: yoga.swara@kurakurabali.com  
[2024-07-23 11:06:26] local.INFO: Email CB PPU doc_no PR24070082 Entity 01 berhasil dikirim ke: yoga.swara@kurakurabali.com  
[2024-07-23 11:08:08] local.INFO: Email CB PPU doc_no PR24070083 Entity 01 berhasil dikirim ke: yoga.swara@kurakurabali.com  
[2024-07-23 11:30:45] local.INFO: Email CB PPU doc_no PR24070081 Entity 01 berhasil dikirim ke: aaron.tham@kurakurabali.com  
[2024-07-23 11:30:48] local.INFO: Email CB PPU doc_no PR24070080 Entity 01 berhasil dikirim ke: aaron.tham@kurakurabali.com  
[2024-07-23 11:52:11] local.INFO: Email Purchase Requisition doc_no RF24070097 Entity 01 berhasil dikirim ke: slamet.sumaryadi@kurakurabali.com  
[2024-07-23 12:02:29] local.INFO: Email Purchase Requisition doc_no RF24070098 Entity 01 berhasil dikirim ke: slamet.sumaryadi@kurakurabali.com  
[2024-07-23 12:10:37] local.INFO: Email CB PPU doc_no PK24070096 Entity 01 berhasil dikirim ke: felix.budiman@kurakurabali.com  
[2024-07-23 13:34:49] local.INFO: Email Purchase Requisition doc_no RF24070099 Entity 01 berhasil dikirim ke: made.ariesana@kurakurabali.com  
[2024-07-23 13:56:34] local.INFO: Email Purchase Requisition doc_no RF24070100 Entity 01 berhasil dikirim ke: aaron.tham@kurakurabali.com  
[2024-07-23 14:09:21] local.INFO: Email CB PPU doc_no PQ24070003 Entity 01 berhasil dikirim ke: aaron.tham@kurakurabali.com  
[2024-07-23 14:19:27] local.INFO: Email CB PPU doc_no PR24070084 Entity 01 berhasil dikirim ke: yoga.swara@kurakurabali.com  
[2024-07-23 14:31:57] local.INFO: Email CB PPU doc_no PR24070085 Entity 01 berhasil dikirim ke: yoga.swara@kurakurabali.com  
[2024-07-23 14:47:11] local.INFO: Email CB PPU doc_no PR24070010 Entity 03 berhasil dikirim ke: yoga.swara@kurakurabali.com  
[2024-07-23 14:53:18] local.INFO: Email CB PPU doc_no PJ24070014 Entity 01 berhasil dikirim ke: rina.anggraini@kurakurabali.com  
[2024-07-23 15:13:39] local.INFO: Email Purchase Requisition doc_no RF24070101 Entity 01 berhasil dikirim ke: felix.budiman@kurakurabali.com  
[2024-07-23 15:16:05] local.INFO: Email CB PPU doc_no PK24070097 Entity 01 berhasil dikirim ke: felix.budiman@kurakurabali.com  
[2024-07-23 15:19:57] local.INFO: Email CB PPU doc_no PK24070098 Entity 01 berhasil dikirim ke: felix.budiman@kurakurabali.com  
[2024-07-23 15:21:27] local.INFO: Email CB PPU doc_no PK24070099 Entity 01 berhasil dikirim ke: felix.budiman@kurakurabali.com  
[2024-07-23 15:29:51] local.INFO: Email CB PPU doc_no PK24070100 Entity 01 berhasil dikirim ke: felix.budiman@kurakurabali.com  
[2024-07-23 15:33:48] local.INFO: Email CB PPU doc_no PK24070101 Entity 01 berhasil dikirim ke: felix.budiman@kurakurabali.com  
[2024-07-23 15:37:11] local.INFO: Email CB RPB doc_no RP24070078 Entity 01 berhasil dikirim ke: rina.anggraini@kurakurabali.com  
[2024-07-23 15:41:18] local.INFO: Email CB PPU doc_no PK24070102 Entity 01 berhasil dikirim ke: felix.budiman@kurakurabali.com  
[2024-07-23 15:44:18] local.INFO: Email CB PPU doc_no PK24070103 Entity 01 berhasil dikirim ke: felix.budiman@kurakurabali.com  
[2024-07-23 15:47:55] local.INFO: Email CB PPU doc_no PK24070104 Entity 01 berhasil dikirim ke: felix.budiman@kurakurabali.com  
[2024-07-23 15:48:13] local.INFO: Email Purchase Requisition doc_no RF24070007 Entity 03 berhasil dikirim ke: ranny.setjiadi@kurakurabali.com  
[2024-07-23 15:48:45] local.INFO: Email Purchase Requisition doc_no RF24070010 Entity 03 berhasil dikirim ke: ranny.setjiadi@kurakurabali.com  
[2024-07-23 15:53:27] local.INFO: Email CB PPU doc_no PJ24070015 Entity 01 berhasil dikirim ke: rina.anggraini@kurakurabali.com  
[2024-07-23 15:55:46] local.INFO: Email Purchase Requisition doc_no RF24070102 Entity 01 berhasil dikirim ke: felix.budiman@kurakurabali.com  
[2024-07-23 16:01:53] local.INFO: Email Purchase Order doc_no PO24070017 Entity 03 berhasil dikirim ke: yoga.swara@kurakurabali.com  
[2024-07-23 16:03:19] local.INFO: Email CB PPU doc_no PJ24070016 Entity 01 berhasil dikirim ke: rina.anggraini@kurakurabali.com  
[2024-07-23 16:03:36] local.INFO: Email Purchase Order doc_no PO24070116 Entity 01 berhasil dikirim ke: yoga.swara@kurakurabali.com  
[2024-07-23 16:15:45] local.INFO: Email CB PPU doc_no PO24070117 Entity 01 berhasil dikirim ke: agung.buana@kurakurabali.com  
[2024-07-23 16:20:43] local.INFO: Email CB PPU doc_no PO24070118 Entity 01 berhasil dikirim ke: agung.buana@kurakurabali.com  
[2024-07-23 16:21:48] local.INFO: Email CB PPU doc_no PO24070119 Entity 01 berhasil dikirim ke: agung.buana@kurakurabali.com  
[2024-07-23 16:24:19] local.INFO: Email CB PPU doc_no PO24070120 Entity 01 berhasil dikirim ke: agung.buana@kurakurabali.com  
[2024-07-23 16:25:47] local.INFO: Email CB PPU doc_no PO24070121 Entity 01 berhasil dikirim ke: agung.buana@kurakurabali.com  
[2024-07-23 16:26:58] local.INFO: Email Purchase Selection doc_no QO24070129 Entity 01 berhasil dikirim ke: josephine.wibawa@kurakurabali.com  
[2024-07-23 16:28:59] local.INFO: Email CB PPU doc_no PO24070122 Entity 01 berhasil dikirim ke: agung.buana@kurakurabali.com  
[2024-07-23 16:31:23] local.INFO: Email Purchase Requisition doc_no RF24070007 Entity 03 berhasil dikirim ke: ranny.setjiadi@kurakurabali.com  
[2024-07-23 16:31:55] local.INFO: Email Purchase Requisition doc_no RF24070010 Entity 03 berhasil dikirim ke: ranny.setjiadi@kurakurabali.com  
[2024-07-23 16:40:02] local.INFO: Email CB PPU doc_no PK24070105 Entity 01 berhasil dikirim ke: felix.budiman@kurakurabali.com  
