[2024-07-23 08:07:55] local.INFO: Email Feedback doc_no PO24070111 Entity 01 berhasil dikirim ke: kadek.wirata@kurakurabali.com  
[2024-07-23 08:07:57] local.INFO: Email Feedback doc_no PO24070112 Entity 01 berhasil dikirim ke: kadek.wirata@kurakurabali.com  
[2024-07-23 09:25:51] local.INFO: Email Feedback doc_no QO24070126 Entity 01 berhasil dikirim ke: kadek.wirata@kurakurabali.com  
[2024-07-23 09:40:50] local.INFO: Email Feedback doc_no QO24070127 Entity 01 berhasil dikirim ke: kadek.wirata@kurakurabali.com  
[2024-07-23 09:46:56] local.INFO: Email Feedback doc_no PO24070113 Entity 01 berhasil dikirim ke: kadek.wirata@kurakurabali.com  
[2024-07-23 09:55:42] local.INFO: Email Feedback doc_no PO24070114 Entity 01 berhasil dikirim ke: kadek.wirata@kurakurabali.com  
[2024-07-23 10:26:58] local.INFO: Email Feedback doc_no PG24070006 Entity 01 berhasil dikirim ke: wayan.mahayu@kurakurabali.com  
[2024-07-23 10:45:32] local.INFO: Email Feedback doc_no PR24070077 Entity 01 berhasil dikirim ke: kadek.wirata@kurakurabali.com  
[2024-07-23 10:45:38] local.INFO: Email Feedback doc_no PR24070078 Entity 01 berhasil dikirim ke: elvany@kurakurabali.com  
[2024-07-23 10:48:15] local.INFO: Email Feedback doc_no PF24070026 Entity 01 berhasil dikirim ke: chansya.prabahesty@kurakurabali.com  
[2024-07-23 10:48:25] local.INFO: Email Feedback doc_no PF24070027 Entity 01 berhasil dikirim ke: chansya.prabahesty@kurakurabali.com  
[2024-07-23 10:53:27] local.INFO: Email Feedback doc_no PR24070004 Entity 04 berhasil dikirim ke: putu.arbi@kurakurabali.com  
[2024-07-23 10:53:40] local.INFO: Email Feedback doc_no PR24070079 Entity 01 berhasil dikirim ke: elvany@kurakurabali.com  
[2024-07-23 10:53:58] local.INFO: Email Feedback doc_no QO24070128 Entity 01 berhasil dikirim ke: putu.arbi@kurakurabali.com  
[2024-07-23 10:54:50] local.INFO: Email Feedback doc_no QO24070019 Entity 03 berhasil dikirim ke: putu.arbi@kurakurabali.com  
[2024-07-23 11:30:24] local.INFO: Email Feedback doc_no PR24070082 Entity 01 berhasil dikirim ke: elvany@kurakurabali.com  
[2024-07-23 11:30:31] local.INFO: Email Feedback doc_no PR24070083 Entity 01 berhasil dikirim ke: galuh@kurakurabali.com  
[2024-07-23 11:44:38] local.INFO: Email Feedback doc_no RP24070015 Entity 03 berhasil dikirim ke: komang.waharini@kurakurabali.com  
[2024-07-23 11:44:41] local.INFO: Email Feedback doc_no RP24070050 Entity 01 berhasil dikirim ke: natalia.samosir@kurakurabali.com  
[2024-07-23 11:44:44] local.INFO: Email Feedback doc_no RP24070077 Entity 01 berhasil dikirim ke: komang.waharini@kurakurabali.com  
[2024-07-23 11:44:48] local.INFO: Email Feedback doc_no RP24070076 Entity 01 berhasil dikirim ke: komang.waharini@kurakurabali.com  
[2024-07-23 11:44:51] local.INFO: Email Feedback doc_no RP24070075 Entity 01 berhasil dikirim ke: komang.waharini@kurakurabali.com  
[2024-07-23 11:44:54] local.INFO: Email Feedback doc_no RP24070074 Entity 01 berhasil dikirim ke: komang.waharini@kurakurabali.com  
[2024-07-23 11:44:57] local.INFO: Email Feedback doc_no RP24070073 Entity 01 berhasil dikirim ke: komang.waharini@kurakurabali.com  
[2024-07-23 11:45:01] local.INFO: Email Feedback doc_no RP24070072 Entity 01 berhasil dikirim ke: komang.waharini@kurakurabali.com  
[2024-07-23 11:45:04] local.INFO: Email Feedback doc_no RP24070071 Entity 01 berhasil dikirim ke: komang.waharini@kurakurabali.com  
[2024-07-23 11:54:39] local.INFO: Email Feedback Approval doc_no RF24070097 Entity 01 berhasil dikirim ke: nina.adriana@kurakurabali.com & CC ke : Josephine.wibawa@kurakurabali.com, ratih.wulandari@kurakurabali.com, yoga.swara@kurakurabali.com  
[2024-07-23 12:44:38] local.INFO: Email Feedback doc_no PK24070096 Entity 01 berhasil dikirim ke: komang.ayu@kurakurabali.com  
[2024-07-23 12:45:40] local.INFO: Email Feedback Approval doc_no RF24070098 Entity 01 berhasil dikirim ke: nina.adriana@kurakurabali.com & CC ke : Josephine.wibawa@kurakurabali.com, ratih.wulandari@kurakurabali.com, yoga.swara@kurakurabali.com  
[2024-07-23 13:48:56] local.INFO: Email Feedback Approval doc_no RF24070099 Entity 01 berhasil dikirim ke: indra.pramana@kurakurabali.com & CC ke : Josephine.wibawa@kurakurabali.com, ratih.wulandari@kurakurabali.com, yoga.swara@kurakurabali.com  
[2024-07-23 14:28:23] local.INFO: Email Feedback doc_no PR24070084 Entity 01 berhasil dikirim ke: kadek.wirata@kurakurabali.com  
[2024-07-23 14:36:26] local.INFO: Email Feedback doc_no PR24070085 Entity 01 berhasil dikirim ke: kadek.wirata@kurakurabali.com  
[2024-07-23 14:40:51] local.INFO: Email Feedback doc_no PO24070115 Entity 01 berhasil dikirim ke: saraswati.puspita@kurakurabali.com  
[2024-07-23 14:55:47] local.INFO: Email Feedback doc_no PR24070010 Entity 03 berhasil dikirim ke: kadek.wirata@kurakurabali.com  
[2024-07-23 15:14:38] local.INFO: Email Feedback doc_no PJ24070014 Entity 01 berhasil dikirim ke: apni.widayanti@kurakurabali.com  
[2024-07-23 16:01:23] local.INFO: Email Feedback Revision doc_no RF24070010 Entity 03 berhasil dikirim ke: diah.puspa@kurakurabali.com  
[2024-07-23 16:02:16] local.INFO: Email Feedback Revision doc_no RF24070007 Entity 03 berhasil dikirim ke: diah.puspa@kurakurabali.com  
[2024-07-23 16:07:53] local.INFO: Email Feedback doc_no PO24070017 Entity 03 berhasil dikirim ke: putu.arbi@kurakurabali.com  
[2024-07-23 16:07:54] local.INFO: Email Feedback doc_no PO24070116 Entity 01 berhasil dikirim ke: putu.arbi@kurakurabali.com  
[2024-07-23 16:44:38] local.INFO: Email Feedback Approval doc_no RF24070102 Entity 01 berhasil dikirim ke: erika.lestari@kurakurabali.com & CC ke : Josephine.wibawa@kurakurabali.com, ratih.wulandari@kurakurabali.com, yoga.swara@kurakurabali.com  
[2024-07-23 16:44:41] local.INFO: Email Feedback doc_no PK24070104 Entity 01 berhasil dikirim ke: erika.lestari@kurakurabali.com  
[2024-07-23 16:44:44] local.INFO: Email Feedback doc_no PK24070102 Entity 01 berhasil dikirim ke: erika.lestari@kurakurabali.com  
[2024-07-23 16:44:47] local.INFO: Email Feedback doc_no PK24070101 Entity 01 berhasil dikirim ke: erika.lestari@kurakurabali.com  
[2024-07-23 16:44:50] local.INFO: Email Feedback doc_no PK24070100 Entity 01 berhasil dikirim ke: erika.lestari@kurakurabali.com  
[2024-07-23 16:44:53] local.INFO: Email Feedback doc_no PK24070099 Entity 01 berhasil dikirim ke: erika.lestari@kurakurabali.com  
[2024-07-23 16:44:56] local.INFO: Email Feedback doc_no PK24070098 Entity 01 berhasil dikirim ke: erika.lestari@kurakurabali.com  
[2024-07-23 16:44:59] local.INFO: Email Feedback doc_no PK24070097 Entity 01 berhasil dikirim ke: erika.lestari@kurakurabali.com  
[2024-07-23 16:45:02] local.INFO: Email Feedback Approval doc_no RF24070101 Entity 01 berhasil dikirim ke: erika.lestari@kurakurabali.com & CC ke : Josephine.wibawa@kurakurabali.com, ratih.wulandari@kurakurabali.com, yoga.swara@kurakurabali.com  
[2024-07-23 17:14:38] local.INFO: Email Feedback doc_no PK24070105 Entity 01 berhasil dikirim ke: erika.lestari@kurakurabali.com  
[2024-07-23 18:11:03] local.INFO: Email Feedback Approval doc_no RF24070100 Entity 01 berhasil dikirim ke: desman.weldenny@kurakurabali.com & CC ke : Josephine.wibawa@kurakurabali.com, ratih.wulandari@kurakurabali.com, yoga.swara@kurakurabali.com  
[2024-07-23 18:11:38] local.INFO: Email Feedback doc_no PQ24070003 Entity 01 berhasil dikirim ke: desman.weldenny@kurakurabali.com  
