[2024-07-10 09:30:27] local.INFO: Email CB PPU doc_no PK24070042 Entity 01 berhasil dikirim ke: felix.budiman@kurakurabali.com  
[2024-07-10 09:35:49] local.INFO: Email CB PPU doc_no PK24070043 Entity 01 berhasil dikirim ke: felix.budiman@kurakurabali.com  
[2024-07-10 09:38:05] local.INFO: Email CB PPU doc_no PK24070044 Entity 01 berhasil dikirim ke: felix.budiman@kurakurabali.com  
[2024-07-10 09:43:12] local.INFO: Email CB PPU doc_no PK24070045 Entity 01 berhasil dikirim ke: felix.budiman@kurakurabali.com  
[2024-07-10 09:49:20] local.INFO: Email CB PPU doc_no PK24070046 Entity 01 berhasil dikirim ke: felix.budiman@kurakurabali.com  
[2024-07-10 09:56:31] local.INFO: Email CB PPU doc_no PF24070014 Entity 01 berhasil dikirim ke: zefri@kurakurabali.com  
[2024-07-10 10:00:09] local.INFO: Email CB PPU doc_no PF24070014 Entity 01 berhasil dikirim ke: zakki.hakim@kurakurabali.com  
[2024-07-10 10:00:30] local.INFO: Email CB PPU doc_no PK24070047 Entity 01 berhasil dikirim ke: felix.budiman@kurakurabali.com  
[2024-07-10 10:02:49] local.INFO: Email CB PPU doc_no PK24070048 Entity 01 berhasil dikirim ke: felix.budiman@kurakurabali.com  
[2024-07-10 10:09:06] local.INFO: Email CB PPU doc_no PK24070049 Entity 01 berhasil dikirim ke: felix.budiman@kurakurabali.com  
[2024-07-10 10:11:15] local.INFO: Email Purchase Selection doc_no QO24070068 Entity 01 berhasil dikirim ke: josephine.wibawa@kurakurabali.com  
[2024-07-10 10:15:16] local.INFO: Email CB PPU doc_no PK24070050 Entity 01 berhasil dikirim ke: felix.budiman@kurakurabali.com  
[2024-07-10 10:15:33] local.INFO: Email CB PPU doc_no PG24070004 Entity 01 berhasil dikirim ke: dilph.ho@kurakurabali.com  
[2024-07-10 10:20:43] local.INFO: Email CB PPU doc_no PK24070051 Entity 01 berhasil dikirim ke: felix.budiman@kurakurabali.com  
[2024-07-10 10:27:57] local.INFO: Email CB PPU doc_no PK24070052 Entity 01 berhasil dikirim ke: felix.budiman@kurakurabali.com  
[2024-07-10 10:28:45] local.INFO: Email CB RPB doc_no RP24070027 Entity 01 berhasil dikirim ke: rina.anggraini@kurakurabali.com  
[2024-07-10 10:30:09] local.INFO: Email CB PPU doc_no PG24070004 Entity 01 berhasil dikirim ke: andrew.potts@kurakurabali.com  
[2024-07-10 10:30:37] local.INFO: Email Purchase Selection doc_no QO24070069 Entity 01 berhasil dikirim ke: josephine.wibawa@kurakurabali.com  
[2024-07-10 10:33:18] local.INFO: Email CB PPU doc_no PK24070053 Entity 01 berhasil dikirim ke: felix.budiman@kurakurabali.com  
[2024-07-10 10:38:50] local.INFO: Email CB PPU doc_no PK24070054 Entity 01 berhasil dikirim ke: felix.budiman@kurakurabali.com  
[2024-07-10 10:43:07] local.INFO: Email CB PPU doc_no PK24070055 Entity 01 berhasil dikirim ke: felix.budiman@kurakurabali.com  
[2024-07-10 10:43:36] local.INFO: Email Purchase Selection doc_no QO24070070 Entity 01 berhasil dikirim ke: josephine.wibawa@kurakurabali.com  
[2024-07-10 10:50:42] local.INFO: Email Purchase Order doc_no PO24070060 Entity 01 berhasil dikirim ke: yoga.swara@kurakurabali.com  
[2024-07-10 10:55:41] local.INFO: Email Purchase Order doc_no PO24070059 Entity 01 berhasil dikirim ke: yoga.swara@kurakurabali.com  
[2024-07-10 11:08:29] local.INFO: Email Purchase Selection doc_no QO24070071 Entity 01 berhasil dikirim ke: josephine.wibawa@kurakurabali.com  
[2024-07-10 11:11:40] local.INFO: Email Purchase Selection doc_no QO24070072 Entity 01 berhasil dikirim ke: josephine.wibawa@kurakurabali.com  
[2024-07-10 11:20:45] local.INFO: Email Purchase Requisition doc_no RF24070033 Entity 01 berhasil dikirim ke: slamet.sumaryadi@kurakurabali.com  
[2024-07-10 11:36:05] local.INFO: Email Purchase Requisition doc_no RF24070052 Entity 01 berhasil dikirim ke: slamet.sumaryadi@kurakurabali.com  
[2024-07-10 11:49:23] local.INFO: Email Purchase Requisition doc_no RF24070053 Entity 01 berhasil dikirim ke: slamet.sumaryadi@kurakurabali.com  
[2024-07-10 11:55:28] local.INFO: Email CB PPU doc_no PK24070056 Entity 01 berhasil dikirim ke: felix.budiman@kurakurabali.com  
[2024-07-10 12:00:10] local.INFO: Email CB PPU doc_no PK24070056 Entity 01 berhasil dikirim ke: aaron.tham@kurakurabali.com  
[2024-07-10 12:51:54] local.INFO: Email CB RPB doc_no RP24070028 Entity 01 berhasil dikirim ke: rina.anggraini@kurakurabali.com  
[2024-07-10 12:53:14] local.INFO: Email CB RPB doc_no RP24070029 Entity 01 berhasil dikirim ke: rina.anggraini@kurakurabali.com  
[2024-07-10 13:48:43] local.INFO: Email CB RPB doc_no RP24070007 Entity 03 berhasil dikirim ke: rina.anggraini@kurakurabali.com  
[2024-07-10 13:52:51] local.INFO: Email CB RPB doc_no RP24070007 Entity 04 berhasil dikirim ke: rina.anggraini@kurakurabali.com  
[2024-07-10 14:01:33] local.INFO: Email Purchase Requisition doc_no RF24070054 Entity 01 berhasil dikirim ke: fivianty.wijaya@kurakurabali.com  
[2024-07-10 14:03:25] local.INFO: Email CB RPB doc_no RP24070030 Entity 01 berhasil dikirim ke: rina.anggraini@kurakurabali.com  
[2024-07-10 14:07:40] local.INFO: Email Purchase Selection doc_no QO24070073 Entity 01 berhasil dikirim ke: josephine.wibawa@kurakurabali.com  
[2024-07-10 14:18:03] local.INFO: Email Purchase Order doc_no PO24070061 Entity 01 berhasil dikirim ke: yoga.swara@kurakurabali.com  
[2024-07-10 14:20:08] local.INFO: Email Purchase Requisition doc_no RF24070055 Entity 01 berhasil dikirim ke: zefri@kurakurabali.com  
[2024-07-10 14:21:09] local.INFO: Email CB PPU doc_no PR24070034 Entity 01 berhasil dikirim ke: yoga.swara@kurakurabali.com  
[2024-07-10 14:23:43] local.INFO: Email Purchase Requisition doc_no RF24070056 Entity 01 berhasil dikirim ke: zefri@kurakurabali.com  
[2024-07-10 14:26:21] local.INFO: Email CB PPU doc_no PF24070015 Entity 01 berhasil dikirim ke: zefri@kurakurabali.com  
[2024-07-10 14:26:59] local.INFO: Email Purchase Requisition doc_no RF24070055 Entity 01 berhasil dikirim ke: zakki.hakim@kurakurabali.com  
[2024-07-10 14:27:31] local.INFO: Email CB PPU doc_no PM24070008 Entity 01 berhasil dikirim ke: fivianty.wijaya@kurakurabali.com  
[2024-07-10 14:29:08] local.INFO: Email CB PPU doc_no PF24070016 Entity 01 berhasil dikirim ke: zefri@kurakurabali.com  
[2024-07-10 14:30:09] local.INFO: Email Purchase Requisition doc_no RF24070056 Entity 01 berhasil dikirim ke: zakki.hakim@kurakurabali.com  
[2024-07-10 14:30:12] local.INFO: Email CB PPU doc_no PF24070016 Entity 01 berhasil dikirim ke: zakki.hakim@kurakurabali.com  
[2024-07-10 14:30:15] local.INFO: Email CB PPU doc_no PF24070015 Entity 01 berhasil dikirim ke: zakki.hakim@kurakurabali.com  
[2024-07-10 14:30:38] local.INFO: Email CB PPU doc_no PR24070035 Entity 01 berhasil dikirim ke: yoga.swara@kurakurabali.com  
[2024-07-10 14:34:46] local.INFO: Email CB PPU doc_no PR24070036 Entity 01 berhasil dikirim ke: yoga.swara@kurakurabali.com  
[2024-07-10 14:39:42] local.INFO: Email CB PPU doc_no PR24070037 Entity 01 berhasil dikirim ke: yoga.swara@kurakurabali.com  
[2024-07-10 14:44:23] local.INFO: Email Purchase Order doc_no PO24070062 Entity 01 berhasil dikirim ke: yoga.swara@kurakurabali.com  
[2024-07-10 14:45:39] local.INFO: Email Purchase Order doc_no PO24070063 Entity 01 berhasil dikirim ke: yoga.swara@kurakurabali.com  
[2024-07-10 14:46:41] local.INFO: Email Purchase Order doc_no PO24070064 Entity 01 berhasil dikirim ke: yoga.swara@kurakurabali.com  
[2024-07-10 14:54:06] local.INFO: Email Purchase Order doc_no PO24070065 Entity 01 berhasil dikirim ke: yoga.swara@kurakurabali.com  
[2024-07-10 15:22:06] local.INFO: Email CB PPU doc_no PK24070057 Entity 01 berhasil dikirim ke: felix.budiman@kurakurabali.com  
[2024-07-10 15:27:34] local.INFO: Email CB RPB doc_no RP24070033 Entity 01 berhasil dikirim ke: rina.anggraini@kurakurabali.com  
[2024-07-10 15:33:09] local.INFO: Email CM Progress doc_no PC24070001 Entity 04 berhasil dikirim ke: cathielim@kurakurabali.com  
[2024-07-10 15:39:10] local.INFO: Email CB PPU doc_no PK24070058 Entity 01 berhasil dikirim ke: felix.budiman@kurakurabali.com  
[2024-07-10 15:42:06] local.INFO: Email CB PPU doc_no PK24070059 Entity 01 berhasil dikirim ke: felix.budiman@kurakurabali.com  
[2024-07-10 15:44:36] local.INFO: Email CB PPU doc_no PK24070060 Entity 01 berhasil dikirim ke: felix.budiman@kurakurabali.com  
[2024-07-10 15:45:09] local.INFO: Email CM Progress doc_no PC24070001 Entity 04 berhasil dikirim ke: ngtzejin@kurakurabali.com  
[2024-07-10 15:46:34] local.INFO: Email CB PPU doc_no PK24070061 Entity 01 berhasil dikirim ke: felix.budiman@kurakurabali.com  
[2024-07-10 15:47:15] local.INFO: Email CB PPU doc_no PR24070038 Entity 01 berhasil dikirim ke: yoga.swara@kurakurabali.com  
[2024-07-10 15:52:33] local.INFO: Email Purchase Requisition doc_no RF24070057 Entity 01 berhasil dikirim ke: felix.budiman@kurakurabali.com  
[2024-07-10 15:58:10] local.INFO: Email CB PPU VVIP doc_no PK24070062 Entity 01 berhasil dikirim ke: felix.budiman@kurakurabali.com  
[2024-07-10 16:00:10] local.INFO: Email CB PPU VVIP doc_no PK24070062 Entity 01 berhasil dikirim ke: darren.chan@kurakurabali.com  
[2024-07-10 16:10:06] local.INFO: Email CB RPB doc_no RP24070020 Entity 01 berhasil dikirim ke: rina.anggraini@kurakurabali.com  
[2024-07-10 16:11:43] local.INFO: Email CB RPB doc_no RP24070034 Entity 01 berhasil dikirim ke: rina.anggraini@kurakurabali.com  
[2024-07-10 16:51:40] local.INFO: Email CB PPU doc_no PR24070039 Entity 01 berhasil dikirim ke: yoga.swara@kurakurabali.com  
