[2024-07-10 09:16:31] local.INFO: Email Feedback doc_no PO24070054 Entity 01 berhasil dikirim ke: kadek.wirata@kurakurabali.com  
[2024-07-10 09:16:48] local.INFO: Email Feedback doc_no PO24070055 Entity 01 berhasil dikirim ke: kadek.wirata@kurakurabali.com  
[2024-07-10 09:42:09] local.INFO: Email Feedback doc_no RP24070025 Entity 01 berhasil dikirim ke: natalia.samosir@kurakurabali.com  
[2024-07-10 09:42:12] local.INFO: Email Feedback doc_no RP24070024 Entity 01 berhasil dikirim ke: natalia.samosir@kurakurabali.com  
[2024-07-10 10:01:15] local.INFO: Email Feedback doc_no PG24070002 Entity 01 berhasil dikirim ke: wayan.mahayu@kurakurabali.com  
[2024-07-10 10:44:44] local.INFO: Email Feedback doc_no QO24070069 Entity 01 berhasil dikirim ke: kadek.wirata@kurakurabali.com  
[2024-07-10 10:45:16] local.INFO: Email Feedback doc_no QO24070070 Entity 01 berhasil dikirim ke: kadek.wirata@kurakurabali.com  
[2024-07-10 10:52:33] local.INFO: Email Feedback doc_no PG24070004 Entity 01 berhasil dikirim ke: wayan.mahayu@kurakurabali.com  
[2024-07-10 10:57:49] local.INFO: Email Feedback doc_no PO24070060 Entity 01 berhasil dikirim ke: kadek.wirata@kurakurabali.com  
[2024-07-10 10:57:52] local.INFO: Email Feedback doc_no PO24070059 Entity 01 berhasil dikirim ke: kadek.wirata@kurakurabali.com  
[2024-07-10 10:58:25] local.INFO: Email Feedback doc_no PR24070033 Entity 01 berhasil dikirim ke: ratih.wulandari@kurakurabali.com  
[2024-07-10 11:12:09] local.INFO: Email Feedback doc_no PK24070042 Entity 01 berhasil dikirim ke: komang.ayu@kurakurabali.com  
[2024-07-10 11:23:15] local.INFO: Email Feedback doc_no PF24070014 Entity 01 berhasil dikirim ke: chansya.prabahesty@kurakurabali.com  
[2024-07-10 11:26:30] local.INFO: Email Feedback Approval doc_no RF24070033 Entity 01 berhasil dikirim ke: nina.adriana@kurakurabali.com & CC ke : Josephine.wibawa@kurakurabali.com, ratih.wulandari@kurakurabali.com, yoga.swara@kurakurabali.com  
[2024-07-10 13:12:09] local.INFO: Email Feedback doc_no PK24070051 Entity 01 berhasil dikirim ke: erika.lestari@kurakurabali.com  
[2024-07-10 13:12:12] local.INFO: Email Feedback doc_no PK24070050 Entity 01 berhasil dikirim ke: erika.lestari@kurakurabali.com  
[2024-07-10 13:12:15] local.INFO: Email Feedback doc_no PK24070053 Entity 01 berhasil dikirim ke: erika.lestari@kurakurabali.com  
[2024-07-10 13:12:18] local.INFO: Email Feedback doc_no PK24070052 Entity 01 berhasil dikirim ke: erika.lestari@kurakurabali.com  
[2024-07-10 13:12:21] local.INFO: Email Feedback doc_no PK24070055 Entity 01 berhasil dikirim ke: erika.lestari@kurakurabali.com  
[2024-07-10 13:12:24] local.INFO: Email Feedback doc_no PK24070054 Entity 01 berhasil dikirim ke: erika.lestari@kurakurabali.com  
[2024-07-10 13:42:09] local.INFO: Email Feedback doc_no PK24070046 Entity 01 berhasil dikirim ke: erika.lestari@kurakurabali.com  
[2024-07-10 13:42:12] local.INFO: Email Feedback doc_no PK24070045 Entity 01 berhasil dikirim ke: erika.lestari@kurakurabali.com  
[2024-07-10 13:42:15] local.INFO: Email Feedback doc_no PK24070044 Entity 01 berhasil dikirim ke: erika.lestari@kurakurabali.com  
[2024-07-10 13:42:18] local.INFO: Email Feedback doc_no PK24070043 Entity 01 berhasil dikirim ke: erika.lestari@kurakurabali.com  
[2024-07-10 13:42:21] local.INFO: Email Feedback doc_no PK24070049 Entity 01 berhasil dikirim ke: erika.lestari@kurakurabali.com  
[2024-07-10 13:42:24] local.INFO: Email Feedback doc_no PK24070048 Entity 01 berhasil dikirim ke: erika.lestari@kurakurabali.com  
[2024-07-10 13:42:27] local.INFO: Email Feedback doc_no PK24070047 Entity 01 berhasil dikirim ke: erika.lestari@kurakurabali.com  
[2024-07-10 14:02:04] local.INFO: Email Feedback doc_no QO24070071 Entity 01 berhasil dikirim ke: putu.arbi@kurakurabali.com  
[2024-07-10 14:02:48] local.INFO: Email Feedback doc_no QO24070072 Entity 01 berhasil dikirim ke: putu.arbi@kurakurabali.com  
[2024-07-10 14:03:31] local.INFO: Email Feedback doc_no QO24070068 Entity 01 berhasil dikirim ke: putu.arbi@kurakurabali.com  
[2024-07-10 14:04:04] local.INFO: Email Feedback doc_no QO24070051 Entity 01 berhasil dikirim ke: putu.arbi@kurakurabali.com  
[2024-07-10 14:14:21] local.INFO: Email Feedback doc_no QO24070073 Entity 01 berhasil dikirim ke: kadek.wirata@kurakurabali.com  
[2024-07-10 14:21:46] local.INFO: Email Feedback doc_no PR24070034 Entity 01 berhasil dikirim ke: putu.arbi@kurakurabali.com  
[2024-07-10 14:54:27] local.INFO: Email Feedback Approval doc_no RF24070052 Entity 01 berhasil dikirim ke: nina.adriana@kurakurabali.com & CC ke : Josephine.wibawa@kurakurabali.com, ratih.wulandari@kurakurabali.com, yoga.swara@kurakurabali.com  
[2024-07-10 15:15:11] local.INFO: Email Feedback doc_no PM24070008 Entity 01 berhasil dikirim ke: kintan.davita@kurakurabali.com  
[2024-07-10 15:34:09] local.INFO: Email Feedback doc_no PO24070061 Entity 01 berhasil dikirim ke: kadek.wirata@kurakurabali.com  
[2024-07-10 15:34:44] local.INFO: Email Feedback doc_no PR24070035 Entity 01 berhasil dikirim ke: putu.arbi@kurakurabali.com  
[2024-07-10 15:35:03] local.INFO: Email Feedback doc_no PR24070036 Entity 01 berhasil dikirim ke: galuh@kurakurabali.com  
[2024-07-10 15:35:32] local.INFO: Email Feedback doc_no PR24070037 Entity 01 berhasil dikirim ke: galuh@kurakurabali.com  
[2024-07-10 15:42:10] local.INFO: Email Feedback doc_no RP24070029 Entity 01 berhasil dikirim ke: komang.waharini@kurakurabali.com  
[2024-07-10 15:42:13] local.INFO: Email Feedback doc_no RP24070028 Entity 01 berhasil dikirim ke: komang.waharini@kurakurabali.com  
[2024-07-10 15:50:39] local.INFO: Email Feedback doc_no PC24070001 Entity 04 berhasil dikirim ke: ricky.setiawan@kurakurabali.com  
[2024-07-10 16:11:12] local.INFO: Email Feedback doc_no PK24070062 Entity 01 berhasil dikirim ke: aditya.karnata@kurakurabali.com  
[2024-07-10 16:12:09] local.INFO: Email Feedback doc_no PK24070060 Entity 01 berhasil dikirim ke: erika.lestari@kurakurabali.com  
[2024-07-10 16:12:12] local.INFO: Email Feedback doc_no PK24070058 Entity 01 berhasil dikirim ke: erika.lestari@kurakurabali.com  
[2024-07-10 16:12:15] local.INFO: Email Feedback doc_no PK24070057 Entity 01 berhasil dikirim ke: komang.ayu@kurakurabali.com  
[2024-07-10 16:12:18] local.INFO: Email Feedback doc_no RP24070007 Entity 03 berhasil dikirim ke: komang.waharini@kurakurabali.com  
[2024-07-10 16:12:21] local.INFO: Email Feedback doc_no RP24070007 Entity 04 berhasil dikirim ke: komang.waharini@kurakurabali.com  
[2024-07-10 16:12:24] local.INFO: Email Feedback doc_no RP24070033 Entity 01 berhasil dikirim ke: komang.waharini@kurakurabali.com  
[2024-07-10 16:12:27] local.INFO: Email Feedback doc_no RP24070030 Entity 01 berhasil dikirim ke: komang.waharini@kurakurabali.com  
[2024-07-10 16:12:30] local.INFO: Email Feedback doc_no PK24070061 Entity 01 berhasil dikirim ke: erika.lestari@kurakurabali.com  
[2024-07-10 16:12:33] local.INFO: Email Feedback Approval doc_no RF24070057 Entity 01 berhasil dikirim ke: erika.lestari@kurakurabali.com & CC ke : Josephine.wibawa@kurakurabali.com, ratih.wulandari@kurakurabali.com, yoga.swara@kurakurabali.com  
[2024-07-10 16:20:04] local.INFO: Email Feedback doc_no PO24070062 Entity 01 berhasil dikirim ke: putu.arbi@kurakurabali.com  
[2024-07-10 16:20:21] local.INFO: Email Feedback doc_no PO24070063 Entity 01 berhasil dikirim ke: putu.arbi@kurakurabali.com  
[2024-07-10 16:20:40] local.INFO: Email Feedback doc_no PO24070064 Entity 01 berhasil dikirim ke: putu.arbi@kurakurabali.com  
[2024-07-10 16:22:17] local.INFO: Email Feedback doc_no PO24070065 Entity 01 berhasil dikirim ke: putu.arbi@kurakurabali.com  
[2024-07-10 16:36:35] local.INFO: Email Feedback Approval doc_no RF24070056 Entity 01 berhasil dikirim ke: chansya.prabahesty@kurakurabali.com & CC ke : Josephine.wibawa@kurakurabali.com, ratih.wulandari@kurakurabali.com, yoga.swara@kurakurabali.com  
[2024-07-10 16:36:52] local.INFO: Email Feedback doc_no PF24070015 Entity 01 berhasil dikirim ke: chansya.prabahesty@kurakurabali.com  
[2024-07-10 16:37:55] local.INFO: Email Feedback doc_no PF24070016 Entity 01 berhasil dikirim ke: chansya.prabahesty@kurakurabali.com  
[2024-07-10 16:38:16] local.INFO: Email Feedback Approval doc_no RF24070055 Entity 01 berhasil dikirim ke: chansya.prabahesty@kurakurabali.com & CC ke : Josephine.wibawa@kurakurabali.com, ratih.wulandari@kurakurabali.com, yoga.swara@kurakurabali.com  
[2024-07-10 16:42:09] local.INFO: Email Feedback doc_no RP24070034 Entity 01 berhasil dikirim ke: komang.waharini@kurakurabali.com  
[2024-07-10 16:42:12] local.INFO: Email Feedback doc_no RP24070020 Entity 01 berhasil dikirim ke: natalia.samosir@kurakurabali.com  
[2024-07-10 17:32:57] local.INFO: Email Feedback doc_no PR24070022 Entity 01 berhasil dikirim ke: galuh@kurakurabali.com  
