[2024-07-09 08:42:15] local.INFO: Email Feedback doc_no PR24070023 Entity 01 berhasil dikirim ke: putu.arbi@kurakurabali.com  
[2024-07-09 08:42:22] local.INFO: Email Feedback doc_no PO24070041 Entity 01 berhasil dikirim ke: galuh@kurakurabali.com  
[2024-07-09 09:27:37] local.INFO: Email Feedback doc_no PS24070003 Entity 01 berhasil dikirim ke: ayu.puspita@kurakurabali.com  
[2024-07-09 09:27:40] local.INFO: Email Feedback Approval doc_no RF24070048 Entity 01 berhasil dikirim ke: ayu.puspita@kurakurabali.com & CC ke : Josephine.wibawa@kurakurabali.com, ratih.wulandari@kurakurabali.com, yoga.swara@kurakurabali.com  
[2024-07-09 09:47:13] local.INFO: Email Feedback doc_no PR24070003 Entity 03 berhasil dikirim ke: putu.arbi@kurakurabali.com  
[2024-07-09 09:57:36] local.INFO: Email Feedback doc_no PK24070037 Entity 01 berhasil dikirim ke: komang.ayu@kurakurabali.com  
[2024-07-09 10:17:29] local.INFO: Email Feedback doc_no QO24070005 Entity 03 berhasil dikirim ke: putu.arbi@kurakurabali.com  
[2024-07-09 10:18:07] local.INFO: Email Feedback doc_no QO24070053 Entity 01 berhasil dikirim ke: putu.arbi@kurakurabali.com  
[2024-07-09 10:18:28] local.INFO: Email Feedback doc_no QO24070051 Entity 01 berhasil dikirim ke: putu.arbi@kurakurabali.com  
[2024-07-09 10:27:36] local.INFO: Email Feedback doc_no PK24060127 Entity 01 berhasil dikirim ke: komang.ayu@kurakurabali.com  
[2024-07-09 10:31:57] local.INFO: Email Feedback doc_no PR24070025 Entity 01 berhasil dikirim ke: puturia@kurakurabali.com  
[2024-07-09 10:32:06] local.INFO: Email Feedback doc_no PR24070026 Entity 01 berhasil dikirim ke: puturia@kurakurabali.com  
[2024-07-09 10:32:12] local.INFO: Email Feedback doc_no PR24070027 Entity 01 berhasil dikirim ke: puturia@kurakurabali.com  
[2024-07-09 10:32:28] local.INFO: Email Feedback doc_no PR24070024 Entity 01 berhasil dikirim ke: elvany@kurakurabali.com  
[2024-07-09 10:36:22] local.INFO: Email Feedback doc_no PR24070028 Entity 01 berhasil dikirim ke: putu.arbi@kurakurabali.com  
[2024-07-09 10:36:32] local.INFO: Email Feedback doc_no PO24070042 Entity 01 berhasil dikirim ke: saraswati.puspita@kurakurabali.com  
[2024-07-09 10:44:05] local.INFO: Email Feedback doc_no PO24070044 Entity 01 berhasil dikirim ke: putu.arbi@kurakurabali.com  
[2024-07-09 10:52:01] local.INFO: Email Feedback doc_no PO24070007 Entity 03 berhasil dikirim ke: putu.arbi@kurakurabali.com  
[2024-07-09 10:54:48] local.INFO: Email Feedback Approval doc_no RF24070049 Entity 01 berhasil dikirim ke: indra.pramana@kurakurabali.com & CC ke : Josephine.wibawa@kurakurabali.com, ratih.wulandari@kurakurabali.com, yoga.swara@kurakurabali.com  
[2024-07-09 11:23:46] local.INFO: Email Feedback doc_no PR24070004 Entity 03 berhasil dikirim ke: puturia@kurakurabali.com  
[2024-07-09 11:27:36] local.INFO: Email Feedback Approval doc_no RF24070047 Entity 01 berhasil dikirim ke: diana.stirling@kurakurabali.com & CC ke : Josephine.wibawa@kurakurabali.com, ratih.wulandari@kurakurabali.com, yoga.swara@kurakurabali.com  
[2024-07-09 12:09:04] local.INFO: Email Feedback doc_no PG24070003 Entity 01 berhasil dikirim ke: ricky.setiawan@kurakurabali.com  
[2024-07-09 13:10:46] local.INFO: Email Feedback doc_no PR24070031 Entity 01 berhasil dikirim ke: puturia@kurakurabali.com  
[2024-07-09 13:34:02] local.INFO: Email Feedback doc_no PM24070007 Entity 01 berhasil dikirim ke: kintan.davita@kurakurabali.com  
[2024-07-09 13:34:07] local.INFO: Email Feedback Approval doc_no RF24070050 Entity 01 berhasil dikirim ke: kintan.davita@kurakurabali.com & CC ke : Josephine.wibawa@kurakurabali.com, ratih.wulandari@kurakurabali.com, yoga.swara@kurakurabali.com  
[2024-07-09 13:56:14] local.INFO: Email Feedback doc_no PR24070032 Entity 01 berhasil dikirim ke: puturia@kurakurabali.com  
[2024-07-09 13:57:04] local.INFO: Email Feedback doc_no PR24070030 Entity 01 berhasil dikirim ke: puturia@kurakurabali.com  
[2024-07-09 13:58:08] local.INFO: Email Feedback doc_no PR24070029 Entity 01 berhasil dikirim ke: putu.arbi@kurakurabali.com  
[2024-07-09 14:13:29] local.INFO: Email Feedback doc_no QO24070054 Entity 01 berhasil dikirim ke: puturia@kurakurabali.com  
[2024-07-09 14:15:05] local.INFO: Email Feedback doc_no QO24070048 Entity 01 berhasil dikirim ke: puturia@kurakurabali.com  
[2024-07-09 14:15:30] local.INFO: Email Feedback doc_no QO24070057 Entity 01 berhasil dikirim ke: puturia@kurakurabali.com  
[2024-07-09 14:15:52] local.INFO: Email Feedback doc_no QO24070063 Entity 01 berhasil dikirim ke: puturia@kurakurabali.com  
[2024-07-09 14:16:14] local.INFO: Email Feedback doc_no QO24070064 Entity 01 berhasil dikirim ke: puturia@kurakurabali.com  
[2024-07-09 14:16:42] local.INFO: Email Feedback doc_no QO24070065 Entity 01 berhasil dikirim ke: puturia@kurakurabali.com  
[2024-07-09 14:17:16] local.INFO: Email Feedback doc_no QO24060127 Entity 01 berhasil dikirim ke: puturia@kurakurabali.com  
[2024-07-09 14:18:07] local.INFO: Email Feedback doc_no QO24070059 Entity 01 berhasil dikirim ke: ratih.wulandari@kurakurabali.com  
[2024-07-09 14:18:30] local.INFO: Email Feedback doc_no QO24070058 Entity 01 berhasil dikirim ke: ratih.wulandari@kurakurabali.com  
[2024-07-09 14:19:34] local.INFO: Email Feedback doc_no QO24070060 Entity 01 berhasil dikirim ke: kadek.wirata@kurakurabali.com  
[2024-07-09 14:19:57] local.INFO: Email Feedback doc_no QO24070066 Entity 01 berhasil dikirim ke: kadek.wirata@kurakurabali.com  
[2024-07-09 14:20:22] local.INFO: Email Feedback doc_no QO24070055 Entity 01 berhasil dikirim ke: galuh@kurakurabali.com  
[2024-07-09 14:20:55] local.INFO: Email Feedback doc_no QO24070061 Entity 01 berhasil dikirim ke: galuh@kurakurabali.com  
[2024-07-09 14:48:39] local.INFO: Email Feedback doc_no PO24070045 Entity 01 berhasil dikirim ke: puturia@kurakurabali.com  
[2024-07-09 14:49:00] local.INFO: Email Feedback doc_no PO24070053 Entity 01 berhasil dikirim ke: galuh@kurakurabali.com  
[2024-07-09 14:49:22] local.INFO: Email Feedback doc_no PO24070052 Entity 01 berhasil dikirim ke: galuh@kurakurabali.com  
[2024-07-09 14:49:41] local.INFO: Email Feedback doc_no PO24070046 Entity 01 berhasil dikirim ke: puturia@kurakurabali.com  
[2024-07-09 14:50:12] local.INFO: Email Feedback doc_no PO24070049 Entity 01 berhasil dikirim ke: puturia@kurakurabali.com  
[2024-07-09 14:50:40] local.INFO: Email Feedback doc_no PO24070048 Entity 01 berhasil dikirim ke: puturia@kurakurabali.com  
[2024-07-09 14:51:07] local.INFO: Email Feedback doc_no PO24070047 Entity 01 berhasil dikirim ke: puturia@kurakurabali.com  
[2024-07-09 14:51:27] local.INFO: Email Feedback doc_no PF24070012 Entity 01 berhasil dikirim ke: chansya.prabahesty@kurakurabali.com  
[2024-07-09 14:51:37] local.INFO: Email Feedback doc_no PO24070051 Entity 01 berhasil dikirim ke: puturia@kurakurabali.com  
[2024-07-09 14:52:56] local.INFO: Email Feedback doc_no PO24070050 Entity 01 berhasil dikirim ke: puturia@kurakurabali.com  
[2024-07-09 15:11:07] local.INFO: Email Feedback doc_no QO24070067 Entity 01 berhasil dikirim ke: kadek.wirata@kurakurabali.com  
[2024-07-09 15:13:01] local.INFO: Email Feedback doc_no PL24070010 Entity 01 berhasil dikirim ke: donny.dic@kurakurabali.com  
[2024-07-09 15:43:26] local.INFO: Email Feedback doc_no PL24070009 Entity 01 berhasil dikirim ke: donny.dic@kurakurabali.com  
[2024-07-09 15:51:45] local.INFO: Email Feedback doc_no PE24070006 Entity 01 berhasil dikirim ke: made.lani@kurakurabali.com  
[2024-07-09 15:52:04] local.INFO: Email Feedback doc_no PE24070005 Entity 01 berhasil dikirim ke: made.lani@kurakurabali.com  
[2024-07-09 15:52:23] local.INFO: Email Feedback doc_no PE24070004 Entity 01 berhasil dikirim ke: made.lani@kurakurabali.com  
[2024-07-09 16:07:50] local.INFO: Email Feedback doc_no QO24070052 Entity 01 berhasil dikirim ke: galuh@kurakurabali.com  
[2024-07-09 16:27:36] local.INFO: Email Feedback doc_no PK24070040 Entity 01 berhasil dikirim ke: erika.lestari@kurakurabali.com  
[2024-07-09 16:27:40] local.INFO: Email Feedback Approval doc_no RF24070051 Entity 01 berhasil dikirim ke: erika.lestari@kurakurabali.com & CC ke : Josephine.wibawa@kurakurabali.com, ratih.wulandari@kurakurabali.com, yoga.swara@kurakurabali.com  
[2024-07-09 16:27:43] local.INFO: Email Feedback doc_no PK24070039 Entity 01 berhasil dikirim ke: erika.lestari@kurakurabali.com  
[2024-07-09 16:27:46] local.INFO: Email Feedback doc_no PK24070038 Entity 01 berhasil dikirim ke: erika.lestari@kurakurabali.com  
[2024-07-09 16:44:29] local.INFO: Email Feedback Approval doc_no RF24070042 Entity 01 berhasil dikirim ke: indra.pramana@kurakurabali.com & CC ke : Josephine.wibawa@kurakurabali.com, ratih.wulandari@kurakurabali.com, yoga.swara@kurakurabali.com  
[2024-07-09 16:51:51] local.INFO: Email Feedback Approval doc_no RF24070001 Entity 04 berhasil dikirim ke: diah.puspa@kurakurabali.com & CC ke : Josephine.wibawa@kurakurabali.com, ratih.wulandari@kurakurabali.com, yoga.swara@kurakurabali.com  
[2024-07-09 16:52:22] local.INFO: Email Feedback doc_no PC24070001 Entity 03 berhasil dikirim ke: diah.puspa@kurakurabali.com  
[2024-07-09 16:54:31] local.INFO: Email Feedback doc_no PF24070013 Entity 01 berhasil dikirim ke: chansya.prabahesty@kurakurabali.com  
[2024-07-09 16:57:36] local.INFO: Email Feedback doc_no PK24070041 Entity 01 berhasil dikirim ke: erika.lestari@kurakurabali.com  
[2024-07-09 16:57:40] local.INFO: Email Feedback doc_no RP24070006 Entity 03 berhasil dikirim ke: komang.waharini@kurakurabali.com  
[2024-07-09 16:57:43] local.INFO: Email Feedback doc_no RP24070006 Entity 04 berhasil dikirim ke: komang.waharini@kurakurabali.com  
[2024-07-09 16:57:46] local.INFO: Email Feedback doc_no RP24070023 Entity 01 berhasil dikirim ke: komang.waharini@kurakurabali.com  
[2024-07-09 16:57:49] local.INFO: Email Feedback doc_no RP24070019 Entity 01 berhasil dikirim ke: komang.waharini@kurakurabali.com  
