[2024-07-09 09:18:14] local.INFO: Email CB PPU doc_no PK24070037 Entity 01 berhasil dikirim ke: felix.budiman@kurakurabali.com  
[2024-07-09 09:41:38] local.INFO: Email CB PPU doc_no PO24070042 Entity 01 berhasil dikirim ke: agung.buana@kurakurabali.com  
[2024-07-09 09:44:19] local.INFO: Email Purchase Requisition doc_no RF24070050 Entity 01 berhasil dikirim ke: fivianty.wijaya@kurakurabali.com  
[2024-07-09 09:46:20] local.INFO: Email CB PPU doc_no PM24070007 Entity 01 berhasil dikirim ke: fivianty.wijaya@kurakurabali.com  
[2024-07-09 09:48:42] local.INFO: Email Purchase Selection doc_no QO24060127 Entity 01 berhasil dikirim ke: josephine.wibawa@kurakurabali.com  
[2024-07-09 09:52:51] local.INFO: Email CB PPU doc_no PR24070024 Entity 01 berhasil dikirim ke: yoga.swara@kurakurabali.com  
[2024-07-09 09:55:58] local.INFO: Email CB PPU doc_no PR24070025 Entity 01 berhasil dikirim ke: yoga.swara@kurakurabali.com  
[2024-07-09 10:00:14] local.INFO: Email CB PPU doc_no PR24070024 Entity 01 berhasil dikirim ke: aaron.tham@kurakurabali.com  
[2024-07-09 10:09:56] local.INFO: Email CB PPU doc_no PF24070011 Entity 01 berhasil dikirim ke: zefri@kurakurabali.com  
[2024-07-09 10:10:35] local.INFO: Email Purchase Selection doc_no QO24070054 Entity 01 berhasil dikirim ke: josephine.wibawa@kurakurabali.com  
[2024-07-09 10:13:15] local.INFO: Email CB PPU doc_no PK24060127 Entity 01 berhasil dikirim ke: felix.budiman@kurakurabali.com  
[2024-07-09 10:15:14] local.INFO: Email CB PPU doc_no PF24070011 Entity 01 berhasil dikirim ke: zakki.hakim@kurakurabali.com  
[2024-07-09 10:18:01] local.INFO: Email CB PPU doc_no PR24070026 Entity 01 berhasil dikirim ke: yoga.swara@kurakurabali.com  
[2024-07-09 10:20:09] local.INFO: Email Purchase Selection doc_no QO24070055 Entity 01 berhasil dikirim ke: josephine.wibawa@kurakurabali.com  
[2024-07-09 10:27:23] local.INFO: Email Purchase Selection doc_no QO24070057 Entity 01 berhasil dikirim ke: josephine.wibawa@kurakurabali.com  
[2024-07-09 10:30:32] local.INFO: Email CB PPU doc_no PR24070027 Entity 01 berhasil dikirim ke: yoga.swara@kurakurabali.com  
[2024-07-09 10:31:40] local.INFO: Email CB PPU doc_no PO24070043 Entity 01 berhasil dikirim ke: agung.buana@kurakurabali.com  
[2024-07-09 10:35:52] local.INFO: Email CB PPU doc_no PR24070028 Entity 01 berhasil dikirim ke: yoga.swara@kurakurabali.com  
[2024-07-09 10:43:31] local.INFO: Email Purchase Order doc_no PO24070044 Entity 01 berhasil dikirim ke: yoga.swara@kurakurabali.com  
[2024-07-09 10:45:14] local.INFO: Email CB PPU doc_no PO24070043 Entity 01 berhasil dikirim ke: ferry@kurakurabali.com  
[2024-07-09 10:47:13] local.INFO: Email Purchase Order doc_no PO24070007 Entity 03 berhasil dikirim ke: yoga.swara@kurakurabali.com  
[2024-07-09 10:48:01] local.INFO: Email CB PPU doc_no PL24070009 Entity 01 berhasil dikirim ke: made.ariesana@kurakurabali.com  
[2024-07-09 10:49:30] local.INFO: Email Purchase Requisition doc_no RF24070049 Entity 01 berhasil dikirim ke: made.ariesana@kurakurabali.com  
[2024-07-09 10:50:06] local.INFO: Email Purchase Requisition doc_no RF24070047 Entity 01 berhasil dikirim ke: inge.sutanto@kurakurabali.com  
[2024-07-09 11:00:42] local.INFO: Email Purchase Selection doc_no QO24070058 Entity 01 berhasil dikirim ke: josephine.wibawa@kurakurabali.com  
[2024-07-09 11:09:37] local.INFO: Email Purchase Selection doc_no QO24070060 Entity 01 berhasil dikirim ke: josephine.wibawa@kurakurabali.com  
[2024-07-09 11:10:04] local.INFO: Email Purchase Selection doc_no QO24070059 Entity 01 berhasil dikirim ke: josephine.wibawa@kurakurabali.com  
[2024-07-09 11:11:31] local.INFO: Email Purchase Selection doc_no QO24070061 Entity 01 berhasil dikirim ke: josephine.wibawa@kurakurabali.com  
[2024-07-09 11:21:16] local.INFO: Email CB PPU doc_no PR24070004 Entity 03 berhasil dikirim ke: yoga.swara@kurakurabali.com  
[2024-07-09 11:31:07] local.INFO: Email CB PPU doc_no PR24070029 Entity 01 berhasil dikirim ke: yoga.swara@kurakurabali.com  
[2024-07-09 11:49:14] local.INFO: Email CB PPU doc_no PG24070003 Entity 01 berhasil dikirim ke: dilph.ho@kurakurabali.com  
[2024-07-09 12:00:15] local.INFO: Email CB PPU doc_no PG24070003 Entity 01 berhasil dikirim ke: andrew.potts@kurakurabali.com  
[2024-07-09 12:40:09] local.INFO: Email Purchase Selection doc_no QO24070063 Entity 01 berhasil dikirim ke: josephine.wibawa@kurakurabali.com  
[2024-07-09 12:40:25] local.INFO: Email Purchase Selection doc_no QO24070063 Entity 01 berhasil dikirim ke: josephine.wibawa@kurakurabali.com  
[2024-07-09 12:43:31] local.INFO: Email CB PPU doc_no PR24070030 Entity 01 berhasil dikirim ke: yoga.swara@kurakurabali.com  
[2024-07-09 12:50:28] local.INFO: Email CB PPU doc_no PR24070031 Entity 01 berhasil dikirim ke: yoga.swara@kurakurabali.com  
[2024-07-09 12:58:09] local.INFO: Email CB PPU doc_no PR24070032 Entity 01 berhasil dikirim ke: yoga.swara@kurakurabali.com  
[2024-07-09 13:00:14] local.INFO: Email CB PPU doc_no PR24070031 Entity 01 berhasil dikirim ke: aaron.tham@kurakurabali.com  
[2024-07-09 13:11:31] local.INFO: Email Purchase Selection doc_no QO24070064 Entity 01 berhasil dikirim ke: josephine.wibawa@kurakurabali.com  
[2024-07-09 13:11:47] local.INFO: Email Purchase Selection doc_no QO24070064 Entity 01 berhasil dikirim ke: josephine.wibawa@kurakurabali.com  
[2024-07-09 13:12:02] local.INFO: Email Purchase Selection doc_no QO24070064 Entity 01 berhasil dikirim ke: josephine.wibawa@kurakurabali.com  
[2024-07-09 13:25:30] local.INFO: Email Purchase Selection doc_no QO24070065 Entity 01 berhasil dikirim ke: josephine.wibawa@kurakurabali.com  
[2024-07-09 13:25:54] local.INFO: Email Purchase Selection doc_no QO24070065 Entity 01 berhasil dikirim ke: josephine.wibawa@kurakurabali.com  
[2024-07-09 13:31:58] local.INFO: Email CB RPB doc_no RP24070023 Entity 01 berhasil dikirim ke: rina.anggraini@kurakurabali.com  
[2024-07-09 13:42:37] local.INFO: Email Purchase Selection doc_no QO24070066 Entity 01 berhasil dikirim ke: josephine.wibawa@kurakurabali.com  
[2024-07-09 13:57:51] local.INFO: Email CB PPU doc_no PF24070012 Entity 01 berhasil dikirim ke: zefri@kurakurabali.com  
[2024-07-09 14:00:14] local.INFO: Email CB PPU doc_no PF24070012 Entity 01 berhasil dikirim ke: zakki.hakim@kurakurabali.com  
[2024-07-09 14:05:37] local.INFO: Email CB PPU doc_no PK24070038 Entity 01 berhasil dikirim ke: felix.budiman@kurakurabali.com  
[2024-07-09 14:19:28] local.INFO: Email CB PPU doc_no PK24070039 Entity 01 berhasil dikirim ke: felix.budiman@kurakurabali.com  
[2024-07-09 14:26:55] local.INFO: Email Purchase Order doc_no PO24070045 Entity 01 berhasil dikirim ke: yoga.swara@kurakurabali.com  
[2024-07-09 14:27:08] local.INFO: Email Purchase Order doc_no PO24070045 Entity 01 already sent to: yoga.swara@kurakurabali.com  
[2024-07-09 14:30:12] local.INFO: Email Purchase Order doc_no PO24070053 Entity 01 berhasil dikirim ke: yoga.swara@kurakurabali.com  
[2024-07-09 14:33:31] local.INFO: Email Purchase Order doc_no PO24070052 Entity 01 berhasil dikirim ke: yoga.swara@kurakurabali.com  
[2024-07-09 14:35:15] local.INFO: Email Purchase Order doc_no PO24070046 Entity 01 berhasil dikirim ke: yoga.swara@kurakurabali.com  
[2024-07-09 14:36:58] local.INFO: Email Purchase Order doc_no PO24070049 Entity 01 berhasil dikirim ke: yoga.swara@kurakurabali.com  
[2024-07-09 14:39:03] local.INFO: Email Purchase Order doc_no PO24070048 Entity 01 berhasil dikirim ke: yoga.swara@kurakurabali.com  
[2024-07-09 14:40:35] local.INFO: Email Purchase Order doc_no PO24070047 Entity 01 berhasil dikirim ke: yoga.swara@kurakurabali.com  
[2024-07-09 14:42:22] local.INFO: Email Purchase Order doc_no PO24070051 Entity 01 berhasil dikirim ke: yoga.swara@kurakurabali.com  
[2024-07-09 14:43:10] local.INFO: Email Purchase Order doc_no PO24070050 Entity 01 berhasil dikirim ke: yoga.swara@kurakurabali.com  
[2024-07-09 15:00:07] local.INFO: Email Purchase Order doc_no PO24070054 Entity 01 berhasil dikirim ke: yoga.swara@kurakurabali.com  
[2024-07-09 15:06:07] local.INFO: Email CB PPU doc_no PR24070033 Entity 01 berhasil dikirim ke: yoga.swara@kurakurabali.com  
[2024-07-09 15:06:52] local.INFO: Email Purchase Selection doc_no QO24070051 Entity 01 berhasil dikirim ke: josephine.wibawa@kurakurabali.com  
[2024-07-09 15:09:57] local.INFO: Email Purchase Selection doc_no QO24070067 Entity 01 berhasil dikirim ke: josephine.wibawa@kurakurabali.com  
[2024-07-09 15:12:00] local.INFO: Email CB PPU doc_no PL24070010 Entity 01 berhasil dikirim ke: made.ariesana@kurakurabali.com  
[2024-07-09 15:14:32] local.INFO: Email Purchase Order doc_no PO24070055 Entity 01 berhasil dikirim ke: yoga.swara@kurakurabali.com  
[2024-07-09 15:31:48] local.INFO: Email CB PPU doc_no PE24070006 Entity 01 berhasil dikirim ke: zefri@kurakurabali.com  
[2024-07-09 15:33:57] local.INFO: Email Purchase Order doc_no PO24070057 Entity 01 berhasil dikirim ke: yoga.swara@kurakurabali.com  
[2024-07-09 15:35:19] local.INFO: Email CB PPU doc_no PE24070005 Entity 01 berhasil dikirim ke: zefri@kurakurabali.com  
[2024-07-09 15:36:15] local.INFO: Email CB PPU doc_no PE24070004 Entity 01 berhasil dikirim ke: zefri@kurakurabali.com  
[2024-07-09 15:43:21] local.INFO: Email CB RPB doc_no RP24070006 Entity 03 berhasil dikirim ke: rina.anggraini@kurakurabali.com  
[2024-07-09 15:45:14] local.INFO: Email CB PPU doc_no PE24070006 Entity 01 berhasil dikirim ke: zakki.hakim@kurakurabali.com  
[2024-07-09 15:45:17] local.INFO: Email CB PPU doc_no PE24070005 Entity 01 berhasil dikirim ke: zakki.hakim@kurakurabali.com  
[2024-07-09 15:45:21] local.INFO: Email CB PPU doc_no PE24070004 Entity 01 berhasil dikirim ke: zakki.hakim@kurakurabali.com  
[2024-07-09 15:56:07] local.INFO: Email Purchase Order doc_no PO24070056 Entity 01 berhasil dikirim ke: yoga.swara@kurakurabali.com  
[2024-07-09 15:56:43] local.INFO: Email Purchase Requisition doc_no RF24070042 Entity 01 berhasil dikirim ke: made.ariesana@kurakurabali.com  
[2024-07-09 16:03:29] local.INFO: Email CB RPB doc_no RP24070006 Entity 04 berhasil dikirim ke: rina.anggraini@kurakurabali.com  
[2024-07-09 16:08:29] local.INFO: Email Purchase Requisition doc_no RF24070051 Entity 01 berhasil dikirim ke: felix.budiman@kurakurabali.com  
[2024-07-09 16:18:38] local.INFO: Email CB PPU doc_no PK24070040 Entity 01 berhasil dikirim ke: felix.budiman@kurakurabali.com  
[2024-07-09 16:24:35] local.INFO: Email Purchase Order doc_no PO24070058 Entity 01 berhasil dikirim ke: yoga.swara@kurakurabali.com  
[2024-07-09 16:27:02] local.INFO: Email CB PPU doc_no PC24070001 Entity 03 berhasil dikirim ke: ranny.setjiadi@kurakurabali.com  
[2024-07-09 16:28:02] local.INFO: Email Purchase Requisition doc_no RF24070001 Entity 04 berhasil dikirim ke: ranny.setjiadi@kurakurabali.com  
[2024-07-09 16:30:34] local.INFO: Email CB PPU doc_no PF24070013 Entity 01 berhasil dikirim ke: zefri@kurakurabali.com  
[2024-07-09 16:45:15] local.INFO: Email CB PPU doc_no PF24070013 Entity 01 berhasil dikirim ke: zakki.hakim@kurakurabali.com  
[2024-07-09 16:51:31] local.INFO: Email CB PPU doc_no PK24070041 Entity 01 berhasil dikirim ke: felix.budiman@kurakurabali.com  
[2024-07-09 18:19:19] local.INFO: Email CB RPB doc_no RP24070024 Entity 01 berhasil dikirim ke: rina.anggraini@kurakurabali.com  
[2024-07-09 18:26:44] local.INFO: Email CB RPB doc_no RP24070025 Entity 01 berhasil dikirim ke: rina.anggraini@kurakurabali.com  
[2024-07-09 18:31:55] local.INFO: Email CB RPB doc_no RP24070026 Entity 01 berhasil dikirim ke: rina.anggraini@kurakurabali.com  
