[2024-07-22 09:31:50] local.INFO: Email Feedback doc_no RP24070067 Entity 01 berhasil dikirim ke: natalia.samosir@kurakurabali.com  
[2024-07-22 09:31:53] local.INFO: Email Feedback doc_no RP24070014 Entity 03 berhasil dikirim ke: natalia.samosir@kurakurabali.com  
[2024-07-22 09:31:56] local.INFO: Email Feedback doc_no RP24070011 Entity 04 berhasil dikirim ke: komang.waharini@kurakurabali.com  
[2024-07-22 09:32:00] local.INFO: Email Feedback doc_no RP24070010 Entity 04 berhasil dikirim ke: natalia.samosir@kurakurabali.com  
[2024-07-22 09:32:03] local.INFO: Email Feedback doc_no RP24070065 Entity 01 berhasil dikirim ke: natalia.samosir@kurakurabali.com  
[2024-07-22 09:32:06] local.INFO: Email Feedback doc_no RP24070062 Entity 01 berhasil dikirim ke: natalia.samosir@kurakurabali.com  
[2024-07-22 09:32:09] local.INFO: Email Feedback doc_no RP24070060 Entity 01 berhasil dikirim ke: komang.waharini@kurakurabali.com  
[2024-07-22 09:32:12] local.INFO: Email Feedback doc_no RP24070059 Entity 01 berhasil dikirim ke: komang.waharini@kurakurabali.com  
[2024-07-22 09:32:15] local.INFO: Email Feedback doc_no RP24070058 Entity 01 berhasil dikirim ke: komang.waharini@kurakurabali.com  
[2024-07-22 09:32:18] local.INFO: Email Feedback doc_no RP24070066 Entity 01 berhasil dikirim ke: komang.waharini@kurakurabali.com  
[2024-07-22 09:32:21] local.INFO: Email Feedback doc_no RP24070064 Entity 01 berhasil dikirim ke: komang.waharini@kurakurabali.com  
[2024-07-22 09:32:25] local.INFO: Email Feedback doc_no RP24070063 Entity 01 berhasil dikirim ke: komang.waharini@kurakurabali.com  
[2024-07-22 09:53:31] local.INFO: Email Feedback doc_no PR24070070 Entity 01 berhasil dikirim ke: kadek.wirata@kurakurabali.com  
[2024-07-22 10:01:28] local.INFO: Email Feedback doc_no PR24070071 Entity 01 berhasil dikirim ke: puturia@kurakurabali.com  
[2024-07-22 10:01:50] local.INFO: Email Feedback doc_no PK24070090 Entity 01 berhasil dikirim ke: komang.ayu@kurakurabali.com  
[2024-07-22 12:01:50] local.INFO: Email Feedback doc_no RP24070070 Entity 01 berhasil dikirim ke: komang.waharini@kurakurabali.com  
[2024-07-22 12:01:54] local.INFO: Email Feedback doc_no RP24070069 Entity 01 berhasil dikirim ke: komang.waharini@kurakurabali.com  
[2024-07-22 12:01:57] local.INFO: Email Feedback doc_no RP24070068 Entity 01 berhasil dikirim ke: komang.waharini@kurakurabali.com  
[2024-07-22 12:42:54] local.INFO: Email Feedback doc_no PR24070009 Entity 03 berhasil dikirim ke: galuh@kurakurabali.com  
[2024-07-22 13:04:02] local.INFO: Email Feedback doc_no QO24070002 Entity 04 berhasil dikirim ke: kadek.wirata@kurakurabali.com  
[2024-07-22 13:12:51] local.INFO: Email Feedback doc_no PR24070072 Entity 01 berhasil dikirim ke: ratih.wulandari@kurakurabali.com  
[2024-07-22 13:12:53] local.INFO: Email Feedback doc_no PO24070001 Entity 04 berhasil dikirim ke: kadek.wirata@kurakurabali.com  
[2024-07-22 13:12:54] local.INFO: Email Feedback doc_no PR24070073 Entity 01 berhasil dikirim ke: galuh@kurakurabali.com  
[2024-07-22 13:40:00] local.INFO: Email Feedback doc_no PG24070003 Entity 04 berhasil dikirim ke: wayan.mahayu@kurakurabali.com  
[2024-07-22 14:01:51] local.INFO: Email Feedback doc_no PB24070013 Entity 01 berhasil dikirim ke: ib.krisna@kurakurabali.com  
[2024-07-22 14:01:54] local.INFO: Email Feedback doc_no PB24070014 Entity 01 berhasil dikirim ke: ib.krisna@kurakurabali.com  
[2024-07-22 14:08:15] local.INFO: Email Feedback doc_no PR24070074 Entity 01 berhasil dikirim ke: putu.arbi@kurakurabali.com  
[2024-07-22 14:14:29] local.INFO: Email Feedback doc_no PL24070001 Entity 03 berhasil dikirim ke: indra.pramana@kurakurabali.com  
[2024-07-22 14:22:29] local.INFO: Email Feedback doc_no PK24070001 Entity 04 berhasil dikirim ke: erika.lestari@kurakurabali.com  
[2024-07-22 14:44:38] local.INFO: Email Feedback doc_no PR24070068 Entity 01 berhasil dikirim ke: galuh@kurakurabali.com  
[2024-07-22 15:31:51] local.INFO: Email Feedback doc_no PJ24070001 Entity 04 berhasil dikirim ke: ayu.intan@kurakurabali.com  
[2024-07-22 15:31:54] local.INFO: Email Feedback doc_no PJ24070013 Entity 01 berhasil dikirim ke: ayu.intan@kurakurabali.com  
[2024-07-22 15:31:57] local.INFO: Email Feedback Approval doc_no RF24070093 Entity 01 berhasil dikirim ke: erika.lestari@kurakurabali.com & CC ke : Josephine.wibawa@kurakurabali.com, ratih.wulandari@kurakurabali.com, yoga.swara@kurakurabali.com  
[2024-07-22 15:32:00] local.INFO: Email Feedback Approval doc_no RF24070092 Entity 01 berhasil dikirim ke: erika.lestari@kurakurabali.com & CC ke : Josephine.wibawa@kurakurabali.com, ratih.wulandari@kurakurabali.com, yoga.swara@kurakurabali.com  
[2024-07-22 15:32:03] local.INFO: Email Feedback Approval doc_no RF24070091 Entity 01 berhasil dikirim ke: erika.lestari@kurakurabali.com & CC ke : Josephine.wibawa@kurakurabali.com, ratih.wulandari@kurakurabali.com, yoga.swara@kurakurabali.com  
[2024-07-22 15:32:06] local.INFO: Email Feedback doc_no PK24070094 Entity 01 berhasil dikirim ke: erika.lestari@kurakurabali.com  
[2024-07-22 15:32:09] local.INFO: Email Feedback doc_no PK24070093 Entity 01 berhasil dikirim ke: erika.lestari@kurakurabali.com  
[2024-07-22 15:32:12] local.INFO: Email Feedback doc_no PK24070092 Entity 01 berhasil dikirim ke: erika.lestari@kurakurabali.com  
[2024-07-22 15:32:15] local.INFO: Email Feedback doc_no PK24070091 Entity 01 berhasil dikirim ke: erika.lestari@kurakurabali.com  
[2024-07-22 15:42:47] local.INFO: Email Feedback doc_no QO24070119 Entity 01 berhasil dikirim ke: ratih.wulandari@kurakurabali.com  
[2024-07-22 15:43:16] local.INFO: Email Feedback doc_no QO24070018 Entity 03 berhasil dikirim ke: putu.arbi@kurakurabali.com  
[2024-07-22 15:43:40] local.INFO: Email Feedback doc_no QO24070016 Entity 03 berhasil dikirim ke: putu.arbi@kurakurabali.com  
[2024-07-22 16:02:43] local.INFO: Email Feedback doc_no PO24070015 Entity 03 berhasil dikirim ke: putu.arbi@kurakurabali.com  
[2024-07-22 16:36:49] local.INFO: Email Feedback doc_no 038/BTID Entity 01 berhasil dikirim ke: dewi.titiana@kurakurabali.com  
[2024-07-22 16:36:52] local.INFO: Email Feedback doc_no 010/KKBD Entity 04 berhasil dikirim ke: dewi.titiana@kurakurabali.com  
[2024-07-22 17:02:00] local.INFO: Email Feedback doc_no RP24070012 Entity 04 berhasil dikirim ke: komang.waharini@kurakurabali.com  
[2024-07-22 17:02:04] local.INFO: Email Feedback doc_no 038/BTID Entity 01 berhasil dikirim ke: dewi.titiana@kurakurabali.com  
[2024-07-22 17:02:07] local.INFO: Email Feedback doc_no 010/KKBD Entity 04 berhasil dikirim ke: dewi.titiana@kurakurabali.com  
[2024-07-22 17:03:38] local.INFO: Email Feedback doc_no PO24070016 Entity 03 berhasil dikirim ke: putu.arbi@kurakurabali.com  
[2024-07-22 17:03:40] local.INFO: Email Feedback doc_no PR24070075 Entity 01 berhasil dikirim ke: ratih.wulandari@kurakurabali.com  
[2024-07-22 17:03:46] local.INFO: Email Feedback doc_no PR24070076 Entity 01 berhasil dikirim ke: ratih.wulandari@kurakurabali.com  
[2024-07-22 17:07:55] local.INFO: Email Feedback doc_no QO24070122 Entity 01 berhasil dikirim ke: kadek.wirata@kurakurabali.com  
[2024-07-22 17:09:16] local.INFO: Email Feedback doc_no QO24070125 Entity 01 berhasil dikirim ke: kadek.wirata@kurakurabali.com  
[2024-07-22 17:22:25] local.INFO: Email Feedback doc_no PF24070024 Entity 01 berhasil dikirim ke: chansya.prabahesty@kurakurabali.com  
[2024-07-22 17:23:30] local.INFO: Email Feedback doc_no PL24070013 Entity 01 berhasil dikirim ke: indra.pramana@kurakurabali.com  
[2024-07-22 17:40:21] local.INFO: Email Feedback doc_no PE24070010 Entity 01 berhasil dikirim ke: made.lani@kurakurabali.com  
[2024-07-22 17:42:36] local.INFO: Email Feedback doc_no PL24070014 Entity 01 berhasil dikirim ke: indra.pramana@kurakurabali.com  
[2024-07-22 20:07:36] local.INFO: Email Feedback doc_no PD24070020 Entity 01 berhasil dikirim ke: kelvri.sinambela@kurakurabali.com  
[2024-07-22 20:07:54] local.INFO: Email Feedback doc_no PD24070021 Entity 01 berhasil dikirim ke: kelvri.sinambela@kurakurabali.com  
[2024-07-22 20:08:21] local.INFO: Email Feedback Approval doc_no RF24070095 Entity 01 berhasil dikirim ke: kelvri.sinambela@kurakurabali.com & CC ke : Josephine.wibawa@kurakurabali.com, ratih.wulandari@kurakurabali.com, yoga.swara@kurakurabali.com  
[2024-07-22 20:08:58] local.INFO: Email Feedback Approval doc_no RF24070096 Entity 01 berhasil dikirim ke: kelvri.sinambela@kurakurabali.com & CC ke : Josephine.wibawa@kurakurabali.com, ratih.wulandari@kurakurabali.com, yoga.swara@kurakurabali.com  
[2024-07-22 20:50:46] local.INFO: Email Feedback Approval doc_no RF24070009 Entity 03 berhasil dikirim ke: diah.puspa@kurakurabali.com & CC ke : Josephine.wibawa@kurakurabali.com, ratih.wulandari@kurakurabali.com, yoga.swara@kurakurabali.com  
[2024-07-22 20:51:00] local.INFO: Email Feedback Approval doc_no RF24070008 Entity 03 berhasil dikirim ke: diah.puspa@kurakurabali.com & CC ke : Josephine.wibawa@kurakurabali.com, ratih.wulandari@kurakurabali.com, yoga.swara@kurakurabali.com  
[2024-07-22 20:56:12] local.INFO: Email Feedback doc_no PF24070023 Entity 01 berhasil dikirim ke: chansya.prabahesty@kurakurabali.com  
