[2024-07-22 09:20:36] local.INFO: Email CB PPU doc_no PK24070090 Entity 01 berhasil dikirim ke: felix.budiman@kurakurabali.com  
[2024-07-22 09:28:20] local.INFO: Email CB PPU doc_no PJ24070013 Entity 01 berhasil dikirim ke: rina.anggraini@kurakurabali.com  
[2024-07-22 09:30:58] local.INFO: Email CB PPU doc_no PJ24070001 Entity 04 berhasil dikirim ke: rina.anggraini@kurakurabali.com  
[2024-07-22 09:44:33] local.INFO: Email Purchase Selection doc_no QO24070002 Entity 04 berhasil dikirim ke: josephine.wibawa@kurakurabali.com  
[2024-07-22 09:56:18] local.INFO: Email CB PPU doc_no PR24070071 Entity 01 berhasil dikirim ke: yoga.swara@kurakurabali.com  
[2024-07-22 09:56:30] local.INFO: Email CB PPU doc_no PR24070071 Entity 01 already sent to: yoga.swara@kurakurabali.com  
[2024-07-22 10:00:16] local.INFO: Email CB PPU doc_no PG24070003 Entity 04 berhasil dikirim ke: dilph.ho@kurakurabali.com  
[2024-07-22 10:12:33] local.INFO: Email CB PPU doc_no PE24070010 Entity 01 berhasil dikirim ke: zefri@kurakurabali.com  
[2024-07-22 10:30:32] local.INFO: Email CB PPU doc_no PE24070010 Entity 01 berhasil dikirim ke: zakki.hakim@kurakurabali.com  
[2024-07-22 10:36:08] local.INFO: Email CB PPU doc_no PR24070009 Entity 03 berhasil dikirim ke: yoga.swara@kurakurabali.com  
[2024-07-22 10:37:35] local.INFO: Email CM Entry doc_no 010/KKBD Entity 04 berhasil dikirim ke: ngtzejin@kurakurabali.com  
[2024-07-22 10:39:57] local.INFO: Email CM Entry doc_no 038/BTID Entity 01 berhasil dikirim ke: ngtzejin@kurakurabali.com  
[2024-07-22 10:43:19] local.INFO: Email Purchase Selection doc_no QO24070119 Entity 01 berhasil dikirim ke: josephine.wibawa@kurakurabali.com  
[2024-07-22 10:50:17] local.INFO: Email CB RPB doc_no RP24070068 Entity 01 berhasil dikirim ke: rina.anggraini@kurakurabali.com  
[2024-07-22 10:53:19] local.INFO: Email CB PPU doc_no PK24070091 Entity 01 berhasil dikirim ke: felix.budiman@kurakurabali.com  
[2024-07-22 10:53:36] local.INFO: Email CB RPB doc_no RP24070069 Entity 01 berhasil dikirim ke: rina.anggraini@kurakurabali.com  
[2024-07-22 10:55:18] local.INFO: Email CB RPB doc_no RP24070070 Entity 01 berhasil dikirim ke: rina.anggraini@kurakurabali.com  
[2024-07-22 10:58:30] local.INFO: Email CB PPU doc_no PK24070092 Entity 01 berhasil dikirim ke: felix.budiman@kurakurabali.com  
[2024-07-22 11:03:48] local.INFO: Email CM Entry doc_no 010/KKBD Entity 04 berhasil dikirim ke: darren.chan@kurakurabali.com  
[2024-07-22 11:04:10] local.INFO: Email CM Entry doc_no 038/BTID Entity 01 berhasil dikirim ke: darren.chan@kurakurabali.com  
[2024-07-22 11:04:10] local.INFO: Email CM Entry doc_no 038/BTID Entity 01 already sent to: darren.chan@kurakurabali.com  
[2024-07-22 11:10:17] local.INFO: Email CM Entry doc_no 010/KKBD Entity 04 berhasil dikirim ke: kianhong.neo@kurakurabali.com  
[2024-07-22 11:10:32] local.INFO: Email CM Entry doc_no 038/BTID Entity 01 berhasil dikirim ke: kianhong.neo@kurakurabali.com  
[2024-07-22 11:16:35] local.INFO: Email CB PPU doc_no PK24070093 Entity 01 berhasil dikirim ke: felix.budiman@kurakurabali.com  
[2024-07-22 11:22:26] local.INFO: Email CB PPU doc_no PK24070094 Entity 01 berhasil dikirim ke: felix.budiman@kurakurabali.com  
[2024-07-22 11:31:48] local.INFO: Email Purchase Requisition doc_no RF24070091 Entity 01 berhasil dikirim ke: felix.budiman@kurakurabali.com  
[2024-07-22 11:39:18] local.INFO: Email Purchase Requisition doc_no RF24070092 Entity 01 berhasil dikirim ke: felix.budiman@kurakurabali.com  
[2024-07-22 11:45:31] local.INFO: Email CB PPU doc_no PG24070003 Entity 04 berhasil dikirim ke: andrew.potts@kurakurabali.com  
[2024-07-22 11:48:19] local.INFO: Email Purchase Requisition doc_no RF24070093 Entity 01 berhasil dikirim ke: felix.budiman@kurakurabali.com  
[2024-07-22 12:56:28] local.INFO: Email CB PPU doc_no PR24070072 Entity 01 berhasil dikirim ke: yoga.swara@kurakurabali.com  
[2024-07-22 13:10:24] local.INFO: Email CB PPU doc_no PR24070073 Entity 01 berhasil dikirim ke: yoga.swara@kurakurabali.com  
[2024-07-22 13:10:48] local.INFO: Email Purchase Order doc_no PO24070001 Entity 04 berhasil dikirim ke: yoga.swara@kurakurabali.com  
[2024-07-22 14:06:30] local.INFO: Email CB PPU doc_no PR24070074 Entity 01 berhasil dikirim ke: yoga.swara@kurakurabali.com  
[2024-07-22 14:11:33] local.INFO: Email Purchase Selection doc_no QO24070122 Entity 01 berhasil dikirim ke: josephine.wibawa@kurakurabali.com  
[2024-07-22 14:13:31] local.INFO: Email CB PPU doc_no PL24070001 Entity 03 berhasil dikirim ke: made.ariesana@kurakurabali.com  
[2024-07-22 14:37:15] local.INFO: Email Purchase Selection doc_no QO24070016 Entity 03 berhasil dikirim ke: josephine.wibawa@kurakurabali.com  
[2024-07-22 14:47:03] local.INFO: Email CB PPU doc_no PF24070023 Entity 01 berhasil dikirim ke: zefri@kurakurabali.com  
[2024-07-22 14:56:56] local.INFO: Email CB PPU doc_no PF24070024 Entity 01 berhasil dikirim ke: zefri@kurakurabali.com  
[2024-07-22 15:00:31] local.INFO: Email CB PPU doc_no PF24070023 Entity 01 berhasil dikirim ke: zakki.hakim@kurakurabali.com  
[2024-07-22 15:03:13] local.INFO: Email CB PPU doc_no PD24070020 Entity 01 berhasil dikirim ke: francis.yee@kurakurabali.com  
[2024-07-22 15:05:35] local.INFO: Email CB PPU doc_no PD24070021 Entity 01 berhasil dikirim ke: francis.yee@kurakurabali.com  
[2024-07-22 15:19:35] local.INFO: Email Purchase Requisition doc_no RF24070095 Entity 01 berhasil dikirim ke: francis.yee@kurakurabali.com  
[2024-07-22 15:38:21] local.INFO: Email Purchase Requisition doc_no RF24070096 Entity 01 berhasil dikirim ke: francis.yee@kurakurabali.com  
[2024-07-22 15:38:42] local.INFO: Email Purchase Selection doc_no QO24070018 Entity 03 berhasil dikirim ke: josephine.wibawa@kurakurabali.com  
[2024-07-22 15:45:31] local.INFO: Email CB PPU doc_no PF24070024 Entity 01 berhasil dikirim ke: zakki.hakim@kurakurabali.com  
[2024-07-22 16:01:27] local.INFO: Email Purchase Order doc_no PO24070015 Entity 03 berhasil dikirim ke: yoga.swara@kurakurabali.com  
[2024-07-22 16:35:06] local.INFO: Email Purchase Order doc_no PO24070016 Entity 03 berhasil dikirim ke: yoga.swara@kurakurabali.com  
[2024-07-22 16:35:44] local.INFO: Email CB RPB doc_no RP24070012 Entity 04 berhasil dikirim ke: rina.anggraini@kurakurabali.com  
[2024-07-22 16:46:31] local.INFO: Email CB PPU doc_no PR24070075 Entity 01 berhasil dikirim ke: yoga.swara@kurakurabali.com  
[2024-07-22 16:50:34] local.INFO: Email CB PPU doc_no PR24070076 Entity 01 berhasil dikirim ke: yoga.swara@kurakurabali.com  
[2024-07-22 17:01:57] local.INFO: Email Purchase Selection doc_no QO24070125 Entity 01 berhasil dikirim ke: josephine.wibawa@kurakurabali.com  
[2024-07-22 17:02:27] local.INFO: Email CB PPU doc_no PK24070095 Entity 01 berhasil dikirim ke: felix.budiman@kurakurabali.com  
[2024-07-22 17:16:23] local.INFO: Email Purchase Order doc_no PO24070111 Entity 01 berhasil dikirim ke: yoga.swara@kurakurabali.com  
[2024-07-22 17:22:45] local.INFO: Email CB PPU doc_no PL24070013 Entity 01 berhasil dikirim ke: made.ariesana@kurakurabali.com  
[2024-07-22 17:26:53] local.INFO: Email Purchase Order doc_no PO24070112 Entity 01 berhasil dikirim ke: yoga.swara@kurakurabali.com  
[2024-07-22 17:30:40] local.INFO: Email CB PPU doc_no PL24070014 Entity 01 berhasil dikirim ke: made.ariesana@kurakurabali.com  
[2024-07-22 17:45:31] local.INFO: Email CB PPU doc_no PF24070023 Entity 01 berhasil dikirim ke: ferry@kurakurabali.com  
[2024-07-22 18:00:45] local.INFO: Email Purchase Requisition doc_no RF24070008 Entity 03 berhasil dikirim ke: ranny.setjiadi@kurakurabali.com  
[2024-07-22 18:01:12] local.INFO: Email Purchase Requisition doc_no RF24070009 Entity 03 berhasil dikirim ke: ranny.setjiadi@kurakurabali.com  
