[2024-07-08 09:18:23] local.INFO: Email Feedback Approval doc_no RF24070035 Entity 01 berhasil dikirim ke: nina.adriana@kurakurabali.com & CC ke : Josephine.wibawa@kurakurabali.com, ratih.wulandari@kurakurabali.com, yoga.swara@kurakurabali.com  
[2024-07-08 09:19:13] local.INFO: Email Feedback Approval doc_no RF24070037 Entity 01 berhasil dikirim ke: nina.adriana@kurakurabali.com & CC ke : Josephine.wibawa@kurakurabali.com, ratih.wulandari@kurakurabali.com, yoga.swara@kurakurabali.com  
[2024-07-08 10:54:27] local.INFO: Email Feedback doc_no QO24070030 Entity 01 berhasil dikirim ke: galuh@kurakurabali.com  
[2024-07-08 11:21:18] local.INFO: Email Feedback doc_no PL24070008 Entity 01 berhasil dikirim ke: indra.pramana@kurakurabali.com  
[2024-07-08 11:59:22] local.INFO: Email Feedback Approval doc_no RF24070038 Entity 01 berhasil dikirim ke: indra.pramana@kurakurabali.com & CC ke : Josephine.wibawa@kurakurabali.com, ratih.wulandari@kurakurabali.com, yoga.swara@kurakurabali.com  
[2024-07-08 12:02:01] local.INFO: Email Feedback doc_no PM24070004 Entity 01 berhasil dikirim ke: kintan.davita@kurakurabali.com  
[2024-07-08 12:03:53] local.INFO: Email Feedback Cancellation doc_no RF24060073 Entity 01 berhasil dikirim ke: kintan.davita@kurakurabali.com  
[2024-07-08 12:04:20] local.INFO: Email Feedback Approval doc_no RF24070021 Entity 01 berhasil dikirim ke: kintan.davita@kurakurabali.com & CC ke : Josephine.wibawa@kurakurabali.com, ratih.wulandari@kurakurabali.com, yoga.swara@kurakurabali.com  
[2024-07-08 12:45:53] local.INFO: Email Feedback doc_no PJ24070008 Entity 01 berhasil dikirim ke: ayu.intan@kurakurabali.com  
[2024-07-08 12:46:15] local.INFO: Email Feedback doc_no PJ24070009 Entity 01 berhasil dikirim ke: ayu.intan@kurakurabali.com  
[2024-07-08 13:00:41] local.INFO: Email Feedback doc_no PK24070026 Entity 01 berhasil dikirim ke: komang.ayu@kurakurabali.com  
[2024-07-08 13:00:44] local.INFO: Email Feedback Approval doc_no RF24070014 Entity 01 berhasil dikirim ke: kintan.davita@kurakurabali.com & CC ke : Josephine.wibawa@kurakurabali.com, ratih.wulandari@kurakurabali.com, yoga.swara@kurakurabali.com  
[2024-07-08 14:34:02] local.INFO: Email Feedback Approval doc_no RF24070043 Entity 01 berhasil dikirim ke: desman.weldenny@kurakurabali.com & CC ke : Josephine.wibawa@kurakurabali.com, ratih.wulandari@kurakurabali.com, yoga.swara@kurakurabali.com  
[2024-07-08 14:44:34] local.INFO: Email Feedback doc_no PR24070020 Entity 01 berhasil dikirim ke: kadek.wirata@kurakurabali.com  
[2024-07-08 15:00:41] local.INFO: Email Feedback doc_no PK24070025 Entity 01 berhasil dikirim ke: komang.ayu@kurakurabali.com  
[2024-07-08 15:00:45] local.INFO: Email Feedback doc_no PK24070029 Entity 01 berhasil dikirim ke: komang.ayu@kurakurabali.com  
[2024-07-08 15:00:48] local.INFO: Email Feedback doc_no PK24070030 Entity 01 berhasil dikirim ke: komang.ayu@kurakurabali.com  
[2024-07-08 15:28:33] local.INFO: Email Feedback doc_no PB24070010 Entity 01 berhasil dikirim ke: dedi.kurniawan@kurakurabali.com  
[2024-07-08 15:28:51] local.INFO: Email Feedback doc_no PB24070009 Entity 01 berhasil dikirim ke: dedi.kurniawan@kurakurabali.com  
[2024-07-08 15:35:13] local.INFO: Email Feedback doc_no PR24070002 Entity 04 berhasil dikirim ke: galuh@kurakurabali.com  
[2024-07-08 15:36:21] local.INFO: Email Feedback doc_no PR24070021 Entity 01 berhasil dikirim ke: galuh@kurakurabali.com  
[2024-07-08 15:36:23] local.INFO: Email Feedback doc_no PO24070039 Entity 01 berhasil dikirim ke: galuh@kurakurabali.com  
[2024-07-08 15:48:48] local.INFO: Email Feedback Approval doc_no RF24070040 Entity 01 berhasil dikirim ke: kintan.davita@kurakurabali.com & CC ke : Josephine.wibawa@kurakurabali.com, ratih.wulandari@kurakurabali.com, yoga.swara@kurakurabali.com  
[2024-07-08 15:49:33] local.INFO: Email Feedback doc_no PM24070006 Entity 01 berhasil dikirim ke: kintan.davita@kurakurabali.com  
[2024-07-08 15:59:44] local.INFO: Email Feedback Approval doc_no RF24070044 Entity 01 berhasil dikirim ke: chansya.prabahesty@kurakurabali.com & CC ke : Josephine.wibawa@kurakurabali.com, ratih.wulandari@kurakurabali.com, yoga.swara@kurakurabali.com  
[2024-07-08 16:00:05] local.INFO: Email Feedback doc_no PF24070010 Entity 01 berhasil dikirim ke: chansya.prabahesty@kurakurabali.com  
[2024-07-08 16:00:31] local.INFO: Email Feedback doc_no PF24070008 Entity 01 berhasil dikirim ke: chansya.prabahesty@kurakurabali.com  
[2024-07-08 16:00:41] local.INFO: Email Feedback Approval doc_no RF24070039 Entity 01 berhasil dikirim ke: ib.krisna@kurakurabali.com & CC ke : Josephine.wibawa@kurakurabali.com, ratih.wulandari@kurakurabali.com, yoga.swara@kurakurabali.com  
[2024-07-08 16:00:44] local.INFO: Email Feedback doc_no PB24070008 Entity 01 berhasil dikirim ke: ib.krisna@kurakurabali.com  
[2024-07-08 16:01:05] local.INFO: Email Feedback doc_no PF24070003 Entity 01 berhasil dikirim ke: chansya.prabahesty@kurakurabali.com  
[2024-07-08 16:04:27] local.INFO: Email Feedback doc_no PE24030034 Entity 01 berhasil dikirim ke: made.lani@kurakurabali.com  
[2024-07-08 16:04:42] local.INFO: Email Feedback doc_no PE24030033 Entity 01 berhasil dikirim ke: made.lani@kurakurabali.com  
[2024-07-08 16:04:58] local.INFO: Email Feedback doc_no PE24030035 Entity 01 berhasil dikirim ke: made.lani@kurakurabali.com  
[2024-07-08 16:05:51] local.INFO: Email Feedback doc_no PE24030036 Entity 01 berhasil dikirim ke: made.lani@kurakurabali.com  
[2024-07-08 16:06:58] local.INFO: Email Feedback Approval doc_no RF24060054 Entity 01 berhasil dikirim ke: made.lani@kurakurabali.com & CC ke : Josephine.wibawa@kurakurabali.com, ratih.wulandari@kurakurabali.com, yoga.swara@kurakurabali.com  
[2024-07-08 16:07:21] local.INFO: Email Feedback doc_no PE24030013 Entity 01 berhasil dikirim ke: muflih.mappaujung@kurakurabali.com  
[2024-07-08 16:30:41] local.INFO: Email Feedback doc_no PK24070028 Entity 01 berhasil dikirim ke: erika.lestari@kurakurabali.com  
[2024-07-08 16:30:44] local.INFO: Email Feedback doc_no PK24070027 Entity 01 berhasil dikirim ke: erika.lestari@kurakurabali.com  
[2024-07-08 16:30:47] local.INFO: Email Feedback doc_no PK24070036 Entity 01 berhasil dikirim ke: erika.lestari@kurakurabali.com  
[2024-07-08 16:30:50] local.INFO: Email Feedback doc_no PK24070035 Entity 01 berhasil dikirim ke: erika.lestari@kurakurabali.com  
[2024-07-08 16:30:54] local.INFO: Email Feedback doc_no PK24070034 Entity 01 berhasil dikirim ke: erika.lestari@kurakurabali.com  
[2024-07-08 16:30:57] local.INFO: Email Feedback doc_no PK24070033 Entity 01 berhasil dikirim ke: erika.lestari@kurakurabali.com  
[2024-07-08 16:31:00] local.INFO: Email Feedback doc_no PK24070032 Entity 01 berhasil dikirim ke: erika.lestari@kurakurabali.com  
[2024-07-08 16:31:03] local.INFO: Email Feedback doc_no PK24070031 Entity 01 berhasil dikirim ke: erika.lestari@kurakurabali.com  
[2024-07-08 17:48:46] local.INFO: Email Feedback Approval doc_no RF24070046 Entity 01 berhasil dikirim ke: desman.weldenny@kurakurabali.com & CC ke : Josephine.wibawa@kurakurabali.com, ratih.wulandari@kurakurabali.com, yoga.swara@kurakurabali.com  
[2024-07-08 17:49:38] local.INFO: Email Feedback Approval doc_no RF24070045 Entity 01 berhasil dikirim ke: desman.weldenny@kurakurabali.com & CC ke : Josephine.wibawa@kurakurabali.com, ratih.wulandari@kurakurabali.com, yoga.swara@kurakurabali.com  
[2024-07-08 20:06:56] local.INFO: Email Feedback doc_no PO24070040 Entity 01 berhasil dikirim ke: saraswati.puspita@kurakurabali.com  
