[2024-07-08 09:29:51] local.INFO: Email CB PPU doc_no PG24070002 Entity 01 berhasil dikirim ke: indra.wirawan@kurakurabali.com  
[2024-07-08 09:37:47] local.INFO: Email CB PPU doc_no PK24070026 Entity 01 berhasil dikirim ke: felix.budiman@kurakurabali.com  
[2024-07-08 10:38:50] local.INFO: Email CB PPU doc_no PR24070020 Entity 01 berhasil dikirim ke: ahmad.ariffandy@ifca.co.id  
[2024-07-08 10:58:24] local.INFO: Email CB PPU doc_no PL24070008 Entity 01 berhasil dikirim ke: made.ariesana@kurakurabali.com  
[2024-07-08 11:31:10] local.INFO: Email CB PPU doc_no PK24070027 Entity 01 berhasil dikirim ke: felix.budiman@kurakurabali.com  
[2024-07-08 11:37:45] local.INFO: Email CB PPU doc_no PK24070028 Entity 01 berhasil dikirim ke: felix.budiman@kurakurabali.com  
[2024-07-08 11:44:42] local.INFO: Email CB PPU doc_no PF24070008 Entity 01 berhasil dikirim ke: zefri@kurakurabali.com  
[2024-07-08 11:48:22] local.INFO: Email Purchase Requisition doc_no RF24070039 Entity 01 berhasil dikirim ke: inge.sutanto@kurakurabali.com  
[2024-07-08 11:54:51] local.INFO: Email Purchase Requisition doc_no RF24070038 Entity 01 berhasil dikirim ke: made.ariesana@kurakurabali.com  
[2024-07-08 12:06:04] local.INFO: Email CM Progress doc_no PC24070003 Entity 01 berhasil dikirim ke: dilph.ho@kurakurabali.com  
[2024-07-08 12:33:04] local.INFO: Email CB PPU doc_no PJ24070009 Entity 01 berhasil dikirim ke: darren.chan@kurakurabali.com  
[2024-07-08 12:33:07] local.INFO: Email CB PPU doc_no PJ24070008 Entity 01 berhasil dikirim ke: darren.chan@kurakurabali.com  
[2024-07-08 12:33:10] local.INFO: Email CB PPU doc_no PG24070002 Entity 01 berhasil dikirim ke: budi.handojo@kurakurabali.com  
[2024-07-08 12:33:13] local.INFO: Email CB PPU doc_no PF24070008 Entity 01 berhasil dikirim ke: zakki.hakim@kurakurabali.com  
[2024-07-08 12:33:16] local.INFO: Email CM Progress doc_no PC24070003 Entity 01 berhasil dikirim ke: andrew.potts@kurakurabali.com  
[2024-07-08 13:12:33] local.INFO: Email Purchase Requisition doc_no RF24070040 Entity 01 berhasil dikirim ke: fivianty.wijaya@kurakurabali.com  
[2024-07-08 13:12:52] local.INFO: Email CB PPU doc_no PF24070010 Entity 01 berhasil dikirim ke: zefri@kurakurabali.com  
[2024-07-08 13:15:05] local.INFO: Email CB PPU doc_no PF24070010 Entity 01 berhasil dikirim ke: zakki.hakim@kurakurabali.com  
[2024-07-08 13:19:58] local.INFO: Email Purchase Requisition doc_no RF24070042 Entity 01 berhasil dikirim ke: made.ariesana@kurakurabali.com  
[2024-07-08 13:33:37] local.INFO: Email CB PPU doc_no PR24070003 Entity 03 berhasil dikirim ke: yoga.swara@kurakurabali.com  
[2024-07-08 13:57:53] local.INFO: Email Purchase Requisition doc_no RF24070043 Entity 01 berhasil dikirim ke: aaron.tham@kurakurabali.com  
[2024-07-08 14:12:54] local.INFO: Email CB PPU doc_no PK24070029 Entity 01 berhasil dikirim ke: felix.budiman@kurakurabali.com  
[2024-07-08 14:14:17] local.INFO: Email Purchase Requisition doc_no RF24070044 Entity 01 berhasil dikirim ke: zefri@kurakurabali.com  
[2024-07-08 14:15:05] local.INFO: Email Purchase Requisition doc_no RF24070044 Entity 01 berhasil dikirim ke: zakki.hakim@kurakurabali.com  
[2024-07-08 14:15:55] local.INFO: Email Purchase Requisition doc_no RF24070045 Entity 01 berhasil dikirim ke: aaron.tham@kurakurabali.com  
[2024-07-08 14:19:53] local.INFO: Email Purchase Requisition doc_no RF24070046 Entity 01 berhasil dikirim ke: aaron.tham@kurakurabali.com  
[2024-07-08 14:31:39] local.INFO: Email CB PPU doc_no PK24070030 Entity 01 berhasil dikirim ke: felix.budiman@kurakurabali.com  
[2024-07-08 14:44:06] local.INFO: Email CB PPU doc_no PR24070020 Entity 01 berhasil dikirim ke: yoga.swara@kurakurabali.com  
[2024-07-08 15:02:17] local.INFO: Email CB PPU doc_no PB24070008 Entity 01 berhasil dikirim ke: inge.sutanto@kurakurabali.com  
[2024-07-08 15:07:30] local.INFO: Email CB PPU doc_no PR24070002 Entity 04 berhasil dikirim ke: yoga.swara@kurakurabali.com  
[2024-07-08 15:12:28] local.INFO: Email CB PPU doc_no PB24070009 Entity 01 berhasil dikirim ke: melki@kurakurabali.com  
[2024-07-08 15:12:50] local.INFO: Email Purchase Order doc_no PO24070039 Entity 01 berhasil dikirim ke: yoga.swara@kurakurabali.com  
[2024-07-08 15:14:29] local.INFO: Email CB PPU doc_no PB24070010 Entity 01 berhasil dikirim ke: melki@kurakurabali.com  
[2024-07-08 15:15:05] local.INFO: Email CB PPU doc_no PB24070010 Entity 01 berhasil dikirim ke: darren.chan@kurakurabali.com  
[2024-07-08 15:15:08] local.INFO: Email CB PPU doc_no PB24070009 Entity 01 berhasil dikirim ke: darren.chan@kurakurabali.com  
[2024-07-08 15:27:46] local.INFO: Email CB PPU doc_no PR24070021 Entity 01 berhasil dikirim ke: yoga.swara@kurakurabali.com  
[2024-07-08 15:34:41] local.INFO: Email CB PPU doc_no PR24070022 Entity 01 berhasil dikirim ke: yoga.swara@kurakurabali.com  
[2024-07-08 15:41:39] local.INFO: Email Purchase Requisition doc_no RF24070040 Entity 01 berhasil dikirim ke: fivianty.wijaya@kurakurabali.com  
[2024-07-08 15:44:30] local.INFO: Email CB PPU doc_no PK24070031 Entity 01 berhasil dikirim ke: felix.budiman@kurakurabali.com  
[2024-07-08 15:45:05] local.INFO: Email CB PPU doc_no PR24070022 Entity 01 berhasil dikirim ke: aaron.tham@kurakurabali.com  
[2024-07-08 15:48:13] local.INFO: Email Purchase Requisition doc_no RF24070047 Entity 01 berhasil dikirim ke: inge.sutanto@kurakurabali.com  
[2024-07-08 15:48:19] local.INFO: Email CB PPU doc_no PM24070006 Entity 01 berhasil dikirim ke: fivianty.wijaya@kurakurabali.com  
[2024-07-08 15:50:21] local.INFO: Email Purchase Requisition doc_no RF24070048 Entity 01 berhasil dikirim ke: imade.sumantra@kurakurabali.com  
[2024-07-08 15:53:02] local.INFO: Email CB PPU doc_no PS24070003 Entity 01 berhasil dikirim ke: imade.sumantra@kurakurabali.com  
[2024-07-08 15:56:46] local.INFO: Email CB PPU doc_no PK24070032 Entity 01 berhasil dikirim ke: felix.budiman@kurakurabali.com  
[2024-07-08 16:01:00] local.INFO: Email CB PPU doc_no PK24070033 Entity 01 berhasil dikirim ke: felix.budiman@kurakurabali.com  
[2024-07-08 16:08:38] local.INFO: Email CB PPU doc_no PK24070034 Entity 01 berhasil dikirim ke: felix.budiman@kurakurabali.com  
[2024-07-08 16:13:44] local.INFO: Email CB PPU doc_no PK24070035 Entity 01 berhasil dikirim ke: felix.budiman@kurakurabali.com  
[2024-07-08 16:21:43] local.INFO: Email CB PPU doc_no PK24070036 Entity 01 berhasil dikirim ke: felix.budiman@kurakurabali.com  
[2024-07-08 16:26:10] local.INFO: Email Purchase Selection doc_no QO24070051 Entity 01 berhasil dikirim ke: josephine.wibawa@kurakurabali.com  
[2024-07-08 16:33:05] local.INFO: Email CB PPU doc_no PR24070023 Entity 01 berhasil dikirim ke: yoga.swara@kurakurabali.com  
[2024-07-08 16:43:55] local.INFO: Email Purchase Selection doc_no QO24070052 Entity 01 berhasil dikirim ke: josephine.wibawa@kurakurabali.com  
[2024-07-08 16:47:38] local.INFO: Email Purchase Order doc_no PO24070041 Entity 01 berhasil dikirim ke: yoga.swara@kurakurabali.com  
[2024-07-08 16:49:54] local.INFO: Email Purchase Selection doc_no QO24070005 Entity 03 berhasil dikirim ke: josephine.wibawa@kurakurabali.com  
[2024-07-08 16:53:01] local.INFO: Email Purchase Selection doc_no QO24070053 Entity 01 berhasil dikirim ke: josephine.wibawa@kurakurabali.com  
[2024-07-08 17:35:28] local.INFO: Email CB PPU doc_no PO24070040 Entity 01 berhasil dikirim ke: agung.buana@kurakurabali.com  
[2024-07-08 17:51:11] local.INFO: Email Purchase Requisition doc_no RF24060072 Entity 01 berhasil dikirim ke: ahmad.ariffandy@ifca.co.id  
