[2024-07-12 10:58:02] local.INFO: Email Feedback doc_no PC24070004 Entity 03 berhasil dikirim ke: diah.puspa@kurakurabali.com  
[2024-07-12 11:49:33] local.INFO: Email Feedback doc_no PQ24070001 Entity 01 berhasil dikirim ke: desman.weldenny@kurakurabali.com  
[2024-07-12 11:51:02] local.INFO: Email Feedback doc_no PS24070004 Entity 01 berhasil dikirim ke: ayu.puspita@kurakurabali.com  
[2024-07-12 11:51:49] local.INFO: Email Feedback Approval doc_no RF24070062 Entity 01 berhasil dikirim ke: nina.adriana@kurakurabali.com & CC ke : Josephine.wibawa@kurakurabali.com, ratih.wulandari@kurakurabali.com, yoga.swara@kurakurabali.com  
[2024-07-12 11:59:52] local.INFO: Email Feedback Approval doc_no RF24070061 Entity 01 berhasil dikirim ke: desman.weldenny@kurakurabali.com & CC ke : Josephine.wibawa@kurakurabali.com, ratih.wulandari@kurakurabali.com, yoga.swara@kurakurabali.com  
[2024-07-12 12:09:23] local.INFO: Email Feedback doc_no PR24070005 Entity 03 berhasil dikirim ke: putu.arbi@kurakurabali.com  
[2024-07-12 12:09:39] local.INFO: Email Feedback doc_no PR24070044 Entity 01 berhasil dikirim ke: ratih.wulandari@kurakurabali.com  
[2024-07-12 13:00:34] local.INFO: Email Feedback Approval doc_no RF24070063 Entity 01 berhasil dikirim ke: indra.pramana@kurakurabali.com & CC ke : Josephine.wibawa@kurakurabali.com, ratih.wulandari@kurakurabali.com, yoga.swara@kurakurabali.com  
[2024-07-12 14:08:07] local.INFO: Email Feedback doc_no CA24070001 Entity 01 berhasil dikirim ke: erika.lestari@kurakurabali.com  
[2024-07-12 14:14:43] local.INFO: Email Feedback Approval doc_no RF24070065 Entity 01 berhasil dikirim ke: nina.adriana@kurakurabali.com & CC ke : Josephine.wibawa@kurakurabali.com, ratih.wulandari@kurakurabali.com, yoga.swara@kurakurabali.com  
[2024-07-12 14:20:19] local.INFO: Email Feedback doc_no PK24070068 Entity 01 berhasil dikirim ke: erika.lestari@kurakurabali.com  
[2024-07-12 14:20:22] local.INFO: Email Feedback doc_no PK24070067 Entity 01 berhasil dikirim ke: erika.lestari@kurakurabali.com  
[2024-07-12 14:20:25] local.INFO: Email Feedback Approval doc_no RF24070066 Entity 01 berhasil dikirim ke: erika.lestari@kurakurabali.com & CC ke : Josephine.wibawa@kurakurabali.com, ratih.wulandari@kurakurabali.com, yoga.swara@kurakurabali.com  
[2024-07-12 14:20:28] local.INFO: Email Feedback Approval doc_no CA24070001 Entity 01 berhasil dikirim ke: erika.lestari@kurakurabali.com & CC ke : Josephine.wibawa@kurakurabali.com, ratih.wulandari@kurakurabali.com, yoga.swara@kurakurabali.com  
[2024-07-12 14:20:31] local.INFO: Email Feedback doc_no PF24070017 Entity 01 berhasil dikirim ke: chansya.prabahesty@kurakurabali.com  
[2024-07-12 14:46:35] local.INFO: Email Feedback doc_no PR24070046 Entity 01 berhasil dikirim ke: kadek.wirata@kurakurabali.com  
[2024-07-12 15:02:27] local.INFO: Email Feedback Approval doc_no RF24070067 Entity 01 berhasil dikirim ke: indra.pramana@kurakurabali.com & CC ke : Josephine.wibawa@kurakurabali.com, ratih.wulandari@kurakurabali.com, yoga.swara@kurakurabali.com  
[2024-07-12 15:22:14] local.INFO: Email Feedback doc_no PR24070045 Entity 01 berhasil dikirim ke: kadek.wirata@kurakurabali.com  
[2024-07-12 15:22:35] local.INFO: Email Feedback doc_no PR24070047 Entity 01 berhasil dikirim ke: kadek.wirata@kurakurabali.com  
[2024-07-12 16:39:09] local.INFO: Email Feedback doc_no PR24070048 Entity 01 berhasil dikirim ke: ratih.wulandari@kurakurabali.com  
[2024-07-12 16:39:10] local.INFO: Email Feedback doc_no PR24070006 Entity 03 berhasil dikirim ke: ratih.wulandari@kurakurabali.com  
[2024-07-12 16:43:44] local.INFO: Email Feedback doc_no QO24070078 Entity 01 berhasil dikirim ke: putu.arbi@kurakurabali.com  
[2024-07-12 16:44:21] local.INFO: Email Feedback doc_no QO24070079 Entity 01 berhasil dikirim ke: putu.arbi@kurakurabali.com  
[2024-07-12 16:44:43] local.INFO: Email Feedback doc_no QO24070074 Entity 01 berhasil dikirim ke: putu.arbi@kurakurabali.com  
[2024-07-12 16:50:19] local.INFO: Email Feedback doc_no RP24070008 Entity 04 berhasil dikirim ke: komang.waharini@kurakurabali.com  
[2024-07-12 16:50:22] local.INFO: Email Feedback doc_no RP24070012 Entity 01 berhasil dikirim ke: natalia.samosir@kurakurabali.com  
[2024-07-12 16:50:25] local.INFO: Email Feedback doc_no RP24070027 Entity 01 berhasil dikirim ke: natalia.samosir@kurakurabali.com  
[2024-07-12 16:50:28] local.INFO: Email Feedback doc_no RP24070026 Entity 01 berhasil dikirim ke: natalia.samosir@kurakurabali.com  
[2024-07-12 17:18:54] local.INFO: Email Feedback doc_no PO24070067 Entity 01 berhasil dikirim ke: putu.arbi@kurakurabali.com  
[2024-07-12 17:18:56] local.INFO: Email Feedback doc_no PO24070070 Entity 01 berhasil dikirim ke: putu.arbi@kurakurabali.com  
[2024-07-12 17:18:57] local.INFO: Email Feedback doc_no PO24070069 Entity 01 berhasil dikirim ke: putu.arbi@kurakurabali.com  
[2024-07-12 17:25:38] local.INFO: Email Feedback doc_no PR24070049 Entity 01 berhasil dikirim ke: putu.arbi@kurakurabali.com  
[2024-07-12 17:26:52] local.INFO: Email Feedback doc_no PR24070043 Entity 01 berhasil dikirim ke: putu.arbi@kurakurabali.com  
[2024-07-12 17:31:50] local.INFO: Email Feedback doc_no PR24070050 Entity 01 berhasil dikirim ke: putu.arbi@kurakurabali.com  
