[2024-07-12 10:57:30] local.INFO: Email CB PPU doc_no PC24070004 Entity 03 berhasil dikirim ke: ranny.setjiadi@kurakurabali.com  
[2024-07-12 11:00:22] local.INFO: Email CB PPU doc_no PS24070004 Entity 01 berhasil dikirim ke: aaron.tham@kurakurabali.com  
[2024-07-12 11:21:21] local.INFO: Email Purchase Requisition doc_no RF24070063 Entity 01 berhasil dikirim ke: made.ariesana@kurakurabali.com  
[2024-07-12 11:38:55] local.INFO: Email CB PPU doc_no PR24070044 Entity 01 berhasil dikirim ke: yoga.swara@kurakurabali.com  
[2024-07-12 12:12:33] local.INFO: Email Purchase Requisition doc_no RF24070064 Entity 01 berhasil dikirim ke: made.ariesana@kurakurabali.com  
[2024-07-12 13:31:20] local.INFO: Email Purchase Requisition doc_no RF24070065 Entity 01 berhasil dikirim ke: slamet.sumaryadi@kurakurabali.com  
[2024-07-12 13:37:31] local.INFO: Email CB RUM doc_no CA24070001 Entity 01 berhasil dikirim ke: yohan.pangtoro@kurakurabali.com  
[2024-07-12 14:08:44] local.INFO: Email Purchase Requisition doc_no RF24070066 Entity 01 berhasil dikirim ke: felix.budiman@kurakurabali.com  
[2024-07-12 14:10:03] local.INFO: Email CB PPU doc_no PK24070067 Entity 01 berhasil dikirim ke: felix.budiman@kurakurabali.com  
[2024-07-12 14:12:42] local.INFO: Email CB PPU doc_no PK24070068 Entity 01 berhasil dikirim ke: felix.budiman@kurakurabali.com  
[2024-07-12 14:29:40] local.INFO: Email CB PPU doc_no PR24070045 Entity 01 berhasil dikirim ke: yoga.swara@kurakurabali.com  
[2024-07-12 14:31:37] local.INFO: Email CB PPU doc_no PR24070046 Entity 01 berhasil dikirim ke: yoga.swara@kurakurabali.com  
[2024-07-12 14:33:40] local.INFO: Email CB PPU doc_no PR24070047 Entity 01 berhasil dikirim ke: yoga.swara@kurakurabali.com  
[2024-07-12 14:55:05] local.INFO: Email Purchase Requisition doc_no RF24070067 Entity 01 berhasil dikirim ke: made.ariesana@kurakurabali.com  
[2024-07-12 15:01:46] local.INFO: Email CB RPB doc_no RP24070040 Entity 01 berhasil dikirim ke: rina.anggraini@kurakurabali.com  
[2024-07-12 15:02:20] local.INFO: Email Purchase Selection doc_no QO24070078 Entity 01 berhasil dikirim ke: josephine.wibawa@kurakurabali.com  
[2024-07-12 15:02:35] local.INFO: Email Purchase Selection doc_no QO24070078 Entity 01 berhasil dikirim ke: josephine.wibawa@kurakurabali.com  
[2024-07-12 15:12:39] local.INFO: Email Purchase Selection doc_no QO24070079 Entity 01 berhasil dikirim ke: josephine.wibawa@kurakurabali.com  
[2024-07-12 15:30:53] local.INFO: Email CB RPB doc_no RP24070008 Entity 04 berhasil dikirim ke: rina.anggraini@kurakurabali.com  
[2024-07-12 16:22:06] local.INFO: Email CB PPU doc_no PR24070048 Entity 01 berhasil dikirim ke: yoga.swara@kurakurabali.com  
[2024-07-12 16:25:28] local.INFO: Email CB PPU doc_no PR24070006 Entity 03 berhasil dikirim ke: yoga.swara@kurakurabali.com  
[2024-07-12 16:28:52] local.INFO: Email CM Progress doc_no PC24070002 Entity 04 berhasil dikirim ke: cathielim@kurakurabali.com  
[2024-07-12 16:30:22] local.INFO: Email CM Progress doc_no PC24070002 Entity 04 berhasil dikirim ke: ngtzejin@kurakurabali.com  
[2024-07-12 16:59:15] local.INFO: Email Purchase Order doc_no PO24070067 Entity 01 berhasil dikirim ke: yoga.swara@kurakurabali.com  
[2024-07-12 17:01:28] local.INFO: Email Purchase Order doc_no PO24070070 Entity 01 berhasil dikirim ke: yoga.swara@kurakurabali.com  
[2024-07-12 17:05:14] local.INFO: Email Purchase Order doc_no PO24070069 Entity 01 berhasil dikirim ke: yoga.swara@kurakurabali.com  
[2024-07-12 17:24:43] local.INFO: Email CB PPU doc_no PR24070049 Entity 01 berhasil dikirim ke: yoga.swara@kurakurabali.com  
[2024-07-12 17:31:21] local.INFO: Email CB PPU doc_no PR24070050 Entity 01 berhasil dikirim ke: yoga.swara@kurakurabali.com  
[2024-07-12 18:14:37] local.INFO: Email Purchase Requisition doc_no RF24070002 Entity 04 berhasil dikirim ke: ranny.setjiadi@kurakurabali.com  
[2024-07-12 18:24:58] local.INFO: Email CB PPU doc_no PC24070006 Entity 03 berhasil dikirim ke: ranny.setjiadi@kurakurabali.com  
