[2024-07-29 09:08:24] local.INFO: Email CB PPU doc_no PG24070010 Entity 01 berhasil dikirim ke: budi.handojo@kurakurabali.com  
[2024-07-29 09:17:26] local.INFO: Email CB PPU doc_no PF24070033 Entity 01 berhasil dikirim ke: zefri@kurakurabali.com  
[2024-07-29 09:29:13] local.INFO: Email Purchase Selection doc_no QO24070137 Entity 01 berhasil dikirim ke: josephine.wibawa@kurakurabali.com  
[2024-07-29 09:40:14] local.INFO: Email CB PPU doc_no PF24070033 Entity 01 berhasil dikirim ke: zakki.hakim@kurakurabali.com  
[2024-07-29 09:59:10] local.INFO: Email Purchase Order doc_no PO24070139 Entity 01 berhasil dikirim ke: yoga.swara@kurakurabali.com  
[2024-07-29 10:04:18] local.INFO: Email Purchase Selection doc_no QO24070003 Entity 04 berhasil dikirim ke: josephine.wibawa@kurakurabali.com  
[2024-07-29 10:17:06] local.INFO: Email Purchase Order doc_no PO24070003 Entity 04 berhasil dikirim ke: yoga.swara@kurakurabali.com  
[2024-07-29 10:40:59] local.INFO: Email CB PPU doc_no PM24070018 Entity 01 berhasil dikirim ke: fivianty.wijaya@kurakurabali.com  
[2024-07-29 10:44:43] local.INFO: Email CB PPU doc_no PM24070019 Entity 01 berhasil dikirim ke: fivianty.wijaya@kurakurabali.com  
[2024-07-29 10:56:58] local.INFO: Email Purchase Requisition doc_no RF24070120 Entity 01 berhasil dikirim ke: made.ariesana@kurakurabali.com  
[2024-07-29 11:07:48] local.INFO: Email CB PPU VVIP doc_no PK24070123 Entity 01 berhasil dikirim ke: felix.budiman@kurakurabali.com  
[2024-07-29 11:28:27] local.INFO: Email Purchase Requisition doc_no RF24070121 Entity 01 berhasil dikirim ke: yohan.pangtoro@kurakurabali.com  
[2024-07-29 11:30:07] local.INFO: Email Purchase Requisition doc_no RF24070121 Entity 01 berhasil dikirim ke: darren.chan@kurakurabali.com  
[2024-07-29 11:40:52] local.INFO: Email CB RPB doc_no RP24070088 Entity 01 berhasil dikirim ke: rina.anggraini@kurakurabali.com  
[2024-07-29 11:42:04] local.INFO: Email CB RPB doc_no RP24080007 Entity 01 berhasil dikirim ke: rina.anggraini@kurakurabali.com  
[2024-07-29 11:48:59] local.INFO: Email Purchase Requisition doc_no RF24070120 Entity 01 berhasil dikirim ke: made.ariesana@kurakurabali.com  
[2024-07-29 14:19:55] local.INFO: Email CB PPU doc_no PK24070124 Entity 01 berhasil dikirim ke: felix.budiman@kurakurabali.com  
[2024-07-29 14:23:10] local.INFO: Email CB PPU doc_no PF24070034 Entity 01 berhasil dikirim ke: zefri@kurakurabali.com  
[2024-07-29 14:29:11] local.INFO: Email CB PPU doc_no PF24070034 Entity 01 berhasil dikirim ke: zakki.hakim@kurakurabali.com  
[2024-07-29 14:29:46] local.INFO: Email CB PPU doc_no PF24070035 Entity 01 berhasil dikirim ke: zefri@kurakurabali.com  
[2024-07-29 14:41:37] local.INFO: Email CB PPU doc_no PF24070035 Entity 01 berhasil dikirim ke: zakki.hakim@kurakurabali.com  
[2024-07-29 14:48:09] local.INFO: Email Purchase Requisition doc_no RF24070123 Entity 01 berhasil dikirim ke: zefri@kurakurabali.com  
[2024-07-29 15:00:17] local.INFO: Email CB PPU doc_no PF24070029 Entity 01 berhasil dikirim ke: ferry@kurakurabali.com  
[2024-07-29 15:12:56] local.INFO: Email Purchase Requisition doc_no RF24070013 Entity 03 berhasil dikirim ke: ranny.setjiadi@kurakurabali.com  
[2024-07-29 15:13:30] local.INFO: Email Purchase Requisition doc_no RF24070014 Entity 03 berhasil dikirim ke: ranny.setjiadi@kurakurabali.com  
[2024-07-29 15:15:39] local.INFO: Email Purchase Requisition doc_no RF24070015 Entity 03 berhasil dikirim ke: ranny.setjiadi@kurakurabali.com  
[2024-07-29 15:16:14] local.INFO: Email Purchase Requisition doc_no RF24070016 Entity 03 berhasil dikirim ke: ranny.setjiadi@kurakurabali.com  
[2024-07-29 15:24:34] local.INFO: Email Purchase Selection doc_no QO24070138 Entity 01 berhasil dikirim ke: josephine.wibawa@kurakurabali.com  
[2024-07-29 15:36:05] local.INFO: Email Purchase Requisition doc_no RF24070014 Entity 03 berhasil dikirim ke: ranny.setjiadi@kurakurabali.com  
[2024-07-29 15:39:40] local.INFO: Email CB PPU doc_no PK24070125 Entity 01 berhasil dikirim ke: felix.budiman@kurakurabali.com  
[2024-07-29 15:58:16] local.INFO: Email Purchase Requisition doc_no RF24070122 Entity 01 berhasil dikirim ke: slamet.sumaryadi@kurakurabali.com  
[2024-07-29 16:36:22] local.INFO: Email CB PPU doc_no PM24070018 Entity 01 berhasil dikirim ke: ferry@kurakurabali.com  
[2024-07-29 17:10:39] local.INFO: Email Purchase Requisition doc_no RF24070122 Entity 01 berhasil dikirim ke: aaron.tham@kurakurabali.com  
