[2024-07-29 09:21:50] local.INFO: Email Feedback doc_no PI24070002 Entity 01 berhasil dikirim ke: nina.adriana@kurakurabali.com  
[2024-07-29 09:47:20] local.INFO: Email Feedback doc_no QO24070137 Entity 01 berhasil dikirim ke: ratih.wulandari@kurakurabali.com  
[2024-07-29 10:11:35] local.INFO: Email Feedback doc_no QO24070003 Entity 04 berhasil dikirim ke: elvany@kurakurabali.com  
[2024-07-29 10:13:24] local.INFO: Email Feedback doc_no PO24070139 Entity 01 berhasil dikirim ke: ratih.wulandari@kurakurabali.com  
[2024-07-29 10:22:25] local.INFO: Email Feedback doc_no PF24070033 Entity 01 berhasil dikirim ke: chansya.prabahesty@kurakurabali.com  
[2024-07-29 10:22:28] local.INFO: Email Feedback doc_no PF24070031 Entity 01 berhasil dikirim ke: chansya.prabahesty@kurakurabali.com  
[2024-07-29 10:37:00] local.INFO: Email Feedback doc_no PO24070003 Entity 04 berhasil dikirim ke: elvany@kurakurabali.com  
[2024-07-29 11:24:14] local.INFO: Email Feedback doc_no PR24070080 Entity 01 berhasil dikirim ke: galuh@kurakurabali.com  
[2024-07-29 11:25:46] local.INFO: Email Feedback doc_no PR24070081 Entity 01 berhasil dikirim ke: galuh@kurakurabali.com  
[2024-07-29 11:35:24] local.INFO: Email Feedback Revision doc_no RF24070120 Entity 01 berhasil dikirim ke: indra.pramana@kurakurabali.com  
[2024-07-29 14:52:25] local.INFO: Email Feedback doc_no PF24070035 Entity 01 berhasil dikirim ke: chansya.prabahesty@kurakurabali.com  
[2024-07-29 14:52:28] local.INFO: Email Feedback doc_no PF24070034 Entity 01 berhasil dikirim ke: chansya.prabahesty@kurakurabali.com  
[2024-07-29 14:52:31] local.INFO: Email Feedback doc_no RP24070087 Entity 01 berhasil dikirim ke: komang.waharini@kurakurabali.com  
[2024-07-29 14:52:34] local.INFO: Email Feedback doc_no RP24070089 Entity 01 berhasil dikirim ke: komang.waharini@kurakurabali.com  
[2024-07-29 14:52:37] local.INFO: Email Feedback doc_no RP24080007 Entity 01 berhasil dikirim ke: natalia.samosir@kurakurabali.com  
[2024-07-29 14:52:41] local.INFO: Email Feedback doc_no PK24070124 Entity 01 berhasil dikirim ke: komang.ayu@kurakurabali.com  
[2024-07-29 15:10:23] local.INFO: Email Feedback doc_no PF24070029 Entity 01 berhasil dikirim ke: chansya.prabahesty@kurakurabali.com  
[2024-07-29 15:13:47] local.INFO: Email Feedback Approval doc_no RF24070121 Entity 01 berhasil dikirim ke: melki@kurakurabali.com & CC ke : Josephine.wibawa@kurakurabali.com, ratih.wulandari@kurakurabali.com, yoga.swara@kurakurabali.com  
[2024-07-29 15:26:06] local.INFO: Email Feedback Revision doc_no RF24070014 Entity 03 berhasil dikirim ke: diah.puspa@kurakurabali.com  
[2024-07-29 15:32:00] local.INFO: Email Feedback Approval doc_no RF24070013 Entity 03 berhasil dikirim ke: diah.puspa@kurakurabali.com & CC ke : Josephine.wibawa@kurakurabali.com, ratih.wulandari@kurakurabali.com, yoga.swara@kurakurabali.com  
[2024-07-29 15:32:49] local.INFO: Email Feedback Approval doc_no RF24070015 Entity 03 berhasil dikirim ke: diah.puspa@kurakurabali.com & CC ke : Josephine.wibawa@kurakurabali.com, ratih.wulandari@kurakurabali.com, yoga.swara@kurakurabali.com  
[2024-07-29 15:33:22] local.INFO: Email Feedback Approval doc_no RF24070016 Entity 03 berhasil dikirim ke: diah.puspa@kurakurabali.com & CC ke : Josephine.wibawa@kurakurabali.com, ratih.wulandari@kurakurabali.com, yoga.swara@kurakurabali.com  
[2024-07-29 15:37:54] local.INFO: Email Feedback Approval doc_no RF24070014 Entity 03 berhasil dikirim ke: diah.puspa@kurakurabali.com & CC ke : Josephine.wibawa@kurakurabali.com, ratih.wulandari@kurakurabali.com, yoga.swara@kurakurabali.com  
[2024-07-29 16:36:44] local.INFO: Email Feedback doc_no PM24070019 Entity 01 berhasil dikirim ke: kintan.davita@kurakurabali.com  
[2024-07-29 17:22:25] local.INFO: Email Feedback doc_no RP24070088 Entity 01 berhasil dikirim ke: natalia.samosir@kurakurabali.com  
[2024-07-29 17:22:28] local.INFO: Email Feedback doc_no RP24080002 Entity 03 berhasil dikirim ke: natalia.samosir@kurakurabali.com  
[2024-07-29 17:54:11] local.INFO: Email Feedback Approval doc_no RF24070122 Entity 01 berhasil dikirim ke: nina.adriana@kurakurabali.com & CC ke : Josephine.wibawa@kurakurabali.com, ratih.wulandari@kurakurabali.com, yoga.swara@kurakurabali.com  
[2024-07-29 19:31:26] local.INFO: Email Feedback doc_no PM24070018 Entity 01 berhasil dikirim ke: kintan.davita@kurakurabali.com  
