[2024-07-19 09:56:50] local.INFO: Email Feedback doc_no PO24070014 Entity 03 berhasil dikirim ke: kadek.wirata@kurakurabali.com  
[2024-07-19 09:56:58] local.INFO: Email Feedback doc_no PO24070105 Entity 01 berhasil dikirim ke: kadek.wirata@kurakurabali.com  
[2024-07-19 10:23:16] local.INFO: Email Feedback doc_no PR24070066 Entity 01 berhasil dikirim ke: puturia@kurakurabali.com  
[2024-07-19 10:37:19] local.INFO: Email Feedback doc_no PR24070003 Entity 04 berhasil dikirim ke: putu.arbi@kurakurabali.com  
[2024-07-19 10:44:30] local.INFO: Email Feedback doc_no PK24070083 Entity 01 berhasil dikirim ke: erika.lestari@kurakurabali.com  
[2024-07-19 10:44:33] local.INFO: Email Feedback Approval doc_no RF24070090 Entity 01 berhasil dikirim ke: erika.lestari@kurakurabali.com & CC ke : Josephine.wibawa@kurakurabali.com, ratih.wulandari@kurakurabali.com, yoga.swara@kurakurabali.com  
[2024-07-19 11:14:30] local.INFO: Email Feedback doc_no PK24070087 Entity 01 berhasil dikirim ke: erika.lestari@kurakurabali.com  
[2024-07-19 11:14:33] local.INFO: Email Feedback doc_no PK24070086 Entity 01 berhasil dikirim ke: erika.lestari@kurakurabali.com  
[2024-07-19 11:14:36] local.INFO: Email Feedback doc_no PK24070085 Entity 01 berhasil dikirim ke: erika.lestari@kurakurabali.com  
[2024-07-19 11:14:39] local.INFO: Email Feedback doc_no PK24070084 Entity 01 berhasil dikirim ke: erika.lestari@kurakurabali.com  
[2024-07-19 12:14:30] local.INFO: Email Feedback doc_no PK24070088 Entity 01 berhasil dikirim ke: komang.ayu@kurakurabali.com  
[2024-07-19 12:14:33] local.INFO: Email Feedback doc_no PK24070082 Entity 01 berhasil dikirim ke: komang.ayu@kurakurabali.com  
[2024-07-19 13:12:17] local.INFO: Email Feedback doc_no PR24070067 Entity 01 berhasil dikirim ke: putu.arbi@kurakurabali.com  
[2024-07-19 13:57:43] local.INFO: Email Feedback doc_no QO24070116 Entity 01 berhasil dikirim ke: galuh@kurakurabali.com  
[2024-07-19 14:37:05] local.INFO: Email Feedback doc_no QO24070117 Entity 01 berhasil dikirim ke: ratih.wulandari@kurakurabali.com  
[2024-07-19 15:08:15] local.INFO: Email Feedback doc_no PO24070110 Entity 01 berhasil dikirim ke: ratih.wulandari@kurakurabali.com  
[2024-07-19 15:54:52] local.INFO: Email Feedback doc_no PR24070069 Entity 01 berhasil dikirim ke: galuh@kurakurabali.com  
[2024-07-19 16:14:45] local.INFO: Email Feedback doc_no PO24070109 Entity 01 berhasil dikirim ke: galuh@kurakurabali.com  
[2024-07-19 16:44:31] local.INFO: Email Feedback doc_no PK24070089 Entity 01 berhasil dikirim ke: komang.ayu@kurakurabali.com  
[2024-07-19 18:55:44] local.INFO: Email Feedback doc_no PO24070108 Entity 01 berhasil dikirim ke: saraswati.puspita@kurakurabali.com  
[2024-07-19 18:56:08] local.INFO: Email Feedback doc_no PO24070107 Entity 01 berhasil dikirim ke: saraswati.puspita@kurakurabali.com  
