[2024-07-19 09:45:43] local.INFO: Email Purchase Order doc_no PO24070014 Entity 03 berhasil dikirim ke: yoga.swara@kurakurabali.com  
[2024-07-19 09:50:39] local.INFO: Email Purchase Order doc_no PO24070105 Entity 01 berhasil dikirim ke: yoga.swara@kurakurabali.com  
[2024-07-19 09:53:21] local.INFO: Email CB PPU doc_no PO24070107 Entity 01 berhasil dikirim ke: agung.buana@kurakurabali.com  
[2024-07-19 09:56:28] local.INFO: Email CB PPU doc_no PO24070108 Entity 01 berhasil dikirim ke: agung.buana@kurakurabali.com  
[2024-07-19 10:03:28] local.INFO: Email CB PPU doc_no PR24070066 Entity 01 berhasil dikirim ke: yoga.swara@kurakurabali.com  
[2024-07-19 10:03:41] local.INFO: Email CB PPU doc_no PR24070066 Entity 01 already sent to: yoga.swara@kurakurabali.com  
[2024-07-19 10:16:14] local.INFO: Email Purchase Requisition doc_no RF24070090 Entity 01 berhasil dikirim ke: felix.budiman@kurakurabali.com  
[2024-07-19 10:18:27] local.INFO: Email CB PPU doc_no PK24070083 Entity 01 berhasil dikirim ke: felix.budiman@kurakurabali.com  
[2024-07-19 10:30:35] local.INFO: Email CB PPU doc_no PO24070108 Entity 01 berhasil dikirim ke: ferry@kurakurabali.com  
[2024-07-19 10:30:38] local.INFO: Email CB PPU doc_no PO24070107 Entity 01 berhasil dikirim ke: ferry@kurakurabali.com  
[2024-07-19 10:33:31] local.INFO: Email CB PPU doc_no PR24070003 Entity 04 berhasil dikirim ke: yoga.swara@kurakurabali.com  
[2024-07-19 10:34:45] local.INFO: Email CB PPU doc_no PK24070084 Entity 01 berhasil dikirim ke: felix.budiman@kurakurabali.com  
[2024-07-19 10:39:42] local.INFO: Email CB PPU doc_no PR24070067 Entity 01 berhasil dikirim ke: yoga.swara@kurakurabali.com  
[2024-07-19 10:40:32] local.INFO: Email CB PPU doc_no PK24070085 Entity 01 berhasil dikirim ke: felix.budiman@kurakurabali.com  
[2024-07-19 11:00:35] local.INFO: Email CB PPU doc_no PK24070086 Entity 01 berhasil dikirim ke: felix.budiman@kurakurabali.com  
[2024-07-19 11:01:58] local.INFO: Email CB PPU doc_no PK24070087 Entity 01 berhasil dikirim ke: felix.budiman@kurakurabali.com  
[2024-07-19 11:26:35] local.INFO: Email CB PPU doc_no PK24070088 Entity 01 berhasil dikirim ke: felix.budiman@kurakurabali.com  
[2024-07-19 13:45:19] local.INFO: Email CB PPU doc_no PR24070068 Entity 01 berhasil dikirim ke: yoga.swara@kurakurabali.com  
[2024-07-19 13:56:45] local.INFO: Email Purchase Selection doc_no QO24070116 Entity 01 berhasil dikirim ke: josephine.wibawa@kurakurabali.com  
[2024-07-19 14:07:45] local.INFO: Email Purchase Selection doc_no QO24070117 Entity 01 berhasil dikirim ke: josephine.wibawa@kurakurabali.com  
[2024-07-19 14:16:40] local.INFO: Email CM Entry doc_no 010/KKBD Entity 04 berhasil dikirim ke: cathielim@kurakurabali.com  
[2024-07-19 14:58:20] local.INFO: Email Purchase Order doc_no PO24070110 Entity 01 berhasil dikirim ke: yoga.swara@kurakurabali.com  
[2024-07-19 15:21:02] local.INFO: Email CM Entry doc_no 038/BTID Entity 01 berhasil dikirim ke: cathielim@kurakurabali.com  
[2024-07-19 15:28:25] local.INFO: Email CB RPB doc_no RP24070058 Entity 01 berhasil dikirim ke: rina.anggraini@kurakurabali.com  
[2024-07-19 15:33:26] local.INFO: Email CB RPB doc_no RP24070059 Entity 01 berhasil dikirim ke: rina.anggraini@kurakurabali.com  
[2024-07-19 15:37:30] local.INFO: Email CB PPU doc_no PR24070069 Entity 01 berhasil dikirim ke: yoga.swara@kurakurabali.com  
[2024-07-19 15:37:47] local.INFO: Email CM Progress doc_no PC24070003 Entity 04 berhasil dikirim ke: dilph.ho@kurakurabali.com  
[2024-07-19 15:41:17] local.INFO: Email CB RPB doc_no RP24070060 Entity 01 berhasil dikirim ke: rina.anggraini@kurakurabali.com  
[2024-07-19 15:50:27] local.INFO: Email Purchase Order doc_no PO24070109 Entity 01 berhasil dikirim ke: yoga.swara@kurakurabali.com  
[2024-07-19 15:52:51] local.INFO: Email CM Entry doc_no 038/BTID Entity 01 berhasil dikirim ke: ngtzejin@kurakurabali.com  
[2024-07-19 15:54:31] local.INFO: Email CM Entry doc_no 010/KKBD Entity 04 berhasil dikirim ke: ngtzejin@kurakurabali.com  
[2024-07-19 15:56:50] local.INFO: Email CB PPU doc_no PJ24070004 Entity 03 berhasil dikirim ke: rina.anggraini@kurakurabali.com  
[2024-07-19 16:00:19] local.INFO: Email CB PPU doc_no PJ24070005 Entity 03 berhasil dikirim ke: rina.anggraini@kurakurabali.com  
[2024-07-19 16:06:13] local.INFO: Email CM Progress doc_no PC24070003 Entity 04 berhasil dikirim ke: andrew.potts@kurakurabali.com  
[2024-07-19 16:10:38] local.INFO: Email CB PPU doc_no PJ24070012 Entity 01 berhasil dikirim ke: rina.anggraini@kurakurabali.com  
[2024-07-19 16:10:58] local.INFO: Email CB RPB doc_no RP24070010 Entity 04 berhasil dikirim ke: rina.anggraini@kurakurabali.com  
[2024-07-19 16:16:15] local.INFO: Email CB RPB doc_no RP24070014 Entity 03 berhasil dikirim ke: rina.anggraini@kurakurabali.com  
[2024-07-19 16:19:10] local.INFO: Email CB RPB doc_no RP24070062 Entity 01 berhasil dikirim ke: rina.anggraini@kurakurabali.com  
[2024-07-19 16:22:31] local.INFO: Email CB RPB doc_no RP24070063 Entity 01 berhasil dikirim ke: rina.anggraini@kurakurabali.com  
[2024-07-19 16:23:25] local.INFO: Email CB PPU doc_no PK24070089 Entity 01 berhasil dikirim ke: felix.budiman@kurakurabali.com  
[2024-07-19 16:24:08] local.INFO: Email CB RPB doc_no RP24070064 Entity 01 berhasil dikirim ke: rina.anggraini@kurakurabali.com  
[2024-07-19 16:24:41] local.INFO: Email CB RPB doc_no RP24070065 Entity 01 berhasil dikirim ke: rina.anggraini@kurakurabali.com  
[2024-07-19 16:25:03] local.INFO: Email CB RPB doc_no RP24070065 Entity 01 already sent to: rina.anggraini@kurakurabali.com  
[2024-07-19 16:28:19] local.INFO: Email CB RPB doc_no RP24070064 Entity 01 already sent to: rina.anggraini@kurakurabali.com  
[2024-07-19 16:57:22] local.INFO: Email CB RPB doc_no RP24070066 Entity 01 berhasil dikirim ke: rina.anggraini@kurakurabali.com  
[2024-07-19 17:02:45] local.INFO: Email CB RPB doc_no RP24070011 Entity 04 berhasil dikirim ke: rina.anggraini@kurakurabali.com  
[2024-07-19 17:36:16] local.INFO: Email CB RPB doc_no RP24070067 Entity 01 berhasil dikirim ke: rina.anggraini@kurakurabali.com  
